[9.936s] Invoking command in '/home/asme/ros_ws/src/puckPack': DEBUGINFOD_URLS=https://debuginfod.ubuntu.com PYTHONPATH=/home/asme/ros_ws/build/puckPack/prefix_override:/usr/lib/python3/dist-packages/colcon_core/task/python/colcon_distutils_commands:/home/asme/ros_ws/install/puckPack/lib/python3.12/site-packages:/home/asme/ros_ws/install/ctrl_interface/lib/python3.12/site-packages:/home/asme/ros_ws/install/puckPack/lib/python3.12/site-packages:/opt/ros/jazzy/lib/python3.12/site-packages /usr/bin/python3 -W ignore:setup.py install is deprecated setup.py egg_info --egg-base ../../build/puckPack build --build-base /home/asme/ros_ws/build/puckPack/build install --record /home/asme/ros_ws/build/puckPack/install.log --single-version-externally-managed install_data
[13.276s] running egg_info
[13.534s] writing ../../build/puckPack/puckPack.egg-info/PKG-INFO
[13.536s] writing dependency_links to ../../build/puckPack/puckPack.egg-info/dependency_links.txt
[13.540s] writing entry points to ../../build/puckPack/puckPack.egg-info/entry_points.txt
[13.541s] writing requirements to ../../build/puckPack/puckPack.egg-info/requires.txt
[13.543s] writing top-level names to ../../build/puckPack/puckPack.egg-info/top_level.txt
[14.074s] reading manifest file '../../build/puckPack/puckPack.egg-info/SOURCES.txt'
[14.078s] adding license file 'LICENSE'
[14.084s] writing manifest file '../../build/puckPack/puckPack.egg-info/SOURCES.txt'
[14.086s] running build
[14.087s] running build_py
[14.089s] copying puckPack/thinker.py -> /home/asme/ros_ws/build/puckPack/build/lib/puckPack
[14.097s] running install
[14.164s] running install_lib
[14.429s] copying /home/asme/ros_ws/build/puckPack/build/lib/puckPack/thinker.py -> /home/asme/ros_ws/install/puckPack/lib/python3.12/site-packages/puckPack
[14.440s] byte-compiling /home/asme/ros_ws/install/puckPack/lib/python3.12/site-packages/puckPack/thinker.py to thinker.cpython-312.pyc
[14.463s] running install_data
[14.464s] running install_egg_info
[14.739s] removing '/home/asme/ros_ws/install/puckPack/lib/python3.12/site-packages/puckPack-0.0.0-py3.12.egg-info' (and everything under it)
[14.744s] Copying ../../build/puckPack/puckPack.egg-info to /home/asme/ros_ws/install/puckPack/lib/python3.12/site-packages/puckPack-0.0.0-py3.12.egg-info
[14.758s] running install_scripts
[16.525s] Installing UartCommander script to /home/asme/ros_ws/install/puckPack/lib/puckPack
[16.527s] Installing choose_color script to /home/asme/ros_ws/install/puckPack/lib/puckPack
[16.529s] Installing controlPC script to /home/asme/ros_ws/install/puckPack/lib/puckPack
[16.531s] Installing mainCamera script to /home/asme/ros_ws/install/puckPack/lib/puckPack
[16.532s] Installing rpiCamera script to /home/asme/ros_ws/install/puckPack/lib/puckPack
[16.534s] Installing thinker script to /home/asme/ros_ws/install/puckPack/lib/puckPack
[16.538s] writing list of installed files to '/home/asme/ros_ws/build/puckPack/install.log'
[16.776s] Invoked command in '/home/asme/ros_ws/src/puckPack' returned '0': DEBUGINFOD_URLS=https://debuginfod.ubuntu.com PYTHONPATH=/home/asme/ros_ws/build/puckPack/prefix_override:/usr/lib/python3/dist-packages/colcon_core/task/python/colcon_distutils_commands:/home/asme/ros_ws/install/puckPack/lib/python3.12/site-packages:/home/asme/ros_ws/install/ctrl_interface/lib/python3.12/site-packages:/home/asme/ros_ws/install/puckPack/lib/python3.12/site-packages:/opt/ros/jazzy/lib/python3.12/site-packages /usr/bin/python3 -W ignore:setup.py install is deprecated setup.py egg_info --egg-base ../../build/puckPack build --build-base /home/asme/ros_ws/build/puckPack/build install --record /home/asme/ros_ws/build/puckPack/install.log --single-version-externally-managed install_data
