[9.831s] Invoking command in '/home/asme/ros_ws/src/puckPack': DEBUGINFOD_URLS=https://debuginfod.ubuntu.com PYTHONPATH=/home/asme/ros_ws/build/puckPack/prefix_override:/usr/lib/python3/dist-packages/colcon_core/task/python/colcon_distutils_commands:/home/asme/ros_ws/install/puckPack/lib/python3.12/site-packages:/home/asme/ros_ws/install/ctrl_interface/lib/python3.12/site-packages:/home/asme/ros_ws/install/puckPack/lib/python3.12/site-packages:/opt/ros/jazzy/lib/python3.12/site-packages /usr/bin/python3 -W ignore:setup.py install is deprecated setup.py egg_info --egg-base ../../build/puckPack build --build-base /home/asme/ros_ws/build/puckPack/build install --record /home/asme/ros_ws/build/puckPack/install.log --single-version-externally-managed install_data
[13.091s] running egg_info
[13.343s] writing ../../build/puckPack/puckPack.egg-info/PKG-INFO
[13.345s] writing dependency_links to ../../build/puckPack/puckPack.egg-info/dependency_links.txt
[13.348s] writing entry points to ../../build/puckPack/puckPack.egg-info/entry_points.txt
[13.350s] writing requirements to ../../build/puckPack/puckPack.egg-info/requires.txt
[13.351s] writing top-level names to ../../build/puckPack/puckPack.egg-info/top_level.txt
[13.868s] reading manifest file '../../build/puckPack/puckPack.egg-info/SOURCES.txt'
[13.872s] adding license file 'LICENSE'
[13.878s] writing manifest file '../../build/puckPack/puckPack.egg-info/SOURCES.txt'
[13.879s] running build
[13.880s] running build_py
[13.883s] copying puckPack/thinker.py -> /home/asme/ros_ws/build/puckPack/build/lib/puckPack
[13.888s] copying puckPack/UartCommander.py -> /home/asme/ros_ws/build/puckPack/build/lib/puckPack
[13.892s] running install
[13.959s] running install_lib
[14.222s] copying /home/asme/ros_ws/build/puckPack/build/lib/puckPack/thinker.py -> /home/asme/ros_ws/install/puckPack/lib/python3.12/site-packages/puckPack
[14.228s] copying /home/asme/ros_ws/build/puckPack/build/lib/puckPack/UartCommander.py -> /home/asme/ros_ws/install/puckPack/lib/python3.12/site-packages/puckPack
[14.235s] byte-compiling /home/asme/ros_ws/install/puckPack/lib/python3.12/site-packages/puckPack/thinker.py to thinker.cpython-312.pyc
[14.254s] byte-compiling /home/asme/ros_ws/install/puckPack/lib/python3.12/site-packages/puckPack/UartCommander.py to UartCommander.cpython-312.pyc
[14.269s] running install_data
[14.270s] running install_egg_info
[14.536s] removing '/home/asme/ros_ws/install/puckPack/lib/python3.12/site-packages/puckPack-0.0.0-py3.12.egg-info' (and everything under it)
[14.540s] Copying ../../build/puckPack/puckPack.egg-info to /home/asme/ros_ws/install/puckPack/lib/python3.12/site-packages/puckPack-0.0.0-py3.12.egg-info
[14.553s] running install_scripts
[16.365s] Installing UartCommander script to /home/asme/ros_ws/install/puckPack/lib/puckPack
[16.367s] Installing choose_color script to /home/asme/ros_ws/install/puckPack/lib/puckPack
[16.369s] Installing controlPC script to /home/asme/ros_ws/install/puckPack/lib/puckPack
[16.370s] Installing mainCamera script to /home/asme/ros_ws/install/puckPack/lib/puckPack
[16.372s] Installing rpiCamera script to /home/asme/ros_ws/install/puckPack/lib/puckPack
[16.374s] Installing thinker script to /home/asme/ros_ws/install/puckPack/lib/puckPack
[16.378s] writing list of installed files to '/home/asme/ros_ws/build/puckPack/install.log'
[16.623s] Invoked command in '/home/asme/ros_ws/src/puckPack' returned '0': DEBUGINFOD_URLS=https://debuginfod.ubuntu.com PYTHONPATH=/home/asme/ros_ws/build/puckPack/prefix_override:/usr/lib/python3/dist-packages/colcon_core/task/python/colcon_distutils_commands:/home/asme/ros_ws/install/puckPack/lib/python3.12/site-packages:/home/asme/ros_ws/install/ctrl_interface/lib/python3.12/site-packages:/home/asme/ros_ws/install/puckPack/lib/python3.12/site-packages:/opt/ros/jazzy/lib/python3.12/site-packages /usr/bin/python3 -W ignore:setup.py install is deprecated setup.py egg_info --egg-base ../../build/puckPack build --build-base /home/asme/ros_ws/build/puckPack/build install --record /home/asme/ros_ws/build/puckPack/install.log --single-version-externally-managed install_data
