[4.478s] Invoking command in '/home/asme/ros_ws/src/puckPack': DEBUGINFOD_URLS=https://debuginfod.ubuntu.com PYTHONPATH=/home/asme/ros_ws/build/puckPack/prefix_override:/usr/lib/python3/dist-packages/colcon_core/task/python/colcon_distutils_commands:/home/asme/ros_ws/install/puckPack/lib/python3.12/site-packages:/home/asme/ros_ws/install/ctrl_interface/lib/python3.12/site-packages:/home/asme/ros_ws/install/puckPack/lib/python3.12/site-packages:/opt/ros/jazzy/lib/python3.12/site-packages /usr/bin/python3 -W ignore:setup.py install is deprecated setup.py egg_info --egg-base ../../build/puckPack build --build-base /home/asme/ros_ws/build/puckPack/build install --record /home/asme/ros_ws/build/puckPack/install.log --single-version-externally-managed install_data
[5.904s] running egg_info
[6.008s] writing ../../build/puckPack/puckPack.egg-info/PKG-INFO
[6.011s] writing dependency_links to ../../build/puckPack/puckPack.egg-info/dependency_links.txt
[6.013s] writing entry points to ../../build/puckPack/puckPack.egg-info/entry_points.txt
[6.014s] writing requirements to ../../build/puckPack/puckPack.egg-info/requires.txt
[6.015s] writing top-level names to ../../build/puckPack/puckPack.egg-info/top_level.txt
[6.233s] reading manifest file '../../build/puckPack/puckPack.egg-info/SOURCES.txt'
[6.235s] adding license file 'LICENSE'
[6.238s] writing manifest file '../../build/puckPack/puckPack.egg-info/SOURCES.txt'
[6.239s] running build
[6.239s] running build_py
[6.242s] copying puckPack/mainCamera.py -> /home/asme/ros_ws/build/puckPack/build/lib/puckPack
[6.243s] copying puckPack/controlPC.py -> /home/asme/ros_ws/build/puckPack/build/lib/puckPack
[6.244s] copying puckPack/UartCommander.py -> /home/asme/ros_ws/build/puckPack/build/lib/puckPack
[6.246s] running install
[6.279s] running install_lib
[6.389s] copying /home/asme/ros_ws/build/puckPack/build/lib/puckPack/controlPC.py -> /home/asme/ros_ws/install/puckPack/lib/python3.12/site-packages/puckPack
[6.391s] copying /home/asme/ros_ws/build/puckPack/build/lib/puckPack/UartCommander.py -> /home/asme/ros_ws/install/puckPack/lib/python3.12/site-packages/puckPack
[6.394s] byte-compiling /home/asme/ros_ws/install/puckPack/lib/python3.12/site-packages/puckPack/controlPC.py to controlPC.cpython-312.pyc
[6.399s] byte-compiling /home/asme/ros_ws/install/puckPack/lib/python3.12/site-packages/puckPack/UartCommander.py to UartCommander.cpython-312.pyc
[6.406s] running install_data
[6.406s] running install_egg_info
[6.518s] removing '/home/asme/ros_ws/install/puckPack/lib/python3.12/site-packages/puckPack-0.0.0-py3.12.egg-info' (and everything under it)
[6.520s] Copying ../../build/puckPack/puckPack.egg-info to /home/asme/ros_ws/install/puckPack/lib/python3.12/site-packages/puckPack-0.0.0-py3.12.egg-info
[6.527s] running install_scripts
[7.312s] Installing UartCommander script to /home/asme/ros_ws/install/puckPack/lib/puckPack
[7.313s] Installing controlPC script to /home/asme/ros_ws/install/puckPack/lib/puckPack
[7.315s] writing list of installed files to '/home/asme/ros_ws/build/puckPack/install.log'
[7.477s] Invoked command in '/home/asme/ros_ws/src/puckPack' returned '0': DEBUGINFOD_URLS=https://debuginfod.ubuntu.com PYTHONPATH=/home/asme/ros_ws/build/puckPack/prefix_override:/usr/lib/python3/dist-packages/colcon_core/task/python/colcon_distutils_commands:/home/asme/ros_ws/install/puckPack/lib/python3.12/site-packages:/home/asme/ros_ws/install/ctrl_interface/lib/python3.12/site-packages:/home/asme/ros_ws/install/puckPack/lib/python3.12/site-packages:/opt/ros/jazzy/lib/python3.12/site-packages /usr/bin/python3 -W ignore:setup.py install is deprecated setup.py egg_info --egg-base ../../build/puckPack build --build-base /home/asme/ros_ws/build/puckPack/build install --record /home/asme/ros_ws/build/puckPack/install.log --single-version-externally-managed install_data
