[9.813s] Invoking command in '/home/asme/ros_ws/src/puckPack': DEBUGINFOD_URLS=https://debuginfod.ubuntu.com PYTHONPATH=/home/asme/ros_ws/build/puckPack/prefix_override:/usr/lib/python3/dist-packages/colcon_core/task/python/colcon_distutils_commands:/home/asme/ros_ws/install/puckPack/lib/python3.12/site-packages:/home/asme/ros_ws/install/ctrl_interface/lib/python3.12/site-packages:/home/asme/ros_ws/install/puckPack/lib/python3.12/site-packages:/opt/ros/jazzy/lib/python3.12/site-packages /usr/bin/python3 -W ignore:setup.py install is deprecated setup.py egg_info --egg-base ../../build/puckPack build --build-base /home/asme/ros_ws/build/puckPack/build install --record /home/asme/ros_ws/build/puckPack/install.log --single-version-externally-managed install_data
[13.056s] running egg_info
[13.310s] writing ../../build/puckPack/puckPack.egg-info/PKG-INFO
[13.312s] writing dependency_links to ../../build/puckPack/puckPack.egg-info/dependency_links.txt
[13.317s] writing entry points to ../../build/puckPack/puckPack.egg-info/entry_points.txt
[13.319s] writing requirements to ../../build/puckPack/puckPack.egg-info/requires.txt
[13.322s] writing top-level names to ../../build/puckPack/puckPack.egg-info/top_level.txt
[13.855s] reading manifest file '../../build/puckPack/puckPack.egg-info/SOURCES.txt'
[13.859s] adding license file 'LICENSE'
[13.865s] writing manifest file '../../build/puckPack/puckPack.egg-info/SOURCES.txt'
[13.867s] running build
[13.868s] running build_py
[13.871s] copying puckPack/choose_color.py -> /home/asme/ros_ws/build/puckPack/build/lib/puckPack
[13.878s] running install
[13.953s] running install_lib
[14.227s] copying /home/asme/ros_ws/build/puckPack/build/lib/puckPack/choose_color.py -> /home/asme/ros_ws/install/puckPack/lib/python3.12/site-packages/puckPack
[14.237s] byte-compiling /home/asme/ros_ws/install/puckPack/lib/python3.12/site-packages/puckPack/choose_color.py to choose_color.cpython-312.pyc
[14.247s] running install_data
[14.249s] running install_egg_info
[14.517s] removing '/home/asme/ros_ws/install/puckPack/lib/python3.12/site-packages/puckPack-0.0.0-py3.12.egg-info' (and everything under it)
[14.522s] Copying ../../build/puckPack/puckPack.egg-info to /home/asme/ros_ws/install/puckPack/lib/python3.12/site-packages/puckPack-0.0.0-py3.12.egg-info
[14.536s] running install_scripts
[16.363s] Installing UartCommander script to /home/asme/ros_ws/install/puckPack/lib/puckPack
[16.365s] Installing choose_color script to /home/asme/ros_ws/install/puckPack/lib/puckPack
[16.368s] Installing controlPC script to /home/asme/ros_ws/install/puckPack/lib/puckPack
[16.371s] Installing mainCamera script to /home/asme/ros_ws/install/puckPack/lib/puckPack
[16.374s] Installing rpiCamera script to /home/asme/ros_ws/install/puckPack/lib/puckPack
[16.377s] Installing thinker script to /home/asme/ros_ws/install/puckPack/lib/puckPack
[16.383s] writing list of installed files to '/home/asme/ros_ws/build/puckPack/install.log'
[16.623s] Invoked command in '/home/asme/ros_ws/src/puckPack' returned '0': DEBUGINFOD_URLS=https://debuginfod.ubuntu.com PYTHONPATH=/home/asme/ros_ws/build/puckPack/prefix_override:/usr/lib/python3/dist-packages/colcon_core/task/python/colcon_distutils_commands:/home/asme/ros_ws/install/puckPack/lib/python3.12/site-packages:/home/asme/ros_ws/install/ctrl_interface/lib/python3.12/site-packages:/home/asme/ros_ws/install/puckPack/lib/python3.12/site-packages:/opt/ros/jazzy/lib/python3.12/site-packages /usr/bin/python3 -W ignore:setup.py install is deprecated setup.py egg_info --egg-base ../../build/puckPack build --build-base /home/asme/ros_ws/build/puckPack/build install --record /home/asme/ros_ws/build/puckPack/install.log --single-version-externally-managed install_data
