[9.604s] Invoking command in '/home/asme/ros_ws/src/puckPack': DEBUGINFOD_URLS=https://debuginfod.ubuntu.com PYTHONPATH=/home/asme/ros_ws/build/puckPack/prefix_override:/usr/lib/python3/dist-packages/colcon_core/task/python/colcon_distutils_commands:/home/asme/ros_ws/install/puckPack/lib/python3.12/site-packages:/home/asme/ros_ws/install/ctrl_interface/lib/python3.12/site-packages:/home/asme/ros_ws/install/puckPack/lib/python3.12/site-packages:/opt/ros/jazzy/lib/python3.12/site-packages /usr/bin/python3 -W ignore:setup.py install is deprecated setup.py egg_info --egg-base ../../build/puckPack build --build-base /home/asme/ros_ws/build/puckPack/build install --record /home/asme/ros_ws/build/puckPack/install.log --single-version-externally-managed install_data
[12.839s] running egg_info
[13.111s] writing ../../build/puckPack/puckPack.egg-info/PKG-INFO
[13.113s] writing dependency_links to ../../build/puckPack/puckPack.egg-info/dependency_links.txt
[13.116s] writing entry points to ../../build/puckPack/puckPack.egg-info/entry_points.txt
[13.118s] writing requirements to ../../build/puckPack/puckPack.egg-info/requires.txt
[13.119s] writing top-level names to ../../build/puckPack/puckPack.egg-info/top_level.txt
[13.634s] reading manifest file '../../build/puckPack/puckPack.egg-info/SOURCES.txt'
[13.639s] adding license file 'LICENSE'
[13.645s] writing manifest file '../../build/puckPack/puckPack.egg-info/SOURCES.txt'
[13.646s] running build
[13.647s] running build_py
[13.649s] copying puckPack/thinker.py -> /home/asme/ros_ws/build/puckPack/build/lib/puckPack
[13.656s] running install
[13.724s] running install_lib
[13.983s] copying /home/asme/ros_ws/build/puckPack/build/lib/puckPack/thinker.py -> /home/asme/ros_ws/install/puckPack/lib/python3.12/site-packages/puckPack
[13.993s] byte-compiling /home/asme/ros_ws/install/puckPack/lib/python3.12/site-packages/puckPack/thinker.py to thinker.cpython-312.pyc
[14.013s] running install_data
[14.015s] running install_egg_info
[14.288s] removing '/home/asme/ros_ws/install/puckPack/lib/python3.12/site-packages/puckPack-0.0.0-py3.12.egg-info' (and everything under it)
[14.292s] Copying ../../build/puckPack/puckPack.egg-info to /home/asme/ros_ws/install/puckPack/lib/python3.12/site-packages/puckPack-0.0.0-py3.12.egg-info
[14.306s] running install_scripts
[16.103s] Installing UartCommander script to /home/asme/ros_ws/install/puckPack/lib/puckPack
[16.105s] Installing choose_color script to /home/asme/ros_ws/install/puckPack/lib/puckPack
[16.107s] Installing controlPC script to /home/asme/ros_ws/install/puckPack/lib/puckPack
[16.109s] Installing mainCamera script to /home/asme/ros_ws/install/puckPack/lib/puckPack
[16.111s] Installing rpiCamera script to /home/asme/ros_ws/install/puckPack/lib/puckPack
[16.113s] Installing thinker script to /home/asme/ros_ws/install/puckPack/lib/puckPack
[16.117s] writing list of installed files to '/home/asme/ros_ws/build/puckPack/install.log'
[16.352s] Invoked command in '/home/asme/ros_ws/src/puckPack' returned '0': DEBUGINFOD_URLS=https://debuginfod.ubuntu.com PYTHONPATH=/home/asme/ros_ws/build/puckPack/prefix_override:/usr/lib/python3/dist-packages/colcon_core/task/python/colcon_distutils_commands:/home/asme/ros_ws/install/puckPack/lib/python3.12/site-packages:/home/asme/ros_ws/install/ctrl_interface/lib/python3.12/site-packages:/home/asme/ros_ws/install/puckPack/lib/python3.12/site-packages:/opt/ros/jazzy/lib/python3.12/site-packages /usr/bin/python3 -W ignore:setup.py install is deprecated setup.py egg_info --egg-base ../../build/puckPack build --build-base /home/asme/ros_ws/build/puckPack/build install --record /home/asme/ros_ws/build/puckPack/install.log --single-version-externally-managed install_data
