[10.063s] Invoking command in '/home/asme/ros_ws/src/puckPack': DEBUGINFOD_URLS=https://debuginfod.ubuntu.com PYTHONPATH=/home/asme/ros_ws/build/puckPack/prefix_override:/usr/lib/python3/dist-packages/colcon_core/task/python/colcon_distutils_commands:/home/asme/ros_ws/install/puckPack/lib/python3.12/site-packages:/home/asme/ros_ws/install/ctrl_interface/lib/python3.12/site-packages:/home/asme/ros_ws/install/puckPack/lib/python3.12/site-packages:/opt/ros/jazzy/lib/python3.12/site-packages /usr/bin/python3 -W ignore:setup.py install is deprecated setup.py egg_info --egg-base ../../build/puckPack build --build-base /home/asme/ros_ws/build/puckPack/build install --record /home/asme/ros_ws/build/puckPack/install.log --single-version-externally-managed install_data
[13.405s] running egg_info
[13.660s] writing ../../build/puckPack/puckPack.egg-info/PKG-INFO
[13.663s] writing dependency_links to ../../build/puckPack/puckPack.egg-info/dependency_links.txt
[13.666s] writing entry points to ../../build/puckPack/puckPack.egg-info/entry_points.txt
[13.668s] writing requirements to ../../build/puckPack/puckPack.egg-info/requires.txt
[13.670s] writing top-level names to ../../build/puckPack/puckPack.egg-info/top_level.txt
[14.198s] reading manifest file '../../build/puckPack/puckPack.egg-info/SOURCES.txt'
[14.203s] adding license file 'LICENSE'
[14.209s] writing manifest file '../../build/puckPack/puckPack.egg-info/SOURCES.txt'
[14.211s] running build
[14.212s] running build_py
[14.214s] copying puckPack/thinker.py -> /home/asme/ros_ws/build/puckPack/build/lib/puckPack
[14.218s] copying puckPack/rpiCamera.py -> /home/asme/ros_ws/build/puckPack/build/lib/puckPack
[14.221s] copying puckPack/UartCommander.py -> /home/asme/ros_ws/build/puckPack/build/lib/puckPack
[14.225s] running install
[14.294s] running install_lib
[14.557s] copying /home/asme/ros_ws/build/puckPack/build/lib/puckPack/thinker.py -> /home/asme/ros_ws/install/puckPack/lib/python3.12/site-packages/puckPack
[14.561s] copying /home/asme/ros_ws/build/puckPack/build/lib/puckPack/rpiCamera.py -> /home/asme/ros_ws/install/puckPack/lib/python3.12/site-packages/puckPack
[14.565s] copying /home/asme/ros_ws/build/puckPack/build/lib/puckPack/UartCommander.py -> /home/asme/ros_ws/install/puckPack/lib/python3.12/site-packages/puckPack
[14.572s] byte-compiling /home/asme/ros_ws/install/puckPack/lib/python3.12/site-packages/puckPack/thinker.py to thinker.cpython-312.pyc
[14.590s] byte-compiling /home/asme/ros_ws/install/puckPack/lib/python3.12/site-packages/puckPack/rpiCamera.py to rpiCamera.cpython-312.pyc
[14.603s] byte-compiling /home/asme/ros_ws/install/puckPack/lib/python3.12/site-packages/puckPack/UartCommander.py to UartCommander.cpython-312.pyc
[14.617s] running install_data
[14.619s] running install_egg_info
[14.889s] removing '/home/asme/ros_ws/install/puckPack/lib/python3.12/site-packages/puckPack-0.0.0-py3.12.egg-info' (and everything under it)
[14.893s] Copying ../../build/puckPack/puckPack.egg-info to /home/asme/ros_ws/install/puckPack/lib/python3.12/site-packages/puckPack-0.0.0-py3.12.egg-info
[14.907s] running install_scripts
[16.817s] Installing UartCommander script to /home/asme/ros_ws/install/puckPack/lib/puckPack
[16.819s] Installing choose_color script to /home/asme/ros_ws/install/puckPack/lib/puckPack
[16.821s] Installing controlPC script to /home/asme/ros_ws/install/puckPack/lib/puckPack
[16.822s] Installing mainCamera script to /home/asme/ros_ws/install/puckPack/lib/puckPack
[16.824s] Installing rpiCamera script to /home/asme/ros_ws/install/puckPack/lib/puckPack
[16.827s] Installing thinker script to /home/asme/ros_ws/install/puckPack/lib/puckPack
[16.831s] writing list of installed files to '/home/asme/ros_ws/build/puckPack/install.log'
[17.068s] Invoked command in '/home/asme/ros_ws/src/puckPack' returned '0': DEBUGINFOD_URLS=https://debuginfod.ubuntu.com PYTHONPATH=/home/asme/ros_ws/build/puckPack/prefix_override:/usr/lib/python3/dist-packages/colcon_core/task/python/colcon_distutils_commands:/home/asme/ros_ws/install/puckPack/lib/python3.12/site-packages:/home/asme/ros_ws/install/ctrl_interface/lib/python3.12/site-packages:/home/asme/ros_ws/install/puckPack/lib/python3.12/site-packages:/opt/ros/jazzy/lib/python3.12/site-packages /usr/bin/python3 -W ignore:setup.py install is deprecated setup.py egg_info --egg-base ../../build/puckPack build --build-base /home/asme/ros_ws/build/puckPack/build install --record /home/asme/ros_ws/build/puckPack/install.log --single-version-externally-managed install_data
