[10.026s] Invoking command in '/home/asme/ros_ws/src/puckPack': DEBUGINFOD_URLS=https://debuginfod.ubuntu.com PYTHONPATH=/home/asme/ros_ws/build/puckPack/prefix_override:/usr/lib/python3/dist-packages/colcon_core/task/python/colcon_distutils_commands:/home/asme/ros_ws/install/puckPack/lib/python3.12/site-packages:/home/asme/ros_ws/install/ctrl_interface/lib/python3.12/site-packages:/home/asme/ros_ws/install/puckPack/lib/python3.12/site-packages:/opt/ros/jazzy/lib/python3.12/site-packages /usr/bin/python3 -W ignore:setup.py install is deprecated setup.py egg_info --egg-base ../../build/puckPack build --build-base /home/asme/ros_ws/build/puckPack/build install --record /home/asme/ros_ws/build/puckPack/install.log --single-version-externally-managed install_data
[13.366s] running egg_info
[13.625s] writing ../../build/puckPack/puckPack.egg-info/PKG-INFO
[13.627s] writing dependency_links to ../../build/puckPack/puckPack.egg-info/dependency_links.txt
[13.630s] writing entry points to ../../build/puckPack/puckPack.egg-info/entry_points.txt
[13.631s] writing requirements to ../../build/puckPack/puckPack.egg-info/requires.txt
[13.633s] writing top-level names to ../../build/puckPack/puckPack.egg-info/top_level.txt
[14.159s] reading manifest file '../../build/puckPack/puckPack.egg-info/SOURCES.txt'
[14.164s] adding license file 'LICENSE'
[14.170s] writing manifest file '../../build/puckPack/puckPack.egg-info/SOURCES.txt'
[14.172s] running build
[14.173s] running build_py
[14.176s] copying puckPack/rpiCamera.py -> /home/asme/ros_ws/build/puckPack/build/lib/puckPack
[14.182s] running install
[14.249s] running install_lib
[14.523s] copying /home/asme/ros_ws/build/puckPack/build/lib/puckPack/rpiCamera.py -> /home/asme/ros_ws/install/puckPack/lib/python3.12/site-packages/puckPack
[14.533s] byte-compiling /home/asme/ros_ws/install/puckPack/lib/python3.12/site-packages/puckPack/rpiCamera.py to rpiCamera.cpython-312.pyc
[14.548s] running install_data
[14.550s] running install_egg_info
[14.823s] removing '/home/asme/ros_ws/install/puckPack/lib/python3.12/site-packages/puckPack-0.0.0-py3.12.egg-info' (and everything under it)
[14.828s] Copying ../../build/puckPack/puckPack.egg-info to /home/asme/ros_ws/install/puckPack/lib/python3.12/site-packages/puckPack-0.0.0-py3.12.egg-info
[14.842s] running install_scripts
[17.164s] Installing UartCommander script to /home/asme/ros_ws/install/puckPack/lib/puckPack
[17.165s] Installing choose_color script to /home/asme/ros_ws/install/puckPack/lib/puckPack
[17.171s] Installing controlPC script to /home/asme/ros_ws/install/puckPack/lib/puckPack
[17.174s] Installing mainCamera script to /home/asme/ros_ws/install/puckPack/lib/puckPack
[17.180s] Installing rpiCamera script to /home/asme/ros_ws/install/puckPack/lib/puckPack
[17.184s] Installing thinker script to /home/asme/ros_ws/install/puckPack/lib/puckPack
[17.186s] writing list of installed files to '/home/asme/ros_ws/build/puckPack/install.log'
[17.451s] Invoked command in '/home/asme/ros_ws/src/puckPack' returned '0': DEBUGINFOD_URLS=https://debuginfod.ubuntu.com PYTHONPATH=/home/asme/ros_ws/build/puckPack/prefix_override:/usr/lib/python3/dist-packages/colcon_core/task/python/colcon_distutils_commands:/home/asme/ros_ws/install/puckPack/lib/python3.12/site-packages:/home/asme/ros_ws/install/ctrl_interface/lib/python3.12/site-packages:/home/asme/ros_ws/install/puckPack/lib/python3.12/site-packages:/opt/ros/jazzy/lib/python3.12/site-packages /usr/bin/python3 -W ignore:setup.py install is deprecated setup.py egg_info --egg-base ../../build/puckPack build --build-base /home/asme/ros_ws/build/puckPack/build install --record /home/asme/ros_ws/build/puckPack/install.log --single-version-externally-managed install_data
