[10.130s] Invoking command in '/home/asme/ros_ws/src/puckPack': DEBUGINFOD_URLS=https://debuginfod.ubuntu.com PYTHONPATH=/home/asme/ros_ws/build/puckPack/prefix_override:/usr/lib/python3/dist-packages/colcon_core/task/python/colcon_distutils_commands:/home/asme/ros_ws/install/puckPack/lib/python3.12/site-packages:/home/asme/ros_ws/install/ctrl_interface/lib/python3.12/site-packages:/home/asme/ros_ws/install/puckPack/lib/python3.12/site-packages:/opt/ros/jazzy/lib/python3.12/site-packages /usr/bin/python3 -W ignore:setup.py install is deprecated setup.py egg_info --egg-base ../../build/puckPack build --build-base /home/asme/ros_ws/build/puckPack/build install --record /home/asme/ros_ws/build/puckPack/install.log --single-version-externally-managed install_data
[13.501s] running egg_info
[13.772s] writing ../../build/puckPack/puckPack.egg-info/PKG-INFO
[13.774s] writing dependency_links to ../../build/puckPack/puckPack.egg-info/dependency_links.txt
[13.778s] writing entry points to ../../build/puckPack/puckPack.egg-info/entry_points.txt
[13.779s] writing requirements to ../../build/puckPack/puckPack.egg-info/requires.txt
[13.781s] writing top-level names to ../../build/puckPack/puckPack.egg-info/top_level.txt
[14.315s] reading manifest file '../../build/puckPack/puckPack.egg-info/SOURCES.txt'
[14.319s] adding license file 'LICENSE'
[14.327s] writing manifest file '../../build/puckPack/puckPack.egg-info/SOURCES.txt'
[14.328s] running build
[14.329s] running build_py
[14.334s] copying puckPack/UartCommander.py -> /home/asme/ros_ws/build/puckPack/build/lib/puckPack
[14.338s] running install
[14.405s] running install_lib
[14.676s] copying /home/asme/ros_ws/build/puckPack/build/lib/puckPack/UartCommander.py -> /home/asme/ros_ws/install/puckPack/lib/python3.12/site-packages/puckPack
[14.685s] byte-compiling /home/asme/ros_ws/install/puckPack/lib/python3.12/site-packages/puckPack/UartCommander.py to UartCommander.cpython-312.pyc
[14.703s] running install_data
[14.705s] running install_egg_info
[14.979s] removing '/home/asme/ros_ws/install/puckPack/lib/python3.12/site-packages/puckPack-0.0.0-py3.12.egg-info' (and everything under it)
[14.984s] Copying ../../build/puckPack/puckPack.egg-info to /home/asme/ros_ws/install/puckPack/lib/python3.12/site-packages/puckPack-0.0.0-py3.12.egg-info
[14.998s] running install_scripts
[16.888s] Installing UartCommander script to /home/asme/ros_ws/install/puckPack/lib/puckPack
[16.890s] Installing choose_color script to /home/asme/ros_ws/install/puckPack/lib/puckPack
[16.892s] Installing controlPC script to /home/asme/ros_ws/install/puckPack/lib/puckPack
[16.894s] Installing mainCamera script to /home/asme/ros_ws/install/puckPack/lib/puckPack
[16.895s] Installing rpiCamera script to /home/asme/ros_ws/install/puckPack/lib/puckPack
[16.897s] Installing thinker script to /home/asme/ros_ws/install/puckPack/lib/puckPack
[16.901s] writing list of installed files to '/home/asme/ros_ws/build/puckPack/install.log'
[17.140s] Invoked command in '/home/asme/ros_ws/src/puckPack' returned '0': DEBUGINFOD_URLS=https://debuginfod.ubuntu.com PYTHONPATH=/home/asme/ros_ws/build/puckPack/prefix_override:/usr/lib/python3/dist-packages/colcon_core/task/python/colcon_distutils_commands:/home/asme/ros_ws/install/puckPack/lib/python3.12/site-packages:/home/asme/ros_ws/install/ctrl_interface/lib/python3.12/site-packages:/home/asme/ros_ws/install/puckPack/lib/python3.12/site-packages:/opt/ros/jazzy/lib/python3.12/site-packages /usr/bin/python3 -W ignore:setup.py install is deprecated setup.py egg_info --egg-base ../../build/puckPack build --build-base /home/asme/ros_ws/build/puckPack/build install --record /home/asme/ros_ws/build/puckPack/install.log --single-version-externally-managed install_data
