[9.862s] Invoking command in '/home/asme/ros_ws/src/puckPack': DEBUGINFOD_URLS=https://debuginfod.ubuntu.com PYTHONPATH=/home/asme/ros_ws/build/puckPack/prefix_override:/usr/lib/python3/dist-packages/colcon_core/task/python/colcon_distutils_commands:/home/asme/ros_ws/install/puckPack/lib/python3.12/site-packages:/home/asme/ros_ws/install/ctrl_interface/lib/python3.12/site-packages:/home/asme/ros_ws/install/puckPack/lib/python3.12/site-packages:/opt/ros/jazzy/lib/python3.12/site-packages /usr/bin/python3 -W ignore:setup.py install is deprecated setup.py egg_info --egg-base ../../build/puckPack build --build-base /home/asme/ros_ws/build/puckPack/build install --record /home/asme/ros_ws/build/puckPack/install.log --single-version-externally-managed install_data
[13.113s] running egg_info
[13.366s] writing ../../build/puckPack/puckPack.egg-info/PKG-INFO
[13.368s] writing dependency_links to ../../build/puckPack/puckPack.egg-info/dependency_links.txt
[13.371s] writing entry points to ../../build/puckPack/puckPack.egg-info/entry_points.txt
[13.373s] writing requirements to ../../build/puckPack/puckPack.egg-info/requires.txt
[13.374s] writing top-level names to ../../build/puckPack/puckPack.egg-info/top_level.txt
[13.919s] reading manifest file '../../build/puckPack/puckPack.egg-info/SOURCES.txt'
[13.923s] adding license file 'LICENSE'
[13.929s] writing manifest file '../../build/puckPack/puckPack.egg-info/SOURCES.txt'
[13.931s] running build
[13.932s] running build_py
[13.935s] copying puckPack/choose_color.py -> /home/asme/ros_ws/build/puckPack/build/lib/puckPack
[13.941s] running install
[14.008s] running install_lib
[14.269s] copying /home/asme/ros_ws/build/puckPack/build/lib/puckPack/choose_color.py -> /home/asme/ros_ws/install/puckPack/lib/python3.12/site-packages/puckPack
[14.278s] byte-compiling /home/asme/ros_ws/install/puckPack/lib/python3.12/site-packages/puckPack/choose_color.py to choose_color.cpython-312.pyc
[14.289s] running install_data
[14.291s] running install_egg_info
[14.560s] removing '/home/asme/ros_ws/install/puckPack/lib/python3.12/site-packages/puckPack-0.0.0-py3.12.egg-info' (and everything under it)
[14.564s] Copying ../../build/puckPack/puckPack.egg-info to /home/asme/ros_ws/install/puckPack/lib/python3.12/site-packages/puckPack-0.0.0-py3.12.egg-info
[14.577s] running install_scripts
[16.382s] Installing UartCommander script to /home/asme/ros_ws/install/puckPack/lib/puckPack
[16.384s] Installing choose_color script to /home/asme/ros_ws/install/puckPack/lib/puckPack
[16.386s] Installing controlPC script to /home/asme/ros_ws/install/puckPack/lib/puckPack
[16.387s] Installing mainCamera script to /home/asme/ros_ws/install/puckPack/lib/puckPack
[16.389s] Installing rpiCamera script to /home/asme/ros_ws/install/puckPack/lib/puckPack
[16.391s] Installing thinker script to /home/asme/ros_ws/install/puckPack/lib/puckPack
[16.396s] writing list of installed files to '/home/asme/ros_ws/build/puckPack/install.log'
[16.633s] Invoked command in '/home/asme/ros_ws/src/puckPack' returned '0': DEBUGINFOD_URLS=https://debuginfod.ubuntu.com PYTHONPATH=/home/asme/ros_ws/build/puckPack/prefix_override:/usr/lib/python3/dist-packages/colcon_core/task/python/colcon_distutils_commands:/home/asme/ros_ws/install/puckPack/lib/python3.12/site-packages:/home/asme/ros_ws/install/ctrl_interface/lib/python3.12/site-packages:/home/asme/ros_ws/install/puckPack/lib/python3.12/site-packages:/opt/ros/jazzy/lib/python3.12/site-packages /usr/bin/python3 -W ignore:setup.py install is deprecated setup.py egg_info --egg-base ../../build/puckPack build --build-base /home/asme/ros_ws/build/puckPack/build install --record /home/asme/ros_ws/build/puckPack/install.log --single-version-externally-managed install_data
