[10.046s] Invoking command in '/home/asme/ros_ws/src/puckPack': DEBUGINFOD_URLS=https://debuginfod.ubuntu.com PYTHONPATH=/home/asme/ros_ws/build/puckPack/prefix_override:/usr/lib/python3/dist-packages/colcon_core/task/python/colcon_distutils_commands:/home/asme/ros_ws/install/puckPack/lib/python3.12/site-packages:/home/asme/ros_ws/install/ctrl_interface/lib/python3.12/site-packages:/home/asme/ros_ws/install/puckPack/lib/python3.12/site-packages:/opt/ros/jazzy/lib/python3.12/site-packages /usr/bin/python3 -W ignore:setup.py install is deprecated setup.py egg_info --egg-base ../../build/puckPack build --build-base /home/asme/ros_ws/build/puckPack/build install --record /home/asme/ros_ws/build/puckPack/install.log --single-version-externally-managed install_data
[13.379s] running egg_info
[13.648s] writing ../../build/puckPack/puckPack.egg-info/PKG-INFO
[13.649s] writing dependency_links to ../../build/puckPack/puckPack.egg-info/dependency_links.txt
[13.655s] writing entry points to ../../build/puckPack/puckPack.egg-info/entry_points.txt
[13.657s] writing requirements to ../../build/puckPack/puckPack.egg-info/requires.txt
[13.660s] writing top-level names to ../../build/puckPack/puckPack.egg-info/top_level.txt
[14.223s] reading manifest file '../../build/puckPack/puckPack.egg-info/SOURCES.txt'
[14.228s] adding license file 'LICENSE'
[14.234s] writing manifest file '../../build/puckPack/puckPack.egg-info/SOURCES.txt'
[14.235s] running build
[14.236s] running build_py
[14.240s] copying puckPack/rpiCamera.py -> /home/asme/ros_ws/build/puckPack/build/lib/puckPack
[14.246s] running install
[14.314s] running install_lib
[14.579s] copying /home/asme/ros_ws/build/puckPack/build/lib/puckPack/rpiCamera.py -> /home/asme/ros_ws/install/puckPack/lib/python3.12/site-packages/puckPack
[14.589s] byte-compiling /home/asme/ros_ws/install/puckPack/lib/python3.12/site-packages/puckPack/rpiCamera.py to rpiCamera.cpython-312.pyc
[14.604s] running install_data
[14.606s] running install_egg_info
[14.877s] removing '/home/asme/ros_ws/install/puckPack/lib/python3.12/site-packages/puckPack-0.0.0-py3.12.egg-info' (and everything under it)
[14.882s] Copying ../../build/puckPack/puckPack.egg-info to /home/asme/ros_ws/install/puckPack/lib/python3.12/site-packages/puckPack-0.0.0-py3.12.egg-info
[14.896s] running install_scripts
[16.805s] Installing UartCommander script to /home/asme/ros_ws/install/puckPack/lib/puckPack
[16.807s] Installing choose_color script to /home/asme/ros_ws/install/puckPack/lib/puckPack
[16.810s] Installing controlPC script to /home/asme/ros_ws/install/puckPack/lib/puckPack
[16.813s] Installing mainCamera script to /home/asme/ros_ws/install/puckPack/lib/puckPack
[16.816s] Installing rpiCamera script to /home/asme/ros_ws/install/puckPack/lib/puckPack
[16.819s] Installing thinker script to /home/asme/ros_ws/install/puckPack/lib/puckPack
[16.825s] writing list of installed files to '/home/asme/ros_ws/build/puckPack/install.log'
[17.061s] Invoked command in '/home/asme/ros_ws/src/puckPack' returned '0': DEBUGINFOD_URLS=https://debuginfod.ubuntu.com PYTHONPATH=/home/asme/ros_ws/build/puckPack/prefix_override:/usr/lib/python3/dist-packages/colcon_core/task/python/colcon_distutils_commands:/home/asme/ros_ws/install/puckPack/lib/python3.12/site-packages:/home/asme/ros_ws/install/ctrl_interface/lib/python3.12/site-packages:/home/asme/ros_ws/install/puckPack/lib/python3.12/site-packages:/opt/ros/jazzy/lib/python3.12/site-packages /usr/bin/python3 -W ignore:setup.py install is deprecated setup.py egg_info --egg-base ../../build/puckPack build --build-base /home/asme/ros_ws/build/puckPack/build install --record /home/asme/ros_ws/build/puckPack/install.log --single-version-externally-managed install_data
