[4.120s] Invoking command in '/home/asme/ros_ws/src/puckPack': DEBUGINFOD_URLS=https://debuginfod.ubuntu.com PYTHONPATH=/home/asme/ros_ws/build/puckPack/prefix_override:/usr/lib/python3/dist-packages/colcon_core/task/python/colcon_distutils_commands:/home/asme/ros_ws/install/puckPack/lib/python3.12/site-packages:/home/asme/ros_ws/install/ctrl_interface/lib/python3.12/site-packages:/home/asme/ros_ws/install/puckPack/lib/python3.12/site-packages:/opt/ros/jazzy/lib/python3.12/site-packages /usr/bin/python3 -W ignore:setup.py install is deprecated setup.py egg_info --egg-base ../../build/puckPack build --build-base /home/asme/ros_ws/build/puckPack/build install --record /home/asme/ros_ws/build/puckPack/install.log --single-version-externally-managed install_data
[5.453s] running egg_info
[5.554s] writing ../../build/puckPack/puckPack.egg-info/PKG-INFO
[5.555s] writing dependency_links to ../../build/puckPack/puckPack.egg-info/dependency_links.txt
[5.556s] writing entry points to ../../build/puckPack/puckPack.egg-info/entry_points.txt
[5.557s] writing requirements to ../../build/puckPack/puckPack.egg-info/requires.txt
[5.557s] writing top-level names to ../../build/puckPack/puckPack.egg-info/top_level.txt
[5.762s] reading manifest file '../../build/puckPack/puckPack.egg-info/SOURCES.txt'
[5.764s] adding license file 'LICENSE'
[5.767s] writing manifest file '../../build/puckPack/puckPack.egg-info/SOURCES.txt'
[5.767s] running build
[5.768s] running build_py
[5.769s] copying puckPack/mainCamera.py -> /home/asme/ros_ws/build/puckPack/build/lib/puckPack
[5.770s] copying puckPack/rpiCamera.py -> /home/asme/ros_ws/build/puckPack/build/lib/puckPack
[5.771s] copying puckPack/Thinker.py -> /home/asme/ros_ws/build/puckPack/build/lib/puckPack
[5.772s] copying puckPack/controlPC.py -> /home/asme/ros_ws/build/puckPack/build/lib/puckPack
[5.774s] running install
[5.801s] running install_lib
[5.903s] copying /home/asme/ros_ws/build/puckPack/build/lib/puckPack/mainCamera.py -> /home/asme/ros_ws/install/puckPack/lib/python3.12/site-packages/puckPack
[5.904s] copying /home/asme/ros_ws/build/puckPack/build/lib/puckPack/rpiCamera.py -> /home/asme/ros_ws/install/puckPack/lib/python3.12/site-packages/puckPack
[5.905s] copying /home/asme/ros_ws/build/puckPack/build/lib/puckPack/Thinker.py -> /home/asme/ros_ws/install/puckPack/lib/python3.12/site-packages/puckPack
[5.906s] copying /home/asme/ros_ws/build/puckPack/build/lib/puckPack/controlPC.py -> /home/asme/ros_ws/install/puckPack/lib/python3.12/site-packages/puckPack
[5.909s] byte-compiling /home/asme/ros_ws/install/puckPack/lib/python3.12/site-packages/puckPack/mainCamera.py to mainCamera.cpython-312.pyc
[5.916s] byte-compiling /home/asme/ros_ws/install/puckPack/lib/python3.12/site-packages/puckPack/rpiCamera.py to rpiCamera.cpython-312.pyc
[5.920s] byte-compiling /home/asme/ros_ws/install/puckPack/lib/python3.12/site-packages/puckPack/Thinker.py to Thinker.cpython-312.pyc
[5.925s] byte-compiling /home/asme/ros_ws/install/puckPack/lib/python3.12/site-packages/puckPack/controlPC.py to controlPC.cpython-312.pyc
[5.929s] running install_data
[5.930s] running install_egg_info
[6.037s] removing '/home/asme/ros_ws/install/puckPack/lib/python3.12/site-packages/puckPack-0.0.0-py3.12.egg-info' (and everything under it)
[6.039s] Copying ../../build/puckPack/puckPack.egg-info to /home/asme/ros_ws/install/puckPack/lib/python3.12/site-packages/puckPack-0.0.0-py3.12.egg-info
[6.044s] running install_scripts
[6.774s] Installing Thinker script to /home/asme/ros_ws/install/puckPack/lib/puckPack
[6.775s] Installing UartCommander script to /home/asme/ros_ws/install/puckPack/lib/puckPack
[6.776s] Installing controlPC script to /home/asme/ros_ws/install/puckPack/lib/puckPack
[6.777s] Installing mainCamera script to /home/asme/ros_ws/install/puckPack/lib/puckPack
[6.779s] Installing rpiCamera script to /home/asme/ros_ws/install/puckPack/lib/puckPack
[6.781s] writing list of installed files to '/home/asme/ros_ws/build/puckPack/install.log'
[6.931s] Invoked command in '/home/asme/ros_ws/src/puckPack' returned '0': DEBUGINFOD_URLS=https://debuginfod.ubuntu.com PYTHONPATH=/home/asme/ros_ws/build/puckPack/prefix_override:/usr/lib/python3/dist-packages/colcon_core/task/python/colcon_distutils_commands:/home/asme/ros_ws/install/puckPack/lib/python3.12/site-packages:/home/asme/ros_ws/install/ctrl_interface/lib/python3.12/site-packages:/home/asme/ros_ws/install/puckPack/lib/python3.12/site-packages:/opt/ros/jazzy/lib/python3.12/site-packages /usr/bin/python3 -W ignore:setup.py install is deprecated setup.py egg_info --egg-base ../../build/puckPack build --build-base /home/asme/ros_ws/build/puckPack/build install --record /home/asme/ros_ws/build/puckPack/install.log --single-version-externally-managed install_data
