[1.897s] Invoking command in '/home/asme/ros_ws/src/puckPack': DEBUGINFOD_URLS=https://debuginfod.ubuntu.com PYTHONPATH=/home/asme/ros_ws/src/build/puckPack/prefix_override:/usr/lib/python3/dist-packages/colcon_core/task/python/colcon_distutils_commands:/home/asme/ros_ws/src/install/puckPack/lib/python3.12/site-packages:${PYTHONPATH} /usr/bin/python3 -W ignore:setup.py install is deprecated setup.py egg_info --egg-base ../build/puckPack build --build-base /home/asme/ros_ws/src/build/puckPack/build install --record /home/asme/ros_ws/src/build/puckPack/install.log --single-version-externally-managed install_data
[2.495s] running egg_info
[2.537s] writing ../build/puckPack/puckPack.egg-info/PKG-INFO
[2.538s] writing dependency_links to ../build/puckPack/puckPack.egg-info/dependency_links.txt
[2.540s] writing requirements to ../build/puckPack/puckPack.egg-info/requires.txt
[2.542s] writing top-level names to ../build/puckPack/puckPack.egg-info/top_level.txt
[2.597s] reading manifest file '../build/puckPack/puckPack.egg-info/SOURCES.txt'
[2.598s] adding license file 'LICENSE'
[2.598s] writing manifest file '../build/puckPack/puckPack.egg-info/SOURCES.txt'
[2.599s] running build
[2.599s] running build_py
[2.599s] running install
[2.615s] running install_lib
[2.651s] running install_data
[2.651s] running install_egg_info
[2.692s] removing '/home/asme/ros_ws/src/install/puckPack/lib/python3.12/site-packages/puckPack-0.0.0-py3.12.egg-info' (and everything under it)
[2.693s] Copying ../build/puckPack/puckPack.egg-info to /home/asme/ros_ws/src/install/puckPack/lib/python3.12/site-packages/puckPack-0.0.0-py3.12.egg-info
[2.695s] running install_scripts
[3.000s] writing list of installed files to '/home/asme/ros_ws/src/build/puckPack/install.log'
[3.123s] Invoked command in '/home/asme/ros_ws/src/puckPack' returned '0': DEBUGINFOD_URLS=https://debuginfod.ubuntu.com PYTHONPATH=/home/asme/ros_ws/src/build/puckPack/prefix_override:/usr/lib/python3/dist-packages/colcon_core/task/python/colcon_distutils_commands:/home/asme/ros_ws/src/install/puckPack/lib/python3.12/site-packages:${PYTHONPATH} /usr/bin/python3 -W ignore:setup.py install is deprecated setup.py egg_info --egg-base ../build/puckPack build --build-base /home/asme/ros_ws/src/build/puckPack/build install --record /home/asme/ros_ws/src/build/puckPack/install.log --single-version-externally-managed install_data
