[1.211s] DEBUG:colcon:Command line arguments: ['/usr/bin/colcon', 'build']
[1.212s] DEBUG:colcon:Parsed command line arguments: Namespace(log_base=None, log_level=None, verb_name='build', build_base='build', install_base='install', merge_install=False, symlink_install=False, test_result_base=None, continue_on_error=False, executor='parallel', parallel_workers=4, event_handlers=None, ignore_user_meta=False, metas=['./colcon.meta'], base_paths=['.'], packages_ignore=None, packages_ignore_regex=None, paths=None, packages_up_to=None, packages_up_to_regex=None, packages_above=None, packages_above_and_dependencies=None, packages_above_depth=None, packages_select_by_dep=None, packages_skip_by_dep=None, packages_skip_up_to=None, packages_select_build_failed=False, packages_skip_build_finished=False, packages_select_test_failures=False, packages_skip_test_passed=False, packages_select=None, packages_skip=None, packages_select_regex=None, packages_skip_regex=None, packages_start=None, packages_end=None, allow_overriding=[], cmake_args=None, cmake_target=None, cmake_target_skip_unavailable=False, cmake_clean_cache=False, cmake_clean_first=False, cmake_force_configure=False, ament_cmake_args=None, catkin_cmake_args=None, catkin_skip_building_tests=False, mixin_files=None, mixin=None, verb_parser=<colcon_mixin.mixin.mixin_argument.MixinArgumentDecorator object at 0xffffa50ef560>, verb_extension=<colcon_core.verb.build.BuildVerb object at 0xffffa52ff020>, main=<bound method BuildVerb.main of <colcon_core.verb.build.BuildVerb object at 0xffffa52ff020>>, mixin_verb=('build',))
[1.607s] Level 1:colcon.colcon_core.package_discovery:discover_packages(colcon_meta) check parameters
[1.608s] Level 1:colcon.colcon_core.package_discovery:discover_packages(recursive) check parameters
[1.609s] Level 1:colcon.colcon_core.package_discovery:discover_packages(ignore) check parameters
[1.609s] Level 1:colcon.colcon_core.package_discovery:discover_packages(path) check parameters
[1.609s] Level 1:colcon.colcon_core.package_discovery:discover_packages(colcon_meta) discover
[1.610s] Level 1:colcon.colcon_core.package_discovery:discover_packages(recursive) discover
[1.610s] INFO:colcon.colcon_core.package_discovery:Crawling recursively for packages in '/home/asme/ros_ws'
[1.611s] Level 1:colcon.colcon_core.package_identification:_identify(.) by extensions ['ignore', 'ignore_ament_install']
[1.612s] Level 1:colcon.colcon_core.package_identification:_identify(.) by extension 'ignore'
[1.613s] Level 1:colcon.colcon_core.package_identification:_identify(.) by extension 'ignore_ament_install'
[1.613s] Level 1:colcon.colcon_core.package_identification:_identify(.) by extensions ['colcon_pkg']
[1.614s] Level 1:colcon.colcon_core.package_identification:_identify(.) by extension 'colcon_pkg'
[1.614s] Level 1:colcon.colcon_core.package_identification:_identify(.) by extensions ['colcon_meta']
[1.614s] Level 1:colcon.colcon_core.package_identification:_identify(.) by extension 'colcon_meta'
[1.615s] Level 1:colcon.colcon_core.package_identification:_identify(.) by extensions ['ros']
[1.615s] Level 1:colcon.colcon_core.package_identification:_identify(.) by extension 'ros'
[1.876s] Level 1:colcon.colcon_core.package_identification:_identify(.) by extensions ['cmake', 'python']
[1.877s] Level 1:colcon.colcon_core.package_identification:_identify(.) by extension 'cmake'
[1.877s] Level 1:colcon.colcon_core.package_identification:_identify(.) by extension 'python'
[1.878s] Level 1:colcon.colcon_core.package_identification:_identify(.) by extensions ['python_setup_py']
[1.878s] Level 1:colcon.colcon_core.package_identification:_identify(.) by extension 'python_setup_py'
[1.879s] Level 1:colcon.colcon_core.package_identification:_identify(build) by extensions ['ignore', 'ignore_ament_install']
[1.880s] Level 1:colcon.colcon_core.package_identification:_identify(build) by extension 'ignore'
[1.881s] Level 1:colcon.colcon_core.package_identification:_identify(build) ignored
[1.882s] Level 1:colcon.colcon_core.package_identification:_identify(install) by extensions ['ignore', 'ignore_ament_install']
[1.883s] Level 1:colcon.colcon_core.package_identification:_identify(install) by extension 'ignore'
[1.884s] Level 1:colcon.colcon_core.package_identification:_identify(install) ignored
[1.891s] Level 1:colcon.colcon_core.package_identification:_identify(log) by extensions ['ignore', 'ignore_ament_install']
[1.892s] Level 1:colcon.colcon_core.package_identification:_identify(log) by extension 'ignore'
[1.893s] Level 1:colcon.colcon_core.package_identification:_identify(log) ignored
[1.894s] Level 1:colcon.colcon_core.package_identification:_identify(src) by extensions ['ignore', 'ignore_ament_install']
[1.894s] Level 1:colcon.colcon_core.package_identification:_identify(src) by extension 'ignore'
[1.895s] Level 1:colcon.colcon_core.package_identification:_identify(src) by extension 'ignore_ament_install'
[1.896s] Level 1:colcon.colcon_core.package_identification:_identify(src) by extensions ['colcon_pkg']
[1.896s] Level 1:colcon.colcon_core.package_identification:_identify(src) by extension 'colcon_pkg'
[1.896s] Level 1:colcon.colcon_core.package_identification:_identify(src) by extensions ['colcon_meta']
[1.897s] Level 1:colcon.colcon_core.package_identification:_identify(src) by extension 'colcon_meta'
[1.897s] Level 1:colcon.colcon_core.package_identification:_identify(src) by extensions ['ros']
[1.898s] Level 1:colcon.colcon_core.package_identification:_identify(src) by extension 'ros'
[1.906s] DEBUG:colcon.colcon_core.package_identification:Failed to parse potential ROS package manifest in'src': Error(s) in package 'src/package.xml':
The manifest contains invalid XML:
junk after document element: line 2, column 0
[1.907s] Level 1:colcon.colcon_core.package_identification:_identify(src) by extensions ['cmake', 'python']
[1.907s] Level 1:colcon.colcon_core.package_identification:_identify(src) by extension 'cmake'
[1.908s] Level 1:colcon.colcon_core.package_identification:_identify(src) by extension 'python'
[1.908s] Level 1:colcon.colcon_core.package_identification:_identify(src) by extensions ['python_setup_py']
[1.908s] Level 1:colcon.colcon_core.package_identification:_identify(src) by extension 'python_setup_py'
[1.910s] Level 1:colcon.colcon_core.package_identification:_identify(src/build) by extensions ['ignore', 'ignore_ament_install']
[1.910s] Level 1:colcon.colcon_core.package_identification:_identify(src/build) by extension 'ignore'
[1.911s] Level 1:colcon.colcon_core.package_identification:_identify(src/build) ignored
[1.912s] Level 1:colcon.colcon_core.package_identification:_identify(src/ctrl_interface) by extensions ['ignore', 'ignore_ament_install']
[1.913s] Level 1:colcon.colcon_core.package_identification:_identify(src/ctrl_interface) by extension 'ignore'
[1.913s] Level 1:colcon.colcon_core.package_identification:_identify(src/ctrl_interface) by extension 'ignore_ament_install'
[1.914s] Level 1:colcon.colcon_core.package_identification:_identify(src/ctrl_interface) by extensions ['colcon_pkg']
[1.914s] Level 1:colcon.colcon_core.package_identification:_identify(src/ctrl_interface) by extension 'colcon_pkg'
[1.915s] Level 1:colcon.colcon_core.package_identification:_identify(src/ctrl_interface) by extensions ['colcon_meta']
[1.915s] Level 1:colcon.colcon_core.package_identification:_identify(src/ctrl_interface) by extension 'colcon_meta'
[1.916s] Level 1:colcon.colcon_core.package_identification:_identify(src/ctrl_interface) by extensions ['ros']
[1.916s] Level 1:colcon.colcon_core.package_identification:_identify(src/ctrl_interface) by extension 'ros'
[1.930s] DEBUG:colcon.colcon_core.package_identification:Package 'src/ctrl_interface' with type 'ros.ament_cmake' and name 'ctrl_interface'
[1.931s] Level 1:colcon.colcon_core.package_identification:_identify(src/install) by extensions ['ignore', 'ignore_ament_install']
[1.932s] Level 1:colcon.colcon_core.package_identification:_identify(src/install) by extension 'ignore'
[1.933s] Level 1:colcon.colcon_core.package_identification:_identify(src/install) ignored
[1.934s] Level 1:colcon.colcon_core.package_identification:_identify(src/log) by extensions ['ignore', 'ignore_ament_install']
[1.935s] Level 1:colcon.colcon_core.package_identification:_identify(src/log) by extension 'ignore'
[1.935s] Level 1:colcon.colcon_core.package_identification:_identify(src/log) ignored
[1.936s] Level 1:colcon.colcon_core.package_identification:_identify(src/puckPack) by extensions ['ignore', 'ignore_ament_install']
[1.937s] Level 1:colcon.colcon_core.package_identification:_identify(src/puckPack) by extension 'ignore'
[1.937s] Level 1:colcon.colcon_core.package_identification:_identify(src/puckPack) by extension 'ignore_ament_install'
[1.938s] Level 1:colcon.colcon_core.package_identification:_identify(src/puckPack) by extensions ['colcon_pkg']
[1.939s] Level 1:colcon.colcon_core.package_identification:_identify(src/puckPack) by extension 'colcon_pkg'
[1.939s] Level 1:colcon.colcon_core.package_identification:_identify(src/puckPack) by extensions ['colcon_meta']
[1.939s] Level 1:colcon.colcon_core.package_identification:_identify(src/puckPack) by extension 'colcon_meta'
[1.940s] Level 1:colcon.colcon_core.package_identification:_identify(src/puckPack) by extensions ['ros']
[1.940s] Level 1:colcon.colcon_core.package_identification:_identify(src/puckPack) by extension 'ros'
[1.945s] DEBUG:colcon.colcon_core.package_identification:Package 'src/puckPack' with type 'ros.ament_python' and name 'puckPack'
[1.945s] Level 1:colcon.colcon_core.package_discovery:discover_packages(recursive) using defaults
[1.946s] Level 1:colcon.colcon_core.package_discovery:discover_packages(ignore) discover
[1.946s] Level 1:colcon.colcon_core.package_discovery:discover_packages(ignore) using defaults
[1.946s] Level 1:colcon.colcon_core.package_discovery:discover_packages(path) discover
[1.947s] Level 1:colcon.colcon_core.package_discovery:discover_packages(path) using defaults
[2.120s] Level 1:colcon.colcon_core.package_discovery:discover_packages(prefix_path) check parameters
[2.120s] Level 1:colcon.colcon_core.package_discovery:discover_packages(prefix_path) discover
[2.139s] DEBUG:colcon.colcon_installed_package_information.package_discovery:Found 2 installed packages in /home/asme/ros_ws/install
[2.168s] DEBUG:colcon.colcon_installed_package_information.package_discovery:Found 286 installed packages in /opt/ros/jazzy
[2.178s] Level 1:colcon.colcon_core.package_discovery:discover_packages(prefix_path) using defaults
[2.722s] Level 5:colcon.colcon_core.verb:set package 'ctrl_interface' build argument 'cmake_args' from command line to 'None'
[2.723s] Level 5:colcon.colcon_core.verb:set package 'ctrl_interface' build argument 'cmake_target' from command line to 'None'
[2.723s] Level 5:colcon.colcon_core.verb:set package 'ctrl_interface' build argument 'cmake_target_skip_unavailable' from command line to 'False'
[2.724s] Level 5:colcon.colcon_core.verb:set package 'ctrl_interface' build argument 'cmake_clean_cache' from command line to 'False'
[2.724s] Level 5:colcon.colcon_core.verb:set package 'ctrl_interface' build argument 'cmake_clean_first' from command line to 'False'
[2.724s] Level 5:colcon.colcon_core.verb:set package 'ctrl_interface' build argument 'cmake_force_configure' from command line to 'False'
[2.724s] Level 5:colcon.colcon_core.verb:set package 'ctrl_interface' build argument 'ament_cmake_args' from command line to 'None'
[2.725s] Level 5:colcon.colcon_core.verb:set package 'ctrl_interface' build argument 'catkin_cmake_args' from command line to 'None'
[2.725s] Level 5:colcon.colcon_core.verb:set package 'ctrl_interface' build argument 'catkin_skip_building_tests' from command line to 'False'
[2.725s] DEBUG:colcon.colcon_core.verb:Building package 'ctrl_interface' with the following arguments: {'ament_cmake_args': None, 'build_base': '/home/asme/ros_ws/build/ctrl_interface', 'catkin_cmake_args': None, 'catkin_skip_building_tests': False, 'cmake_args': None, 'cmake_clean_cache': False, 'cmake_clean_first': False, 'cmake_force_configure': False, 'cmake_target': None, 'cmake_target_skip_unavailable': False, 'install_base': '/home/asme/ros_ws/install/ctrl_interface', 'merge_install': False, 'path': '/home/asme/ros_ws/src/ctrl_interface', 'symlink_install': False, 'test_result_base': None}
[2.729s] Level 5:colcon.colcon_core.verb:set package 'puckPack' build argument 'cmake_args' from command line to 'None'
[2.729s] Level 5:colcon.colcon_core.verb:set package 'puckPack' build argument 'cmake_target' from command line to 'None'
[2.729s] Level 5:colcon.colcon_core.verb:set package 'puckPack' build argument 'cmake_target_skip_unavailable' from command line to 'False'
[2.730s] Level 5:colcon.colcon_core.verb:set package 'puckPack' build argument 'cmake_clean_cache' from command line to 'False'
[2.730s] Level 5:colcon.colcon_core.verb:set package 'puckPack' build argument 'cmake_clean_first' from command line to 'False'
[2.730s] Level 5:colcon.colcon_core.verb:set package 'puckPack' build argument 'cmake_force_configure' from command line to 'False'
[2.730s] Level 5:colcon.colcon_core.verb:set package 'puckPack' build argument 'ament_cmake_args' from command line to 'None'
[2.731s] Level 5:colcon.colcon_core.verb:set package 'puckPack' build argument 'catkin_cmake_args' from command line to 'None'
[2.731s] Level 5:colcon.colcon_core.verb:set package 'puckPack' build argument 'catkin_skip_building_tests' from command line to 'False'
[2.731s] DEBUG:colcon.colcon_core.verb:Building package 'puckPack' with the following arguments: {'ament_cmake_args': None, 'build_base': '/home/asme/ros_ws/build/puckPack', 'catkin_cmake_args': None, 'catkin_skip_building_tests': False, 'cmake_args': None, 'cmake_clean_cache': False, 'cmake_clean_first': False, 'cmake_force_configure': False, 'cmake_target': None, 'cmake_target_skip_unavailable': False, 'install_base': '/home/asme/ros_ws/install/puckPack', 'merge_install': False, 'path': '/home/asme/ros_ws/src/puckPack', 'symlink_install': False, 'test_result_base': None}
[2.732s] INFO:colcon.colcon_core.executor:Executing jobs using 'parallel' executor
[2.738s] DEBUG:colcon.colcon_parallel_executor.executor.parallel:run_until_complete
[2.741s] INFO:colcon.colcon_ros.task.ament_cmake.build:Building ROS package in '/home/asme/ros_ws/src/ctrl_interface' with build type 'ament_cmake'
[2.743s] INFO:colcon.colcon_cmake.task.cmake.build:Building CMake package in '/home/asme/ros_ws/src/ctrl_interface'
[2.762s] INFO:colcon.colcon_core.plugin_system:Skipping extension 'colcon_core.shell.bat': Not used on non-Windows systems
[2.764s] INFO:colcon.colcon_core.shell:Skip shell extension 'powershell' for command environment: Not usable outside of PowerShell
[2.765s] DEBUG:colcon.colcon_core.shell:Skip shell extension 'dsv' for command environment
[2.868s] DEBUG:colcon.colcon_core.event_handler.log_command:Invoking command in '/home/asme/ros_ws/build/ctrl_interface': CMAKE_PREFIX_PATH=${CMAKE_PREFIX_PATH}:/home/asme/ros_ws/install/puckPack:/opt/ros/jazzy DEBUGINFOD_URLS=https://debuginfod.ubuntu.com /usr/bin/cmake --build /home/asme/ros_ws/build/ctrl_interface -- -j4 -l4
[11.665s] DEBUG:colcon.colcon_core.event_handler.log_command:Invoked command in '/home/asme/ros_ws/build/ctrl_interface' returned '0': CMAKE_PREFIX_PATH=${CMAKE_PREFIX_PATH}:/home/asme/ros_ws/install/puckPack:/opt/ros/jazzy DEBUGINFOD_URLS=https://debuginfod.ubuntu.com /usr/bin/cmake --build /home/asme/ros_ws/build/ctrl_interface -- -j4 -l4
[12.618s] DEBUG:colcon.colcon_core.event_handler.log_command:Invoking command in '/home/asme/ros_ws/build/ctrl_interface': CMAKE_PREFIX_PATH=${CMAKE_PREFIX_PATH}:/home/asme/ros_ws/install/puckPack:/opt/ros/jazzy DEBUGINFOD_URLS=https://debuginfod.ubuntu.com /usr/bin/cmake --install /home/asme/ros_ws/build/ctrl_interface
[13.359s] Level 1:colcon.colcon_core.environment:create_environment_scripts_only(ctrl_interface)
[13.361s] DEBUG:colcon.colcon_core.event_handler.log_command:Invoked command in '/home/asme/ros_ws/build/ctrl_interface' returned '0': CMAKE_PREFIX_PATH=${CMAKE_PREFIX_PATH}:/home/asme/ros_ws/install/puckPack:/opt/ros/jazzy DEBUGINFOD_URLS=https://debuginfod.ubuntu.com /usr/bin/cmake --install /home/asme/ros_ws/build/ctrl_interface
[13.385s] Level 1:colcon.colcon_core.environment:checking '/home/asme/ros_ws/install/ctrl_interface' for CMake module files
[13.397s] Level 1:colcon.colcon_core.environment:checking '/home/asme/ros_ws/install/ctrl_interface' for CMake config files
[13.404s] Level 1:colcon.colcon_core.shell:create_environment_hook('ctrl_interface', 'cmake_prefix_path')
[13.405s] INFO:colcon.colcon_core.shell:Creating environment hook '/home/asme/ros_ws/install/ctrl_interface/share/ctrl_interface/hook/cmake_prefix_path.ps1'
[13.410s] INFO:colcon.colcon_core.shell:Creating environment descriptor '/home/asme/ros_ws/install/ctrl_interface/share/ctrl_interface/hook/cmake_prefix_path.dsv'
[13.414s] INFO:colcon.colcon_core.shell:Creating environment hook '/home/asme/ros_ws/install/ctrl_interface/share/ctrl_interface/hook/cmake_prefix_path.sh'
[13.421s] Level 1:colcon.colcon_core.environment:checking '/home/asme/ros_ws/install/ctrl_interface/lib'
[13.423s] Level 1:colcon.colcon_core.shell:create_environment_hook('ctrl_interface', 'ld_library_path_lib')
[13.424s] INFO:colcon.colcon_core.shell:Creating environment hook '/home/asme/ros_ws/install/ctrl_interface/share/ctrl_interface/hook/ld_library_path_lib.ps1'
[13.428s] INFO:colcon.colcon_core.shell:Creating environment descriptor '/home/asme/ros_ws/install/ctrl_interface/share/ctrl_interface/hook/ld_library_path_lib.dsv'
[13.431s] INFO:colcon.colcon_core.shell:Creating environment hook '/home/asme/ros_ws/install/ctrl_interface/share/ctrl_interface/hook/ld_library_path_lib.sh'
[13.436s] Level 1:colcon.colcon_core.environment:checking '/home/asme/ros_ws/install/ctrl_interface/bin'
[13.436s] Level 1:colcon.colcon_core.environment:checking '/home/asme/ros_ws/install/ctrl_interface/lib/pkgconfig/ctrl_interface.pc'
[13.439s] Level 1:colcon.colcon_core.environment:checking '/home/asme/ros_ws/install/ctrl_interface/lib/python3.12/site-packages'
[13.440s] Level 1:colcon.colcon_core.shell:create_environment_hook('ctrl_interface', 'pythonpath')
[13.441s] INFO:colcon.colcon_core.shell:Creating environment hook '/home/asme/ros_ws/install/ctrl_interface/share/ctrl_interface/hook/pythonpath.ps1'
[13.445s] INFO:colcon.colcon_core.shell:Creating environment descriptor '/home/asme/ros_ws/install/ctrl_interface/share/ctrl_interface/hook/pythonpath.dsv'
[13.448s] INFO:colcon.colcon_core.shell:Creating environment hook '/home/asme/ros_ws/install/ctrl_interface/share/ctrl_interface/hook/pythonpath.sh'
[13.453s] Level 1:colcon.colcon_core.environment:checking '/home/asme/ros_ws/install/ctrl_interface/bin'
[13.456s] INFO:colcon.colcon_core.shell:Creating package script '/home/asme/ros_ws/install/ctrl_interface/share/ctrl_interface/package.ps1'
[13.463s] INFO:colcon.colcon_core.shell:Creating package descriptor '/home/asme/ros_ws/install/ctrl_interface/share/ctrl_interface/package.dsv'
[13.469s] INFO:colcon.colcon_core.shell:Creating package script '/home/asme/ros_ws/install/ctrl_interface/share/ctrl_interface/package.sh'
[13.475s] INFO:colcon.colcon_core.shell:Creating package script '/home/asme/ros_ws/install/ctrl_interface/share/ctrl_interface/package.bash'
[13.481s] INFO:colcon.colcon_core.shell:Creating package script '/home/asme/ros_ws/install/ctrl_interface/share/ctrl_interface/package.zsh'
[13.486s] Level 1:colcon.colcon_core.environment:create_file_with_runtime_dependencies(/home/asme/ros_ws/install/ctrl_interface/share/colcon-core/packages/ctrl_interface)
[14.331s] Level 1:colcon.colcon_core.environment:create_environment_scripts_only(ctrl_interface)
[14.333s] Level 1:colcon.colcon_core.environment:checking '/home/asme/ros_ws/install/ctrl_interface' for CMake module files
[14.345s] Level 1:colcon.colcon_core.environment:checking '/home/asme/ros_ws/install/ctrl_interface' for CMake config files
[14.352s] Level 1:colcon.colcon_core.shell:create_environment_hook('ctrl_interface', 'cmake_prefix_path')
[14.354s] INFO:colcon.colcon_core.shell:Creating environment hook '/home/asme/ros_ws/install/ctrl_interface/share/ctrl_interface/hook/cmake_prefix_path.ps1'
[14.358s] INFO:colcon.colcon_core.shell:Creating environment descriptor '/home/asme/ros_ws/install/ctrl_interface/share/ctrl_interface/hook/cmake_prefix_path.dsv'
[14.361s] INFO:colcon.colcon_core.shell:Creating environment hook '/home/asme/ros_ws/install/ctrl_interface/share/ctrl_interface/hook/cmake_prefix_path.sh'
[14.366s] Level 1:colcon.colcon_core.environment:checking '/home/asme/ros_ws/install/ctrl_interface/lib'
[14.367s] Level 1:colcon.colcon_core.shell:create_environment_hook('ctrl_interface', 'ld_library_path_lib')
[14.368s] INFO:colcon.colcon_core.shell:Creating environment hook '/home/asme/ros_ws/install/ctrl_interface/share/ctrl_interface/hook/ld_library_path_lib.ps1'
[14.372s] INFO:colcon.colcon_core.shell:Creating environment descriptor '/home/asme/ros_ws/install/ctrl_interface/share/ctrl_interface/hook/ld_library_path_lib.dsv'
[14.375s] INFO:colcon.colcon_core.shell:Creating environment hook '/home/asme/ros_ws/install/ctrl_interface/share/ctrl_interface/hook/ld_library_path_lib.sh'
[14.379s] Level 1:colcon.colcon_core.environment:checking '/home/asme/ros_ws/install/ctrl_interface/bin'
[14.380s] Level 1:colcon.colcon_core.environment:checking '/home/asme/ros_ws/install/ctrl_interface/lib/pkgconfig/ctrl_interface.pc'
[14.382s] Level 1:colcon.colcon_core.environment:checking '/home/asme/ros_ws/install/ctrl_interface/lib/python3.12/site-packages'
[14.384s] Level 1:colcon.colcon_core.shell:create_environment_hook('ctrl_interface', 'pythonpath')
[14.386s] INFO:colcon.colcon_core.shell:Creating environment hook '/home/asme/ros_ws/install/ctrl_interface/share/ctrl_interface/hook/pythonpath.ps1'
[14.389s] INFO:colcon.colcon_core.shell:Creating environment descriptor '/home/asme/ros_ws/install/ctrl_interface/share/ctrl_interface/hook/pythonpath.dsv'
[14.399s] INFO:colcon.colcon_core.shell:Creating environment hook '/home/asme/ros_ws/install/ctrl_interface/share/ctrl_interface/hook/pythonpath.sh'
[14.404s] Level 1:colcon.colcon_core.environment:checking '/home/asme/ros_ws/install/ctrl_interface/bin'
[14.407s] INFO:colcon.colcon_core.shell:Creating package script '/home/asme/ros_ws/install/ctrl_interface/share/ctrl_interface/package.ps1'
[14.413s] INFO:colcon.colcon_core.shell:Creating package descriptor '/home/asme/ros_ws/install/ctrl_interface/share/ctrl_interface/package.dsv'
[14.418s] INFO:colcon.colcon_core.shell:Creating package script '/home/asme/ros_ws/install/ctrl_interface/share/ctrl_interface/package.sh'
[14.423s] INFO:colcon.colcon_core.shell:Creating package script '/home/asme/ros_ws/install/ctrl_interface/share/ctrl_interface/package.bash'
[14.427s] INFO:colcon.colcon_core.shell:Creating package script '/home/asme/ros_ws/install/ctrl_interface/share/ctrl_interface/package.zsh'
[14.430s] Level 1:colcon.colcon_core.environment:create_file_with_runtime_dependencies(/home/asme/ros_ws/install/ctrl_interface/share/colcon-core/packages/ctrl_interface)
[14.433s] INFO:colcon.colcon_ros.task.ament_python.build:Building ROS package in '/home/asme/ros_ws/src/puckPack' with build type 'ament_python'
[14.436s] Level 1:colcon.colcon_core.shell:create_environment_hook('puckPack', 'ament_prefix_path')
[14.438s] INFO:colcon.colcon_core.shell:Creating environment hook '/home/asme/ros_ws/install/puckPack/share/puckPack/hook/ament_prefix_path.ps1'
[14.443s] INFO:colcon.colcon_core.shell:Creating environment descriptor '/home/asme/ros_ws/install/puckPack/share/puckPack/hook/ament_prefix_path.dsv'
[14.447s] INFO:colcon.colcon_core.shell:Creating environment hook '/home/asme/ros_ws/install/puckPack/share/puckPack/hook/ament_prefix_path.sh'
[14.452s] INFO:colcon.colcon_core.shell:Skip shell extension 'powershell' for command environment: Not usable outside of PowerShell
[14.452s] DEBUG:colcon.colcon_core.shell:Skip shell extension 'dsv' for command environment
[16.939s] INFO:colcon.colcon_core.task.python.build:Building Python package in '/home/asme/ros_ws/src/puckPack'
[16.940s] INFO:colcon.colcon_core.shell:Skip shell extension 'powershell' for command environment: Not usable outside of PowerShell
[16.941s] DEBUG:colcon.colcon_core.shell:Skip shell extension 'dsv' for command environment
[24.063s] DEBUG:colcon.colcon_core.event_handler.log_command:Invoking command in '/home/asme/ros_ws/src/puckPack': DEBUGINFOD_URLS=https://debuginfod.ubuntu.com PYTHONPATH=/home/asme/ros_ws/build/puckPack/prefix_override:/usr/lib/python3/dist-packages/colcon_core/task/python/colcon_distutils_commands:/home/asme/ros_ws/install/puckPack/lib/python3.12/site-packages:/home/asme/ros_ws/install/ctrl_interface/lib/python3.12/site-packages:/home/asme/ros_ws/install/puckPack/lib/python3.12/site-packages:/opt/ros/jazzy/lib/python3.12/site-packages /usr/bin/python3 -W ignore:setup.py install is deprecated setup.py egg_info --egg-base ../../build/puckPack build --build-base /home/asme/ros_ws/build/puckPack/build install --record /home/asme/ros_ws/build/puckPack/install.log --single-version-externally-managed install_data
[30.717s] Level 1:colcon.colcon_core.environment:checking '/home/asme/ros_ws/install/puckPack' for CMake module files
[30.721s] DEBUG:colcon.colcon_core.event_handler.log_command:Invoked command in '/home/asme/ros_ws/src/puckPack' returned '0': DEBUGINFOD_URLS=https://debuginfod.ubuntu.com PYTHONPATH=/home/asme/ros_ws/build/puckPack/prefix_override:/usr/lib/python3/dist-packages/colcon_core/task/python/colcon_distutils_commands:/home/asme/ros_ws/install/puckPack/lib/python3.12/site-packages:/home/asme/ros_ws/install/ctrl_interface/lib/python3.12/site-packages:/home/asme/ros_ws/install/puckPack/lib/python3.12/site-packages:/opt/ros/jazzy/lib/python3.12/site-packages /usr/bin/python3 -W ignore:setup.py install is deprecated setup.py egg_info --egg-base ../../build/puckPack build --build-base /home/asme/ros_ws/build/puckPack/build install --record /home/asme/ros_ws/build/puckPack/install.log --single-version-externally-managed install_data
[30.727s] Level 1:colcon.colcon_core.environment:checking '/home/asme/ros_ws/install/puckPack' for CMake config files
[30.735s] Level 1:colcon.colcon_core.environment:checking '/home/asme/ros_ws/install/puckPack/lib'
[30.736s] Level 1:colcon.colcon_core.environment:checking '/home/asme/ros_ws/install/puckPack/bin'
[30.737s] Level 1:colcon.colcon_core.environment:checking '/home/asme/ros_ws/install/puckPack/lib/pkgconfig/puckPack.pc'
[30.739s] Level 1:colcon.colcon_core.environment:checking '/home/asme/ros_ws/install/puckPack/lib/python3.12/site-packages'
[30.740s] Level 1:colcon.colcon_core.shell:create_environment_hook('puckPack', 'pythonpath')
[30.742s] INFO:colcon.colcon_core.shell:Creating environment hook '/home/asme/ros_ws/install/puckPack/share/puckPack/hook/pythonpath.ps1'
[30.745s] INFO:colcon.colcon_core.shell:Creating environment descriptor '/home/asme/ros_ws/install/puckPack/share/puckPack/hook/pythonpath.dsv'
[30.748s] INFO:colcon.colcon_core.shell:Creating environment hook '/home/asme/ros_ws/install/puckPack/share/puckPack/hook/pythonpath.sh'
[30.754s] Level 1:colcon.colcon_core.environment:checking '/home/asme/ros_ws/install/puckPack/bin'
[30.754s] Level 1:colcon.colcon_core.environment:create_environment_scripts_only(puckPack)
[30.756s] INFO:colcon.colcon_core.shell:Creating package script '/home/asme/ros_ws/install/puckPack/share/puckPack/package.ps1'
[30.761s] INFO:colcon.colcon_core.shell:Creating package descriptor '/home/asme/ros_ws/install/puckPack/share/puckPack/package.dsv'
[30.765s] INFO:colcon.colcon_core.shell:Creating package script '/home/asme/ros_ws/install/puckPack/share/puckPack/package.sh'
[30.769s] INFO:colcon.colcon_core.shell:Creating package script '/home/asme/ros_ws/install/puckPack/share/puckPack/package.bash'
[30.773s] INFO:colcon.colcon_core.shell:Creating package script '/home/asme/ros_ws/install/puckPack/share/puckPack/package.zsh'
[30.776s] Level 1:colcon.colcon_core.environment:create_file_with_runtime_dependencies(/home/asme/ros_ws/install/puckPack/share/colcon-core/packages/puckPack)
[30.780s] DEBUG:colcon.colcon_parallel_executor.executor.parallel:closing loop
[30.782s] DEBUG:colcon.colcon_parallel_executor.executor.parallel:loop closed
[30.783s] DEBUG:colcon.colcon_parallel_executor.executor.parallel:run_until_complete finished with '0'
[30.784s] DEBUG:colcon.colcon_core.event_reactor:joining thread
[30.834s] INFO:colcon.colcon_core.plugin_system:Skipping extension 'colcon_notification.desktop_notification.terminal_notifier': Not used on non-Darwin systems
[30.835s] INFO:colcon.colcon_core.plugin_system:Skipping extension 'colcon_notification.desktop_notification.win32': Not used on non-Windows systems
[30.835s] INFO:colcon.colcon_notification.desktop_notification:Sending desktop notification using 'notify2'
[30.942s] DEBUG:colcon.colcon_core.event_reactor:joined thread
[30.943s] INFO:colcon.colcon_core.shell:Creating prefix script '/home/asme/ros_ws/install/local_setup.ps1'
[30.950s] INFO:colcon.colcon_core.shell:Creating prefix util module '/home/asme/ros_ws/install/_local_setup_util_ps1.py'
[30.960s] INFO:colcon.colcon_core.shell:Creating prefix chain script '/home/asme/ros_ws/install/setup.ps1'
[30.970s] INFO:colcon.colcon_core.shell:Creating prefix script '/home/asme/ros_ws/install/local_setup.sh'
[30.974s] INFO:colcon.colcon_core.shell:Creating prefix util module '/home/asme/ros_ws/install/_local_setup_util_sh.py'
[30.979s] INFO:colcon.colcon_core.shell:Creating prefix chain script '/home/asme/ros_ws/install/setup.sh'
[30.989s] INFO:colcon.colcon_core.shell:Creating prefix script '/home/asme/ros_ws/install/local_setup.bash'
[30.993s] INFO:colcon.colcon_core.shell:Creating prefix chain script '/home/asme/ros_ws/install/setup.bash'
[31.003s] INFO:colcon.colcon_core.shell:Creating prefix script '/home/asme/ros_ws/install/local_setup.zsh'
[31.008s] INFO:colcon.colcon_core.shell:Creating prefix chain script '/home/asme/ros_ws/install/setup.zsh'
