[8.614s] Invoking command in '/home/asme/ros_ws/src/puckPack': DEBUGINFOD_URLS=https://debuginfod.ubuntu.com PYTHONPATH=/home/asme/ros_ws/build/puckPack/prefix_override:/usr/lib/python3/dist-packages/colcon_core/task/python/colcon_distutils_commands:/home/asme/ros_ws/install/puckPack/lib/python3.12/site-packages:/home/asme/ros_ws/install/ctrl_interface/lib/python3.12/site-packages:/home/asme/ros_ws/install/puckPack/lib/python3.12/site-packages:/opt/ros/jazzy/lib/python3.12/site-packages /usr/bin/python3 -W ignore:setup.py install is deprecated setup.py egg_info --egg-base ../../build/puckPack build --build-base /home/asme/ros_ws/build/puckPack/build install --record /home/asme/ros_ws/build/puckPack/install.log --single-version-externally-managed install_data
[11.160s] running egg_info
[11.419s] writing ../../build/puckPack/puckPack.egg-info/PKG-INFO
[11.421s] writing dependency_links to ../../build/puckPack/puckPack.egg-info/dependency_links.txt
[11.424s] writing entry points to ../../build/puckPack/puckPack.egg-info/entry_points.txt
[11.426s] writing requirements to ../../build/puckPack/puckPack.egg-info/requires.txt
[11.428s] writing top-level names to ../../build/puckPack/puckPack.egg-info/top_level.txt
[11.953s] reading manifest file '../../build/puckPack/puckPack.egg-info/SOURCES.txt'
[11.958s] adding license file 'LICENSE'
[11.964s] writing manifest file '../../build/puckPack/puckPack.egg-info/SOURCES.txt'
[11.966s] running build
[11.967s] running build_py
[11.970s] copying puckPack/rpiCamera.py -> /home/asme/ros_ws/build/puckPack/build/lib/puckPack
[11.976s] running install
[12.045s] running install_lib
[12.310s] copying /home/asme/ros_ws/build/puckPack/build/lib/puckPack/rpiCamera.py -> /home/asme/ros_ws/install/puckPack/lib/python3.12/site-packages/puckPack
[12.319s] byte-compiling /home/asme/ros_ws/install/puckPack/lib/python3.12/site-packages/puckPack/rpiCamera.py to rpiCamera.cpython-312.pyc
[12.334s] running install_data
[12.336s] running install_egg_info
[12.619s] removing '/home/asme/ros_ws/install/puckPack/lib/python3.12/site-packages/puckPack-0.0.0-py3.12.egg-info' (and everything under it)
[12.623s] Copying ../../build/puckPack/puckPack.egg-info to /home/asme/ros_ws/install/puckPack/lib/python3.12/site-packages/puckPack-0.0.0-py3.12.egg-info
[12.638s] running install_scripts
[14.338s] Installing UartCommander script to /home/asme/ros_ws/install/puckPack/lib/puckPack
[14.340s] Installing choose_color script to /home/asme/ros_ws/install/puckPack/lib/puckPack
[14.342s] Installing controlPC script to /home/asme/ros_ws/install/puckPack/lib/puckPack
[14.344s] Installing mainCamera script to /home/asme/ros_ws/install/puckPack/lib/puckPack
[14.345s] Installing rpiCamera script to /home/asme/ros_ws/install/puckPack/lib/puckPack
[14.347s] Installing thinker script to /home/asme/ros_ws/install/puckPack/lib/puckPack
[14.351s] writing list of installed files to '/home/asme/ros_ws/build/puckPack/install.log'
[14.587s] Invoked command in '/home/asme/ros_ws/src/puckPack' returned '0': DEBUGINFOD_URLS=https://debuginfod.ubuntu.com PYTHONPATH=/home/asme/ros_ws/build/puckPack/prefix_override:/usr/lib/python3/dist-packages/colcon_core/task/python/colcon_distutils_commands:/home/asme/ros_ws/install/puckPack/lib/python3.12/site-packages:/home/asme/ros_ws/install/ctrl_interface/lib/python3.12/site-packages:/home/asme/ros_ws/install/puckPack/lib/python3.12/site-packages:/opt/ros/jazzy/lib/python3.12/site-packages /usr/bin/python3 -W ignore:setup.py install is deprecated setup.py egg_info --egg-base ../../build/puckPack build --build-base /home/asme/ros_ws/build/puckPack/build install --record /home/asme/ros_ws/build/puckPack/install.log --single-version-externally-managed install_data
