[0.083s] Invoking command in '/home/asme/ros_ws/build/ctrl_interface': CMAKE_PREFIX_PATH=${CMAKE_PREFIX_PATH}:/opt/ros/jazzy DEBUGINFOD_URLS=https://debuginfod.ubuntu.com /usr/bin/cmake --build /home/asme/ros_ws/build/ctrl_interface -- -j4 -l4
[0.426s] [  2%] Built target ctrl_interface__rosidl_generator_type_description
[0.495s] [  2%] Built target ament_cmake_python_copy_ctrl_interface
[0.589s] [  5%] Built target ctrl_interface__cpp
[0.611s] [ 20%] Built target ctrl_interface__rosidl_generator_c
[0.811s] [ 29%] Built target ctrl_interface__rosidl_typesupport_fastrtps_cpp
[0.820s] [ 38%] Built target ctrl_interface__rosidl_typesupport_fastrtps_c
[0.859s] [ 47%] Built target ctrl_interface__rosidl_typesupport_cpp
[1.054s] [ 55%] Built target ctrl_interface__rosidl_typesupport_introspection_c
[1.067s] [ 64%] Built target ctrl_interface__rosidl_typesupport_c
[1.092s] [ 73%] Built target ctrl_interface__rosidl_typesupport_introspection_cpp
[1.256s] [ 73%] Built target ctrl_interface
[1.403s] [ 76%] Built target ctrl_interface__py
[1.567s] [ 82%] Built target ctrl_interface__rosidl_generator_py
[1.756s] [ 88%] Built target ctrl_interface_s__rosidl_typesupport_introspection_c
[1.794s] [100%] Built target ctrl_interface_s__rosidl_typesupport_c
[1.796s] [100%] Built target ctrl_interface_s__rosidl_typesupport_fastrtps_c
[2.105s] running egg_info
[2.229s] writing ctrl_interface.egg-info/PKG-INFO
[2.236s] writing dependency_links to ctrl_interface.egg-info/dependency_links.txt
[2.236s] writing top-level names to ctrl_interface.egg-info/top_level.txt
[2.630s] reading manifest file 'ctrl_interface.egg-info/SOURCES.txt'
[2.637s] writing manifest file 'ctrl_interface.egg-info/SOURCES.txt'
[2.818s] [100%] Built target ament_cmake_python_build_ctrl_interface_egg
[2.891s] Invoked command in '/home/asme/ros_ws/build/ctrl_interface' returned '0': CMAKE_PREFIX_PATH=${CMAKE_PREFIX_PATH}:/opt/ros/jazzy DEBUGINFOD_URLS=https://debuginfod.ubuntu.com /usr/bin/cmake --build /home/asme/ros_ws/build/ctrl_interface -- -j4 -l4
[3.519s] Invoking command in '/home/asme/ros_ws/build/ctrl_interface': CMAKE_PREFIX_PATH=${CMAKE_PREFIX_PATH}:/opt/ros/jazzy DEBUGINFOD_URLS=https://debuginfod.ubuntu.com /usr/bin/cmake --install /home/asme/ros_ws/build/ctrl_interface
[3.574s] -- Install configuration: ""
[3.575s] -- Up-to-date: /home/asme/ros_ws/install/ctrl_interface/share/ament_index/resource_index/rosidl_interfaces/ctrl_interface
[3.576s] -- Up-to-date: /home/asme/ros_ws/install/ctrl_interface/share/ctrl_interface/msg/CtrlInterface.json
[3.576s] -- Up-to-date: /home/asme/ros_ws/install/ctrl_interface/include/ctrl_interface/ctrl_interface
[3.577s] -- Up-to-date: /home/asme/ros_ws/install/ctrl_interface/include/ctrl_interface/ctrl_interface/msg
[3.578s] -- Up-to-date: /home/asme/ros_ws/install/ctrl_interface/include/ctrl_interface/ctrl_interface/msg/detail
[3.578s] -- Up-to-date: /home/asme/ros_ws/install/ctrl_interface/include/ctrl_interface/ctrl_interface/msg/detail/ctrl_interface__functions.c
[3.579s] -- Installing: /home/asme/ros_ws/install/ctrl_interface/include/ctrl_interface/ctrl_interface/msg/detail/ctrl_interface__type_support.c
[3.579s] -- Up-to-date: /home/asme/ros_ws/install/ctrl_interface/include/ctrl_interface/ctrl_interface/msg/detail/ctrl_interface__struct.h
[3.580s] -- Up-to-date: /home/asme/ros_ws/install/ctrl_interface/include/ctrl_interface/ctrl_interface/msg/detail/ctrl_interface__functions.h
[3.581s] -- Up-to-date: /home/asme/ros_ws/install/ctrl_interface/include/ctrl_interface/ctrl_interface/msg/detail/ctrl_interface__description.c
[3.581s] -- Up-to-date: /home/asme/ros_ws/install/ctrl_interface/include/ctrl_interface/ctrl_interface/msg/detail/ctrl_interface__type_support.h
[3.582s] -- Up-to-date: /home/asme/ros_ws/install/ctrl_interface/include/ctrl_interface/ctrl_interface/msg/ctrl_interface.h
[3.582s] -- Up-to-date: /home/asme/ros_ws/install/ctrl_interface/include/ctrl_interface/ctrl_interface/msg/rosidl_generator_c__visibility_control.h
[3.583s] -- Up-to-date: /home/asme/ros_ws/install/ctrl_interface/share/ctrl_interface/environment/library_path.sh
[3.583s] -- Up-to-date: /home/asme/ros_ws/install/ctrl_interface/share/ctrl_interface/environment/library_path.dsv
[3.584s] -- Up-to-date: /home/asme/ros_ws/install/ctrl_interface/lib/libctrl_interface__rosidl_generator_c.so
[3.585s] -- Up-to-date: /home/asme/ros_ws/install/ctrl_interface/include/ctrl_interface/ctrl_interface
[3.585s] -- Up-to-date: /home/asme/ros_ws/install/ctrl_interface/include/ctrl_interface/ctrl_interface/msg
[3.586s] -- Up-to-date: /home/asme/ros_ws/install/ctrl_interface/include/ctrl_interface/ctrl_interface/msg/rosidl_typesupport_fastrtps_c__visibility_control.h
[3.587s] -- Up-to-date: /home/asme/ros_ws/install/ctrl_interface/include/ctrl_interface/ctrl_interface/msg/detail
[3.587s] -- Up-to-date: /home/asme/ros_ws/install/ctrl_interface/include/ctrl_interface/ctrl_interface/msg/detail/ctrl_interface__rosidl_typesupport_fastrtps_c.h
[3.588s] -- Up-to-date: /home/asme/ros_ws/install/ctrl_interface/lib/libctrl_interface__rosidl_typesupport_fastrtps_c.so
[3.590s] -- Up-to-date: /home/asme/ros_ws/install/ctrl_interface/include/ctrl_interface/ctrl_interface
[3.590s] -- Up-to-date: /home/asme/ros_ws/install/ctrl_interface/include/ctrl_interface/ctrl_interface/msg
[3.591s] -- Up-to-date: /home/asme/ros_ws/install/ctrl_interface/include/ctrl_interface/ctrl_interface/msg/rosidl_generator_cpp__visibility_control.hpp
[3.591s] -- Up-to-date: /home/asme/ros_ws/install/ctrl_interface/include/ctrl_interface/ctrl_interface/msg/detail
[3.592s] -- Up-to-date: /home/asme/ros_ws/install/ctrl_interface/include/ctrl_interface/ctrl_interface/msg/detail/ctrl_interface__struct.hpp
[3.592s] -- Up-to-date: /home/asme/ros_ws/install/ctrl_interface/include/ctrl_interface/ctrl_interface/msg/detail/ctrl_interface__traits.hpp
[3.593s] -- Up-to-date: /home/asme/ros_ws/install/ctrl_interface/include/ctrl_interface/ctrl_interface/msg/detail/ctrl_interface__builder.hpp
[3.593s] -- Up-to-date: /home/asme/ros_ws/install/ctrl_interface/include/ctrl_interface/ctrl_interface/msg/detail/ctrl_interface__type_support.hpp
[3.594s] -- Up-to-date: /home/asme/ros_ws/install/ctrl_interface/include/ctrl_interface/ctrl_interface/msg/ctrl_interface.hpp
[3.594s] -- Up-to-date: /home/asme/ros_ws/install/ctrl_interface/include/ctrl_interface/ctrl_interface
[3.595s] -- Up-to-date: /home/asme/ros_ws/install/ctrl_interface/include/ctrl_interface/ctrl_interface/msg
[3.595s] -- Up-to-date: /home/asme/ros_ws/install/ctrl_interface/include/ctrl_interface/ctrl_interface/msg/rosidl_typesupport_fastrtps_cpp__visibility_control.h
[3.596s] -- Up-to-date: /home/asme/ros_ws/install/ctrl_interface/include/ctrl_interface/ctrl_interface/msg/detail
[3.596s] -- Up-to-date: /home/asme/ros_ws/install/ctrl_interface/include/ctrl_interface/ctrl_interface/msg/detail/dds_fastrtps
[3.597s] -- Up-to-date: /home/asme/ros_ws/install/ctrl_interface/include/ctrl_interface/ctrl_interface/msg/detail/ctrl_interface__rosidl_typesupport_fastrtps_cpp.hpp
[3.597s] -- Up-to-date: /home/asme/ros_ws/install/ctrl_interface/lib/libctrl_interface__rosidl_typesupport_fastrtps_cpp.so
[3.598s] -- Up-to-date: /home/asme/ros_ws/install/ctrl_interface/include/ctrl_interface/ctrl_interface
[3.599s] -- Up-to-date: /home/asme/ros_ws/install/ctrl_interface/include/ctrl_interface/ctrl_interface/msg
[3.599s] -- Up-to-date: /home/asme/ros_ws/install/ctrl_interface/include/ctrl_interface/ctrl_interface/msg/rosidl_typesupport_introspection_c__visibility_control.h
[3.600s] -- Up-to-date: /home/asme/ros_ws/install/ctrl_interface/include/ctrl_interface/ctrl_interface/msg/detail
[3.600s] -- Installing: /home/asme/ros_ws/install/ctrl_interface/include/ctrl_interface/ctrl_interface/msg/detail/ctrl_interface__type_support.c
[3.602s] -- Up-to-date: /home/asme/ros_ws/install/ctrl_interface/include/ctrl_interface/ctrl_interface/msg/detail/ctrl_interface__rosidl_typesupport_introspection_c.h
[3.603s] -- Up-to-date: /home/asme/ros_ws/install/ctrl_interface/lib/libctrl_interface__rosidl_typesupport_introspection_c.so
[3.605s] -- Up-to-date: /home/asme/ros_ws/install/ctrl_interface/lib/libctrl_interface__rosidl_typesupport_c.so
[3.606s] -- Up-to-date: /home/asme/ros_ws/install/ctrl_interface/include/ctrl_interface/ctrl_interface
[3.607s] -- Up-to-date: /home/asme/ros_ws/install/ctrl_interface/include/ctrl_interface/ctrl_interface/msg
[3.607s] -- Up-to-date: /home/asme/ros_ws/install/ctrl_interface/include/ctrl_interface/ctrl_interface/msg/detail
[3.608s] -- Up-to-date: /home/asme/ros_ws/install/ctrl_interface/include/ctrl_interface/ctrl_interface/msg/detail/ctrl_interface__rosidl_typesupport_introspection_cpp.hpp
[3.608s] -- Up-to-date: /home/asme/ros_ws/install/ctrl_interface/include/ctrl_interface/ctrl_interface/msg/detail/ctrl_interface__type_support.cpp
[3.609s] -- Up-to-date: /home/asme/ros_ws/install/ctrl_interface/lib/libctrl_interface__rosidl_typesupport_introspection_cpp.so
[3.612s] -- Up-to-date: /home/asme/ros_ws/install/ctrl_interface/lib/libctrl_interface__rosidl_typesupport_cpp.so
[3.613s] -- Up-to-date: /home/asme/ros_ws/install/ctrl_interface/share/ctrl_interface/environment/pythonpath.sh
[3.613s] -- Up-to-date: /home/asme/ros_ws/install/ctrl_interface/share/ctrl_interface/environment/pythonpath.dsv
[3.614s] -- Up-to-date: /home/asme/ros_ws/install/ctrl_interface/lib/python3.12/site-packages/ctrl_interface-0.0.0-py3.12.egg-info
[3.615s] -- Installing: /home/asme/ros_ws/install/ctrl_interface/lib/python3.12/site-packages/ctrl_interface-0.0.0-py3.12.egg-info/SOURCES.txt
[3.616s] -- Installing: /home/asme/ros_ws/install/ctrl_interface/lib/python3.12/site-packages/ctrl_interface-0.0.0-py3.12.egg-info/top_level.txt
[3.617s] -- Installing: /home/asme/ros_ws/install/ctrl_interface/lib/python3.12/site-packages/ctrl_interface-0.0.0-py3.12.egg-info/PKG-INFO
[3.619s] -- Installing: /home/asme/ros_ws/install/ctrl_interface/lib/python3.12/site-packages/ctrl_interface-0.0.0-py3.12.egg-info/dependency_links.txt
[3.620s] -- Up-to-date: /home/asme/ros_ws/install/ctrl_interface/lib/python3.12/site-packages/ctrl_interface
[3.621s] -- Up-to-date: /home/asme/ros_ws/install/ctrl_interface/lib/python3.12/site-packages/ctrl_interface/__init__.py
[3.622s] -- Up-to-date: /home/asme/ros_ws/install/ctrl_interface/lib/python3.12/site-packages/ctrl_interface/msg
[3.622s] -- Up-to-date: /home/asme/ros_ws/install/ctrl_interface/lib/python3.12/site-packages/ctrl_interface/msg/_ctrl_interface.py
[3.623s] -- Up-to-date: /home/asme/ros_ws/install/ctrl_interface/lib/python3.12/site-packages/ctrl_interface/msg/__init__.py
[3.623s] -- Up-to-date: /home/asme/ros_ws/install/ctrl_interface/lib/python3.12/site-packages/ctrl_interface/msg/_ctrl_interface_s.c
[3.624s] -- Up-to-date: /home/asme/ros_ws/install/ctrl_interface/lib/python3.12/site-packages/ctrl_interface/ctrl_interface_s__rosidl_typesupport_introspection_c.so
[3.624s] -- Up-to-date: /home/asme/ros_ws/install/ctrl_interface/lib/python3.12/site-packages/ctrl_interface/ctrl_interface_s__rosidl_typesupport_fastrtps_c.so
[3.625s] -- Up-to-date: /home/asme/ros_ws/install/ctrl_interface/lib/python3.12/site-packages/ctrl_interface/ctrl_interface_s__rosidl_typesupport_c.so
[3.626s] -- Up-to-date: /home/asme/ros_ws/install/ctrl_interface/lib/python3.12/site-packages/ctrl_interface/_ctrl_interface_s.ep.rosidl_typesupport_c.c
[3.626s] -- Up-to-date: /home/asme/ros_ws/install/ctrl_interface/lib/python3.12/site-packages/ctrl_interface/_ctrl_interface_s.ep.rosidl_typesupport_introspection_c.c
[3.627s] -- Up-to-date: /home/asme/ros_ws/install/ctrl_interface/lib/python3.12/site-packages/ctrl_interface/_ctrl_interface_s.ep.rosidl_typesupport_fastrtps_c.c
[3.834s] Listing '/home/asme/ros_ws/install/ctrl_interface/lib/python3.12/site-packages/ctrl_interface'...
[3.836s] Listing '/home/asme/ros_ws/install/ctrl_interface/lib/python3.12/site-packages/ctrl_interface/msg'...
[3.877s] -- Up-to-date: /home/asme/ros_ws/install/ctrl_interface/lib/python3.12/site-packages/ctrl_interface/ctrl_interface_s__rosidl_typesupport_fastrtps_c.so
[3.879s] -- Up-to-date: /home/asme/ros_ws/install/ctrl_interface/lib/python3.12/site-packages/ctrl_interface/ctrl_interface_s__rosidl_typesupport_introspection_c.so
[3.882s] -- Up-to-date: /home/asme/ros_ws/install/ctrl_interface/lib/python3.12/site-packages/ctrl_interface/ctrl_interface_s__rosidl_typesupport_c.so
[3.884s] -- Up-to-date: /home/asme/ros_ws/install/ctrl_interface/lib/libctrl_interface__rosidl_generator_py.so
[3.885s] -- Up-to-date: /home/asme/ros_ws/install/ctrl_interface/share/ctrl_interface/msg/CtrlInterface.idl
[3.886s] -- Up-to-date: /home/asme/ros_ws/install/ctrl_interface/share/ctrl_interface/msg/CtrlInterface.msg
[3.887s] -- Up-to-date: /home/asme/ros_ws/install/ctrl_interface/share/ament_index/resource_index/package_run_dependencies/ctrl_interface
[3.887s] -- Up-to-date: /home/asme/ros_ws/install/ctrl_interface/share/ament_index/resource_index/parent_prefix_path/ctrl_interface
[3.888s] -- Up-to-date: /home/asme/ros_ws/install/ctrl_interface/share/ctrl_interface/environment/ament_prefix_path.sh
[3.888s] -- Up-to-date: /home/asme/ros_ws/install/ctrl_interface/share/ctrl_interface/environment/ament_prefix_path.dsv
[3.889s] -- Up-to-date: /home/asme/ros_ws/install/ctrl_interface/share/ctrl_interface/environment/path.sh
[3.889s] -- Up-to-date: /home/asme/ros_ws/install/ctrl_interface/share/ctrl_interface/environment/path.dsv
[3.890s] -- Up-to-date: /home/asme/ros_ws/install/ctrl_interface/share/ctrl_interface/local_setup.bash
[3.890s] -- Up-to-date: /home/asme/ros_ws/install/ctrl_interface/share/ctrl_interface/local_setup.sh
[3.891s] -- Up-to-date: /home/asme/ros_ws/install/ctrl_interface/share/ctrl_interface/local_setup.zsh
[3.891s] -- Up-to-date: /home/asme/ros_ws/install/ctrl_interface/share/ctrl_interface/local_setup.dsv
[3.892s] -- Installing: /home/asme/ros_ws/install/ctrl_interface/share/ctrl_interface/package.dsv
[3.892s] -- Up-to-date: /home/asme/ros_ws/install/ctrl_interface/share/ament_index/resource_index/packages/ctrl_interface
[3.893s] -- Up-to-date: /home/asme/ros_ws/install/ctrl_interface/share/ctrl_interface/cmake/export_ctrl_interface__rosidl_generator_cExport.cmake
[3.894s] -- Up-to-date: /home/asme/ros_ws/install/ctrl_interface/share/ctrl_interface/cmake/export_ctrl_interface__rosidl_generator_cExport-noconfig.cmake
[3.895s] -- Up-to-date: /home/asme/ros_ws/install/ctrl_interface/share/ctrl_interface/cmake/export_ctrl_interface__rosidl_typesupport_fastrtps_cExport.cmake
[3.895s] -- Up-to-date: /home/asme/ros_ws/install/ctrl_interface/share/ctrl_interface/cmake/export_ctrl_interface__rosidl_typesupport_fastrtps_cExport-noconfig.cmake
[3.896s] -- Up-to-date: /home/asme/ros_ws/install/ctrl_interface/share/ctrl_interface/cmake/export_ctrl_interface__rosidl_generator_cppExport.cmake
[3.897s] -- Up-to-date: /home/asme/ros_ws/install/ctrl_interface/share/ctrl_interface/cmake/export_ctrl_interface__rosidl_typesupport_fastrtps_cppExport.cmake
[3.898s] -- Up-to-date: /home/asme/ros_ws/install/ctrl_interface/share/ctrl_interface/cmake/export_ctrl_interface__rosidl_typesupport_fastrtps_cppExport-noconfig.cmake
[3.899s] -- Up-to-date: /home/asme/ros_ws/install/ctrl_interface/share/ctrl_interface/cmake/ctrl_interface__rosidl_typesupport_introspection_cExport.cmake
[3.899s] -- Up-to-date: /home/asme/ros_ws/install/ctrl_interface/share/ctrl_interface/cmake/ctrl_interface__rosidl_typesupport_introspection_cExport-noconfig.cmake
[3.900s] -- Up-to-date: /home/asme/ros_ws/install/ctrl_interface/share/ctrl_interface/cmake/ctrl_interface__rosidl_typesupport_cExport.cmake
[3.901s] -- Up-to-date: /home/asme/ros_ws/install/ctrl_interface/share/ctrl_interface/cmake/ctrl_interface__rosidl_typesupport_cExport-noconfig.cmake
[3.902s] -- Up-to-date: /home/asme/ros_ws/install/ctrl_interface/share/ctrl_interface/cmake/ctrl_interface__rosidl_typesupport_introspection_cppExport.cmake
[3.902s] -- Up-to-date: /home/asme/ros_ws/install/ctrl_interface/share/ctrl_interface/cmake/ctrl_interface__rosidl_typesupport_introspection_cppExport-noconfig.cmake
[3.903s] -- Up-to-date: /home/asme/ros_ws/install/ctrl_interface/share/ctrl_interface/cmake/ctrl_interface__rosidl_typesupport_cppExport.cmake
[3.904s] -- Up-to-date: /home/asme/ros_ws/install/ctrl_interface/share/ctrl_interface/cmake/ctrl_interface__rosidl_typesupport_cppExport-noconfig.cmake
[3.905s] -- Up-to-date: /home/asme/ros_ws/install/ctrl_interface/share/ctrl_interface/cmake/export_ctrl_interface__rosidl_generator_pyExport.cmake
[3.905s] -- Up-to-date: /home/asme/ros_ws/install/ctrl_interface/share/ctrl_interface/cmake/export_ctrl_interface__rosidl_generator_pyExport-noconfig.cmake
[3.906s] -- Up-to-date: /home/asme/ros_ws/install/ctrl_interface/share/ctrl_interface/cmake/rosidl_cmake-extras.cmake
[3.906s] -- Up-to-date: /home/asme/ros_ws/install/ctrl_interface/share/ctrl_interface/cmake/ament_cmake_export_dependencies-extras.cmake
[3.907s] -- Up-to-date: /home/asme/ros_ws/install/ctrl_interface/share/ctrl_interface/cmake/ament_cmake_export_include_directories-extras.cmake
[3.908s] -- Up-to-date: /home/asme/ros_ws/install/ctrl_interface/share/ctrl_interface/cmake/ament_cmake_export_libraries-extras.cmake
[3.909s] -- Up-to-date: /home/asme/ros_ws/install/ctrl_interface/share/ctrl_interface/cmake/ament_cmake_export_targets-extras.cmake
[3.909s] -- Up-to-date: /home/asme/ros_ws/install/ctrl_interface/share/ctrl_interface/cmake/rosidl_cmake_export_typesupport_targets-extras.cmake
[3.910s] -- Up-to-date: /home/asme/ros_ws/install/ctrl_interface/share/ctrl_interface/cmake/rosidl_cmake_export_typesupport_libraries-extras.cmake
[3.910s] -- Up-to-date: /home/asme/ros_ws/install/ctrl_interface/share/ctrl_interface/cmake/ctrl_interfaceConfig.cmake
[3.911s] -- Up-to-date: /home/asme/ros_ws/install/ctrl_interface/share/ctrl_interface/cmake/ctrl_interfaceConfig-version.cmake
[3.912s] -- Up-to-date: /home/asme/ros_ws/install/ctrl_interface/share/ctrl_interface/package.xml
[3.919s] Invoked command in '/home/asme/ros_ws/build/ctrl_interface' returned '0': CMAKE_PREFIX_PATH=${CMAKE_PREFIX_PATH}:/opt/ros/jazzy DEBUGINFOD_URLS=https://debuginfod.ubuntu.com /usr/bin/cmake --install /home/asme/ros_ws/build/ctrl_interface
