[4.918s] Invoking command in '/home/asme/ros_ws/src/puckPack': AMENT_PREFIX_PATH=/home/asme/ros_ws/install/ctrl_interface:${AMENT_PREFIX_PATH} CMAKE_PREFIX_PATH=/home/asme/ros_ws/install/ctrl_interface:${CMAKE_PREFIX_PATH} DEBUGINFOD_URLS=https://debuginfod.ubuntu.com LD_LIBRARY_PATH=/home/asme/ros_ws/install/ctrl_interface/lib:${LD_LIBRARY_PATH} PYTHONPATH=/home/asme/ros_ws/build/puckPack/prefix_override:/usr/lib/python3/dist-packages/colcon_core/task/python/colcon_distutils_commands:/home/asme/ros_ws/install/puckPack/lib/python3.12/site-packages:/home/asme/ros_ws/install/ctrl_interface/lib/python3.12/site-packages:${PYTHONPATH} /usr/bin/python3 -W ignore:setup.py install is deprecated setup.py egg_info --egg-base ../../build/puckPack build --build-base /home/asme/ros_ws/build/puckPack/build install --record /home/asme/ros_ws/build/puckPack/install.log --single-version-externally-managed install_data
[6.486s] running egg_info
[6.603s] writing ../../build/puckPack/puckPack.egg-info/PKG-INFO
[6.605s] writing dependency_links to ../../build/puckPack/puckPack.egg-info/dependency_links.txt
[6.607s] writing entry points to ../../build/puckPack/puckPack.egg-info/entry_points.txt
[6.608s] writing requirements to ../../build/puckPack/puckPack.egg-info/requires.txt
[6.609s] writing top-level names to ../../build/puckPack/puckPack.egg-info/top_level.txt
[6.851s] reading manifest file '../../build/puckPack/puckPack.egg-info/SOURCES.txt'
[6.856s] adding license file 'LICENSE'
[6.862s] writing manifest file '../../build/puckPack/puckPack.egg-info/SOURCES.txt'
[6.863s] running build
[6.864s] running build_py
[6.864s] copying puckPack/rpiCamera.py -> /home/asme/ros_ws/build/puckPack/build/lib/puckPack
[6.867s] running install
[6.896s] running install_lib
[7.014s] copying /home/asme/ros_ws/build/puckPack/build/lib/puckPack/rpiCamera.py -> /home/asme/ros_ws/install/puckPack/lib/python3.12/site-packages/puckPack
[7.018s] byte-compiling /home/asme/ros_ws/install/puckPack/lib/python3.12/site-packages/puckPack/thinker.py to thinker.cpython-312.pyc
[7.024s] Sorry: IndentationError: expected an indented block after 'if' statement on line 103 (thinker.py, line 105)
[7.025s] byte-compiling /home/asme/ros_ws/install/puckPack/lib/python3.12/site-packages/puckPack/rpiCamera.py to rpiCamera.cpython-312.pyc
[7.031s]   File "/home/asme/ros_ws/install/puckPack/lib/python3.12/site-packages/puckPack/rpiCamera.py", line 75
[7.031s]     if  detectoutput == 0 # red:
[7.032s]                           ^^^^^^^
[7.033s] SyntaxError: expected ':'
[7.033s] 
[7.033s] running install_data
[7.034s] running install_egg_info
[7.166s] removing '/home/asme/ros_ws/install/puckPack/lib/python3.12/site-packages/puckPack-0.0.0-py3.12.egg-info' (and everything under it)
[7.167s] Copying ../../build/puckPack/puckPack.egg-info to /home/asme/ros_ws/install/puckPack/lib/python3.12/site-packages/puckPack-0.0.0-py3.12.egg-info
[7.171s] running install_scripts
[8.038s] Installing UartCommander script to /home/asme/ros_ws/install/puckPack/lib/puckPack
[8.038s] Installing choose_color script to /home/asme/ros_ws/install/puckPack/lib/puckPack
[8.040s] Installing controlPC script to /home/asme/ros_ws/install/puckPack/lib/puckPack
[8.041s] Installing mainCamera script to /home/asme/ros_ws/install/puckPack/lib/puckPack
[8.042s] Installing rpiCamera script to /home/asme/ros_ws/install/puckPack/lib/puckPack
[8.045s] writing list of installed files to '/home/asme/ros_ws/build/puckPack/install.log'
[8.213s] Invoked command in '/home/asme/ros_ws/src/puckPack' returned '0': AMENT_PREFIX_PATH=/home/asme/ros_ws/install/ctrl_interface:${AMENT_PREFIX_PATH} CMAKE_PREFIX_PATH=/home/asme/ros_ws/install/ctrl_interface:${CMAKE_PREFIX_PATH} DEBUGINFOD_URLS=https://debuginfod.ubuntu.com LD_LIBRARY_PATH=/home/asme/ros_ws/install/ctrl_interface/lib:${LD_LIBRARY_PATH} PYTHONPATH=/home/asme/ros_ws/build/puckPack/prefix_override:/usr/lib/python3/dist-packages/colcon_core/task/python/colcon_distutils_commands:/home/asme/ros_ws/install/puckPack/lib/python3.12/site-packages:/home/asme/ros_ws/install/ctrl_interface/lib/python3.12/site-packages:${PYTHONPATH} /usr/bin/python3 -W ignore:setup.py install is deprecated setup.py egg_info --egg-base ../../build/puckPack build --build-base /home/asme/ros_ws/build/puckPack/build install --record /home/asme/ros_ws/build/puckPack/install.log --single-version-externally-managed install_data
