[9.872s] Invoking command in '/home/asme/ros_ws/src/puckPack': DEBUGINFOD_URLS=https://debuginfod.ubuntu.com PYTHONPATH=/home/asme/ros_ws/build/puckPack/prefix_override:/usr/lib/python3/dist-packages/colcon_core/task/python/colcon_distutils_commands:/home/asme/ros_ws/install/puckPack/lib/python3.12/site-packages:/home/asme/ros_ws/install/ctrl_interface/lib/python3.12/site-packages:/home/asme/ros_ws/install/puckPack/lib/python3.12/site-packages:/opt/ros/jazzy/lib/python3.12/site-packages /usr/bin/python3 -W ignore:setup.py install is deprecated setup.py egg_info --egg-base ../../build/puckPack build --build-base /home/asme/ros_ws/build/puckPack/build install --record /home/asme/ros_ws/build/puckPack/install.log --single-version-externally-managed install_data
[13.165s] running egg_info
[13.432s] writing ../../build/puckPack/puckPack.egg-info/PKG-INFO
[13.434s] writing dependency_links to ../../build/puckPack/puckPack.egg-info/dependency_links.txt
[13.438s] writing entry points to ../../build/puckPack/puckPack.egg-info/entry_points.txt
[13.441s] writing requirements to ../../build/puckPack/puckPack.egg-info/requires.txt
[13.442s] writing top-level names to ../../build/puckPack/puckPack.egg-info/top_level.txt
[13.988s] reading manifest file '../../build/puckPack/puckPack.egg-info/SOURCES.txt'
[13.992s] adding license file 'LICENSE'
[13.998s] writing manifest file '../../build/puckPack/puckPack.egg-info/SOURCES.txt'
[14.000s] running build
[14.001s] running build_py
[14.003s] copying puckPack/thinker.py -> /home/asme/ros_ws/build/puckPack/build/lib/puckPack
[14.010s] running install
[14.078s] running install_lib
[14.341s] copying /home/asme/ros_ws/build/puckPack/build/lib/puckPack/thinker.py -> /home/asme/ros_ws/install/puckPack/lib/python3.12/site-packages/puckPack
[14.352s] byte-compiling /home/asme/ros_ws/install/puckPack/lib/python3.12/site-packages/puckPack/thinker.py to thinker.cpython-312.pyc
[14.370s] running install_data
[14.371s] running install_egg_info
[14.642s] removing '/home/asme/ros_ws/install/puckPack/lib/python3.12/site-packages/puckPack-0.0.0-py3.12.egg-info' (and everything under it)
[14.647s] Copying ../../build/puckPack/puckPack.egg-info to /home/asme/ros_ws/install/puckPack/lib/python3.12/site-packages/puckPack-0.0.0-py3.12.egg-info
[14.661s] running install_scripts
[16.515s] Installing UartCommander script to /home/asme/ros_ws/install/puckPack/lib/puckPack
[16.516s] Installing choose_color script to /home/asme/ros_ws/install/puckPack/lib/puckPack
[16.519s] Installing controlPC script to /home/asme/ros_ws/install/puckPack/lib/puckPack
[16.520s] Installing mainCamera script to /home/asme/ros_ws/install/puckPack/lib/puckPack
[16.522s] Installing rpiCamera script to /home/asme/ros_ws/install/puckPack/lib/puckPack
[16.524s] Installing thinker script to /home/asme/ros_ws/install/puckPack/lib/puckPack
[16.528s] writing list of installed files to '/home/asme/ros_ws/build/puckPack/install.log'
[16.767s] Invoked command in '/home/asme/ros_ws/src/puckPack' returned '0': DEBUGINFOD_URLS=https://debuginfod.ubuntu.com PYTHONPATH=/home/asme/ros_ws/build/puckPack/prefix_override:/usr/lib/python3/dist-packages/colcon_core/task/python/colcon_distutils_commands:/home/asme/ros_ws/install/puckPack/lib/python3.12/site-packages:/home/asme/ros_ws/install/ctrl_interface/lib/python3.12/site-packages:/home/asme/ros_ws/install/puckPack/lib/python3.12/site-packages:/opt/ros/jazzy/lib/python3.12/site-packages /usr/bin/python3 -W ignore:setup.py install is deprecated setup.py egg_info --egg-base ../../build/puckPack build --build-base /home/asme/ros_ws/build/puckPack/build install --record /home/asme/ros_ws/build/puckPack/install.log --single-version-externally-managed install_data
