[6.782s] Invoking command in '/home/asme/ros_ws/src/puckPack': DEBUGINFOD_URLS=https://debuginfod.ubuntu.com PYTHONPATH=/home/asme/ros_ws/build/puckPack/prefix_override:/usr/lib/python3/dist-packages/colcon_core/task/python/colcon_distutils_commands:/home/asme/ros_ws/install/puckPack/lib/python3.12/site-packages:/home/asme/ros_ws/install/ctrl_interface/lib/python3.12/site-packages:/home/asme/ros_ws/install/puckPack/lib/python3.12/site-packages:/opt/ros/jazzy/lib/python3.12/site-packages /usr/bin/python3 -W ignore:setup.py install is deprecated setup.py egg_info --egg-base ../../build/puckPack build --build-base /home/asme/ros_ws/build/puckPack/build install --record /home/asme/ros_ws/build/puckPack/install.log --single-version-externally-managed install_data
[9.692s] running egg_info
[9.944s] writing ../../build/puckPack/puckPack.egg-info/PKG-INFO
[9.946s] writing dependency_links to ../../build/puckPack/puckPack.egg-info/dependency_links.txt
[9.950s] writing entry points to ../../build/puckPack/puckPack.egg-info/entry_points.txt
[9.952s] writing requirements to ../../build/puckPack/puckPack.egg-info/requires.txt
[9.953s] writing top-level names to ../../build/puckPack/puckPack.egg-info/top_level.txt
[10.387s] reading manifest file '../../build/puckPack/puckPack.egg-info/SOURCES.txt'
[10.388s] adding license file 'LICENSE'
[10.391s] writing manifest file '../../build/puckPack/puckPack.egg-info/SOURCES.txt'
[10.392s] running build
[10.392s] running build_py
[10.394s] copying puckPack/mainCamera.py -> /home/asme/ros_ws/build/puckPack/build/lib/puckPack
[10.397s] running install
[10.424s] running install_lib
[10.529s] copying /home/asme/ros_ws/build/puckPack/build/lib/puckPack/mainCamera.py -> /home/asme/ros_ws/install/puckPack/lib/python3.12/site-packages/puckPack
[10.534s] byte-compiling /home/asme/ros_ws/install/puckPack/lib/python3.12/site-packages/puckPack/mainCamera.py to mainCamera.cpython-312.pyc
[10.540s] running install_data
[10.541s] running install_egg_info
[10.650s] removing '/home/asme/ros_ws/install/puckPack/lib/python3.12/site-packages/puckPack-0.0.0-py3.12.egg-info' (and everything under it)
[10.652s] Copying ../../build/puckPack/puckPack.egg-info to /home/asme/ros_ws/install/puckPack/lib/python3.12/site-packages/puckPack-0.0.0-py3.12.egg-info
[10.658s] running install_scripts
[11.421s] Installing UartCommander script to /home/asme/ros_ws/install/puckPack/lib/puckPack
[11.422s] Installing choose_color script to /home/asme/ros_ws/install/puckPack/lib/puckPack
[11.424s] Installing controlPC script to /home/asme/ros_ws/install/puckPack/lib/puckPack
[11.425s] Installing mainCamera script to /home/asme/ros_ws/install/puckPack/lib/puckPack
[11.426s] Installing rpiCamera script to /home/asme/ros_ws/install/puckPack/lib/puckPack
[11.427s] Installing thinker script to /home/asme/ros_ws/install/puckPack/lib/puckPack
[11.430s] writing list of installed files to '/home/asme/ros_ws/build/puckPack/install.log'
[11.601s] Invoked command in '/home/asme/ros_ws/src/puckPack' returned '0': DEBUGINFOD_URLS=https://debuginfod.ubuntu.com PYTHONPATH=/home/asme/ros_ws/build/puckPack/prefix_override:/usr/lib/python3/dist-packages/colcon_core/task/python/colcon_distutils_commands:/home/asme/ros_ws/install/puckPack/lib/python3.12/site-packages:/home/asme/ros_ws/install/ctrl_interface/lib/python3.12/site-packages:/home/asme/ros_ws/install/puckPack/lib/python3.12/site-packages:/opt/ros/jazzy/lib/python3.12/site-packages /usr/bin/python3 -W ignore:setup.py install is deprecated setup.py egg_info --egg-base ../../build/puckPack build --build-base /home/asme/ros_ws/build/puckPack/build install --record /home/asme/ros_ws/build/puckPack/install.log --single-version-externally-managed install_data
