[8.678s] Invoking command in '/home/asme/ros_ws/src/puckPack': DEBUGINFOD_URLS=https://debuginfod.ubuntu.com PYTHONPATH=/home/asme/ros_ws/build/puckPack/prefix_override:/usr/lib/python3/dist-packages/colcon_core/task/python/colcon_distutils_commands:/home/asme/ros_ws/install/puckPack/lib/python3.12/site-packages:/home/asme/ros_ws/install/ctrl_interface/lib/python3.12/site-packages:/home/asme/ros_ws/install/puckPack/lib/python3.12/site-packages:/opt/ros/jazzy/lib/python3.12/site-packages /usr/bin/python3 -W ignore:setup.py install is deprecated setup.py egg_info --egg-base ../../build/puckPack build --build-base /home/asme/ros_ws/build/puckPack/build install --record /home/asme/ros_ws/build/puckPack/install.log --single-version-externally-managed install_data
[11.675s] running egg_info
[11.933s] writing ../../build/puckPack/puckPack.egg-info/PKG-INFO
[11.935s] writing dependency_links to ../../build/puckPack/puckPack.egg-info/dependency_links.txt
[11.938s] writing entry points to ../../build/puckPack/puckPack.egg-info/entry_points.txt
[11.940s] writing requirements to ../../build/puckPack/puckPack.egg-info/requires.txt
[11.941s] writing top-level names to ../../build/puckPack/puckPack.egg-info/top_level.txt
[12.463s] reading manifest file '../../build/puckPack/puckPack.egg-info/SOURCES.txt'
[12.468s] adding license file 'LICENSE'
[12.474s] writing manifest file '../../build/puckPack/puckPack.egg-info/SOURCES.txt'
[12.475s] running build
[12.476s] running build_py
[12.478s] copying puckPack/thinker.py -> /home/asme/ros_ws/build/puckPack/build/lib/puckPack
[12.485s] running install
[12.555s] running install_lib
[12.817s] copying /home/asme/ros_ws/build/puckPack/build/lib/puckPack/thinker.py -> /home/asme/ros_ws/install/puckPack/lib/python3.12/site-packages/puckPack
[12.827s] byte-compiling /home/asme/ros_ws/install/puckPack/lib/python3.12/site-packages/puckPack/thinker.py to thinker.cpython-312.pyc
[12.849s] running install_data
[12.851s] running install_egg_info
[13.148s] removing '/home/asme/ros_ws/install/puckPack/lib/python3.12/site-packages/puckPack-0.0.0-py3.12.egg-info' (and everything under it)
[13.152s] Copying ../../build/puckPack/puckPack.egg-info to /home/asme/ros_ws/install/puckPack/lib/python3.12/site-packages/puckPack-0.0.0-py3.12.egg-info
[13.165s] running install_scripts
[14.994s] Installing UartCommander script to /home/asme/ros_ws/install/puckPack/lib/puckPack
[14.996s] Installing choose_color script to /home/asme/ros_ws/install/puckPack/lib/puckPack
[14.998s] Installing controlPC script to /home/asme/ros_ws/install/puckPack/lib/puckPack
[15.000s] Installing mainCamera script to /home/asme/ros_ws/install/puckPack/lib/puckPack
[15.002s] Installing rpiCamera script to /home/asme/ros_ws/install/puckPack/lib/puckPack
[15.003s] Installing thinker script to /home/asme/ros_ws/install/puckPack/lib/puckPack
[15.007s] writing list of installed files to '/home/asme/ros_ws/build/puckPack/install.log'
[15.245s] Invoked command in '/home/asme/ros_ws/src/puckPack' returned '0': DEBUGINFOD_URLS=https://debuginfod.ubuntu.com PYTHONPATH=/home/asme/ros_ws/build/puckPack/prefix_override:/usr/lib/python3/dist-packages/colcon_core/task/python/colcon_distutils_commands:/home/asme/ros_ws/install/puckPack/lib/python3.12/site-packages:/home/asme/ros_ws/install/ctrl_interface/lib/python3.12/site-packages:/home/asme/ros_ws/install/puckPack/lib/python3.12/site-packages:/opt/ros/jazzy/lib/python3.12/site-packages /usr/bin/python3 -W ignore:setup.py install is deprecated setup.py egg_info --egg-base ../../build/puckPack build --build-base /home/asme/ros_ws/build/puckPack/build install --record /home/asme/ros_ws/build/puckPack/install.log --single-version-externally-managed install_data
