[10.030s] Invoking command in '/home/asme/ros_ws/src/puckPack': DEBUGINFOD_URLS=https://debuginfod.ubuntu.com PYTHONPATH=/home/asme/ros_ws/build/puckPack/prefix_override:/usr/lib/python3/dist-packages/colcon_core/task/python/colcon_distutils_commands:/home/asme/ros_ws/install/puckPack/lib/python3.12/site-packages:/home/asme/ros_ws/install/ctrl_interface/lib/python3.12/site-packages:/home/asme/ros_ws/install/puckPack/lib/python3.12/site-packages:/opt/ros/jazzy/lib/python3.12/site-packages /usr/bin/python3 -W ignore:setup.py install is deprecated setup.py egg_info --egg-base ../../build/puckPack build --build-base /home/asme/ros_ws/build/puckPack/build install --record /home/asme/ros_ws/build/puckPack/install.log --single-version-externally-managed install_data
[13.343s] running egg_info
[13.600s] writing ../../build/puckPack/puckPack.egg-info/PKG-INFO
[13.602s] writing dependency_links to ../../build/puckPack/puckPack.egg-info/dependency_links.txt
[13.605s] writing entry points to ../../build/puckPack/puckPack.egg-info/entry_points.txt
[13.607s] writing requirements to ../../build/puckPack/puckPack.egg-info/requires.txt
[13.608s] writing top-level names to ../../build/puckPack/puckPack.egg-info/top_level.txt
[14.134s] reading manifest file '../../build/puckPack/puckPack.egg-info/SOURCES.txt'
[14.138s] adding license file 'LICENSE'
[14.144s] writing manifest file '../../build/puckPack/puckPack.egg-info/SOURCES.txt'
[14.146s] running build
[14.147s] running build_py
[14.151s] copying puckPack/rpiCamera.py -> /home/asme/ros_ws/build/puckPack/build/lib/puckPack
[14.165s] running install
[14.224s] running install_lib
[14.488s] copying /home/asme/ros_ws/build/puckPack/build/lib/puckPack/rpiCamera.py -> /home/asme/ros_ws/install/puckPack/lib/python3.12/site-packages/puckPack
[14.498s] byte-compiling /home/asme/ros_ws/install/puckPack/lib/python3.12/site-packages/puckPack/rpiCamera.py to rpiCamera.cpython-312.pyc
[14.512s] running install_data
[14.514s] running install_egg_info
[14.785s] removing '/home/asme/ros_ws/install/puckPack/lib/python3.12/site-packages/puckPack-0.0.0-py3.12.egg-info' (and everything under it)
[14.790s] Copying ../../build/puckPack/puckPack.egg-info to /home/asme/ros_ws/install/puckPack/lib/python3.12/site-packages/puckPack-0.0.0-py3.12.egg-info
[14.803s] running install_scripts
[16.649s] Installing UartCommander script to /home/asme/ros_ws/install/puckPack/lib/puckPack
[16.650s] Installing choose_color script to /home/asme/ros_ws/install/puckPack/lib/puckPack
[16.652s] Installing controlPC script to /home/asme/ros_ws/install/puckPack/lib/puckPack
[16.654s] Installing mainCamera script to /home/asme/ros_ws/install/puckPack/lib/puckPack
[16.655s] Installing rpiCamera script to /home/asme/ros_ws/install/puckPack/lib/puckPack
[16.657s] Installing thinker script to /home/asme/ros_ws/install/puckPack/lib/puckPack
[16.661s] writing list of installed files to '/home/asme/ros_ws/build/puckPack/install.log'
[16.899s] Invoked command in '/home/asme/ros_ws/src/puckPack' returned '0': DEBUGINFOD_URLS=https://debuginfod.ubuntu.com PYTHONPATH=/home/asme/ros_ws/build/puckPack/prefix_override:/usr/lib/python3/dist-packages/colcon_core/task/python/colcon_distutils_commands:/home/asme/ros_ws/install/puckPack/lib/python3.12/site-packages:/home/asme/ros_ws/install/ctrl_interface/lib/python3.12/site-packages:/home/asme/ros_ws/install/puckPack/lib/python3.12/site-packages:/opt/ros/jazzy/lib/python3.12/site-packages /usr/bin/python3 -W ignore:setup.py install is deprecated setup.py egg_info --egg-base ../../build/puckPack build --build-base /home/asme/ros_ws/build/puckPack/build install --record /home/asme/ros_ws/build/puckPack/install.log --single-version-externally-managed install_data
