[9.629s] Invoking command in '/home/asme/ros_ws/src/puckPack': DEBUGINFOD_URLS=https://debuginfod.ubuntu.com PYTHONPATH=/home/asme/ros_ws/build/puckPack/prefix_override:/usr/lib/python3/dist-packages/colcon_core/task/python/colcon_distutils_commands:/home/asme/ros_ws/install/puckPack/lib/python3.12/site-packages:/home/asme/ros_ws/install/ctrl_interface/lib/python3.12/site-packages:/home/asme/ros_ws/install/puckPack/lib/python3.12/site-packages:/opt/ros/jazzy/lib/python3.12/site-packages /usr/bin/python3 -W ignore:setup.py install is deprecated setup.py egg_info --egg-base ../../build/puckPack build --build-base /home/asme/ros_ws/build/puckPack/build install --record /home/asme/ros_ws/build/puckPack/install.log --single-version-externally-managed install_data
[12.912s] running egg_info
[13.166s] writing ../../build/puckPack/puckPack.egg-info/PKG-INFO
[13.168s] writing dependency_links to ../../build/puckPack/puckPack.egg-info/dependency_links.txt
[13.172s] writing entry points to ../../build/puckPack/puckPack.egg-info/entry_points.txt
[13.174s] writing requirements to ../../build/puckPack/puckPack.egg-info/requires.txt
[13.177s] writing top-level names to ../../build/puckPack/puckPack.egg-info/top_level.txt
[13.698s] reading manifest file '../../build/puckPack/puckPack.egg-info/SOURCES.txt'
[13.702s] adding license file 'LICENSE'
[13.708s] writing manifest file '../../build/puckPack/puckPack.egg-info/SOURCES.txt'
[13.710s] running build
[13.711s] running build_py
[13.716s] copying puckPack/UartCommander.py -> /home/asme/ros_ws/build/puckPack/build/lib/puckPack
[13.719s] running install
[13.787s] running install_lib
[14.049s] copying /home/asme/ros_ws/build/puckPack/build/lib/puckPack/UartCommander.py -> /home/asme/ros_ws/install/puckPack/lib/python3.12/site-packages/puckPack
[14.058s] byte-compiling /home/asme/ros_ws/install/puckPack/lib/python3.12/site-packages/puckPack/UartCommander.py to UartCommander.cpython-312.pyc
[14.076s] running install_data
[14.078s] running install_egg_info
[14.345s] removing '/home/asme/ros_ws/install/puckPack/lib/python3.12/site-packages/puckPack-0.0.0-py3.12.egg-info' (and everything under it)
[14.349s] Copying ../../build/puckPack/puckPack.egg-info to /home/asme/ros_ws/install/puckPack/lib/python3.12/site-packages/puckPack-0.0.0-py3.12.egg-info
[14.362s] running install_scripts
[16.168s] Installing UartCommander script to /home/asme/ros_ws/install/puckPack/lib/puckPack
[16.170s] Installing choose_color script to /home/asme/ros_ws/install/puckPack/lib/puckPack
[16.174s] Installing controlPC script to /home/asme/ros_ws/install/puckPack/lib/puckPack
[16.177s] Installing mainCamera script to /home/asme/ros_ws/install/puckPack/lib/puckPack
[16.180s] Installing rpiCamera script to /home/asme/ros_ws/install/puckPack/lib/puckPack
[16.183s] Installing thinker script to /home/asme/ros_ws/install/puckPack/lib/puckPack
[16.189s] writing list of installed files to '/home/asme/ros_ws/build/puckPack/install.log'
[16.437s] Invoked command in '/home/asme/ros_ws/src/puckPack' returned '0': DEBUGINFOD_URLS=https://debuginfod.ubuntu.com PYTHONPATH=/home/asme/ros_ws/build/puckPack/prefix_override:/usr/lib/python3/dist-packages/colcon_core/task/python/colcon_distutils_commands:/home/asme/ros_ws/install/puckPack/lib/python3.12/site-packages:/home/asme/ros_ws/install/ctrl_interface/lib/python3.12/site-packages:/home/asme/ros_ws/install/puckPack/lib/python3.12/site-packages:/opt/ros/jazzy/lib/python3.12/site-packages /usr/bin/python3 -W ignore:setup.py install is deprecated setup.py egg_info --egg-base ../../build/puckPack build --build-base /home/asme/ros_ws/build/puckPack/build install --record /home/asme/ros_ws/build/puckPack/install.log --single-version-externally-managed install_data
