[10.075s] Invoking command in '/home/asme/ros_ws/src/puckPack': DEBUGINFOD_URLS=https://debuginfod.ubuntu.com PYTHONPATH=/home/asme/ros_ws/build/puckPack/prefix_override:/usr/lib/python3/dist-packages/colcon_core/task/python/colcon_distutils_commands:/home/asme/ros_ws/install/puckPack/lib/python3.12/site-packages:/home/asme/ros_ws/install/ctrl_interface/lib/python3.12/site-packages:/home/asme/ros_ws/install/puckPack/lib/python3.12/site-packages:/opt/ros/jazzy/lib/python3.12/site-packages /usr/bin/python3 -W ignore:setup.py install is deprecated setup.py egg_info --egg-base ../../build/puckPack build --build-base /home/asme/ros_ws/build/puckPack/build install --record /home/asme/ros_ws/build/puckPack/install.log --single-version-externally-managed install_data
[13.427s] running egg_info
[13.685s] writing ../../build/puckPack/puckPack.egg-info/PKG-INFO
[13.687s] writing dependency_links to ../../build/puckPack/puckPack.egg-info/dependency_links.txt
[13.691s] writing entry points to ../../build/puckPack/puckPack.egg-info/entry_points.txt
[13.693s] writing requirements to ../../build/puckPack/puckPack.egg-info/requires.txt
[13.694s] writing top-level names to ../../build/puckPack/puckPack.egg-info/top_level.txt
[14.229s] reading manifest file '../../build/puckPack/puckPack.egg-info/SOURCES.txt'
[14.233s] adding license file 'LICENSE'
[14.240s] writing manifest file '../../build/puckPack/puckPack.egg-info/SOURCES.txt'
[14.242s] running build
[14.243s] running build_py
[14.248s] copying puckPack/rpiCamera.py -> /home/asme/ros_ws/build/puckPack/build/lib/puckPack
[14.251s] copying puckPack/UartCommander.py -> /home/asme/ros_ws/build/puckPack/build/lib/puckPack
[14.255s] running install
[14.323s] running install_lib
[14.589s] copying /home/asme/ros_ws/build/puckPack/build/lib/puckPack/rpiCamera.py -> /home/asme/ros_ws/install/puckPack/lib/python3.12/site-packages/puckPack
[14.594s] copying /home/asme/ros_ws/build/puckPack/build/lib/puckPack/UartCommander.py -> /home/asme/ros_ws/install/puckPack/lib/python3.12/site-packages/puckPack
[14.601s] byte-compiling /home/asme/ros_ws/install/puckPack/lib/python3.12/site-packages/puckPack/rpiCamera.py to rpiCamera.cpython-312.pyc
[14.616s] byte-compiling /home/asme/ros_ws/install/puckPack/lib/python3.12/site-packages/puckPack/UartCommander.py to UartCommander.cpython-312.pyc
[14.632s] running install_data
[14.633s] running install_egg_info
[14.905s] removing '/home/asme/ros_ws/install/puckPack/lib/python3.12/site-packages/puckPack-0.0.0-py3.12.egg-info' (and everything under it)
[14.910s] Copying ../../build/puckPack/puckPack.egg-info to /home/asme/ros_ws/install/puckPack/lib/python3.12/site-packages/puckPack-0.0.0-py3.12.egg-info
[14.923s] running install_scripts
[16.802s] Installing UartCommander script to /home/asme/ros_ws/install/puckPack/lib/puckPack
[16.805s] Installing choose_color script to /home/asme/ros_ws/install/puckPack/lib/puckPack
[16.806s] Installing controlPC script to /home/asme/ros_ws/install/puckPack/lib/puckPack
[16.808s] Installing mainCamera script to /home/asme/ros_ws/install/puckPack/lib/puckPack
[16.811s] Installing rpiCamera script to /home/asme/ros_ws/install/puckPack/lib/puckPack
[16.812s] Installing thinker script to /home/asme/ros_ws/install/puckPack/lib/puckPack
[16.816s] writing list of installed files to '/home/asme/ros_ws/build/puckPack/install.log'
[17.054s] Invoked command in '/home/asme/ros_ws/src/puckPack' returned '0': DEBUGINFOD_URLS=https://debuginfod.ubuntu.com PYTHONPATH=/home/asme/ros_ws/build/puckPack/prefix_override:/usr/lib/python3/dist-packages/colcon_core/task/python/colcon_distutils_commands:/home/asme/ros_ws/install/puckPack/lib/python3.12/site-packages:/home/asme/ros_ws/install/ctrl_interface/lib/python3.12/site-packages:/home/asme/ros_ws/install/puckPack/lib/python3.12/site-packages:/opt/ros/jazzy/lib/python3.12/site-packages /usr/bin/python3 -W ignore:setup.py install is deprecated setup.py egg_info --egg-base ../../build/puckPack build --build-base /home/asme/ros_ws/build/puckPack/build install --record /home/asme/ros_ws/build/puckPack/install.log --single-version-externally-managed install_data
