[11.735s] Invoking command in '/home/asme/ros_ws/src/puckPack': AMENT_PREFIX_PATH=/home/asme/ros_ws/install/ctrl_interface:${AMENT_PREFIX_PATH} CMAKE_PREFIX_PATH=/home/asme/ros_ws/install/ctrl_interface:${CMAKE_PREFIX_PATH} DEBUGINFOD_URLS=https://debuginfod.ubuntu.com LD_LIBRARY_PATH=/home/asme/ros_ws/install/ctrl_interface/lib:${LD_LIBRARY_PATH} PYTHONPATH=/home/asme/ros_ws/build/puckPack/prefix_override:/usr/lib/python3/dist-packages/colcon_core/task/python/colcon_distutils_commands:/home/asme/ros_ws/install/puckPack/lib/python3.12/site-packages:/home/asme/ros_ws/install/ctrl_interface/lib/python3.12/site-packages:${PYTHONPATH} /usr/bin/python3 -W ignore:setup.py install is deprecated setup.py egg_info --egg-base ../../build/puckPack build --build-base /home/asme/ros_ws/build/puckPack/build install --record /home/asme/ros_ws/build/puckPack/install.log --single-version-externally-managed install_data
[15.309s] running egg_info
[15.591s] writing ../../build/puckPack/puckPack.egg-info/PKG-INFO
[15.597s] writing dependency_links to ../../build/puckPack/puckPack.egg-info/dependency_links.txt
[15.599s] writing entry points to ../../build/puckPack/puckPack.egg-info/entry_points.txt
[15.601s] writing requirements to ../../build/puckPack/puckPack.egg-info/requires.txt
[15.604s] writing top-level names to ../../build/puckPack/puckPack.egg-info/top_level.txt
[16.212s] reading manifest file '../../build/puckPack/puckPack.egg-info/SOURCES.txt'
[16.216s] adding license file 'LICENSE'
[16.225s] writing manifest file '../../build/puckPack/puckPack.egg-info/SOURCES.txt'
[16.229s] running build
[16.233s] running build_py
[16.239s] copying puckPack/controlPC.py -> /home/asme/ros_ws/build/puckPack/build/lib/puckPack
[16.248s] running install
[16.325s] running install_lib
[16.623s] copying /home/asme/ros_ws/build/puckPack/build/lib/puckPack/controlPC.py -> /home/asme/ros_ws/install/puckPack/lib/python3.12/site-packages/puckPack
[16.639s] byte-compiling /home/asme/ros_ws/install/puckPack/lib/python3.12/site-packages/puckPack/controlPC.py to controlPC.cpython-312.pyc
[16.651s] running install_data
[16.656s] running install_egg_info
[16.968s] removing '/home/asme/ros_ws/install/puckPack/lib/python3.12/site-packages/puckPack-0.0.0-py3.12.egg-info' (and everything under it)
[16.973s] Copying ../../build/puckPack/puckPack.egg-info to /home/asme/ros_ws/install/puckPack/lib/python3.12/site-packages/puckPack-0.0.0-py3.12.egg-info
[16.988s] running install_scripts
[18.845s] Installing Thinker script to /home/asme/ros_ws/install/puckPack/lib/puckPack
[18.849s] Installing UartCommander script to /home/asme/ros_ws/install/puckPack/lib/puckPack
[18.851s] Installing controlPC script to /home/asme/ros_ws/install/puckPack/lib/puckPack
[18.853s] Installing mainCamera script to /home/asme/ros_ws/install/puckPack/lib/puckPack
[18.855s] Installing rpiCamera script to /home/asme/ros_ws/install/puckPack/lib/puckPack
[18.858s] writing list of installed files to '/home/asme/ros_ws/build/puckPack/install.log'
[19.115s] Invoked command in '/home/asme/ros_ws/src/puckPack' returned '0': AMENT_PREFIX_PATH=/home/asme/ros_ws/install/ctrl_interface:${AMENT_PREFIX_PATH} CMAKE_PREFIX_PATH=/home/asme/ros_ws/install/ctrl_interface:${CMAKE_PREFIX_PATH} DEBUGINFOD_URLS=https://debuginfod.ubuntu.com LD_LIBRARY_PATH=/home/asme/ros_ws/install/ctrl_interface/lib:${LD_LIBRARY_PATH} PYTHONPATH=/home/asme/ros_ws/build/puckPack/prefix_override:/usr/lib/python3/dist-packages/colcon_core/task/python/colcon_distutils_commands:/home/asme/ros_ws/install/puckPack/lib/python3.12/site-packages:/home/asme/ros_ws/install/ctrl_interface/lib/python3.12/site-packages:${PYTHONPATH} /usr/bin/python3 -W ignore:setup.py install is deprecated setup.py egg_info --egg-base ../../build/puckPack build --build-base /home/asme/ros_ws/build/puckPack/build install --record /home/asme/ros_ws/build/puckPack/install.log --single-version-externally-managed install_data
