[8.723s] Invoking command in '/home/asme/ros_ws/src/puckPack': DEBUGINFOD_URLS=https://debuginfod.ubuntu.com PYTHONPATH=/home/asme/ros_ws/build/puckPack/prefix_override:/usr/lib/python3/dist-packages/colcon_core/task/python/colcon_distutils_commands:/home/asme/ros_ws/install/puckPack/lib/python3.12/site-packages:/home/asme/ros_ws/install/ctrl_interface/lib/python3.12/site-packages:/home/asme/ros_ws/install/puckPack/lib/python3.12/site-packages:/opt/ros/jazzy/lib/python3.12/site-packages /usr/bin/python3 -W ignore:setup.py install is deprecated setup.py egg_info --egg-base ../../build/puckPack build --build-base /home/asme/ros_ws/build/puckPack/build install --record /home/asme/ros_ws/build/puckPack/install.log --single-version-externally-managed install_data
[11.910s] running egg_info
[12.014s] writing ../../build/puckPack/puckPack.egg-info/PKG-INFO
[12.015s] writing dependency_links to ../../build/puckPack/puckPack.egg-info/dependency_links.txt
[12.019s] writing entry points to ../../build/puckPack/puckPack.egg-info/entry_points.txt
[12.022s] writing requirements to ../../build/puckPack/puckPack.egg-info/requires.txt
[12.024s] writing top-level names to ../../build/puckPack/puckPack.egg-info/top_level.txt
[12.246s] reading manifest file '../../build/puckPack/puckPack.egg-info/SOURCES.txt'
[12.248s] adding license file 'LICENSE'
[12.251s] writing manifest file '../../build/puckPack/puckPack.egg-info/SOURCES.txt'
[12.251s] running build
[12.252s] running build_py
[12.253s] copying puckPack/mainCamera.py -> /home/asme/ros_ws/build/puckPack/build/lib/puckPack
[12.256s] running install
[12.284s] running install_lib
[12.471s] copying /home/asme/ros_ws/build/puckPack/build/lib/puckPack/mainCamera.py -> /home/asme/ros_ws/install/puckPack/lib/python3.12/site-packages/puckPack
[12.481s] byte-compiling /home/asme/ros_ws/install/puckPack/lib/python3.12/site-packages/puckPack/mainCamera.py to mainCamera.cpython-312.pyc
[12.496s] running install_data
[12.498s] running install_egg_info
[12.766s] removing '/home/asme/ros_ws/install/puckPack/lib/python3.12/site-packages/puckPack-0.0.0-py3.12.egg-info' (and everything under it)
[12.771s] Copying ../../build/puckPack/puckPack.egg-info to /home/asme/ros_ws/install/puckPack/lib/python3.12/site-packages/puckPack-0.0.0-py3.12.egg-info
[12.785s] running install_scripts
[14.641s] Installing UartCommander script to /home/asme/ros_ws/install/puckPack/lib/puckPack
[14.643s] Installing choose_color script to /home/asme/ros_ws/install/puckPack/lib/puckPack
[14.647s] Installing controlPC script to /home/asme/ros_ws/install/puckPack/lib/puckPack
[14.650s] Installing mainCamera script to /home/asme/ros_ws/install/puckPack/lib/puckPack
[14.653s] Installing rpiCamera script to /home/asme/ros_ws/install/puckPack/lib/puckPack
[14.657s] Installing thinker script to /home/asme/ros_ws/install/puckPack/lib/puckPack
[14.661s] writing list of installed files to '/home/asme/ros_ws/build/puckPack/install.log'
[14.894s] Invoked command in '/home/asme/ros_ws/src/puckPack' returned '0': DEBUGINFOD_URLS=https://debuginfod.ubuntu.com PYTHONPATH=/home/asme/ros_ws/build/puckPack/prefix_override:/usr/lib/python3/dist-packages/colcon_core/task/python/colcon_distutils_commands:/home/asme/ros_ws/install/puckPack/lib/python3.12/site-packages:/home/asme/ros_ws/install/ctrl_interface/lib/python3.12/site-packages:/home/asme/ros_ws/install/puckPack/lib/python3.12/site-packages:/opt/ros/jazzy/lib/python3.12/site-packages /usr/bin/python3 -W ignore:setup.py install is deprecated setup.py egg_info --egg-base ../../build/puckPack build --build-base /home/asme/ros_ws/build/puckPack/build install --record /home/asme/ros_ws/build/puckPack/install.log --single-version-externally-managed install_data
