[10.178s] Invoking command in '/home/asme/ros_ws/src/puckPack': DEBUGINFOD_URLS=https://debuginfod.ubuntu.com PYTHONPATH=/home/asme/ros_ws/build/puckPack/prefix_override:/usr/lib/python3/dist-packages/colcon_core/task/python/colcon_distutils_commands:/home/asme/ros_ws/install/puckPack/lib/python3.12/site-packages:/home/asme/ros_ws/install/ctrl_interface/lib/python3.12/site-packages:/home/asme/ros_ws/install/puckPack/lib/python3.12/site-packages:/opt/ros/jazzy/lib/python3.12/site-packages /usr/bin/python3 -W ignore:setup.py install is deprecated setup.py egg_info --egg-base ../../build/puckPack build --build-base /home/asme/ros_ws/build/puckPack/build install --record /home/asme/ros_ws/build/puckPack/install.log --single-version-externally-managed install_data
[13.482s] running egg_info
[13.740s] writing ../../build/puckPack/puckPack.egg-info/PKG-INFO
[13.742s] writing dependency_links to ../../build/puckPack/puckPack.egg-info/dependency_links.txt
[13.745s] writing entry points to ../../build/puckPack/puckPack.egg-info/entry_points.txt
[13.747s] writing requirements to ../../build/puckPack/puckPack.egg-info/requires.txt
[13.748s] writing top-level names to ../../build/puckPack/puckPack.egg-info/top_level.txt
[14.312s] reading manifest file '../../build/puckPack/puckPack.egg-info/SOURCES.txt'
[14.316s] adding license file 'LICENSE'
[14.323s] writing manifest file '../../build/puckPack/puckPack.egg-info/SOURCES.txt'
[14.324s] running build
[14.325s] running build_py
[14.329s] copying puckPack/rpiCamera.py -> /home/asme/ros_ws/build/puckPack/build/lib/puckPack
[14.335s] running install
[14.402s] running install_lib
[14.667s] copying /home/asme/ros_ws/build/puckPack/build/lib/puckPack/rpiCamera.py -> /home/asme/ros_ws/install/puckPack/lib/python3.12/site-packages/puckPack
[14.678s] byte-compiling /home/asme/ros_ws/install/puckPack/lib/python3.12/site-packages/puckPack/rpiCamera.py to rpiCamera.cpython-312.pyc
[14.693s] running install_data
[14.695s] running install_egg_info
[14.965s] removing '/home/asme/ros_ws/install/puckPack/lib/python3.12/site-packages/puckPack-0.0.0-py3.12.egg-info' (and everything under it)
[14.970s] Copying ../../build/puckPack/puckPack.egg-info to /home/asme/ros_ws/install/puckPack/lib/python3.12/site-packages/puckPack-0.0.0-py3.12.egg-info
[14.984s] running install_scripts
[16.889s] Installing UartCommander script to /home/asme/ros_ws/install/puckPack/lib/puckPack
[16.891s] Installing choose_color script to /home/asme/ros_ws/install/puckPack/lib/puckPack
[16.893s] Installing controlPC script to /home/asme/ros_ws/install/puckPack/lib/puckPack
[16.895s] Installing mainCamera script to /home/asme/ros_ws/install/puckPack/lib/puckPack
[16.896s] Installing rpiCamera script to /home/asme/ros_ws/install/puckPack/lib/puckPack
[16.898s] Installing thinker script to /home/asme/ros_ws/install/puckPack/lib/puckPack
[16.902s] writing list of installed files to '/home/asme/ros_ws/build/puckPack/install.log'
[17.140s] Invoked command in '/home/asme/ros_ws/src/puckPack' returned '0': DEBUGINFOD_URLS=https://debuginfod.ubuntu.com PYTHONPATH=/home/asme/ros_ws/build/puckPack/prefix_override:/usr/lib/python3/dist-packages/colcon_core/task/python/colcon_distutils_commands:/home/asme/ros_ws/install/puckPack/lib/python3.12/site-packages:/home/asme/ros_ws/install/ctrl_interface/lib/python3.12/site-packages:/home/asme/ros_ws/install/puckPack/lib/python3.12/site-packages:/opt/ros/jazzy/lib/python3.12/site-packages /usr/bin/python3 -W ignore:setup.py install is deprecated setup.py egg_info --egg-base ../../build/puckPack build --build-base /home/asme/ros_ws/build/puckPack/build install --record /home/asme/ros_ws/build/puckPack/install.log --single-version-externally-managed install_data
