[9.625s] Invoking command in '/home/asme/ros_ws/src/puckPack': DEBUGINFOD_URLS=https://debuginfod.ubuntu.com PYTHONPATH=/home/asme/ros_ws/build/puckPack/prefix_override:/usr/lib/python3/dist-packages/colcon_core/task/python/colcon_distutils_commands:/home/asme/ros_ws/install/puckPack/lib/python3.12/site-packages:/home/asme/ros_ws/install/ctrl_interface/lib/python3.12/site-packages:/home/asme/ros_ws/install/puckPack/lib/python3.12/site-packages:/opt/ros/jazzy/lib/python3.12/site-packages /usr/bin/python3 -W ignore:setup.py install is deprecated setup.py egg_info --egg-base ../../build/puckPack build --build-base /home/asme/ros_ws/build/puckPack/build install --record /home/asme/ros_ws/build/puckPack/install.log --single-version-externally-managed install_data
[12.816s] running egg_info
[13.065s] writing ../../build/puckPack/puckPack.egg-info/PKG-INFO
[13.067s] writing dependency_links to ../../build/puckPack/puckPack.egg-info/dependency_links.txt
[13.070s] writing entry points to ../../build/puckPack/puckPack.egg-info/entry_points.txt
[13.072s] writing requirements to ../../build/puckPack/puckPack.egg-info/requires.txt
[13.073s] writing top-level names to ../../build/puckPack/puckPack.egg-info/top_level.txt
[13.585s] reading manifest file '../../build/puckPack/puckPack.egg-info/SOURCES.txt'
[13.589s] adding license file 'LICENSE'
[13.596s] writing manifest file '../../build/puckPack/puckPack.egg-info/SOURCES.txt'
[13.598s] running build
[13.599s] running build_py
[13.600s] copying puckPack/thinker.py -> /home/asme/ros_ws/build/puckPack/build/lib/puckPack
[13.607s] running install
[13.673s] running install_lib
[13.927s] copying /home/asme/ros_ws/build/puckPack/build/lib/puckPack/thinker.py -> /home/asme/ros_ws/install/puckPack/lib/python3.12/site-packages/puckPack
[13.937s] byte-compiling /home/asme/ros_ws/install/puckPack/lib/python3.12/site-packages/puckPack/thinker.py to thinker.cpython-312.pyc
[13.959s] running install_data
[13.961s] running install_egg_info
[14.223s] removing '/home/asme/ros_ws/install/puckPack/lib/python3.12/site-packages/puckPack-0.0.0-py3.12.egg-info' (and everything under it)
[14.227s] Copying ../../build/puckPack/puckPack.egg-info to /home/asme/ros_ws/install/puckPack/lib/python3.12/site-packages/puckPack-0.0.0-py3.12.egg-info
[14.240s] running install_scripts
[16.012s] Installing UartCommander script to /home/asme/ros_ws/install/puckPack/lib/puckPack
[16.013s] Installing choose_color script to /home/asme/ros_ws/install/puckPack/lib/puckPack
[16.015s] Installing controlPC script to /home/asme/ros_ws/install/puckPack/lib/puckPack
[16.017s] Installing mainCamera script to /home/asme/ros_ws/install/puckPack/lib/puckPack
[16.019s] Installing rpiCamera script to /home/asme/ros_ws/install/puckPack/lib/puckPack
[16.020s] Installing thinker script to /home/asme/ros_ws/install/puckPack/lib/puckPack
[16.025s] writing list of installed files to '/home/asme/ros_ws/build/puckPack/install.log'
[16.259s] Invoked command in '/home/asme/ros_ws/src/puckPack' returned '0': DEBUGINFOD_URLS=https://debuginfod.ubuntu.com PYTHONPATH=/home/asme/ros_ws/build/puckPack/prefix_override:/usr/lib/python3/dist-packages/colcon_core/task/python/colcon_distutils_commands:/home/asme/ros_ws/install/puckPack/lib/python3.12/site-packages:/home/asme/ros_ws/install/ctrl_interface/lib/python3.12/site-packages:/home/asme/ros_ws/install/puckPack/lib/python3.12/site-packages:/opt/ros/jazzy/lib/python3.12/site-packages /usr/bin/python3 -W ignore:setup.py install is deprecated setup.py egg_info --egg-base ../../build/puckPack build --build-base /home/asme/ros_ws/build/puckPack/build install --record /home/asme/ros_ws/build/puckPack/install.log --single-version-externally-managed install_data
