[9.588s] Invoking command in '/home/asme/ros_ws/src/puckPack': DEBUGINFOD_URLS=https://debuginfod.ubuntu.com PYTHONPATH=/home/asme/ros_ws/build/puckPack/prefix_override:/usr/lib/python3/dist-packages/colcon_core/task/python/colcon_distutils_commands:/home/asme/ros_ws/install/puckPack/lib/python3.12/site-packages:/home/asme/ros_ws/install/ctrl_interface/lib/python3.12/site-packages:/home/asme/ros_ws/install/puckPack/lib/python3.12/site-packages:/opt/ros/jazzy/lib/python3.12/site-packages /usr/bin/python3 -W ignore:setup.py install is deprecated setup.py egg_info --egg-base ../../build/puckPack build --build-base /home/asme/ros_ws/build/puckPack/build install --record /home/asme/ros_ws/build/puckPack/install.log --single-version-externally-managed install_data
[12.778s] running egg_info
[13.027s] writing ../../build/puckPack/puckPack.egg-info/PKG-INFO
[13.029s] writing dependency_links to ../../build/puckPack/puckPack.egg-info/dependency_links.txt
[13.032s] writing entry points to ../../build/puckPack/puckPack.egg-info/entry_points.txt
[13.034s] writing requirements to ../../build/puckPack/puckPack.egg-info/requires.txt
[13.035s] writing top-level names to ../../build/puckPack/puckPack.egg-info/top_level.txt
[13.547s] reading manifest file '../../build/puckPack/puckPack.egg-info/SOURCES.txt'
[13.551s] adding license file 'LICENSE'
[13.557s] writing manifest file '../../build/puckPack/puckPack.egg-info/SOURCES.txt'
[13.559s] running build
[13.560s] running build_py
[13.562s] copying puckPack/thinker.py -> /home/asme/ros_ws/build/puckPack/build/lib/puckPack
[13.565s] copying puckPack/mainCamera.py -> /home/asme/ros_ws/build/puckPack/build/lib/puckPack
[13.571s] running install
[13.636s] running install_lib
[13.890s] copying /home/asme/ros_ws/build/puckPack/build/lib/puckPack/thinker.py -> /home/asme/ros_ws/install/puckPack/lib/python3.12/site-packages/puckPack
[13.892s] copying /home/asme/ros_ws/build/puckPack/build/lib/puckPack/mainCamera.py -> /home/asme/ros_ws/install/puckPack/lib/python3.12/site-packages/puckPack
[13.901s] byte-compiling /home/asme/ros_ws/install/puckPack/lib/python3.12/site-packages/puckPack/thinker.py to thinker.cpython-312.pyc
[13.921s] byte-compiling /home/asme/ros_ws/install/puckPack/lib/python3.12/site-packages/puckPack/mainCamera.py to mainCamera.cpython-312.pyc
[13.934s] running install_data
[13.935s] running install_egg_info
[14.198s] removing '/home/asme/ros_ws/install/puckPack/lib/python3.12/site-packages/puckPack-0.0.0-py3.12.egg-info' (and everything under it)
[14.202s] Copying ../../build/puckPack/puckPack.egg-info to /home/asme/ros_ws/install/puckPack/lib/python3.12/site-packages/puckPack-0.0.0-py3.12.egg-info
[14.215s] running install_scripts
[15.990s] Installing UartCommander script to /home/asme/ros_ws/install/puckPack/lib/puckPack
[15.992s] Installing choose_color script to /home/asme/ros_ws/install/puckPack/lib/puckPack
[15.993s] Installing controlPC script to /home/asme/ros_ws/install/puckPack/lib/puckPack
[15.995s] Installing mainCamera script to /home/asme/ros_ws/install/puckPack/lib/puckPack
[15.997s] Installing rpiCamera script to /home/asme/ros_ws/install/puckPack/lib/puckPack
[15.998s] Installing thinker script to /home/asme/ros_ws/install/puckPack/lib/puckPack
[16.003s] writing list of installed files to '/home/asme/ros_ws/build/puckPack/install.log'
[16.239s] Invoked command in '/home/asme/ros_ws/src/puckPack' returned '0': DEBUGINFOD_URLS=https://debuginfod.ubuntu.com PYTHONPATH=/home/asme/ros_ws/build/puckPack/prefix_override:/usr/lib/python3/dist-packages/colcon_core/task/python/colcon_distutils_commands:/home/asme/ros_ws/install/puckPack/lib/python3.12/site-packages:/home/asme/ros_ws/install/ctrl_interface/lib/python3.12/site-packages:/home/asme/ros_ws/install/puckPack/lib/python3.12/site-packages:/opt/ros/jazzy/lib/python3.12/site-packages /usr/bin/python3 -W ignore:setup.py install is deprecated setup.py egg_info --egg-base ../../build/puckPack build --build-base /home/asme/ros_ws/build/puckPack/build install --record /home/asme/ros_ws/build/puckPack/install.log --single-version-externally-managed install_data
