[9.776s] Invoking command in '/home/asme/ros_ws/src/puckPack': DEBUGINFOD_URLS=https://debuginfod.ubuntu.com PYTHONPATH=/home/asme/ros_ws/build/puckPack/prefix_override:/usr/lib/python3/dist-packages/colcon_core/task/python/colcon_distutils_commands:/home/asme/ros_ws/install/puckPack/lib/python3.12/site-packages:/home/asme/ros_ws/install/ctrl_interface/lib/python3.12/site-packages:/home/asme/ros_ws/install/puckPack/lib/python3.12/site-packages:/opt/ros/jazzy/lib/python3.12/site-packages /usr/bin/python3 -W ignore:setup.py install is deprecated setup.py egg_info --egg-base ../../build/puckPack build --build-base /home/asme/ros_ws/build/puckPack/build install --record /home/asme/ros_ws/build/puckPack/install.log --single-version-externally-managed install_data
[13.027s] running egg_info
[13.284s] writing ../../build/puckPack/puckPack.egg-info/PKG-INFO
[13.286s] writing dependency_links to ../../build/puckPack/puckPack.egg-info/dependency_links.txt
[13.289s] writing entry points to ../../build/puckPack/puckPack.egg-info/entry_points.txt
[13.291s] writing requirements to ../../build/puckPack/puckPack.egg-info/requires.txt
[13.292s] writing top-level names to ../../build/puckPack/puckPack.egg-info/top_level.txt
[13.821s] reading manifest file '../../build/puckPack/puckPack.egg-info/SOURCES.txt'
[13.826s] adding license file 'LICENSE'
[13.832s] writing manifest file '../../build/puckPack/puckPack.egg-info/SOURCES.txt'
[13.834s] running build
[13.835s] running build_py
[13.836s] copying puckPack/thinker.py -> /home/asme/ros_ws/build/puckPack/build/lib/puckPack
[13.839s] copying puckPack/choose_color.py -> /home/asme/ros_ws/build/puckPack/build/lib/puckPack
[13.845s] running install
[13.914s] running install_lib
[14.203s] copying /home/asme/ros_ws/build/puckPack/build/lib/puckPack/thinker.py -> /home/asme/ros_ws/install/puckPack/lib/python3.12/site-packages/puckPack
[14.206s] copying /home/asme/ros_ws/build/puckPack/build/lib/puckPack/choose_color.py -> /home/asme/ros_ws/install/puckPack/lib/python3.12/site-packages/puckPack
[14.215s] byte-compiling /home/asme/ros_ws/install/puckPack/lib/python3.12/site-packages/puckPack/thinker.py to thinker.cpython-312.pyc
[14.233s] byte-compiling /home/asme/ros_ws/install/puckPack/lib/python3.12/site-packages/puckPack/choose_color.py to choose_color.cpython-312.pyc
[14.243s] running install_data
[14.245s] running install_egg_info
[14.513s] removing '/home/asme/ros_ws/install/puckPack/lib/python3.12/site-packages/puckPack-0.0.0-py3.12.egg-info' (and everything under it)
[14.517s] Copying ../../build/puckPack/puckPack.egg-info to /home/asme/ros_ws/install/puckPack/lib/python3.12/site-packages/puckPack-0.0.0-py3.12.egg-info
[14.530s] running install_scripts
[16.352s] Installing UartCommander script to /home/asme/ros_ws/install/puckPack/lib/puckPack
[16.354s] Installing choose_color script to /home/asme/ros_ws/install/puckPack/lib/puckPack
[16.356s] Installing controlPC script to /home/asme/ros_ws/install/puckPack/lib/puckPack
[16.358s] Installing mainCamera script to /home/asme/ros_ws/install/puckPack/lib/puckPack
[16.360s] Installing rpiCamera script to /home/asme/ros_ws/install/puckPack/lib/puckPack
[16.361s] Installing thinker script to /home/asme/ros_ws/install/puckPack/lib/puckPack
[16.366s] writing list of installed files to '/home/asme/ros_ws/build/puckPack/install.log'
[16.605s] Invoked command in '/home/asme/ros_ws/src/puckPack' returned '0': DEBUGINFOD_URLS=https://debuginfod.ubuntu.com PYTHONPATH=/home/asme/ros_ws/build/puckPack/prefix_override:/usr/lib/python3/dist-packages/colcon_core/task/python/colcon_distutils_commands:/home/asme/ros_ws/install/puckPack/lib/python3.12/site-packages:/home/asme/ros_ws/install/ctrl_interface/lib/python3.12/site-packages:/home/asme/ros_ws/install/puckPack/lib/python3.12/site-packages:/opt/ros/jazzy/lib/python3.12/site-packages /usr/bin/python3 -W ignore:setup.py install is deprecated setup.py egg_info --egg-base ../../build/puckPack build --build-base /home/asme/ros_ws/build/puckPack/build install --record /home/asme/ros_ws/build/puckPack/install.log --single-version-externally-managed install_data
