[0.147s] Invoking command in '/home/asme/ros_ws/build/ctrl_interface': CMAKE_PREFIX_PATH=${CMAKE_PREFIX_PATH}:/home/asme/ros_ws/install/puckPack:/opt/ros/jazzy DEBUGINFOD_URLS=https://debuginfod.ubuntu.com /usr/bin/cmake --build /home/asme/ros_ws/build/ctrl_interface -- -j4 -l4
[0.968s] [  2%] Built target ctrl_interface__rosidl_generator_type_description
[1.158s] [  2%] Built target ament_cmake_python_copy_ctrl_interface
[1.346s] [  5%] Built target ctrl_interface__cpp
[1.397s] [ 20%] Built target ctrl_interface__rosidl_generator_c
[1.838s] [ 29%] Built target ctrl_interface__rosidl_typesupport_fastrtps_cpp
[1.914s] [ 38%] Built target ctrl_interface__rosidl_typesupport_fastrtps_c
[2.286s] [ 47%] Built target ctrl_interface__rosidl_typesupport_cpp
[2.298s] [ 55%] Built target ctrl_interface__rosidl_typesupport_introspection_c
[2.456s] [ 64%] Built target ctrl_interface__rosidl_typesupport_c
[2.739s] [ 73%] Built target ctrl_interface__rosidl_typesupport_introspection_cpp
[3.087s] [ 73%] Built target ctrl_interface
[3.459s] [ 76%] Built target ctrl_interface__py
[3.846s] [ 82%] Built target ctrl_interface__rosidl_generator_py
[4.382s] [ 88%] Built target ctrl_interface_s__rosidl_typesupport_introspection_c
[4.503s] [ 94%] Built target ctrl_interface_s__rosidl_typesupport_fastrtps_c
[4.547s] [100%] Built target ctrl_interface_s__rosidl_typesupport_c
[5.168s] running egg_info
[5.531s] writing ctrl_interface.egg-info/PKG-INFO
[5.535s] writing dependency_links to ctrl_interface.egg-info/dependency_links.txt
[5.538s] writing top-level names to ctrl_interface.egg-info/top_level.txt
[6.598s] reading manifest file 'ctrl_interface.egg-info/SOURCES.txt'
[6.605s] writing manifest file 'ctrl_interface.egg-info/SOURCES.txt'
[6.957s] [100%] Built target ament_cmake_python_build_ctrl_interface_egg
[7.132s] Invoked command in '/home/asme/ros_ws/build/ctrl_interface' returned '0': CMAKE_PREFIX_PATH=${CMAKE_PREFIX_PATH}:/home/asme/ros_ws/install/puckPack:/opt/ros/jazzy DEBUGINFOD_URLS=https://debuginfod.ubuntu.com /usr/bin/cmake --build /home/asme/ros_ws/build/ctrl_interface -- -j4 -l4
[8.483s] Invoking command in '/home/asme/ros_ws/build/ctrl_interface': CMAKE_PREFIX_PATH=${CMAKE_PREFIX_PATH}:/home/asme/ros_ws/install/puckPack:/opt/ros/jazzy DEBUGINFOD_URLS=https://debuginfod.ubuntu.com /usr/bin/cmake --install /home/asme/ros_ws/build/ctrl_interface
[8.609s] -- Install configuration: ""
[8.611s] -- Up-to-date: /home/asme/ros_ws/install/ctrl_interface/share/ament_index/resource_index/rosidl_interfaces/ctrl_interface
[8.615s] -- Up-to-date: /home/asme/ros_ws/install/ctrl_interface/share/ctrl_interface/msg/CtrlInterface.json
[8.618s] -- Up-to-date: /home/asme/ros_ws/install/ctrl_interface/include/ctrl_interface/ctrl_interface
[8.620s] -- Up-to-date: /home/asme/ros_ws/install/ctrl_interface/include/ctrl_interface/ctrl_interface/msg
[8.621s] -- Up-to-date: /home/asme/ros_ws/install/ctrl_interface/include/ctrl_interface/ctrl_interface/msg/detail
[8.623s] -- Up-to-date: /home/asme/ros_ws/install/ctrl_interface/include/ctrl_interface/ctrl_interface/msg/detail/ctrl_interface__functions.c
[8.624s] -- Installing: /home/asme/ros_ws/install/ctrl_interface/include/ctrl_interface/ctrl_interface/msg/detail/ctrl_interface__type_support.c
[8.626s] -- Up-to-date: /home/asme/ros_ws/install/ctrl_interface/include/ctrl_interface/ctrl_interface/msg/detail/ctrl_interface__struct.h
[8.627s] -- Up-to-date: /home/asme/ros_ws/install/ctrl_interface/include/ctrl_interface/ctrl_interface/msg/detail/ctrl_interface__functions.h
[8.629s] -- Up-to-date: /home/asme/ros_ws/install/ctrl_interface/include/ctrl_interface/ctrl_interface/msg/detail/ctrl_interface__description.c
[8.630s] -- Up-to-date: /home/asme/ros_ws/install/ctrl_interface/include/ctrl_interface/ctrl_interface/msg/detail/ctrl_interface__type_support.h
[8.631s] -- Up-to-date: /home/asme/ros_ws/install/ctrl_interface/include/ctrl_interface/ctrl_interface/msg/ctrl_interface.h
[8.632s] -- Up-to-date: /home/asme/ros_ws/install/ctrl_interface/include/ctrl_interface/ctrl_interface/msg/rosidl_generator_c__visibility_control.h
[8.635s] -- Up-to-date: /home/asme/ros_ws/install/ctrl_interface/share/ctrl_interface/environment/library_path.sh
[8.636s] -- Up-to-date: /home/asme/ros_ws/install/ctrl_interface/share/ctrl_interface/environment/library_path.dsv
[8.637s] -- Up-to-date: /home/asme/ros_ws/install/ctrl_interface/lib/libctrl_interface__rosidl_generator_c.so
[8.640s] -- Up-to-date: /home/asme/ros_ws/install/ctrl_interface/include/ctrl_interface/ctrl_interface
[8.643s] -- Up-to-date: /home/asme/ros_ws/install/ctrl_interface/include/ctrl_interface/ctrl_interface/msg
[8.645s] -- Up-to-date: /home/asme/ros_ws/install/ctrl_interface/include/ctrl_interface/ctrl_interface/msg/rosidl_typesupport_fastrtps_c__visibility_control.h
[8.646s] -- Up-to-date: /home/asme/ros_ws/install/ctrl_interface/include/ctrl_interface/ctrl_interface/msg/detail
[8.647s] -- Up-to-date: /home/asme/ros_ws/install/ctrl_interface/include/ctrl_interface/ctrl_interface/msg/detail/ctrl_interface__rosidl_typesupport_fastrtps_c.h
[8.648s] -- Up-to-date: /home/asme/ros_ws/install/ctrl_interface/lib/libctrl_interface__rosidl_typesupport_fastrtps_c.so
[8.649s] -- Up-to-date: /home/asme/ros_ws/install/ctrl_interface/include/ctrl_interface/ctrl_interface
[8.651s] -- Up-to-date: /home/asme/ros_ws/install/ctrl_interface/include/ctrl_interface/ctrl_interface/msg
[8.652s] -- Up-to-date: /home/asme/ros_ws/install/ctrl_interface/include/ctrl_interface/ctrl_interface/msg/rosidl_generator_cpp__visibility_control.hpp
[8.655s] -- Up-to-date: /home/asme/ros_ws/install/ctrl_interface/include/ctrl_interface/ctrl_interface/msg/detail
[8.658s] -- Up-to-date: /home/asme/ros_ws/install/ctrl_interface/include/ctrl_interface/ctrl_interface/msg/detail/ctrl_interface__struct.hpp
[8.660s] -- Up-to-date: /home/asme/ros_ws/install/ctrl_interface/include/ctrl_interface/ctrl_interface/msg/detail/ctrl_interface__traits.hpp
[8.661s] -- Up-to-date: /home/asme/ros_ws/install/ctrl_interface/include/ctrl_interface/ctrl_interface/msg/detail/ctrl_interface__builder.hpp
[8.662s] -- Up-to-date: /home/asme/ros_ws/install/ctrl_interface/include/ctrl_interface/ctrl_interface/msg/detail/ctrl_interface__type_support.hpp
[8.663s] -- Up-to-date: /home/asme/ros_ws/install/ctrl_interface/include/ctrl_interface/ctrl_interface/msg/ctrl_interface.hpp
[8.664s] -- Up-to-date: /home/asme/ros_ws/install/ctrl_interface/include/ctrl_interface/ctrl_interface
[8.665s] -- Up-to-date: /home/asme/ros_ws/install/ctrl_interface/include/ctrl_interface/ctrl_interface/msg
[8.666s] -- Up-to-date: /home/asme/ros_ws/install/ctrl_interface/include/ctrl_interface/ctrl_interface/msg/rosidl_typesupport_fastrtps_cpp__visibility_control.h
[8.667s] -- Up-to-date: /home/asme/ros_ws/install/ctrl_interface/include/ctrl_interface/ctrl_interface/msg/detail
[8.669s] -- Up-to-date: /home/asme/ros_ws/install/ctrl_interface/include/ctrl_interface/ctrl_interface/msg/detail/dds_fastrtps
[8.670s] -- Up-to-date: /home/asme/ros_ws/install/ctrl_interface/include/ctrl_interface/ctrl_interface/msg/detail/ctrl_interface__rosidl_typesupport_fastrtps_cpp.hpp
[8.671s] -- Up-to-date: /home/asme/ros_ws/install/ctrl_interface/lib/libctrl_interface__rosidl_typesupport_fastrtps_cpp.so
[8.673s] -- Up-to-date: /home/asme/ros_ws/install/ctrl_interface/include/ctrl_interface/ctrl_interface
[8.675s] -- Up-to-date: /home/asme/ros_ws/install/ctrl_interface/include/ctrl_interface/ctrl_interface/msg
[8.676s] -- Up-to-date: /home/asme/ros_ws/install/ctrl_interface/include/ctrl_interface/ctrl_interface/msg/rosidl_typesupport_introspection_c__visibility_control.h
[8.678s] -- Up-to-date: /home/asme/ros_ws/install/ctrl_interface/include/ctrl_interface/ctrl_interface/msg/detail
[8.680s] -- Installing: /home/asme/ros_ws/install/ctrl_interface/include/ctrl_interface/ctrl_interface/msg/detail/ctrl_interface__type_support.c
[8.681s] -- Up-to-date: /home/asme/ros_ws/install/ctrl_interface/include/ctrl_interface/ctrl_interface/msg/detail/ctrl_interface__rosidl_typesupport_introspection_c.h
[8.683s] -- Up-to-date: /home/asme/ros_ws/install/ctrl_interface/lib/libctrl_interface__rosidl_typesupport_introspection_c.so
[8.689s] -- Up-to-date: /home/asme/ros_ws/install/ctrl_interface/lib/libctrl_interface__rosidl_typesupport_c.so
[8.690s] -- Up-to-date: /home/asme/ros_ws/install/ctrl_interface/include/ctrl_interface/ctrl_interface
[8.692s] -- Up-to-date: /home/asme/ros_ws/install/ctrl_interface/include/ctrl_interface/ctrl_interface/msg
[8.693s] -- Up-to-date: /home/asme/ros_ws/install/ctrl_interface/include/ctrl_interface/ctrl_interface/msg/detail
[8.696s] -- Up-to-date: /home/asme/ros_ws/install/ctrl_interface/include/ctrl_interface/ctrl_interface/msg/detail/ctrl_interface__rosidl_typesupport_introspection_cpp.hpp
[8.699s] -- Up-to-date: /home/asme/ros_ws/install/ctrl_interface/include/ctrl_interface/ctrl_interface/msg/detail/ctrl_interface__type_support.cpp
[8.701s] -- Up-to-date: /home/asme/ros_ws/install/ctrl_interface/lib/libctrl_interface__rosidl_typesupport_introspection_cpp.so
[8.705s] -- Up-to-date: /home/asme/ros_ws/install/ctrl_interface/lib/libctrl_interface__rosidl_typesupport_cpp.so
[8.708s] -- Up-to-date: /home/asme/ros_ws/install/ctrl_interface/share/ctrl_interface/environment/pythonpath.sh
[8.710s] -- Up-to-date: /home/asme/ros_ws/install/ctrl_interface/share/ctrl_interface/environment/pythonpath.dsv
[8.711s] -- Up-to-date: /home/asme/ros_ws/install/ctrl_interface/lib/python3.12/site-packages/ctrl_interface-0.0.0-py3.12.egg-info
[8.713s] -- Installing: /home/asme/ros_ws/install/ctrl_interface/lib/python3.12/site-packages/ctrl_interface-0.0.0-py3.12.egg-info/SOURCES.txt
[8.718s] -- Installing: /home/asme/ros_ws/install/ctrl_interface/lib/python3.12/site-packages/ctrl_interface-0.0.0-py3.12.egg-info/top_level.txt
[8.720s] -- Installing: /home/asme/ros_ws/install/ctrl_interface/lib/python3.12/site-packages/ctrl_interface-0.0.0-py3.12.egg-info/PKG-INFO
[8.726s] -- Installing: /home/asme/ros_ws/install/ctrl_interface/lib/python3.12/site-packages/ctrl_interface-0.0.0-py3.12.egg-info/dependency_links.txt
[8.728s] -- Up-to-date: /home/asme/ros_ws/install/ctrl_interface/lib/python3.12/site-packages/ctrl_interface
[8.729s] -- Up-to-date: /home/asme/ros_ws/install/ctrl_interface/lib/python3.12/site-packages/ctrl_interface/__init__.py
[8.731s] -- Up-to-date: /home/asme/ros_ws/install/ctrl_interface/lib/python3.12/site-packages/ctrl_interface/msg
[8.732s] -- Up-to-date: /home/asme/ros_ws/install/ctrl_interface/lib/python3.12/site-packages/ctrl_interface/msg/_ctrl_interface.py
[8.733s] -- Up-to-date: /home/asme/ros_ws/install/ctrl_interface/lib/python3.12/site-packages/ctrl_interface/msg/__init__.py
[8.736s] -- Up-to-date: /home/asme/ros_ws/install/ctrl_interface/lib/python3.12/site-packages/ctrl_interface/msg/_ctrl_interface_s.c
[8.738s] -- Up-to-date: /home/asme/ros_ws/install/ctrl_interface/lib/python3.12/site-packages/ctrl_interface/ctrl_interface_s__rosidl_typesupport_introspection_c.so
[8.739s] -- Up-to-date: /home/asme/ros_ws/install/ctrl_interface/lib/python3.12/site-packages/ctrl_interface/ctrl_interface_s__rosidl_typesupport_fastrtps_c.so
[8.742s] -- Up-to-date: /home/asme/ros_ws/install/ctrl_interface/lib/python3.12/site-packages/ctrl_interface/ctrl_interface_s__rosidl_typesupport_c.so
[8.744s] -- Up-to-date: /home/asme/ros_ws/install/ctrl_interface/lib/python3.12/site-packages/ctrl_interface/_ctrl_interface_s.ep.rosidl_typesupport_c.c
[8.745s] -- Up-to-date: /home/asme/ros_ws/install/ctrl_interface/lib/python3.12/site-packages/ctrl_interface/_ctrl_interface_s.ep.rosidl_typesupport_introspection_c.c
[8.747s] -- Up-to-date: /home/asme/ros_ws/install/ctrl_interface/lib/python3.12/site-packages/ctrl_interface/_ctrl_interface_s.ep.rosidl_typesupport_fastrtps_c.c
[9.251s] Listing '/home/asme/ros_ws/install/ctrl_interface/lib/python3.12/site-packages/ctrl_interface'...
[9.255s] Listing '/home/asme/ros_ws/install/ctrl_interface/lib/python3.12/site-packages/ctrl_interface/msg'...
[9.324s] -- Up-to-date: /home/asme/ros_ws/install/ctrl_interface/lib/python3.12/site-packages/ctrl_interface/ctrl_interface_s__rosidl_typesupport_fastrtps_c.so
[9.332s] -- Up-to-date: /home/asme/ros_ws/install/ctrl_interface/lib/python3.12/site-packages/ctrl_interface/ctrl_interface_s__rosidl_typesupport_introspection_c.so
[9.338s] -- Up-to-date: /home/asme/ros_ws/install/ctrl_interface/lib/python3.12/site-packages/ctrl_interface/ctrl_interface_s__rosidl_typesupport_c.so
[9.344s] -- Up-to-date: /home/asme/ros_ws/install/ctrl_interface/lib/libctrl_interface__rosidl_generator_py.so
[9.347s] -- Up-to-date: /home/asme/ros_ws/install/ctrl_interface/share/ctrl_interface/msg/CtrlInterface.idl
[9.350s] -- Up-to-date: /home/asme/ros_ws/install/ctrl_interface/share/ctrl_interface/msg/CtrlInterface.msg
[9.352s] -- Up-to-date: /home/asme/ros_ws/install/ctrl_interface/share/ament_index/resource_index/package_run_dependencies/ctrl_interface
[9.355s] -- Up-to-date: /home/asme/ros_ws/install/ctrl_interface/share/ament_index/resource_index/parent_prefix_path/ctrl_interface
[9.357s] -- Up-to-date: /home/asme/ros_ws/install/ctrl_interface/share/ctrl_interface/environment/ament_prefix_path.sh
[9.358s] -- Up-to-date: /home/asme/ros_ws/install/ctrl_interface/share/ctrl_interface/environment/ament_prefix_path.dsv
[9.360s] -- Up-to-date: /home/asme/ros_ws/install/ctrl_interface/share/ctrl_interface/environment/path.sh
[9.361s] -- Up-to-date: /home/asme/ros_ws/install/ctrl_interface/share/ctrl_interface/environment/path.dsv
[9.362s] -- Up-to-date: /home/asme/ros_ws/install/ctrl_interface/share/ctrl_interface/local_setup.bash
[9.364s] -- Up-to-date: /home/asme/ros_ws/install/ctrl_interface/share/ctrl_interface/local_setup.sh
[9.365s] -- Up-to-date: /home/asme/ros_ws/install/ctrl_interface/share/ctrl_interface/local_setup.zsh
[9.367s] -- Up-to-date: /home/asme/ros_ws/install/ctrl_interface/share/ctrl_interface/local_setup.dsv
[9.369s] -- Installing: /home/asme/ros_ws/install/ctrl_interface/share/ctrl_interface/package.dsv
[9.372s] -- Up-to-date: /home/asme/ros_ws/install/ctrl_interface/share/ament_index/resource_index/packages/ctrl_interface
[9.374s] -- Up-to-date: /home/asme/ros_ws/install/ctrl_interface/share/ctrl_interface/cmake/export_ctrl_interface__rosidl_generator_cExport.cmake
[9.376s] -- Up-to-date: /home/asme/ros_ws/install/ctrl_interface/share/ctrl_interface/cmake/export_ctrl_interface__rosidl_generator_cExport-noconfig.cmake
[9.377s] -- Up-to-date: /home/asme/ros_ws/install/ctrl_interface/share/ctrl_interface/cmake/export_ctrl_interface__rosidl_typesupport_fastrtps_cExport.cmake
[9.379s] -- Up-to-date: /home/asme/ros_ws/install/ctrl_interface/share/ctrl_interface/cmake/export_ctrl_interface__rosidl_typesupport_fastrtps_cExport-noconfig.cmake
[9.380s] -- Up-to-date: /home/asme/ros_ws/install/ctrl_interface/share/ctrl_interface/cmake/export_ctrl_interface__rosidl_generator_cppExport.cmake
[9.382s] -- Up-to-date: /home/asme/ros_ws/install/ctrl_interface/share/ctrl_interface/cmake/export_ctrl_interface__rosidl_typesupport_fastrtps_cppExport.cmake
[9.383s] -- Up-to-date: /home/asme/ros_ws/install/ctrl_interface/share/ctrl_interface/cmake/export_ctrl_interface__rosidl_typesupport_fastrtps_cppExport-noconfig.cmake
[9.387s] -- Up-to-date: /home/asme/ros_ws/install/ctrl_interface/share/ctrl_interface/cmake/ctrl_interface__rosidl_typesupport_introspection_cExport.cmake
[9.389s] -- Up-to-date: /home/asme/ros_ws/install/ctrl_interface/share/ctrl_interface/cmake/ctrl_interface__rosidl_typesupport_introspection_cExport-noconfig.cmake
[9.391s] -- Up-to-date: /home/asme/ros_ws/install/ctrl_interface/share/ctrl_interface/cmake/ctrl_interface__rosidl_typesupport_cExport.cmake
[9.393s] -- Up-to-date: /home/asme/ros_ws/install/ctrl_interface/share/ctrl_interface/cmake/ctrl_interface__rosidl_typesupport_cExport-noconfig.cmake
[9.395s] -- Up-to-date: /home/asme/ros_ws/install/ctrl_interface/share/ctrl_interface/cmake/ctrl_interface__rosidl_typesupport_introspection_cppExport.cmake
[9.400s] -- Up-to-date: /home/asme/ros_ws/install/ctrl_interface/share/ctrl_interface/cmake/ctrl_interface__rosidl_typesupport_introspection_cppExport-noconfig.cmake
[9.402s] -- Up-to-date: /home/asme/ros_ws/install/ctrl_interface/share/ctrl_interface/cmake/ctrl_interface__rosidl_typesupport_cppExport.cmake
[9.404s] -- Up-to-date: /home/asme/ros_ws/install/ctrl_interface/share/ctrl_interface/cmake/ctrl_interface__rosidl_typesupport_cppExport-noconfig.cmake
[9.408s] -- Up-to-date: /home/asme/ros_ws/install/ctrl_interface/share/ctrl_interface/cmake/export_ctrl_interface__rosidl_generator_pyExport.cmake
[9.410s] -- Up-to-date: /home/asme/ros_ws/install/ctrl_interface/share/ctrl_interface/cmake/export_ctrl_interface__rosidl_generator_pyExport-noconfig.cmake
[9.413s] -- Up-to-date: /home/asme/ros_ws/install/ctrl_interface/share/ctrl_interface/cmake/rosidl_cmake-extras.cmake
[9.414s] -- Up-to-date: /home/asme/ros_ws/install/ctrl_interface/share/ctrl_interface/cmake/ament_cmake_export_dependencies-extras.cmake
[9.416s] -- Up-to-date: /home/asme/ros_ws/install/ctrl_interface/share/ctrl_interface/cmake/ament_cmake_export_include_directories-extras.cmake
[9.419s] -- Up-to-date: /home/asme/ros_ws/install/ctrl_interface/share/ctrl_interface/cmake/ament_cmake_export_libraries-extras.cmake
[9.421s] -- Up-to-date: /home/asme/ros_ws/install/ctrl_interface/share/ctrl_interface/cmake/ament_cmake_export_targets-extras.cmake
[9.423s] -- Up-to-date: /home/asme/ros_ws/install/ctrl_interface/share/ctrl_interface/cmake/rosidl_cmake_export_typesupport_targets-extras.cmake
[9.426s] -- Up-to-date: /home/asme/ros_ws/install/ctrl_interface/share/ctrl_interface/cmake/rosidl_cmake_export_typesupport_libraries-extras.cmake
[9.428s] -- Up-to-date: /home/asme/ros_ws/install/ctrl_interface/share/ctrl_interface/cmake/ctrl_interfaceConfig.cmake
[9.430s] -- Up-to-date: /home/asme/ros_ws/install/ctrl_interface/share/ctrl_interface/cmake/ctrl_interfaceConfig-version.cmake
[9.432s] -- Up-to-date: /home/asme/ros_ws/install/ctrl_interface/share/ctrl_interface/package.xml
[9.451s] Invoked command in '/home/asme/ros_ws/build/ctrl_interface' returned '0': CMAKE_PREFIX_PATH=${CMAKE_PREFIX_PATH}:/home/asme/ros_ws/install/puckPack:/opt/ros/jazzy DEBUGINFOD_URLS=https://debuginfod.ubuntu.com /usr/bin/cmake --install /home/asme/ros_ws/build/ctrl_interface
