[10.031s] Invoking command in '/home/asme/ros_ws/src/puckPack': DEBUGINFOD_URLS=https://debuginfod.ubuntu.com PYTHONPATH=/home/asme/ros_ws/build/puckPack/prefix_override:/usr/lib/python3/dist-packages/colcon_core/task/python/colcon_distutils_commands:/home/asme/ros_ws/install/puckPack/lib/python3.12/site-packages:/home/asme/ros_ws/install/ctrl_interface/lib/python3.12/site-packages:/home/asme/ros_ws/install/puckPack/lib/python3.12/site-packages:/opt/ros/jazzy/lib/python3.12/site-packages /usr/bin/python3 -W ignore:setup.py install is deprecated setup.py egg_info --egg-base ../../build/puckPack build --build-base /home/asme/ros_ws/build/puckPack/build install --record /home/asme/ros_ws/build/puckPack/install.log --single-version-externally-managed install_data
[13.365s] running egg_info
[13.625s] writing ../../build/puckPack/puckPack.egg-info/PKG-INFO
[13.627s] writing dependency_links to ../../build/puckPack/puckPack.egg-info/dependency_links.txt
[13.631s] writing entry points to ../../build/puckPack/puckPack.egg-info/entry_points.txt
[13.632s] writing requirements to ../../build/puckPack/puckPack.egg-info/requires.txt
[13.634s] writing top-level names to ../../build/puckPack/puckPack.egg-info/top_level.txt
[14.164s] reading manifest file '../../build/puckPack/puckPack.egg-info/SOURCES.txt'
[14.168s] adding license file 'LICENSE'
[14.175s] writing manifest file '../../build/puckPack/puckPack.egg-info/SOURCES.txt'
[14.177s] running build
[14.178s] running build_py
[14.183s] copying puckPack/UartCommander.py -> /home/asme/ros_ws/build/puckPack/build/lib/puckPack
[14.187s] running install
[14.254s] running install_lib
[14.533s] copying /home/asme/ros_ws/build/puckPack/build/lib/puckPack/UartCommander.py -> /home/asme/ros_ws/install/puckPack/lib/python3.12/site-packages/puckPack
[14.543s] byte-compiling /home/asme/ros_ws/install/puckPack/lib/python3.12/site-packages/puckPack/UartCommander.py to UartCommander.cpython-312.pyc
[14.560s] running install_data
[14.562s] running install_egg_info
[14.836s] removing '/home/asme/ros_ws/install/puckPack/lib/python3.12/site-packages/puckPack-0.0.0-py3.12.egg-info' (and everything under it)
[14.841s] Copying ../../build/puckPack/puckPack.egg-info to /home/asme/ros_ws/install/puckPack/lib/python3.12/site-packages/puckPack-0.0.0-py3.12.egg-info
[14.855s] running install_scripts
[16.784s] Installing UartCommander script to /home/asme/ros_ws/install/puckPack/lib/puckPack
[16.786s] Installing choose_color script to /home/asme/ros_ws/install/puckPack/lib/puckPack
[16.788s] Installing controlPC script to /home/asme/ros_ws/install/puckPack/lib/puckPack
[16.790s] Installing mainCamera script to /home/asme/ros_ws/install/puckPack/lib/puckPack
[16.791s] Installing rpiCamera script to /home/asme/ros_ws/install/puckPack/lib/puckPack
[16.793s] Installing thinker script to /home/asme/ros_ws/install/puckPack/lib/puckPack
[16.797s] writing list of installed files to '/home/asme/ros_ws/build/puckPack/install.log'
[17.036s] Invoked command in '/home/asme/ros_ws/src/puckPack' returned '0': DEBUGINFOD_URLS=https://debuginfod.ubuntu.com PYTHONPATH=/home/asme/ros_ws/build/puckPack/prefix_override:/usr/lib/python3/dist-packages/colcon_core/task/python/colcon_distutils_commands:/home/asme/ros_ws/install/puckPack/lib/python3.12/site-packages:/home/asme/ros_ws/install/ctrl_interface/lib/python3.12/site-packages:/home/asme/ros_ws/install/puckPack/lib/python3.12/site-packages:/opt/ros/jazzy/lib/python3.12/site-packages /usr/bin/python3 -W ignore:setup.py install is deprecated setup.py egg_info --egg-base ../../build/puckPack build --build-base /home/asme/ros_ws/build/puckPack/build install --record /home/asme/ros_ws/build/puckPack/install.log --single-version-externally-managed install_data
