[6.083s] Invoking command in '/home/asme/ros_ws/src/puckPack': AMENT_PREFIX_PATH=/home/asme/ros_ws/install/ctrl_interface:${AMENT_PREFIX_PATH} CMAKE_PREFIX_PATH=/home/asme/ros_ws/install/ctrl_interface:${CMAKE_PREFIX_PATH} DEBUGINFOD_URLS=https://debuginfod.ubuntu.com LD_LIBRARY_PATH=/home/asme/ros_ws/install/ctrl_interface/lib:${LD_LIBRARY_PATH} PYTHONPATH=/home/asme/ros_ws/build/puckPack/prefix_override:/usr/lib/python3/dist-packages/colcon_core/task/python/colcon_distutils_commands:/home/asme/ros_ws/install/puckPack/lib/python3.12/site-packages:/home/asme/ros_ws/install/ctrl_interface/lib/python3.12/site-packages:${PYTHONPATH} /usr/bin/python3 -W ignore:setup.py install is deprecated setup.py egg_info --egg-base ../../build/puckPack build --build-base /home/asme/ros_ws/build/puckPack/build install --record /home/asme/ros_ws/build/puckPack/install.log --single-version-externally-managed install_data
[8.021s] running egg_info
[8.173s] writing ../../build/puckPack/puckPack.egg-info/PKG-INFO
[8.176s] writing dependency_links to ../../build/puckPack/puckPack.egg-info/dependency_links.txt
[8.178s] writing entry points to ../../build/puckPack/puckPack.egg-info/entry_points.txt
[8.180s] writing requirements to ../../build/puckPack/puckPack.egg-info/requires.txt
[8.180s] writing top-level names to ../../build/puckPack/puckPack.egg-info/top_level.txt
[8.486s] reading manifest file '../../build/puckPack/puckPack.egg-info/SOURCES.txt'
[8.487s] adding license file 'LICENSE'
[8.492s] writing manifest file '../../build/puckPack/puckPack.egg-info/SOURCES.txt'
[8.493s] running build
[8.493s] running build_py
[8.495s] copying puckPack/thinker.py -> /home/asme/ros_ws/build/puckPack/build/lib/puckPack
[8.498s] running install
[8.533s] running install_lib
[8.686s] copying /home/asme/ros_ws/build/puckPack/build/lib/puckPack/thinker.py -> /home/asme/ros_ws/install/puckPack/lib/python3.12/site-packages/puckPack
[8.693s] byte-compiling /home/asme/ros_ws/install/puckPack/lib/python3.12/site-packages/puckPack/thinker.py to thinker.cpython-312.pyc
[8.706s] running install_data
[8.707s] running install_egg_info
[8.862s] removing '/home/asme/ros_ws/install/puckPack/lib/python3.12/site-packages/puckPack-0.0.0-py3.12.egg-info' (and everything under it)
[8.863s] Copying ../../build/puckPack/puckPack.egg-info to /home/asme/ros_ws/install/puckPack/lib/python3.12/site-packages/puckPack-0.0.0-py3.12.egg-info
[8.870s] running install_scripts
[9.922s] Installing UartCommander script to /home/asme/ros_ws/install/puckPack/lib/puckPack
[9.926s] Installing choose_color script to /home/asme/ros_ws/install/puckPack/lib/puckPack
[9.926s] Installing controlPC script to /home/asme/ros_ws/install/puckPack/lib/puckPack
[9.927s] Installing mainCamera script to /home/asme/ros_ws/install/puckPack/lib/puckPack
[9.928s] Installing rpiCamera script to /home/asme/ros_ws/install/puckPack/lib/puckPack
[9.934s] writing list of installed files to '/home/asme/ros_ws/build/puckPack/install.log'
[10.130s] Invoked command in '/home/asme/ros_ws/src/puckPack' returned '0': AMENT_PREFIX_PATH=/home/asme/ros_ws/install/ctrl_interface:${AMENT_PREFIX_PATH} CMAKE_PREFIX_PATH=/home/asme/ros_ws/install/ctrl_interface:${CMAKE_PREFIX_PATH} DEBUGINFOD_URLS=https://debuginfod.ubuntu.com LD_LIBRARY_PATH=/home/asme/ros_ws/install/ctrl_interface/lib:${LD_LIBRARY_PATH} PYTHONPATH=/home/asme/ros_ws/build/puckPack/prefix_override:/usr/lib/python3/dist-packages/colcon_core/task/python/colcon_distutils_commands:/home/asme/ros_ws/install/puckPack/lib/python3.12/site-packages:/home/asme/ros_ws/install/ctrl_interface/lib/python3.12/site-packages:${PYTHONPATH} /usr/bin/python3 -W ignore:setup.py install is deprecated setup.py egg_info --egg-base ../../build/puckPack build --build-base /home/asme/ros_ws/build/puckPack/build install --record /home/asme/ros_ws/build/puckPack/install.log --single-version-externally-managed install_data
