[0.525s] DEBUG:colcon:Command line arguments: ['/usr/bin/colcon', 'build']
[0.525s] DEBUG:colcon:Parsed command line arguments: Namespace(log_base=None, log_level=None, verb_name='build', build_base='build', install_base='install', merge_install=False, symlink_install=False, test_result_base=None, continue_on_error=False, executor='parallel', parallel_workers=4, event_handlers=None, ignore_user_meta=False, metas=['./colcon.meta'], base_paths=['.'], packages_ignore=None, packages_ignore_regex=None, paths=None, packages_up_to=None, packages_up_to_regex=None, packages_above=None, packages_above_and_dependencies=None, packages_above_depth=None, packages_select_by_dep=None, packages_skip_by_dep=None, packages_skip_up_to=None, packages_select_build_failed=False, packages_skip_build_finished=False, packages_select_test_failures=False, packages_skip_test_passed=False, packages_select=None, packages_skip=None, packages_select_regex=None, packages_skip_regex=None, packages_start=None, packages_end=None, allow_overriding=[], cmake_args=None, cmake_target=None, cmake_target_skip_unavailable=False, cmake_clean_cache=False, cmake_clean_first=False, cmake_force_configure=False, ament_cmake_args=None, catkin_cmake_args=None, catkin_skip_building_tests=False, mixin_files=None, mixin=None, verb_parser=<colcon_mixin.mixin.mixin_argument.MixinArgumentDecorator object at 0xffff999f1eb0>, verb_extension=<colcon_core.verb.build.BuildVerb object at 0xffff99ba8e00>, main=<bound method BuildVerb.main of <colcon_core.verb.build.BuildVerb object at 0xffff99ba8e00>>, mixin_verb=('build',))
[0.696s] Level 1:colcon.colcon_core.package_discovery:discover_packages(colcon_meta) check parameters
[0.697s] Level 1:colcon.colcon_core.package_discovery:discover_packages(recursive) check parameters
[0.697s] Level 1:colcon.colcon_core.package_discovery:discover_packages(ignore) check parameters
[0.697s] Level 1:colcon.colcon_core.package_discovery:discover_packages(path) check parameters
[0.697s] Level 1:colcon.colcon_core.package_discovery:discover_packages(colcon_meta) discover
[0.697s] Level 1:colcon.colcon_core.package_discovery:discover_packages(recursive) discover
[0.697s] INFO:colcon.colcon_core.package_discovery:Crawling recursively for packages in '/home/asme/ros_ws'
[0.698s] Level 1:colcon.colcon_core.package_identification:_identify(.) by extensions ['ignore', 'ignore_ament_install']
[0.698s] Level 1:colcon.colcon_core.package_identification:_identify(.) by extension 'ignore'
[0.698s] Level 1:colcon.colcon_core.package_identification:_identify(.) by extension 'ignore_ament_install'
[0.699s] Level 1:colcon.colcon_core.package_identification:_identify(.) by extensions ['colcon_pkg']
[0.699s] Level 1:colcon.colcon_core.package_identification:_identify(.) by extension 'colcon_pkg'
[0.699s] Level 1:colcon.colcon_core.package_identification:_identify(.) by extensions ['colcon_meta']
[0.699s] Level 1:colcon.colcon_core.package_identification:_identify(.) by extension 'colcon_meta'
[0.699s] Level 1:colcon.colcon_core.package_identification:_identify(.) by extensions ['ros']
[0.699s] Level 1:colcon.colcon_core.package_identification:_identify(.) by extension 'ros'
[0.818s] Level 1:colcon.colcon_core.package_identification:_identify(.) by extensions ['cmake', 'python']
[0.819s] Level 1:colcon.colcon_core.package_identification:_identify(.) by extension 'cmake'
[0.819s] Level 1:colcon.colcon_core.package_identification:_identify(.) by extension 'python'
[0.819s] Level 1:colcon.colcon_core.package_identification:_identify(.) by extensions ['python_setup_py']
[0.819s] Level 1:colcon.colcon_core.package_identification:_identify(.) by extension 'python_setup_py'
[0.820s] Level 1:colcon.colcon_core.package_identification:_identify(build) by extensions ['ignore', 'ignore_ament_install']
[0.820s] Level 1:colcon.colcon_core.package_identification:_identify(build) by extension 'ignore'
[0.820s] Level 1:colcon.colcon_core.package_identification:_identify(build) ignored
[0.821s] Level 1:colcon.colcon_core.package_identification:_identify(install) by extensions ['ignore', 'ignore_ament_install']
[0.821s] Level 1:colcon.colcon_core.package_identification:_identify(install) by extension 'ignore'
[0.822s] Level 1:colcon.colcon_core.package_identification:_identify(install) ignored
[0.822s] Level 1:colcon.colcon_core.package_identification:_identify(log) by extensions ['ignore', 'ignore_ament_install']
[0.823s] Level 1:colcon.colcon_core.package_identification:_identify(log) by extension 'ignore'
[0.823s] Level 1:colcon.colcon_core.package_identification:_identify(log) ignored
[0.823s] Level 1:colcon.colcon_core.package_identification:_identify(src) by extensions ['ignore', 'ignore_ament_install']
[0.824s] Level 1:colcon.colcon_core.package_identification:_identify(src) by extension 'ignore'
[0.824s] Level 1:colcon.colcon_core.package_identification:_identify(src) by extension 'ignore_ament_install'
[0.824s] Level 1:colcon.colcon_core.package_identification:_identify(src) by extensions ['colcon_pkg']
[0.824s] Level 1:colcon.colcon_core.package_identification:_identify(src) by extension 'colcon_pkg'
[0.825s] Level 1:colcon.colcon_core.package_identification:_identify(src) by extensions ['colcon_meta']
[0.825s] Level 1:colcon.colcon_core.package_identification:_identify(src) by extension 'colcon_meta'
[0.825s] Level 1:colcon.colcon_core.package_identification:_identify(src) by extensions ['ros']
[0.825s] Level 1:colcon.colcon_core.package_identification:_identify(src) by extension 'ros'
[0.829s] DEBUG:colcon.colcon_core.package_identification:Failed to parse potential ROS package manifest in'src': Error(s) in package 'src/package.xml':
The manifest contains invalid XML:
junk after document element: line 2, column 0
[0.830s] Level 1:colcon.colcon_core.package_identification:_identify(src) by extensions ['cmake', 'python']
[0.830s] Level 1:colcon.colcon_core.package_identification:_identify(src) by extension 'cmake'
[0.830s] Level 1:colcon.colcon_core.package_identification:_identify(src) by extension 'python'
[0.830s] Level 1:colcon.colcon_core.package_identification:_identify(src) by extensions ['python_setup_py']
[0.830s] Level 1:colcon.colcon_core.package_identification:_identify(src) by extension 'python_setup_py'
[0.831s] Level 1:colcon.colcon_core.package_identification:_identify(src/build) by extensions ['ignore', 'ignore_ament_install']
[0.831s] Level 1:colcon.colcon_core.package_identification:_identify(src/build) by extension 'ignore'
[0.832s] Level 1:colcon.colcon_core.package_identification:_identify(src/build) ignored
[0.832s] Level 1:colcon.colcon_core.package_identification:_identify(src/ctrl_interface) by extensions ['ignore', 'ignore_ament_install']
[0.832s] Level 1:colcon.colcon_core.package_identification:_identify(src/ctrl_interface) by extension 'ignore'
[0.832s] Level 1:colcon.colcon_core.package_identification:_identify(src/ctrl_interface) by extension 'ignore_ament_install'
[0.833s] Level 1:colcon.colcon_core.package_identification:_identify(src/ctrl_interface) by extensions ['colcon_pkg']
[0.833s] Level 1:colcon.colcon_core.package_identification:_identify(src/ctrl_interface) by extension 'colcon_pkg'
[0.833s] Level 1:colcon.colcon_core.package_identification:_identify(src/ctrl_interface) by extensions ['colcon_meta']
[0.833s] Level 1:colcon.colcon_core.package_identification:_identify(src/ctrl_interface) by extension 'colcon_meta'
[0.833s] Level 1:colcon.colcon_core.package_identification:_identify(src/ctrl_interface) by extensions ['ros']
[0.834s] Level 1:colcon.colcon_core.package_identification:_identify(src/ctrl_interface) by extension 'ros'
[0.840s] DEBUG:colcon.colcon_core.package_identification:Package 'src/ctrl_interface' with type 'ros.ament_cmake' and name 'ctrl_interface'
[0.841s] Level 1:colcon.colcon_core.package_identification:_identify(src/install) by extensions ['ignore', 'ignore_ament_install']
[0.841s] Level 1:colcon.colcon_core.package_identification:_identify(src/install) by extension 'ignore'
[0.841s] Level 1:colcon.colcon_core.package_identification:_identify(src/install) ignored
[0.842s] Level 1:colcon.colcon_core.package_identification:_identify(src/log) by extensions ['ignore', 'ignore_ament_install']
[0.842s] Level 1:colcon.colcon_core.package_identification:_identify(src/log) by extension 'ignore'
[0.842s] Level 1:colcon.colcon_core.package_identification:_identify(src/log) ignored
[0.843s] Level 1:colcon.colcon_core.package_identification:_identify(src/puckPack) by extensions ['ignore', 'ignore_ament_install']
[0.843s] Level 1:colcon.colcon_core.package_identification:_identify(src/puckPack) by extension 'ignore'
[0.843s] Level 1:colcon.colcon_core.package_identification:_identify(src/puckPack) by extension 'ignore_ament_install'
[0.843s] Level 1:colcon.colcon_core.package_identification:_identify(src/puckPack) by extensions ['colcon_pkg']
[0.844s] Level 1:colcon.colcon_core.package_identification:_identify(src/puckPack) by extension 'colcon_pkg'
[0.844s] Level 1:colcon.colcon_core.package_identification:_identify(src/puckPack) by extensions ['colcon_meta']
[0.844s] Level 1:colcon.colcon_core.package_identification:_identify(src/puckPack) by extension 'colcon_meta'
[0.844s] Level 1:colcon.colcon_core.package_identification:_identify(src/puckPack) by extensions ['ros']
[0.844s] Level 1:colcon.colcon_core.package_identification:_identify(src/puckPack) by extension 'ros'
[0.846s] DEBUG:colcon.colcon_core.package_identification:Package 'src/puckPack' with type 'ros.ament_python' and name 'puckPack'
[0.847s] Level 1:colcon.colcon_core.package_discovery:discover_packages(recursive) using defaults
[0.847s] Level 1:colcon.colcon_core.package_discovery:discover_packages(ignore) discover
[0.847s] Level 1:colcon.colcon_core.package_discovery:discover_packages(ignore) using defaults
[0.847s] Level 1:colcon.colcon_core.package_discovery:discover_packages(path) discover
[0.847s] Level 1:colcon.colcon_core.package_discovery:discover_packages(path) using defaults
[0.932s] Level 1:colcon.colcon_core.package_discovery:discover_packages(prefix_path) check parameters
[0.932s] Level 1:colcon.colcon_core.package_discovery:discover_packages(prefix_path) discover
[0.941s] DEBUG:colcon.colcon_installed_package_information.package_discovery:Found 2 installed packages in /home/asme/ros_ws/install
[0.953s] DEBUG:colcon.colcon_installed_package_information.package_discovery:Found 285 installed packages in /opt/ros/jazzy
[0.957s] Level 1:colcon.colcon_core.package_discovery:discover_packages(prefix_path) using defaults
[1.182s] Level 5:colcon.colcon_core.verb:set package 'ctrl_interface' build argument 'cmake_args' from command line to 'None'
[1.182s] Level 5:colcon.colcon_core.verb:set package 'ctrl_interface' build argument 'cmake_target' from command line to 'None'
[1.182s] Level 5:colcon.colcon_core.verb:set package 'ctrl_interface' build argument 'cmake_target_skip_unavailable' from command line to 'False'
[1.183s] Level 5:colcon.colcon_core.verb:set package 'ctrl_interface' build argument 'cmake_clean_cache' from command line to 'False'
[1.183s] Level 5:colcon.colcon_core.verb:set package 'ctrl_interface' build argument 'cmake_clean_first' from command line to 'False'
[1.183s] Level 5:colcon.colcon_core.verb:set package 'ctrl_interface' build argument 'cmake_force_configure' from command line to 'False'
[1.183s] Level 5:colcon.colcon_core.verb:set package 'ctrl_interface' build argument 'ament_cmake_args' from command line to 'None'
[1.183s] Level 5:colcon.colcon_core.verb:set package 'ctrl_interface' build argument 'catkin_cmake_args' from command line to 'None'
[1.183s] Level 5:colcon.colcon_core.verb:set package 'ctrl_interface' build argument 'catkin_skip_building_tests' from command line to 'False'
[1.183s] DEBUG:colcon.colcon_core.verb:Building package 'ctrl_interface' with the following arguments: {'ament_cmake_args': None, 'build_base': '/home/asme/ros_ws/build/ctrl_interface', 'catkin_cmake_args': None, 'catkin_skip_building_tests': False, 'cmake_args': None, 'cmake_clean_cache': False, 'cmake_clean_first': False, 'cmake_force_configure': False, 'cmake_target': None, 'cmake_target_skip_unavailable': False, 'install_base': '/home/asme/ros_ws/install/ctrl_interface', 'merge_install': False, 'path': '/home/asme/ros_ws/src/ctrl_interface', 'symlink_install': False, 'test_result_base': None}
[1.185s] Level 5:colcon.colcon_core.verb:set package 'puckPack' build argument 'cmake_args' from command line to 'None'
[1.185s] Level 5:colcon.colcon_core.verb:set package 'puckPack' build argument 'cmake_target' from command line to 'None'
[1.185s] Level 5:colcon.colcon_core.verb:set package 'puckPack' build argument 'cmake_target_skip_unavailable' from command line to 'False'
[1.185s] Level 5:colcon.colcon_core.verb:set package 'puckPack' build argument 'cmake_clean_cache' from command line to 'False'
[1.185s] Level 5:colcon.colcon_core.verb:set package 'puckPack' build argument 'cmake_clean_first' from command line to 'False'
[1.185s] Level 5:colcon.colcon_core.verb:set package 'puckPack' build argument 'cmake_force_configure' from command line to 'False'
[1.186s] Level 5:colcon.colcon_core.verb:set package 'puckPack' build argument 'ament_cmake_args' from command line to 'None'
[1.186s] Level 5:colcon.colcon_core.verb:set package 'puckPack' build argument 'catkin_cmake_args' from command line to 'None'
[1.186s] Level 5:colcon.colcon_core.verb:set package 'puckPack' build argument 'catkin_skip_building_tests' from command line to 'False'
[1.186s] DEBUG:colcon.colcon_core.verb:Building package 'puckPack' with the following arguments: {'ament_cmake_args': None, 'build_base': '/home/asme/ros_ws/build/puckPack', 'catkin_cmake_args': None, 'catkin_skip_building_tests': False, 'cmake_args': None, 'cmake_clean_cache': False, 'cmake_clean_first': False, 'cmake_force_configure': False, 'cmake_target': None, 'cmake_target_skip_unavailable': False, 'install_base': '/home/asme/ros_ws/install/puckPack', 'merge_install': False, 'path': '/home/asme/ros_ws/src/puckPack', 'symlink_install': False, 'test_result_base': None}
[1.186s] INFO:colcon.colcon_core.executor:Executing jobs using 'parallel' executor
[1.189s] DEBUG:colcon.colcon_parallel_executor.executor.parallel:run_until_complete
[1.191s] INFO:colcon.colcon_ros.task.ament_cmake.build:Building ROS package in '/home/asme/ros_ws/src/ctrl_interface' with build type 'ament_cmake'
[1.192s] INFO:colcon.colcon_cmake.task.cmake.build:Building CMake package in '/home/asme/ros_ws/src/ctrl_interface'
[1.205s] INFO:colcon.colcon_core.plugin_system:Skipping extension 'colcon_core.shell.bat': Not used on non-Windows systems
[1.206s] INFO:colcon.colcon_core.shell:Skip shell extension 'powershell' for command environment: Not usable outside of PowerShell
[1.206s] DEBUG:colcon.colcon_core.shell:Skip shell extension 'dsv' for command environment
[1.262s] DEBUG:colcon.colcon_core.event_handler.log_command:Invoking command in '/home/asme/ros_ws/build/ctrl_interface': CMAKE_PREFIX_PATH=${CMAKE_PREFIX_PATH}:/home/asme/ros_ws/install/puckPack:/opt/ros/jazzy DEBUGINFOD_URLS=https://debuginfod.ubuntu.com /usr/bin/cmake --build /home/asme/ros_ws/build/ctrl_interface -- -j4 -l4
[3.727s] DEBUG:colcon.colcon_core.event_handler.log_command:Invoked command in '/home/asme/ros_ws/build/ctrl_interface' returned '0': CMAKE_PREFIX_PATH=${CMAKE_PREFIX_PATH}:/home/asme/ros_ws/install/puckPack:/opt/ros/jazzy DEBUGINFOD_URLS=https://debuginfod.ubuntu.com /usr/bin/cmake --build /home/asme/ros_ws/build/ctrl_interface -- -j4 -l4
[4.315s] DEBUG:colcon.colcon_core.event_handler.log_command:Invoking command in '/home/asme/ros_ws/build/ctrl_interface': CMAKE_PREFIX_PATH=${CMAKE_PREFIX_PATH}:/home/asme/ros_ws/install/puckPack:/opt/ros/jazzy DEBUGINFOD_URLS=https://debuginfod.ubuntu.com /usr/bin/cmake --install /home/asme/ros_ws/build/ctrl_interface
[4.681s] Level 1:colcon.colcon_core.environment:create_environment_scripts_only(ctrl_interface)
[4.682s] DEBUG:colcon.colcon_core.event_handler.log_command:Invoked command in '/home/asme/ros_ws/build/ctrl_interface' returned '0': CMAKE_PREFIX_PATH=${CMAKE_PREFIX_PATH}:/home/asme/ros_ws/install/puckPack:/opt/ros/jazzy DEBUGINFOD_URLS=https://debuginfod.ubuntu.com /usr/bin/cmake --install /home/asme/ros_ws/build/ctrl_interface
[4.693s] Level 1:colcon.colcon_core.environment:checking '/home/asme/ros_ws/install/ctrl_interface' for CMake module files
[4.698s] Level 1:colcon.colcon_core.environment:checking '/home/asme/ros_ws/install/ctrl_interface' for CMake config files
[4.701s] Level 1:colcon.colcon_core.shell:create_environment_hook('ctrl_interface', 'cmake_prefix_path')
[4.702s] INFO:colcon.colcon_core.shell:Creating environment hook '/home/asme/ros_ws/install/ctrl_interface/share/ctrl_interface/hook/cmake_prefix_path.ps1'
[4.704s] INFO:colcon.colcon_core.shell:Creating environment descriptor '/home/asme/ros_ws/install/ctrl_interface/share/ctrl_interface/hook/cmake_prefix_path.dsv'
[4.707s] INFO:colcon.colcon_core.shell:Creating environment hook '/home/asme/ros_ws/install/ctrl_interface/share/ctrl_interface/hook/cmake_prefix_path.sh'
[4.710s] Level 1:colcon.colcon_core.environment:checking '/home/asme/ros_ws/install/ctrl_interface/lib'
[4.711s] Level 1:colcon.colcon_core.shell:create_environment_hook('ctrl_interface', 'ld_library_path_lib')
[4.712s] INFO:colcon.colcon_core.shell:Creating environment hook '/home/asme/ros_ws/install/ctrl_interface/share/ctrl_interface/hook/ld_library_path_lib.ps1'
[4.713s] INFO:colcon.colcon_core.shell:Creating environment descriptor '/home/asme/ros_ws/install/ctrl_interface/share/ctrl_interface/hook/ld_library_path_lib.dsv'
[4.715s] INFO:colcon.colcon_core.shell:Creating environment hook '/home/asme/ros_ws/install/ctrl_interface/share/ctrl_interface/hook/ld_library_path_lib.sh'
[4.717s] Level 1:colcon.colcon_core.environment:checking '/home/asme/ros_ws/install/ctrl_interface/bin'
[4.718s] Level 1:colcon.colcon_core.environment:checking '/home/asme/ros_ws/install/ctrl_interface/lib/pkgconfig/ctrl_interface.pc'
[4.719s] Level 1:colcon.colcon_core.environment:checking '/home/asme/ros_ws/install/ctrl_interface/lib/python3.12/site-packages'
[4.720s] Level 1:colcon.colcon_core.shell:create_environment_hook('ctrl_interface', 'pythonpath')
[4.720s] INFO:colcon.colcon_core.shell:Creating environment hook '/home/asme/ros_ws/install/ctrl_interface/share/ctrl_interface/hook/pythonpath.ps1'
[4.723s] INFO:colcon.colcon_core.shell:Creating environment descriptor '/home/asme/ros_ws/install/ctrl_interface/share/ctrl_interface/hook/pythonpath.dsv'
[4.726s] INFO:colcon.colcon_core.shell:Creating environment hook '/home/asme/ros_ws/install/ctrl_interface/share/ctrl_interface/hook/pythonpath.sh'
[4.730s] Level 1:colcon.colcon_core.environment:checking '/home/asme/ros_ws/install/ctrl_interface/bin'
[4.732s] INFO:colcon.colcon_core.shell:Creating package script '/home/asme/ros_ws/install/ctrl_interface/share/ctrl_interface/package.ps1'
[4.735s] INFO:colcon.colcon_core.shell:Creating package descriptor '/home/asme/ros_ws/install/ctrl_interface/share/ctrl_interface/package.dsv'
[4.738s] INFO:colcon.colcon_core.shell:Creating package script '/home/asme/ros_ws/install/ctrl_interface/share/ctrl_interface/package.sh'
[4.741s] INFO:colcon.colcon_core.shell:Creating package script '/home/asme/ros_ws/install/ctrl_interface/share/ctrl_interface/package.bash'
[4.744s] INFO:colcon.colcon_core.shell:Creating package script '/home/asme/ros_ws/install/ctrl_interface/share/ctrl_interface/package.zsh'
[4.746s] Level 1:colcon.colcon_core.environment:create_file_with_runtime_dependencies(/home/asme/ros_ws/install/ctrl_interface/share/colcon-core/packages/ctrl_interface)
[5.281s] Level 1:colcon.colcon_core.environment:create_environment_scripts_only(ctrl_interface)
[5.282s] Level 1:colcon.colcon_core.environment:checking '/home/asme/ros_ws/install/ctrl_interface' for CMake module files
[5.289s] Level 1:colcon.colcon_core.environment:checking '/home/asme/ros_ws/install/ctrl_interface' for CMake config files
[5.293s] Level 1:colcon.colcon_core.shell:create_environment_hook('ctrl_interface', 'cmake_prefix_path')
[5.294s] INFO:colcon.colcon_core.shell:Creating environment hook '/home/asme/ros_ws/install/ctrl_interface/share/ctrl_interface/hook/cmake_prefix_path.ps1'
[5.296s] INFO:colcon.colcon_core.shell:Creating environment descriptor '/home/asme/ros_ws/install/ctrl_interface/share/ctrl_interface/hook/cmake_prefix_path.dsv'
[5.298s] INFO:colcon.colcon_core.shell:Creating environment hook '/home/asme/ros_ws/install/ctrl_interface/share/ctrl_interface/hook/cmake_prefix_path.sh'
[5.300s] Level 1:colcon.colcon_core.environment:checking '/home/asme/ros_ws/install/ctrl_interface/lib'
[5.301s] Level 1:colcon.colcon_core.shell:create_environment_hook('ctrl_interface', 'ld_library_path_lib')
[5.301s] INFO:colcon.colcon_core.shell:Creating environment hook '/home/asme/ros_ws/install/ctrl_interface/share/ctrl_interface/hook/ld_library_path_lib.ps1'
[5.303s] INFO:colcon.colcon_core.shell:Creating environment descriptor '/home/asme/ros_ws/install/ctrl_interface/share/ctrl_interface/hook/ld_library_path_lib.dsv'
[5.305s] INFO:colcon.colcon_core.shell:Creating environment hook '/home/asme/ros_ws/install/ctrl_interface/share/ctrl_interface/hook/ld_library_path_lib.sh'
[5.307s] Level 1:colcon.colcon_core.environment:checking '/home/asme/ros_ws/install/ctrl_interface/bin'
[5.307s] Level 1:colcon.colcon_core.environment:checking '/home/asme/ros_ws/install/ctrl_interface/lib/pkgconfig/ctrl_interface.pc'
[5.308s] Level 1:colcon.colcon_core.environment:checking '/home/asme/ros_ws/install/ctrl_interface/lib/python3.12/site-packages'
[5.309s] Level 1:colcon.colcon_core.shell:create_environment_hook('ctrl_interface', 'pythonpath')
[5.310s] INFO:colcon.colcon_core.shell:Creating environment hook '/home/asme/ros_ws/install/ctrl_interface/share/ctrl_interface/hook/pythonpath.ps1'
[5.312s] INFO:colcon.colcon_core.shell:Creating environment descriptor '/home/asme/ros_ws/install/ctrl_interface/share/ctrl_interface/hook/pythonpath.dsv'
[5.313s] INFO:colcon.colcon_core.shell:Creating environment hook '/home/asme/ros_ws/install/ctrl_interface/share/ctrl_interface/hook/pythonpath.sh'
[5.316s] Level 1:colcon.colcon_core.environment:checking '/home/asme/ros_ws/install/ctrl_interface/bin'
[5.317s] INFO:colcon.colcon_core.shell:Creating package script '/home/asme/ros_ws/install/ctrl_interface/share/ctrl_interface/package.ps1'
[5.320s] INFO:colcon.colcon_core.shell:Creating package descriptor '/home/asme/ros_ws/install/ctrl_interface/share/ctrl_interface/package.dsv'
[5.323s] INFO:colcon.colcon_core.shell:Creating package script '/home/asme/ros_ws/install/ctrl_interface/share/ctrl_interface/package.sh'
[5.326s] INFO:colcon.colcon_core.shell:Creating package script '/home/asme/ros_ws/install/ctrl_interface/share/ctrl_interface/package.bash'
[5.328s] INFO:colcon.colcon_core.shell:Creating package script '/home/asme/ros_ws/install/ctrl_interface/share/ctrl_interface/package.zsh'
[5.332s] Level 1:colcon.colcon_core.environment:create_file_with_runtime_dependencies(/home/asme/ros_ws/install/ctrl_interface/share/colcon-core/packages/ctrl_interface)
[5.335s] INFO:colcon.colcon_ros.task.ament_python.build:Building ROS package in '/home/asme/ros_ws/src/puckPack' with build type 'ament_python'
[5.335s] Level 1:colcon.colcon_core.shell:create_environment_hook('puckPack', 'ament_prefix_path')
[5.336s] INFO:colcon.colcon_core.shell:Creating environment hook '/home/asme/ros_ws/install/puckPack/share/puckPack/hook/ament_prefix_path.ps1'
[5.341s] INFO:colcon.colcon_core.shell:Creating environment descriptor '/home/asme/ros_ws/install/puckPack/share/puckPack/hook/ament_prefix_path.dsv'
[5.343s] INFO:colcon.colcon_core.shell:Creating environment hook '/home/asme/ros_ws/install/puckPack/share/puckPack/hook/ament_prefix_path.sh'
[5.345s] INFO:colcon.colcon_core.shell:Skip shell extension 'powershell' for command environment: Not usable outside of PowerShell
[5.346s] DEBUG:colcon.colcon_core.shell:Skip shell extension 'dsv' for command environment
[6.516s] INFO:colcon.colcon_core.task.python.build:Building Python package in '/home/asme/ros_ws/src/puckPack'
[6.516s] INFO:colcon.colcon_core.shell:Skip shell extension 'powershell' for command environment: Not usable outside of PowerShell
[6.517s] DEBUG:colcon.colcon_core.shell:Skip shell extension 'dsv' for command environment
[9.738s] DEBUG:colcon.colcon_core.event_handler.log_command:Invoking command in '/home/asme/ros_ws/src/puckPack': DEBUGINFOD_URLS=https://debuginfod.ubuntu.com PYTHONPATH=/home/asme/ros_ws/build/puckPack/prefix_override:/usr/lib/python3/dist-packages/colcon_core/task/python/colcon_distutils_commands:/home/asme/ros_ws/install/puckPack/lib/python3.12/site-packages:/home/asme/ros_ws/install/ctrl_interface/lib/python3.12/site-packages:/home/asme/ros_ws/install/puckPack/lib/python3.12/site-packages:/opt/ros/jazzy/lib/python3.12/site-packages /usr/bin/python3 -W ignore:setup.py install is deprecated setup.py egg_info --egg-base ../../build/puckPack build --build-base /home/asme/ros_ws/build/puckPack/build install --record /home/asme/ros_ws/build/puckPack/install.log --single-version-externally-managed install_data
[12.681s] Level 1:colcon.colcon_core.environment:checking '/home/asme/ros_ws/install/puckPack' for CMake module files
[12.683s] DEBUG:colcon.colcon_core.event_handler.log_command:Invoked command in '/home/asme/ros_ws/src/puckPack' returned '0': DEBUGINFOD_URLS=https://debuginfod.ubuntu.com PYTHONPATH=/home/asme/ros_ws/build/puckPack/prefix_override:/usr/lib/python3/dist-packages/colcon_core/task/python/colcon_distutils_commands:/home/asme/ros_ws/install/puckPack/lib/python3.12/site-packages:/home/asme/ros_ws/install/ctrl_interface/lib/python3.12/site-packages:/home/asme/ros_ws/install/puckPack/lib/python3.12/site-packages:/opt/ros/jazzy/lib/python3.12/site-packages /usr/bin/python3 -W ignore:setup.py install is deprecated setup.py egg_info --egg-base ../../build/puckPack build --build-base /home/asme/ros_ws/build/puckPack/build install --record /home/asme/ros_ws/build/puckPack/install.log --single-version-externally-managed install_data
[12.685s] Level 1:colcon.colcon_core.environment:checking '/home/asme/ros_ws/install/puckPack' for CMake config files
[12.689s] Level 1:colcon.colcon_core.environment:checking '/home/asme/ros_ws/install/puckPack/lib'
[12.689s] Level 1:colcon.colcon_core.environment:checking '/home/asme/ros_ws/install/puckPack/bin'
[12.690s] Level 1:colcon.colcon_core.environment:checking '/home/asme/ros_ws/install/puckPack/lib/pkgconfig/puckPack.pc'
[12.691s] Level 1:colcon.colcon_core.environment:checking '/home/asme/ros_ws/install/puckPack/lib/python3.12/site-packages'
[12.691s] Level 1:colcon.colcon_core.shell:create_environment_hook('puckPack', 'pythonpath')
[12.692s] INFO:colcon.colcon_core.shell:Creating environment hook '/home/asme/ros_ws/install/puckPack/share/puckPack/hook/pythonpath.ps1'
[12.694s] INFO:colcon.colcon_core.shell:Creating environment descriptor '/home/asme/ros_ws/install/puckPack/share/puckPack/hook/pythonpath.dsv'
[12.697s] INFO:colcon.colcon_core.shell:Creating environment hook '/home/asme/ros_ws/install/puckPack/share/puckPack/hook/pythonpath.sh'
[12.699s] Level 1:colcon.colcon_core.environment:checking '/home/asme/ros_ws/install/puckPack/bin'
[12.700s] Level 1:colcon.colcon_core.environment:create_environment_scripts_only(puckPack)
[12.701s] INFO:colcon.colcon_core.shell:Creating package script '/home/asme/ros_ws/install/puckPack/share/puckPack/package.ps1'
[12.703s] INFO:colcon.colcon_core.shell:Creating package descriptor '/home/asme/ros_ws/install/puckPack/share/puckPack/package.dsv'
[12.705s] INFO:colcon.colcon_core.shell:Creating package script '/home/asme/ros_ws/install/puckPack/share/puckPack/package.sh'
[12.707s] INFO:colcon.colcon_core.shell:Creating package script '/home/asme/ros_ws/install/puckPack/share/puckPack/package.bash'
[12.709s] INFO:colcon.colcon_core.shell:Creating package script '/home/asme/ros_ws/install/puckPack/share/puckPack/package.zsh'
[12.710s] Level 1:colcon.colcon_core.environment:create_file_with_runtime_dependencies(/home/asme/ros_ws/install/puckPack/share/colcon-core/packages/puckPack)
[12.712s] DEBUG:colcon.colcon_parallel_executor.executor.parallel:closing loop
[12.714s] DEBUG:colcon.colcon_parallel_executor.executor.parallel:loop closed
[12.714s] DEBUG:colcon.colcon_parallel_executor.executor.parallel:run_until_complete finished with '0'
[12.714s] DEBUG:colcon.colcon_core.event_reactor:joining thread
[12.748s] INFO:colcon.colcon_core.plugin_system:Skipping extension 'colcon_notification.desktop_notification.terminal_notifier': Not used on non-Darwin systems
[12.749s] INFO:colcon.colcon_core.plugin_system:Skipping extension 'colcon_notification.desktop_notification.win32': Not used on non-Windows systems
[12.749s] INFO:colcon.colcon_notification.desktop_notification:Sending desktop notification using 'notify2'
[12.825s] DEBUG:colcon.colcon_core.event_reactor:joined thread
[12.826s] INFO:colcon.colcon_core.shell:Creating prefix script '/home/asme/ros_ws/install/local_setup.ps1'
[12.830s] INFO:colcon.colcon_core.shell:Creating prefix util module '/home/asme/ros_ws/install/_local_setup_util_ps1.py'
[12.835s] INFO:colcon.colcon_core.shell:Creating prefix chain script '/home/asme/ros_ws/install/setup.ps1'
[12.840s] INFO:colcon.colcon_core.shell:Creating prefix script '/home/asme/ros_ws/install/local_setup.sh'
[12.843s] INFO:colcon.colcon_core.shell:Creating prefix util module '/home/asme/ros_ws/install/_local_setup_util_sh.py'
[12.848s] INFO:colcon.colcon_core.shell:Creating prefix chain script '/home/asme/ros_ws/install/setup.sh'
[12.854s] INFO:colcon.colcon_core.shell:Creating prefix script '/home/asme/ros_ws/install/local_setup.bash'
[12.858s] INFO:colcon.colcon_core.shell:Creating prefix chain script '/home/asme/ros_ws/install/setup.bash'
[12.864s] INFO:colcon.colcon_core.shell:Creating prefix script '/home/asme/ros_ws/install/local_setup.zsh'
[12.866s] INFO:colcon.colcon_core.shell:Creating prefix chain script '/home/asme/ros_ws/install/setup.zsh'
