[1.330s] DEBUG:colcon:Command line arguments: ['/usr/bin/colcon', 'build']
[1.331s] DEBUG:colcon:Parsed command line arguments: Namespace(log_base=None, log_level=None, verb_name='build', build_base='build', install_base='install', merge_install=False, symlink_install=False, test_result_base=None, continue_on_error=False, executor='parallel', parallel_workers=4, event_handlers=None, ignore_user_meta=False, metas=['./colcon.meta'], base_paths=['.'], packages_ignore=None, packages_ignore_regex=None, paths=None, packages_up_to=None, packages_up_to_regex=None, packages_above=None, packages_above_and_dependencies=None, packages_above_depth=None, packages_select_by_dep=None, packages_skip_by_dep=None, packages_skip_up_to=None, packages_select_build_failed=False, packages_skip_build_finished=False, packages_select_test_failures=False, packages_skip_test_passed=False, packages_select=None, packages_skip=None, packages_select_regex=None, packages_skip_regex=None, packages_start=None, packages_end=None, allow_overriding=[], cmake_args=None, cmake_target=None, cmake_target_skip_unavailable=False, cmake_clean_cache=False, cmake_clean_first=False, cmake_force_configure=False, ament_cmake_args=None, catkin_cmake_args=None, catkin_skip_building_tests=False, mixin_files=None, mixin=None, verb_parser=<colcon_mixin.mixin.mixin_argument.MixinArgumentDecorator object at 0xffffbc4e7770>, verb_extension=<colcon_core.verb.build.BuildVerb object at 0xffffbc6a5910>, main=<bound method BuildVerb.main of <colcon_core.verb.build.BuildVerb object at 0xffffbc6a5910>>, mixin_verb=('build',))
[1.742s] Level 1:colcon.colcon_core.package_discovery:discover_packages(colcon_meta) check parameters
[1.743s] Level 1:colcon.colcon_core.package_discovery:discover_packages(recursive) check parameters
[1.743s] Level 1:colcon.colcon_core.package_discovery:discover_packages(ignore) check parameters
[1.744s] Level 1:colcon.colcon_core.package_discovery:discover_packages(path) check parameters
[1.744s] Level 1:colcon.colcon_core.package_discovery:discover_packages(colcon_meta) discover
[1.745s] Level 1:colcon.colcon_core.package_discovery:discover_packages(recursive) discover
[1.745s] INFO:colcon.colcon_core.package_discovery:Crawling recursively for packages in '/home/asme/ros_ws'
[1.746s] Level 1:colcon.colcon_core.package_identification:_identify(.) by extensions ['ignore', 'ignore_ament_install']
[1.747s] Level 1:colcon.colcon_core.package_identification:_identify(.) by extension 'ignore'
[1.748s] Level 1:colcon.colcon_core.package_identification:_identify(.) by extension 'ignore_ament_install'
[1.749s] Level 1:colcon.colcon_core.package_identification:_identify(.) by extensions ['colcon_pkg']
[1.749s] Level 1:colcon.colcon_core.package_identification:_identify(.) by extension 'colcon_pkg'
[1.750s] Level 1:colcon.colcon_core.package_identification:_identify(.) by extensions ['colcon_meta']
[1.750s] Level 1:colcon.colcon_core.package_identification:_identify(.) by extension 'colcon_meta'
[1.751s] Level 1:colcon.colcon_core.package_identification:_identify(.) by extensions ['ros']
[1.751s] Level 1:colcon.colcon_core.package_identification:_identify(.) by extension 'ros'
[2.033s] Level 1:colcon.colcon_core.package_identification:_identify(.) by extensions ['cmake', 'python']
[2.033s] Level 1:colcon.colcon_core.package_identification:_identify(.) by extension 'cmake'
[2.034s] Level 1:colcon.colcon_core.package_identification:_identify(.) by extension 'python'
[2.034s] Level 1:colcon.colcon_core.package_identification:_identify(.) by extensions ['python_setup_py']
[2.035s] Level 1:colcon.colcon_core.package_identification:_identify(.) by extension 'python_setup_py'
[2.036s] Level 1:colcon.colcon_core.package_identification:_identify(build) by extensions ['ignore', 'ignore_ament_install']
[2.037s] Level 1:colcon.colcon_core.package_identification:_identify(build) by extension 'ignore'
[2.038s] Level 1:colcon.colcon_core.package_identification:_identify(build) ignored
[2.039s] Level 1:colcon.colcon_core.package_identification:_identify(install) by extensions ['ignore', 'ignore_ament_install']
[2.040s] Level 1:colcon.colcon_core.package_identification:_identify(install) by extension 'ignore'
[2.041s] Level 1:colcon.colcon_core.package_identification:_identify(install) ignored
[2.047s] Level 1:colcon.colcon_core.package_identification:_identify(log) by extensions ['ignore', 'ignore_ament_install']
[2.048s] Level 1:colcon.colcon_core.package_identification:_identify(log) by extension 'ignore'
[2.049s] Level 1:colcon.colcon_core.package_identification:_identify(log) ignored
[2.050s] Level 1:colcon.colcon_core.package_identification:_identify(src) by extensions ['ignore', 'ignore_ament_install']
[2.051s] Level 1:colcon.colcon_core.package_identification:_identify(src) by extension 'ignore'
[2.051s] Level 1:colcon.colcon_core.package_identification:_identify(src) by extension 'ignore_ament_install'
[2.052s] Level 1:colcon.colcon_core.package_identification:_identify(src) by extensions ['colcon_pkg']
[2.052s] Level 1:colcon.colcon_core.package_identification:_identify(src) by extension 'colcon_pkg'
[2.053s] Level 1:colcon.colcon_core.package_identification:_identify(src) by extensions ['colcon_meta']
[2.053s] Level 1:colcon.colcon_core.package_identification:_identify(src) by extension 'colcon_meta'
[2.054s] Level 1:colcon.colcon_core.package_identification:_identify(src) by extensions ['ros']
[2.054s] Level 1:colcon.colcon_core.package_identification:_identify(src) by extension 'ros'
[2.063s] DEBUG:colcon.colcon_core.package_identification:Failed to parse potential ROS package manifest in'src': Error(s) in package 'src/package.xml':
The manifest contains invalid XML:
junk after document element: line 2, column 0
[2.064s] Level 1:colcon.colcon_core.package_identification:_identify(src) by extensions ['cmake', 'python']
[2.064s] Level 1:colcon.colcon_core.package_identification:_identify(src) by extension 'cmake'
[2.065s] Level 1:colcon.colcon_core.package_identification:_identify(src) by extension 'python'
[2.066s] Level 1:colcon.colcon_core.package_identification:_identify(src) by extensions ['python_setup_py']
[2.066s] Level 1:colcon.colcon_core.package_identification:_identify(src) by extension 'python_setup_py'
[2.067s] Level 1:colcon.colcon_core.package_identification:_identify(src/build) by extensions ['ignore', 'ignore_ament_install']
[2.068s] Level 1:colcon.colcon_core.package_identification:_identify(src/build) by extension 'ignore'
[2.069s] Level 1:colcon.colcon_core.package_identification:_identify(src/build) ignored
[2.070s] Level 1:colcon.colcon_core.package_identification:_identify(src/ctrl_interface) by extensions ['ignore', 'ignore_ament_install']
[2.071s] Level 1:colcon.colcon_core.package_identification:_identify(src/ctrl_interface) by extension 'ignore'
[2.072s] Level 1:colcon.colcon_core.package_identification:_identify(src/ctrl_interface) by extension 'ignore_ament_install'
[2.072s] Level 1:colcon.colcon_core.package_identification:_identify(src/ctrl_interface) by extensions ['colcon_pkg']
[2.073s] Level 1:colcon.colcon_core.package_identification:_identify(src/ctrl_interface) by extension 'colcon_pkg'
[2.073s] Level 1:colcon.colcon_core.package_identification:_identify(src/ctrl_interface) by extensions ['colcon_meta']
[2.074s] Level 1:colcon.colcon_core.package_identification:_identify(src/ctrl_interface) by extension 'colcon_meta'
[2.074s] Level 1:colcon.colcon_core.package_identification:_identify(src/ctrl_interface) by extensions ['ros']
[2.075s] Level 1:colcon.colcon_core.package_identification:_identify(src/ctrl_interface) by extension 'ros'
[2.089s] DEBUG:colcon.colcon_core.package_identification:Package 'src/ctrl_interface' with type 'ros.ament_cmake' and name 'ctrl_interface'
[2.091s] Level 1:colcon.colcon_core.package_identification:_identify(src/install) by extensions ['ignore', 'ignore_ament_install']
[2.092s] Level 1:colcon.colcon_core.package_identification:_identify(src/install) by extension 'ignore'
[2.092s] Level 1:colcon.colcon_core.package_identification:_identify(src/install) ignored
[2.093s] Level 1:colcon.colcon_core.package_identification:_identify(src/log) by extensions ['ignore', 'ignore_ament_install']
[2.094s] Level 1:colcon.colcon_core.package_identification:_identify(src/log) by extension 'ignore'
[2.095s] Level 1:colcon.colcon_core.package_identification:_identify(src/log) ignored
[2.096s] Level 1:colcon.colcon_core.package_identification:_identify(src/puckPack) by extensions ['ignore', 'ignore_ament_install']
[2.097s] Level 1:colcon.colcon_core.package_identification:_identify(src/puckPack) by extension 'ignore'
[2.098s] Level 1:colcon.colcon_core.package_identification:_identify(src/puckPack) by extension 'ignore_ament_install'
[2.099s] Level 1:colcon.colcon_core.package_identification:_identify(src/puckPack) by extensions ['colcon_pkg']
[2.099s] Level 1:colcon.colcon_core.package_identification:_identify(src/puckPack) by extension 'colcon_pkg'
[2.100s] Level 1:colcon.colcon_core.package_identification:_identify(src/puckPack) by extensions ['colcon_meta']
[2.100s] Level 1:colcon.colcon_core.package_identification:_identify(src/puckPack) by extension 'colcon_meta'
[2.101s] Level 1:colcon.colcon_core.package_identification:_identify(src/puckPack) by extensions ['ros']
[2.101s] Level 1:colcon.colcon_core.package_identification:_identify(src/puckPack) by extension 'ros'
[2.107s] DEBUG:colcon.colcon_core.package_identification:Package 'src/puckPack' with type 'ros.ament_python' and name 'puckPack'
[2.107s] Level 1:colcon.colcon_core.package_discovery:discover_packages(recursive) using defaults
[2.108s] Level 1:colcon.colcon_core.package_discovery:discover_packages(ignore) discover
[2.108s] Level 1:colcon.colcon_core.package_discovery:discover_packages(ignore) using defaults
[2.108s] Level 1:colcon.colcon_core.package_discovery:discover_packages(path) discover
[2.108s] Level 1:colcon.colcon_core.package_discovery:discover_packages(path) using defaults
[2.293s] Level 1:colcon.colcon_core.package_discovery:discover_packages(prefix_path) check parameters
[2.294s] Level 1:colcon.colcon_core.package_discovery:discover_packages(prefix_path) discover
[2.316s] DEBUG:colcon.colcon_installed_package_information.package_discovery:Found 2 installed packages in /home/asme/ros_ws/install
[2.347s] DEBUG:colcon.colcon_installed_package_information.package_discovery:Found 286 installed packages in /opt/ros/jazzy
[2.357s] Level 1:colcon.colcon_core.package_discovery:discover_packages(prefix_path) using defaults
[2.962s] Level 5:colcon.colcon_core.verb:set package 'ctrl_interface' build argument 'cmake_args' from command line to 'None'
[2.963s] Level 5:colcon.colcon_core.verb:set package 'ctrl_interface' build argument 'cmake_target' from command line to 'None'
[2.963s] Level 5:colcon.colcon_core.verb:set package 'ctrl_interface' build argument 'cmake_target_skip_unavailable' from command line to 'False'
[2.964s] Level 5:colcon.colcon_core.verb:set package 'ctrl_interface' build argument 'cmake_clean_cache' from command line to 'False'
[2.964s] Level 5:colcon.colcon_core.verb:set package 'ctrl_interface' build argument 'cmake_clean_first' from command line to 'False'
[2.964s] Level 5:colcon.colcon_core.verb:set package 'ctrl_interface' build argument 'cmake_force_configure' from command line to 'False'
[2.965s] Level 5:colcon.colcon_core.verb:set package 'ctrl_interface' build argument 'ament_cmake_args' from command line to 'None'
[2.965s] Level 5:colcon.colcon_core.verb:set package 'ctrl_interface' build argument 'catkin_cmake_args' from command line to 'None'
[2.965s] Level 5:colcon.colcon_core.verb:set package 'ctrl_interface' build argument 'catkin_skip_building_tests' from command line to 'False'
[2.966s] DEBUG:colcon.colcon_core.verb:Building package 'ctrl_interface' with the following arguments: {'ament_cmake_args': None, 'build_base': '/home/asme/ros_ws/build/ctrl_interface', 'catkin_cmake_args': None, 'catkin_skip_building_tests': False, 'cmake_args': None, 'cmake_clean_cache': False, 'cmake_clean_first': False, 'cmake_force_configure': False, 'cmake_target': None, 'cmake_target_skip_unavailable': False, 'install_base': '/home/asme/ros_ws/install/ctrl_interface', 'merge_install': False, 'path': '/home/asme/ros_ws/src/ctrl_interface', 'symlink_install': False, 'test_result_base': None}
[2.969s] Level 5:colcon.colcon_core.verb:set package 'puckPack' build argument 'cmake_args' from command line to 'None'
[2.970s] Level 5:colcon.colcon_core.verb:set package 'puckPack' build argument 'cmake_target' from command line to 'None'
[2.970s] Level 5:colcon.colcon_core.verb:set package 'puckPack' build argument 'cmake_target_skip_unavailable' from command line to 'False'
[2.970s] Level 5:colcon.colcon_core.verb:set package 'puckPack' build argument 'cmake_clean_cache' from command line to 'False'
[2.970s] Level 5:colcon.colcon_core.verb:set package 'puckPack' build argument 'cmake_clean_first' from command line to 'False'
[2.971s] Level 5:colcon.colcon_core.verb:set package 'puckPack' build argument 'cmake_force_configure' from command line to 'False'
[2.971s] Level 5:colcon.colcon_core.verb:set package 'puckPack' build argument 'ament_cmake_args' from command line to 'None'
[2.971s] Level 5:colcon.colcon_core.verb:set package 'puckPack' build argument 'catkin_cmake_args' from command line to 'None'
[2.972s] Level 5:colcon.colcon_core.verb:set package 'puckPack' build argument 'catkin_skip_building_tests' from command line to 'False'
[2.972s] DEBUG:colcon.colcon_core.verb:Building package 'puckPack' with the following arguments: {'ament_cmake_args': None, 'build_base': '/home/asme/ros_ws/build/puckPack', 'catkin_cmake_args': None, 'catkin_skip_building_tests': False, 'cmake_args': None, 'cmake_clean_cache': False, 'cmake_clean_first': False, 'cmake_force_configure': False, 'cmake_target': None, 'cmake_target_skip_unavailable': False, 'install_base': '/home/asme/ros_ws/install/puckPack', 'merge_install': False, 'path': '/home/asme/ros_ws/src/puckPack', 'symlink_install': False, 'test_result_base': None}
[2.973s] INFO:colcon.colcon_core.executor:Executing jobs using 'parallel' executor
[2.980s] DEBUG:colcon.colcon_parallel_executor.executor.parallel:run_until_complete
[2.982s] INFO:colcon.colcon_ros.task.ament_cmake.build:Building ROS package in '/home/asme/ros_ws/src/ctrl_interface' with build type 'ament_cmake'
[2.984s] INFO:colcon.colcon_cmake.task.cmake.build:Building CMake package in '/home/asme/ros_ws/src/ctrl_interface'
[3.004s] INFO:colcon.colcon_core.plugin_system:Skipping extension 'colcon_core.shell.bat': Not used on non-Windows systems
[3.007s] INFO:colcon.colcon_core.shell:Skip shell extension 'powershell' for command environment: Not usable outside of PowerShell
[3.007s] DEBUG:colcon.colcon_core.shell:Skip shell extension 'dsv' for command environment
[3.106s] DEBUG:colcon.colcon_core.event_handler.log_command:Invoking command in '/home/asme/ros_ws/build/ctrl_interface': CMAKE_PREFIX_PATH=${CMAKE_PREFIX_PATH}:/home/asme/ros_ws/install/puckPack:/opt/ros/jazzy DEBUGINFOD_URLS=https://debuginfod.ubuntu.com /usr/bin/cmake --build /home/asme/ros_ws/build/ctrl_interface -- -j4 -l4
[8.505s] DEBUG:colcon.colcon_core.event_handler.log_command:Invoked command in '/home/asme/ros_ws/build/ctrl_interface' returned '0': CMAKE_PREFIX_PATH=${CMAKE_PREFIX_PATH}:/home/asme/ros_ws/install/puckPack:/opt/ros/jazzy DEBUGINFOD_URLS=https://debuginfod.ubuntu.com /usr/bin/cmake --build /home/asme/ros_ws/build/ctrl_interface -- -j4 -l4
[9.491s] DEBUG:colcon.colcon_core.event_handler.log_command:Invoking command in '/home/asme/ros_ws/build/ctrl_interface': CMAKE_PREFIX_PATH=${CMAKE_PREFIX_PATH}:/home/asme/ros_ws/install/puckPack:/opt/ros/jazzy DEBUGINFOD_URLS=https://debuginfod.ubuntu.com /usr/bin/cmake --install /home/asme/ros_ws/build/ctrl_interface
[10.230s] Level 1:colcon.colcon_core.environment:create_environment_scripts_only(ctrl_interface)
[10.233s] DEBUG:colcon.colcon_core.event_handler.log_command:Invoked command in '/home/asme/ros_ws/build/ctrl_interface' returned '0': CMAKE_PREFIX_PATH=${CMAKE_PREFIX_PATH}:/home/asme/ros_ws/install/puckPack:/opt/ros/jazzy DEBUGINFOD_URLS=https://debuginfod.ubuntu.com /usr/bin/cmake --install /home/asme/ros_ws/build/ctrl_interface
[10.256s] Level 1:colcon.colcon_core.environment:checking '/home/asme/ros_ws/install/ctrl_interface' for CMake module files
[10.268s] Level 1:colcon.colcon_core.environment:checking '/home/asme/ros_ws/install/ctrl_interface' for CMake config files
[10.275s] Level 1:colcon.colcon_core.shell:create_environment_hook('ctrl_interface', 'cmake_prefix_path')
[10.276s] INFO:colcon.colcon_core.shell:Creating environment hook '/home/asme/ros_ws/install/ctrl_interface/share/ctrl_interface/hook/cmake_prefix_path.ps1'
[10.281s] INFO:colcon.colcon_core.shell:Creating environment descriptor '/home/asme/ros_ws/install/ctrl_interface/share/ctrl_interface/hook/cmake_prefix_path.dsv'
[10.285s] INFO:colcon.colcon_core.shell:Creating environment hook '/home/asme/ros_ws/install/ctrl_interface/share/ctrl_interface/hook/cmake_prefix_path.sh'
[10.292s] Level 1:colcon.colcon_core.environment:checking '/home/asme/ros_ws/install/ctrl_interface/lib'
[10.293s] Level 1:colcon.colcon_core.shell:create_environment_hook('ctrl_interface', 'ld_library_path_lib')
[10.295s] INFO:colcon.colcon_core.shell:Creating environment hook '/home/asme/ros_ws/install/ctrl_interface/share/ctrl_interface/hook/ld_library_path_lib.ps1'
[10.299s] INFO:colcon.colcon_core.shell:Creating environment descriptor '/home/asme/ros_ws/install/ctrl_interface/share/ctrl_interface/hook/ld_library_path_lib.dsv'
[10.302s] INFO:colcon.colcon_core.shell:Creating environment hook '/home/asme/ros_ws/install/ctrl_interface/share/ctrl_interface/hook/ld_library_path_lib.sh'
[10.305s] Level 1:colcon.colcon_core.environment:checking '/home/asme/ros_ws/install/ctrl_interface/bin'
[10.306s] Level 1:colcon.colcon_core.environment:checking '/home/asme/ros_ws/install/ctrl_interface/lib/pkgconfig/ctrl_interface.pc'
[10.308s] Level 1:colcon.colcon_core.environment:checking '/home/asme/ros_ws/install/ctrl_interface/lib/python3.12/site-packages'
[10.309s] Level 1:colcon.colcon_core.shell:create_environment_hook('ctrl_interface', 'pythonpath')
[10.311s] INFO:colcon.colcon_core.shell:Creating environment hook '/home/asme/ros_ws/install/ctrl_interface/share/ctrl_interface/hook/pythonpath.ps1'
[10.314s] INFO:colcon.colcon_core.shell:Creating environment descriptor '/home/asme/ros_ws/install/ctrl_interface/share/ctrl_interface/hook/pythonpath.dsv'
[10.318s] INFO:colcon.colcon_core.shell:Creating environment hook '/home/asme/ros_ws/install/ctrl_interface/share/ctrl_interface/hook/pythonpath.sh'
[10.323s] Level 1:colcon.colcon_core.environment:checking '/home/asme/ros_ws/install/ctrl_interface/bin'
[10.326s] INFO:colcon.colcon_core.shell:Creating package script '/home/asme/ros_ws/install/ctrl_interface/share/ctrl_interface/package.ps1'
[10.334s] INFO:colcon.colcon_core.shell:Creating package descriptor '/home/asme/ros_ws/install/ctrl_interface/share/ctrl_interface/package.dsv'
[10.339s] INFO:colcon.colcon_core.shell:Creating package script '/home/asme/ros_ws/install/ctrl_interface/share/ctrl_interface/package.sh'
[10.346s] INFO:colcon.colcon_core.shell:Creating package script '/home/asme/ros_ws/install/ctrl_interface/share/ctrl_interface/package.bash'
[10.352s] INFO:colcon.colcon_core.shell:Creating package script '/home/asme/ros_ws/install/ctrl_interface/share/ctrl_interface/package.zsh'
[10.357s] Level 1:colcon.colcon_core.environment:create_file_with_runtime_dependencies(/home/asme/ros_ws/install/ctrl_interface/share/colcon-core/packages/ctrl_interface)
[11.231s] Level 1:colcon.colcon_core.environment:create_environment_scripts_only(ctrl_interface)
[11.232s] Level 1:colcon.colcon_core.environment:checking '/home/asme/ros_ws/install/ctrl_interface' for CMake module files
[11.247s] Level 1:colcon.colcon_core.environment:checking '/home/asme/ros_ws/install/ctrl_interface' for CMake config files
[11.254s] Level 1:colcon.colcon_core.shell:create_environment_hook('ctrl_interface', 'cmake_prefix_path')
[11.256s] INFO:colcon.colcon_core.shell:Creating environment hook '/home/asme/ros_ws/install/ctrl_interface/share/ctrl_interface/hook/cmake_prefix_path.ps1'
[11.260s] INFO:colcon.colcon_core.shell:Creating environment descriptor '/home/asme/ros_ws/install/ctrl_interface/share/ctrl_interface/hook/cmake_prefix_path.dsv'
[11.264s] INFO:colcon.colcon_core.shell:Creating environment hook '/home/asme/ros_ws/install/ctrl_interface/share/ctrl_interface/hook/cmake_prefix_path.sh'
[11.269s] Level 1:colcon.colcon_core.environment:checking '/home/asme/ros_ws/install/ctrl_interface/lib'
[11.271s] Level 1:colcon.colcon_core.shell:create_environment_hook('ctrl_interface', 'ld_library_path_lib')
[11.272s] INFO:colcon.colcon_core.shell:Creating environment hook '/home/asme/ros_ws/install/ctrl_interface/share/ctrl_interface/hook/ld_library_path_lib.ps1'
[11.276s] INFO:colcon.colcon_core.shell:Creating environment descriptor '/home/asme/ros_ws/install/ctrl_interface/share/ctrl_interface/hook/ld_library_path_lib.dsv'
[11.280s] INFO:colcon.colcon_core.shell:Creating environment hook '/home/asme/ros_ws/install/ctrl_interface/share/ctrl_interface/hook/ld_library_path_lib.sh'
[11.284s] Level 1:colcon.colcon_core.environment:checking '/home/asme/ros_ws/install/ctrl_interface/bin'
[11.285s] Level 1:colcon.colcon_core.environment:checking '/home/asme/ros_ws/install/ctrl_interface/lib/pkgconfig/ctrl_interface.pc'
[11.287s] Level 1:colcon.colcon_core.environment:checking '/home/asme/ros_ws/install/ctrl_interface/lib/python3.12/site-packages'
[11.290s] Level 1:colcon.colcon_core.shell:create_environment_hook('ctrl_interface', 'pythonpath')
[11.292s] INFO:colcon.colcon_core.shell:Creating environment hook '/home/asme/ros_ws/install/ctrl_interface/share/ctrl_interface/hook/pythonpath.ps1'
[11.296s] INFO:colcon.colcon_core.shell:Creating environment descriptor '/home/asme/ros_ws/install/ctrl_interface/share/ctrl_interface/hook/pythonpath.dsv'
[11.299s] INFO:colcon.colcon_core.shell:Creating environment hook '/home/asme/ros_ws/install/ctrl_interface/share/ctrl_interface/hook/pythonpath.sh'
[11.305s] Level 1:colcon.colcon_core.environment:checking '/home/asme/ros_ws/install/ctrl_interface/bin'
[11.307s] INFO:colcon.colcon_core.shell:Creating package script '/home/asme/ros_ws/install/ctrl_interface/share/ctrl_interface/package.ps1'
[11.313s] INFO:colcon.colcon_core.shell:Creating package descriptor '/home/asme/ros_ws/install/ctrl_interface/share/ctrl_interface/package.dsv'
[11.319s] INFO:colcon.colcon_core.shell:Creating package script '/home/asme/ros_ws/install/ctrl_interface/share/ctrl_interface/package.sh'
[11.323s] INFO:colcon.colcon_core.shell:Creating package script '/home/asme/ros_ws/install/ctrl_interface/share/ctrl_interface/package.bash'
[11.327s] INFO:colcon.colcon_core.shell:Creating package script '/home/asme/ros_ws/install/ctrl_interface/share/ctrl_interface/package.zsh'
[11.331s] Level 1:colcon.colcon_core.environment:create_file_with_runtime_dependencies(/home/asme/ros_ws/install/ctrl_interface/share/colcon-core/packages/ctrl_interface)
[11.336s] INFO:colcon.colcon_ros.task.ament_python.build:Building ROS package in '/home/asme/ros_ws/src/puckPack' with build type 'ament_python'
[11.337s] Level 1:colcon.colcon_core.shell:create_environment_hook('puckPack', 'ament_prefix_path')
[11.338s] INFO:colcon.colcon_core.shell:Creating environment hook '/home/asme/ros_ws/install/puckPack/share/puckPack/hook/ament_prefix_path.ps1'
[11.344s] INFO:colcon.colcon_core.shell:Creating environment descriptor '/home/asme/ros_ws/install/puckPack/share/puckPack/hook/ament_prefix_path.dsv'
[11.347s] INFO:colcon.colcon_core.shell:Creating environment hook '/home/asme/ros_ws/install/puckPack/share/puckPack/hook/ament_prefix_path.sh'
[11.352s] INFO:colcon.colcon_core.shell:Skip shell extension 'powershell' for command environment: Not usable outside of PowerShell
[11.353s] DEBUG:colcon.colcon_core.shell:Skip shell extension 'dsv' for command environment
[13.823s] INFO:colcon.colcon_core.task.python.build:Building Python package in '/home/asme/ros_ws/src/puckPack'
[13.824s] INFO:colcon.colcon_core.shell:Skip shell extension 'powershell' for command environment: Not usable outside of PowerShell
[13.825s] DEBUG:colcon.colcon_core.shell:Skip shell extension 'dsv' for command environment
[20.919s] DEBUG:colcon.colcon_core.event_handler.log_command:Invoking command in '/home/asme/ros_ws/src/puckPack': DEBUGINFOD_URLS=https://debuginfod.ubuntu.com PYTHONPATH=/home/asme/ros_ws/build/puckPack/prefix_override:/usr/lib/python3/dist-packages/colcon_core/task/python/colcon_distutils_commands:/home/asme/ros_ws/install/puckPack/lib/python3.12/site-packages:/home/asme/ros_ws/install/ctrl_interface/lib/python3.12/site-packages:/home/asme/ros_ws/install/puckPack/lib/python3.12/site-packages:/opt/ros/jazzy/lib/python3.12/site-packages /usr/bin/python3 -W ignore:setup.py install is deprecated setup.py egg_info --egg-base ../../build/puckPack build --build-base /home/asme/ros_ws/build/puckPack/build install --record /home/asme/ros_ws/build/puckPack/install.log --single-version-externally-managed install_data
[27.603s] Level 1:colcon.colcon_core.environment:checking '/home/asme/ros_ws/install/puckPack' for CMake module files
[27.605s] DEBUG:colcon.colcon_core.event_handler.log_command:Invoked command in '/home/asme/ros_ws/src/puckPack' returned '0': DEBUGINFOD_URLS=https://debuginfod.ubuntu.com PYTHONPATH=/home/asme/ros_ws/build/puckPack/prefix_override:/usr/lib/python3/dist-packages/colcon_core/task/python/colcon_distutils_commands:/home/asme/ros_ws/install/puckPack/lib/python3.12/site-packages:/home/asme/ros_ws/install/ctrl_interface/lib/python3.12/site-packages:/home/asme/ros_ws/install/puckPack/lib/python3.12/site-packages:/opt/ros/jazzy/lib/python3.12/site-packages /usr/bin/python3 -W ignore:setup.py install is deprecated setup.py egg_info --egg-base ../../build/puckPack build --build-base /home/asme/ros_ws/build/puckPack/build install --record /home/asme/ros_ws/build/puckPack/install.log --single-version-externally-managed install_data
[27.613s] Level 1:colcon.colcon_core.environment:checking '/home/asme/ros_ws/install/puckPack' for CMake config files
[27.621s] Level 1:colcon.colcon_core.environment:checking '/home/asme/ros_ws/install/puckPack/lib'
[27.622s] Level 1:colcon.colcon_core.environment:checking '/home/asme/ros_ws/install/puckPack/bin'
[27.623s] Level 1:colcon.colcon_core.environment:checking '/home/asme/ros_ws/install/puckPack/lib/pkgconfig/puckPack.pc'
[27.625s] Level 1:colcon.colcon_core.environment:checking '/home/asme/ros_ws/install/puckPack/lib/python3.12/site-packages'
[27.626s] Level 1:colcon.colcon_core.shell:create_environment_hook('puckPack', 'pythonpath')
[27.627s] INFO:colcon.colcon_core.shell:Creating environment hook '/home/asme/ros_ws/install/puckPack/share/puckPack/hook/pythonpath.ps1'
[27.631s] INFO:colcon.colcon_core.shell:Creating environment descriptor '/home/asme/ros_ws/install/puckPack/share/puckPack/hook/pythonpath.dsv'
[27.634s] INFO:colcon.colcon_core.shell:Creating environment hook '/home/asme/ros_ws/install/puckPack/share/puckPack/hook/pythonpath.sh'
[27.639s] Level 1:colcon.colcon_core.environment:checking '/home/asme/ros_ws/install/puckPack/bin'
[27.640s] Level 1:colcon.colcon_core.environment:create_environment_scripts_only(puckPack)
[27.642s] INFO:colcon.colcon_core.shell:Creating package script '/home/asme/ros_ws/install/puckPack/share/puckPack/package.ps1'
[27.646s] INFO:colcon.colcon_core.shell:Creating package descriptor '/home/asme/ros_ws/install/puckPack/share/puckPack/package.dsv'
[27.651s] INFO:colcon.colcon_core.shell:Creating package script '/home/asme/ros_ws/install/puckPack/share/puckPack/package.sh'
[27.655s] INFO:colcon.colcon_core.shell:Creating package script '/home/asme/ros_ws/install/puckPack/share/puckPack/package.bash'
[27.658s] INFO:colcon.colcon_core.shell:Creating package script '/home/asme/ros_ws/install/puckPack/share/puckPack/package.zsh'
[27.661s] Level 1:colcon.colcon_core.environment:create_file_with_runtime_dependencies(/home/asme/ros_ws/install/puckPack/share/colcon-core/packages/puckPack)
[27.664s] DEBUG:colcon.colcon_parallel_executor.executor.parallel:closing loop
[27.667s] DEBUG:colcon.colcon_parallel_executor.executor.parallel:loop closed
[27.667s] DEBUG:colcon.colcon_parallel_executor.executor.parallel:run_until_complete finished with '0'
[27.668s] DEBUG:colcon.colcon_core.event_reactor:joining thread
[27.719s] INFO:colcon.colcon_core.plugin_system:Skipping extension 'colcon_notification.desktop_notification.terminal_notifier': Not used on non-Darwin systems
[27.720s] INFO:colcon.colcon_core.plugin_system:Skipping extension 'colcon_notification.desktop_notification.win32': Not used on non-Windows systems
[27.720s] INFO:colcon.colcon_notification.desktop_notification:Sending desktop notification using 'notify2'
[27.869s] DEBUG:colcon.colcon_core.event_reactor:joined thread
[27.871s] INFO:colcon.colcon_core.shell:Creating prefix script '/home/asme/ros_ws/install/local_setup.ps1'
[27.878s] INFO:colcon.colcon_core.shell:Creating prefix util module '/home/asme/ros_ws/install/_local_setup_util_ps1.py'
[27.889s] INFO:colcon.colcon_core.shell:Creating prefix chain script '/home/asme/ros_ws/install/setup.ps1'
[27.900s] INFO:colcon.colcon_core.shell:Creating prefix script '/home/asme/ros_ws/install/local_setup.sh'
[27.905s] INFO:colcon.colcon_core.shell:Creating prefix util module '/home/asme/ros_ws/install/_local_setup_util_sh.py'
[27.911s] INFO:colcon.colcon_core.shell:Creating prefix chain script '/home/asme/ros_ws/install/setup.sh'
[27.921s] INFO:colcon.colcon_core.shell:Creating prefix script '/home/asme/ros_ws/install/local_setup.bash'
[27.925s] INFO:colcon.colcon_core.shell:Creating prefix chain script '/home/asme/ros_ws/install/setup.bash'
[27.937s] INFO:colcon.colcon_core.shell:Creating prefix script '/home/asme/ros_ws/install/local_setup.zsh'
[27.942s] INFO:colcon.colcon_core.shell:Creating prefix chain script '/home/asme/ros_ws/install/setup.zsh'
