[0.534s] DEBUG:colcon:Command line arguments: ['/usr/bin/colcon', 'build']
[0.534s] DEBUG:colcon:Parsed command line arguments: Namespace(log_base=None, log_level=None, verb_name='build', build_base='build', install_base='install', merge_install=False, symlink_install=False, test_result_base=None, continue_on_error=False, executor='parallel', parallel_workers=4, event_handlers=None, ignore_user_meta=False, metas=['./colcon.meta'], base_paths=['.'], packages_ignore=None, packages_ignore_regex=None, paths=None, packages_up_to=None, packages_up_to_regex=None, packages_above=None, packages_above_and_dependencies=None, packages_above_depth=None, packages_select_by_dep=None, packages_skip_by_dep=None, packages_skip_up_to=None, packages_select_build_failed=False, packages_skip_build_finished=False, packages_select_test_failures=False, packages_skip_test_passed=False, packages_select=None, packages_skip=None, packages_select_regex=None, packages_skip_regex=None, packages_start=None, packages_end=None, allow_overriding=[], cmake_args=None, cmake_target=None, cmake_target_skip_unavailable=False, cmake_clean_cache=False, cmake_clean_first=False, cmake_force_configure=False, ament_cmake_args=None, catkin_cmake_args=None, catkin_skip_building_tests=False, mixin_files=None, mixin=None, verb_parser=<colcon_mixin.mixin.mixin_argument.MixinArgumentDecorator object at 0xffff86df29f0>, verb_extension=<colcon_core.verb.build.BuildVerb object at 0xffff8791a360>, main=<bound method BuildVerb.main of <colcon_core.verb.build.BuildVerb object at 0xffff8791a360>>, mixin_verb=('build',))
[0.705s] Level 1:colcon.colcon_core.package_discovery:discover_packages(colcon_meta) check parameters
[0.706s] Level 1:colcon.colcon_core.package_discovery:discover_packages(recursive) check parameters
[0.706s] Level 1:colcon.colcon_core.package_discovery:discover_packages(ignore) check parameters
[0.706s] Level 1:colcon.colcon_core.package_discovery:discover_packages(path) check parameters
[0.706s] Level 1:colcon.colcon_core.package_discovery:discover_packages(colcon_meta) discover
[0.706s] Level 1:colcon.colcon_core.package_discovery:discover_packages(recursive) discover
[0.706s] INFO:colcon.colcon_core.package_discovery:Crawling recursively for packages in '/home/asme/ros_ws'
[0.707s] Level 1:colcon.colcon_core.package_identification:_identify(.) by extensions ['ignore', 'ignore_ament_install']
[0.707s] Level 1:colcon.colcon_core.package_identification:_identify(.) by extension 'ignore'
[0.708s] Level 1:colcon.colcon_core.package_identification:_identify(.) by extension 'ignore_ament_install'
[0.708s] Level 1:colcon.colcon_core.package_identification:_identify(.) by extensions ['colcon_pkg']
[0.708s] Level 1:colcon.colcon_core.package_identification:_identify(.) by extension 'colcon_pkg'
[0.708s] Level 1:colcon.colcon_core.package_identification:_identify(.) by extensions ['colcon_meta']
[0.708s] Level 1:colcon.colcon_core.package_identification:_identify(.) by extension 'colcon_meta'
[0.708s] Level 1:colcon.colcon_core.package_identification:_identify(.) by extensions ['ros']
[0.709s] Level 1:colcon.colcon_core.package_identification:_identify(.) by extension 'ros'
[0.828s] Level 1:colcon.colcon_core.package_identification:_identify(.) by extensions ['cmake', 'python']
[0.828s] Level 1:colcon.colcon_core.package_identification:_identify(.) by extension 'cmake'
[0.829s] Level 1:colcon.colcon_core.package_identification:_identify(.) by extension 'python'
[0.829s] Level 1:colcon.colcon_core.package_identification:_identify(.) by extensions ['python_setup_py']
[0.829s] Level 1:colcon.colcon_core.package_identification:_identify(.) by extension 'python_setup_py'
[0.830s] Level 1:colcon.colcon_core.package_identification:_identify(build) by extensions ['ignore', 'ignore_ament_install']
[0.830s] Level 1:colcon.colcon_core.package_identification:_identify(build) by extension 'ignore'
[0.831s] Level 1:colcon.colcon_core.package_identification:_identify(build) ignored
[0.834s] Level 1:colcon.colcon_core.package_identification:_identify(install) by extensions ['ignore', 'ignore_ament_install']
[0.837s] Level 1:colcon.colcon_core.package_identification:_identify(install) by extension 'ignore'
[0.837s] Level 1:colcon.colcon_core.package_identification:_identify(install) ignored
[0.839s] Level 1:colcon.colcon_core.package_identification:_identify(log) by extensions ['ignore', 'ignore_ament_install']
[0.840s] Level 1:colcon.colcon_core.package_identification:_identify(log) by extension 'ignore'
[0.840s] Level 1:colcon.colcon_core.package_identification:_identify(log) ignored
[0.841s] Level 1:colcon.colcon_core.package_identification:_identify(src) by extensions ['ignore', 'ignore_ament_install']
[0.841s] Level 1:colcon.colcon_core.package_identification:_identify(src) by extension 'ignore'
[0.841s] Level 1:colcon.colcon_core.package_identification:_identify(src) by extension 'ignore_ament_install'
[0.842s] Level 1:colcon.colcon_core.package_identification:_identify(src) by extensions ['colcon_pkg']
[0.842s] Level 1:colcon.colcon_core.package_identification:_identify(src) by extension 'colcon_pkg'
[0.842s] Level 1:colcon.colcon_core.package_identification:_identify(src) by extensions ['colcon_meta']
[0.842s] Level 1:colcon.colcon_core.package_identification:_identify(src) by extension 'colcon_meta'
[0.842s] Level 1:colcon.colcon_core.package_identification:_identify(src) by extensions ['ros']
[0.842s] Level 1:colcon.colcon_core.package_identification:_identify(src) by extension 'ros'
[0.847s] DEBUG:colcon.colcon_core.package_identification:Failed to parse potential ROS package manifest in'src': Error(s) in package 'src/package.xml':
The manifest contains invalid XML:
junk after document element: line 2, column 0
[0.847s] Level 1:colcon.colcon_core.package_identification:_identify(src) by extensions ['cmake', 'python']
[0.847s] Level 1:colcon.colcon_core.package_identification:_identify(src) by extension 'cmake'
[0.847s] Level 1:colcon.colcon_core.package_identification:_identify(src) by extension 'python'
[0.848s] Level 1:colcon.colcon_core.package_identification:_identify(src) by extensions ['python_setup_py']
[0.848s] Level 1:colcon.colcon_core.package_identification:_identify(src) by extension 'python_setup_py'
[0.848s] Level 1:colcon.colcon_core.package_identification:_identify(src/build) by extensions ['ignore', 'ignore_ament_install']
[0.849s] Level 1:colcon.colcon_core.package_identification:_identify(src/build) by extension 'ignore'
[0.849s] Level 1:colcon.colcon_core.package_identification:_identify(src/build) ignored
[0.849s] Level 1:colcon.colcon_core.package_identification:_identify(src/ctrl_interface) by extensions ['ignore', 'ignore_ament_install']
[0.850s] Level 1:colcon.colcon_core.package_identification:_identify(src/ctrl_interface) by extension 'ignore'
[0.850s] Level 1:colcon.colcon_core.package_identification:_identify(src/ctrl_interface) by extension 'ignore_ament_install'
[0.850s] Level 1:colcon.colcon_core.package_identification:_identify(src/ctrl_interface) by extensions ['colcon_pkg']
[0.850s] Level 1:colcon.colcon_core.package_identification:_identify(src/ctrl_interface) by extension 'colcon_pkg'
[0.851s] Level 1:colcon.colcon_core.package_identification:_identify(src/ctrl_interface) by extensions ['colcon_meta']
[0.851s] Level 1:colcon.colcon_core.package_identification:_identify(src/ctrl_interface) by extension 'colcon_meta'
[0.851s] Level 1:colcon.colcon_core.package_identification:_identify(src/ctrl_interface) by extensions ['ros']
[0.851s] Level 1:colcon.colcon_core.package_identification:_identify(src/ctrl_interface) by extension 'ros'
[0.857s] DEBUG:colcon.colcon_core.package_identification:Package 'src/ctrl_interface' with type 'ros.ament_cmake' and name 'ctrl_interface'
[0.858s] Level 1:colcon.colcon_core.package_identification:_identify(src/install) by extensions ['ignore', 'ignore_ament_install']
[0.858s] Level 1:colcon.colcon_core.package_identification:_identify(src/install) by extension 'ignore'
[0.859s] Level 1:colcon.colcon_core.package_identification:_identify(src/install) ignored
[0.859s] Level 1:colcon.colcon_core.package_identification:_identify(src/log) by extensions ['ignore', 'ignore_ament_install']
[0.859s] Level 1:colcon.colcon_core.package_identification:_identify(src/log) by extension 'ignore'
[0.860s] Level 1:colcon.colcon_core.package_identification:_identify(src/log) ignored
[0.860s] Level 1:colcon.colcon_core.package_identification:_identify(src/puckPack) by extensions ['ignore', 'ignore_ament_install']
[0.860s] Level 1:colcon.colcon_core.package_identification:_identify(src/puckPack) by extension 'ignore'
[0.861s] Level 1:colcon.colcon_core.package_identification:_identify(src/puckPack) by extension 'ignore_ament_install'
[0.861s] Level 1:colcon.colcon_core.package_identification:_identify(src/puckPack) by extensions ['colcon_pkg']
[0.861s] Level 1:colcon.colcon_core.package_identification:_identify(src/puckPack) by extension 'colcon_pkg'
[0.861s] Level 1:colcon.colcon_core.package_identification:_identify(src/puckPack) by extensions ['colcon_meta']
[0.861s] Level 1:colcon.colcon_core.package_identification:_identify(src/puckPack) by extension 'colcon_meta'
[0.862s] Level 1:colcon.colcon_core.package_identification:_identify(src/puckPack) by extensions ['ros']
[0.862s] Level 1:colcon.colcon_core.package_identification:_identify(src/puckPack) by extension 'ros'
[0.864s] DEBUG:colcon.colcon_core.package_identification:Package 'src/puckPack' with type 'ros.ament_python' and name 'puckPack'
[0.864s] Level 1:colcon.colcon_core.package_discovery:discover_packages(recursive) using defaults
[0.865s] Level 1:colcon.colcon_core.package_discovery:discover_packages(ignore) discover
[0.865s] Level 1:colcon.colcon_core.package_discovery:discover_packages(ignore) using defaults
[0.865s] Level 1:colcon.colcon_core.package_discovery:discover_packages(path) discover
[0.865s] Level 1:colcon.colcon_core.package_discovery:discover_packages(path) using defaults
[0.959s] Level 1:colcon.colcon_core.package_discovery:discover_packages(prefix_path) check parameters
[0.959s] Level 1:colcon.colcon_core.package_discovery:discover_packages(prefix_path) discover
[0.970s] DEBUG:colcon.colcon_installed_package_information.package_discovery:Found 2 installed packages in /home/asme/ros_ws/install
[0.983s] DEBUG:colcon.colcon_installed_package_information.package_discovery:Found 285 installed packages in /opt/ros/jazzy
[0.987s] Level 1:colcon.colcon_core.package_discovery:discover_packages(prefix_path) using defaults
[1.214s] Level 5:colcon.colcon_core.verb:set package 'ctrl_interface' build argument 'cmake_args' from command line to 'None'
[1.214s] Level 5:colcon.colcon_core.verb:set package 'ctrl_interface' build argument 'cmake_target' from command line to 'None'
[1.214s] Level 5:colcon.colcon_core.verb:set package 'ctrl_interface' build argument 'cmake_target_skip_unavailable' from command line to 'False'
[1.214s] Level 5:colcon.colcon_core.verb:set package 'ctrl_interface' build argument 'cmake_clean_cache' from command line to 'False'
[1.214s] Level 5:colcon.colcon_core.verb:set package 'ctrl_interface' build argument 'cmake_clean_first' from command line to 'False'
[1.214s] Level 5:colcon.colcon_core.verb:set package 'ctrl_interface' build argument 'cmake_force_configure' from command line to 'False'
[1.215s] Level 5:colcon.colcon_core.verb:set package 'ctrl_interface' build argument 'ament_cmake_args' from command line to 'None'
[1.215s] Level 5:colcon.colcon_core.verb:set package 'ctrl_interface' build argument 'catkin_cmake_args' from command line to 'None'
[1.215s] Level 5:colcon.colcon_core.verb:set package 'ctrl_interface' build argument 'catkin_skip_building_tests' from command line to 'False'
[1.215s] DEBUG:colcon.colcon_core.verb:Building package 'ctrl_interface' with the following arguments: {'ament_cmake_args': None, 'build_base': '/home/asme/ros_ws/build/ctrl_interface', 'catkin_cmake_args': None, 'catkin_skip_building_tests': False, 'cmake_args': None, 'cmake_clean_cache': False, 'cmake_clean_first': False, 'cmake_force_configure': False, 'cmake_target': None, 'cmake_target_skip_unavailable': False, 'install_base': '/home/asme/ros_ws/install/ctrl_interface', 'merge_install': False, 'path': '/home/asme/ros_ws/src/ctrl_interface', 'symlink_install': False, 'test_result_base': None}
[1.216s] Level 5:colcon.colcon_core.verb:set package 'puckPack' build argument 'cmake_args' from command line to 'None'
[1.217s] Level 5:colcon.colcon_core.verb:set package 'puckPack' build argument 'cmake_target' from command line to 'None'
[1.217s] Level 5:colcon.colcon_core.verb:set package 'puckPack' build argument 'cmake_target_skip_unavailable' from command line to 'False'
[1.217s] Level 5:colcon.colcon_core.verb:set package 'puckPack' build argument 'cmake_clean_cache' from command line to 'False'
[1.217s] Level 5:colcon.colcon_core.verb:set package 'puckPack' build argument 'cmake_clean_first' from command line to 'False'
[1.217s] Level 5:colcon.colcon_core.verb:set package 'puckPack' build argument 'cmake_force_configure' from command line to 'False'
[1.217s] Level 5:colcon.colcon_core.verb:set package 'puckPack' build argument 'ament_cmake_args' from command line to 'None'
[1.217s] Level 5:colcon.colcon_core.verb:set package 'puckPack' build argument 'catkin_cmake_args' from command line to 'None'
[1.217s] Level 5:colcon.colcon_core.verb:set package 'puckPack' build argument 'catkin_skip_building_tests' from command line to 'False'
[1.218s] DEBUG:colcon.colcon_core.verb:Building package 'puckPack' with the following arguments: {'ament_cmake_args': None, 'build_base': '/home/asme/ros_ws/build/puckPack', 'catkin_cmake_args': None, 'catkin_skip_building_tests': False, 'cmake_args': None, 'cmake_clean_cache': False, 'cmake_clean_first': False, 'cmake_force_configure': False, 'cmake_target': None, 'cmake_target_skip_unavailable': False, 'install_base': '/home/asme/ros_ws/install/puckPack', 'merge_install': False, 'path': '/home/asme/ros_ws/src/puckPack', 'symlink_install': False, 'test_result_base': None}
[1.218s] INFO:colcon.colcon_core.executor:Executing jobs using 'parallel' executor
[1.221s] DEBUG:colcon.colcon_parallel_executor.executor.parallel:run_until_complete
[1.223s] INFO:colcon.colcon_ros.task.ament_cmake.build:Building ROS package in '/home/asme/ros_ws/src/ctrl_interface' with build type 'ament_cmake'
[1.223s] INFO:colcon.colcon_cmake.task.cmake.build:Building CMake package in '/home/asme/ros_ws/src/ctrl_interface'
[1.240s] INFO:colcon.colcon_core.plugin_system:Skipping extension 'colcon_core.shell.bat': Not used on non-Windows systems
[1.241s] INFO:colcon.colcon_core.shell:Skip shell extension 'powershell' for command environment: Not usable outside of PowerShell
[1.241s] DEBUG:colcon.colcon_core.shell:Skip shell extension 'dsv' for command environment
[1.299s] DEBUG:colcon.colcon_core.event_handler.log_command:Invoking command in '/home/asme/ros_ws/build/ctrl_interface': CMAKE_PREFIX_PATH=${CMAKE_PREFIX_PATH}:/home/asme/ros_ws/install/puckPack:/opt/ros/jazzy DEBUGINFOD_URLS=https://debuginfod.ubuntu.com /usr/bin/cmake --build /home/asme/ros_ws/build/ctrl_interface -- -j4 -l4
[4.350s] DEBUG:colcon.colcon_core.event_handler.log_command:Invoked command in '/home/asme/ros_ws/build/ctrl_interface' returned '0': CMAKE_PREFIX_PATH=${CMAKE_PREFIX_PATH}:/home/asme/ros_ws/install/puckPack:/opt/ros/jazzy DEBUGINFOD_URLS=https://debuginfod.ubuntu.com /usr/bin/cmake --build /home/asme/ros_ws/build/ctrl_interface -- -j4 -l4
[4.994s] DEBUG:colcon.colcon_core.event_handler.log_command:Invoking command in '/home/asme/ros_ws/build/ctrl_interface': CMAKE_PREFIX_PATH=${CMAKE_PREFIX_PATH}:/home/asme/ros_ws/install/puckPack:/opt/ros/jazzy DEBUGINFOD_URLS=https://debuginfod.ubuntu.com /usr/bin/cmake --install /home/asme/ros_ws/build/ctrl_interface
[5.409s] Level 1:colcon.colcon_core.environment:create_environment_scripts_only(ctrl_interface)
[5.413s] DEBUG:colcon.colcon_core.event_handler.log_command:Invoked command in '/home/asme/ros_ws/build/ctrl_interface' returned '0': CMAKE_PREFIX_PATH=${CMAKE_PREFIX_PATH}:/home/asme/ros_ws/install/puckPack:/opt/ros/jazzy DEBUGINFOD_URLS=https://debuginfod.ubuntu.com /usr/bin/cmake --install /home/asme/ros_ws/build/ctrl_interface
[5.426s] Level 1:colcon.colcon_core.environment:checking '/home/asme/ros_ws/install/ctrl_interface' for CMake module files
[5.432s] Level 1:colcon.colcon_core.environment:checking '/home/asme/ros_ws/install/ctrl_interface' for CMake config files
[5.435s] Level 1:colcon.colcon_core.shell:create_environment_hook('ctrl_interface', 'cmake_prefix_path')
[5.436s] INFO:colcon.colcon_core.shell:Creating environment hook '/home/asme/ros_ws/install/ctrl_interface/share/ctrl_interface/hook/cmake_prefix_path.ps1'
[5.438s] INFO:colcon.colcon_core.shell:Creating environment descriptor '/home/asme/ros_ws/install/ctrl_interface/share/ctrl_interface/hook/cmake_prefix_path.dsv'
[5.440s] INFO:colcon.colcon_core.shell:Creating environment hook '/home/asme/ros_ws/install/ctrl_interface/share/ctrl_interface/hook/cmake_prefix_path.sh'
[5.443s] Level 1:colcon.colcon_core.environment:checking '/home/asme/ros_ws/install/ctrl_interface/lib'
[5.444s] Level 1:colcon.colcon_core.shell:create_environment_hook('ctrl_interface', 'ld_library_path_lib')
[5.445s] INFO:colcon.colcon_core.shell:Creating environment hook '/home/asme/ros_ws/install/ctrl_interface/share/ctrl_interface/hook/ld_library_path_lib.ps1'
[5.447s] INFO:colcon.colcon_core.shell:Creating environment descriptor '/home/asme/ros_ws/install/ctrl_interface/share/ctrl_interface/hook/ld_library_path_lib.dsv'
[5.448s] INFO:colcon.colcon_core.shell:Creating environment hook '/home/asme/ros_ws/install/ctrl_interface/share/ctrl_interface/hook/ld_library_path_lib.sh'
[5.450s] Level 1:colcon.colcon_core.environment:checking '/home/asme/ros_ws/install/ctrl_interface/bin'
[5.450s] Level 1:colcon.colcon_core.environment:checking '/home/asme/ros_ws/install/ctrl_interface/lib/pkgconfig/ctrl_interface.pc'
[5.451s] Level 1:colcon.colcon_core.environment:checking '/home/asme/ros_ws/install/ctrl_interface/lib/python3.12/site-packages'
[5.452s] Level 1:colcon.colcon_core.shell:create_environment_hook('ctrl_interface', 'pythonpath')
[5.453s] INFO:colcon.colcon_core.shell:Creating environment hook '/home/asme/ros_ws/install/ctrl_interface/share/ctrl_interface/hook/pythonpath.ps1'
[5.455s] INFO:colcon.colcon_core.shell:Creating environment descriptor '/home/asme/ros_ws/install/ctrl_interface/share/ctrl_interface/hook/pythonpath.dsv'
[5.456s] INFO:colcon.colcon_core.shell:Creating environment hook '/home/asme/ros_ws/install/ctrl_interface/share/ctrl_interface/hook/pythonpath.sh'
[5.459s] Level 1:colcon.colcon_core.environment:checking '/home/asme/ros_ws/install/ctrl_interface/bin'
[5.460s] INFO:colcon.colcon_core.shell:Creating package script '/home/asme/ros_ws/install/ctrl_interface/share/ctrl_interface/package.ps1'
[5.464s] INFO:colcon.colcon_core.shell:Creating package descriptor '/home/asme/ros_ws/install/ctrl_interface/share/ctrl_interface/package.dsv'
[5.467s] INFO:colcon.colcon_core.shell:Creating package script '/home/asme/ros_ws/install/ctrl_interface/share/ctrl_interface/package.sh'
[5.472s] INFO:colcon.colcon_core.shell:Creating package script '/home/asme/ros_ws/install/ctrl_interface/share/ctrl_interface/package.bash'
[5.477s] INFO:colcon.colcon_core.shell:Creating package script '/home/asme/ros_ws/install/ctrl_interface/share/ctrl_interface/package.zsh'
[5.483s] Level 1:colcon.colcon_core.environment:create_file_with_runtime_dependencies(/home/asme/ros_ws/install/ctrl_interface/share/colcon-core/packages/ctrl_interface)
[6.088s] Level 1:colcon.colcon_core.environment:create_environment_scripts_only(ctrl_interface)
[6.089s] Level 1:colcon.colcon_core.environment:checking '/home/asme/ros_ws/install/ctrl_interface' for CMake module files
[6.095s] Level 1:colcon.colcon_core.environment:checking '/home/asme/ros_ws/install/ctrl_interface' for CMake config files
[6.098s] Level 1:colcon.colcon_core.shell:create_environment_hook('ctrl_interface', 'cmake_prefix_path')
[6.099s] INFO:colcon.colcon_core.shell:Creating environment hook '/home/asme/ros_ws/install/ctrl_interface/share/ctrl_interface/hook/cmake_prefix_path.ps1'
[6.101s] INFO:colcon.colcon_core.shell:Creating environment descriptor '/home/asme/ros_ws/install/ctrl_interface/share/ctrl_interface/hook/cmake_prefix_path.dsv'
[6.104s] INFO:colcon.colcon_core.shell:Creating environment hook '/home/asme/ros_ws/install/ctrl_interface/share/ctrl_interface/hook/cmake_prefix_path.sh'
[6.107s] Level 1:colcon.colcon_core.environment:checking '/home/asme/ros_ws/install/ctrl_interface/lib'
[6.108s] Level 1:colcon.colcon_core.shell:create_environment_hook('ctrl_interface', 'ld_library_path_lib')
[6.109s] INFO:colcon.colcon_core.shell:Creating environment hook '/home/asme/ros_ws/install/ctrl_interface/share/ctrl_interface/hook/ld_library_path_lib.ps1'
[6.111s] INFO:colcon.colcon_core.shell:Creating environment descriptor '/home/asme/ros_ws/install/ctrl_interface/share/ctrl_interface/hook/ld_library_path_lib.dsv'
[6.114s] INFO:colcon.colcon_core.shell:Creating environment hook '/home/asme/ros_ws/install/ctrl_interface/share/ctrl_interface/hook/ld_library_path_lib.sh'
[6.116s] Level 1:colcon.colcon_core.environment:checking '/home/asme/ros_ws/install/ctrl_interface/bin'
[6.116s] Level 1:colcon.colcon_core.environment:checking '/home/asme/ros_ws/install/ctrl_interface/lib/pkgconfig/ctrl_interface.pc'
[6.117s] Level 1:colcon.colcon_core.environment:checking '/home/asme/ros_ws/install/ctrl_interface/lib/python3.12/site-packages'
[6.119s] Level 1:colcon.colcon_core.shell:create_environment_hook('ctrl_interface', 'pythonpath')
[6.120s] INFO:colcon.colcon_core.shell:Creating environment hook '/home/asme/ros_ws/install/ctrl_interface/share/ctrl_interface/hook/pythonpath.ps1'
[6.122s] INFO:colcon.colcon_core.shell:Creating environment descriptor '/home/asme/ros_ws/install/ctrl_interface/share/ctrl_interface/hook/pythonpath.dsv'
[6.124s] INFO:colcon.colcon_core.shell:Creating environment hook '/home/asme/ros_ws/install/ctrl_interface/share/ctrl_interface/hook/pythonpath.sh'
[6.127s] Level 1:colcon.colcon_core.environment:checking '/home/asme/ros_ws/install/ctrl_interface/bin'
[6.129s] INFO:colcon.colcon_core.shell:Creating package script '/home/asme/ros_ws/install/ctrl_interface/share/ctrl_interface/package.ps1'
[6.131s] INFO:colcon.colcon_core.shell:Creating package descriptor '/home/asme/ros_ws/install/ctrl_interface/share/ctrl_interface/package.dsv'
[6.134s] INFO:colcon.colcon_core.shell:Creating package script '/home/asme/ros_ws/install/ctrl_interface/share/ctrl_interface/package.sh'
[6.137s] INFO:colcon.colcon_core.shell:Creating package script '/home/asme/ros_ws/install/ctrl_interface/share/ctrl_interface/package.bash'
[6.139s] INFO:colcon.colcon_core.shell:Creating package script '/home/asme/ros_ws/install/ctrl_interface/share/ctrl_interface/package.zsh'
[6.141s] Level 1:colcon.colcon_core.environment:create_file_with_runtime_dependencies(/home/asme/ros_ws/install/ctrl_interface/share/colcon-core/packages/ctrl_interface)
[6.143s] INFO:colcon.colcon_ros.task.ament_python.build:Building ROS package in '/home/asme/ros_ws/src/puckPack' with build type 'ament_python'
[6.144s] Level 1:colcon.colcon_core.shell:create_environment_hook('puckPack', 'ament_prefix_path')
[6.145s] INFO:colcon.colcon_core.shell:Creating environment hook '/home/asme/ros_ws/install/puckPack/share/puckPack/hook/ament_prefix_path.ps1'
[6.150s] INFO:colcon.colcon_core.shell:Creating environment descriptor '/home/asme/ros_ws/install/puckPack/share/puckPack/hook/ament_prefix_path.dsv'
[6.153s] INFO:colcon.colcon_core.shell:Creating environment hook '/home/asme/ros_ws/install/puckPack/share/puckPack/hook/ament_prefix_path.sh'
[6.159s] INFO:colcon.colcon_core.shell:Skip shell extension 'powershell' for command environment: Not usable outside of PowerShell
[6.161s] DEBUG:colcon.colcon_core.shell:Skip shell extension 'dsv' for command environment
[7.558s] INFO:colcon.colcon_core.task.python.build:Building Python package in '/home/asme/ros_ws/src/puckPack'
[7.559s] INFO:colcon.colcon_core.shell:Skip shell extension 'powershell' for command environment: Not usable outside of PowerShell
[7.559s] DEBUG:colcon.colcon_core.shell:Skip shell extension 'dsv' for command environment
[11.360s] DEBUG:colcon.colcon_core.event_handler.log_command:Invoking command in '/home/asme/ros_ws/src/puckPack': DEBUGINFOD_URLS=https://debuginfod.ubuntu.com PYTHONPATH=/home/asme/ros_ws/build/puckPack/prefix_override:/usr/lib/python3/dist-packages/colcon_core/task/python/colcon_distutils_commands:/home/asme/ros_ws/install/puckPack/lib/python3.12/site-packages:/home/asme/ros_ws/install/ctrl_interface/lib/python3.12/site-packages:/home/asme/ros_ws/install/puckPack/lib/python3.12/site-packages:/opt/ros/jazzy/lib/python3.12/site-packages /usr/bin/python3 -W ignore:setup.py install is deprecated setup.py egg_info --egg-base ../../build/puckPack build --build-base /home/asme/ros_ws/build/puckPack/build install --record /home/asme/ros_ws/build/puckPack/install.log --single-version-externally-managed install_data
[14.797s] Level 1:colcon.colcon_core.environment:checking '/home/asme/ros_ws/install/puckPack' for CMake module files
[14.799s] DEBUG:colcon.colcon_core.event_handler.log_command:Invoked command in '/home/asme/ros_ws/src/puckPack' returned '0': DEBUGINFOD_URLS=https://debuginfod.ubuntu.com PYTHONPATH=/home/asme/ros_ws/build/puckPack/prefix_override:/usr/lib/python3/dist-packages/colcon_core/task/python/colcon_distutils_commands:/home/asme/ros_ws/install/puckPack/lib/python3.12/site-packages:/home/asme/ros_ws/install/ctrl_interface/lib/python3.12/site-packages:/home/asme/ros_ws/install/puckPack/lib/python3.12/site-packages:/opt/ros/jazzy/lib/python3.12/site-packages /usr/bin/python3 -W ignore:setup.py install is deprecated setup.py egg_info --egg-base ../../build/puckPack build --build-base /home/asme/ros_ws/build/puckPack/build install --record /home/asme/ros_ws/build/puckPack/install.log --single-version-externally-managed install_data
[14.802s] Level 1:colcon.colcon_core.environment:checking '/home/asme/ros_ws/install/puckPack' for CMake config files
[14.806s] Level 1:colcon.colcon_core.environment:checking '/home/asme/ros_ws/install/puckPack/lib'
[14.806s] Level 1:colcon.colcon_core.environment:checking '/home/asme/ros_ws/install/puckPack/bin'
[14.806s] Level 1:colcon.colcon_core.environment:checking '/home/asme/ros_ws/install/puckPack/lib/pkgconfig/puckPack.pc'
[14.807s] Level 1:colcon.colcon_core.environment:checking '/home/asme/ros_ws/install/puckPack/lib/python3.12/site-packages'
[14.808s] Level 1:colcon.colcon_core.shell:create_environment_hook('puckPack', 'pythonpath')
[14.809s] INFO:colcon.colcon_core.shell:Creating environment hook '/home/asme/ros_ws/install/puckPack/share/puckPack/hook/pythonpath.ps1'
[14.811s] INFO:colcon.colcon_core.shell:Creating environment descriptor '/home/asme/ros_ws/install/puckPack/share/puckPack/hook/pythonpath.dsv'
[14.814s] INFO:colcon.colcon_core.shell:Creating environment hook '/home/asme/ros_ws/install/puckPack/share/puckPack/hook/pythonpath.sh'
[14.817s] Level 1:colcon.colcon_core.environment:checking '/home/asme/ros_ws/install/puckPack/bin'
[14.817s] Level 1:colcon.colcon_core.environment:create_environment_scripts_only(puckPack)
[14.818s] INFO:colcon.colcon_core.shell:Creating package script '/home/asme/ros_ws/install/puckPack/share/puckPack/package.ps1'
[14.821s] INFO:colcon.colcon_core.shell:Creating package descriptor '/home/asme/ros_ws/install/puckPack/share/puckPack/package.dsv'
[14.824s] INFO:colcon.colcon_core.shell:Creating package script '/home/asme/ros_ws/install/puckPack/share/puckPack/package.sh'
[14.826s] INFO:colcon.colcon_core.shell:Creating package script '/home/asme/ros_ws/install/puckPack/share/puckPack/package.bash'
[14.828s] INFO:colcon.colcon_core.shell:Creating package script '/home/asme/ros_ws/install/puckPack/share/puckPack/package.zsh'
[14.831s] Level 1:colcon.colcon_core.environment:create_file_with_runtime_dependencies(/home/asme/ros_ws/install/puckPack/share/colcon-core/packages/puckPack)
[14.833s] DEBUG:colcon.colcon_parallel_executor.executor.parallel:closing loop
[14.839s] DEBUG:colcon.colcon_parallel_executor.executor.parallel:loop closed
[14.843s] DEBUG:colcon.colcon_parallel_executor.executor.parallel:run_until_complete finished with '0'
[14.844s] DEBUG:colcon.colcon_core.event_reactor:joining thread
[14.888s] INFO:colcon.colcon_core.plugin_system:Skipping extension 'colcon_notification.desktop_notification.terminal_notifier': Not used on non-Darwin systems
[14.889s] INFO:colcon.colcon_core.plugin_system:Skipping extension 'colcon_notification.desktop_notification.win32': Not used on non-Windows systems
[14.889s] INFO:colcon.colcon_notification.desktop_notification:Sending desktop notification using 'notify2'
[15.000s] DEBUG:colcon.colcon_core.event_reactor:joined thread
[15.002s] INFO:colcon.colcon_core.shell:Creating prefix script '/home/asme/ros_ws/install/local_setup.ps1'
[15.006s] INFO:colcon.colcon_core.shell:Creating prefix util module '/home/asme/ros_ws/install/_local_setup_util_ps1.py'
[15.012s] INFO:colcon.colcon_core.shell:Creating prefix chain script '/home/asme/ros_ws/install/setup.ps1'
[15.018s] INFO:colcon.colcon_core.shell:Creating prefix script '/home/asme/ros_ws/install/local_setup.sh'
[15.021s] INFO:colcon.colcon_core.shell:Creating prefix util module '/home/asme/ros_ws/install/_local_setup_util_sh.py'
[15.024s] INFO:colcon.colcon_core.shell:Creating prefix chain script '/home/asme/ros_ws/install/setup.sh'
[15.030s] INFO:colcon.colcon_core.shell:Creating prefix script '/home/asme/ros_ws/install/local_setup.bash'
[15.032s] INFO:colcon.colcon_core.shell:Creating prefix chain script '/home/asme/ros_ws/install/setup.bash'
[15.038s] INFO:colcon.colcon_core.shell:Creating prefix script '/home/asme/ros_ws/install/local_setup.zsh'
[15.041s] INFO:colcon.colcon_core.shell:Creating prefix chain script '/home/asme/ros_ws/install/setup.zsh'
