[9.592s] Invoking command in '/home/asme/ros_ws/src/puckPack': DEBUGINFOD_URLS=https://debuginfod.ubuntu.com PYTHONPATH=/home/asme/ros_ws/build/puckPack/prefix_override:/usr/lib/python3/dist-packages/colcon_core/task/python/colcon_distutils_commands:/home/asme/ros_ws/install/puckPack/lib/python3.12/site-packages:/home/asme/ros_ws/install/ctrl_interface/lib/python3.12/site-packages:/home/asme/ros_ws/install/puckPack/lib/python3.12/site-packages:/opt/ros/jazzy/lib/python3.12/site-packages /usr/bin/python3 -W ignore:setup.py install is deprecated setup.py egg_info --egg-base ../../build/puckPack build --build-base /home/asme/ros_ws/build/puckPack/build install --record /home/asme/ros_ws/build/puckPack/install.log --single-version-externally-managed install_data
[12.786s] running egg_info
[13.035s] writing ../../build/puckPack/puckPack.egg-info/PKG-INFO
[13.037s] writing dependency_links to ../../build/puckPack/puckPack.egg-info/dependency_links.txt
[13.041s] writing entry points to ../../build/puckPack/puckPack.egg-info/entry_points.txt
[13.042s] writing requirements to ../../build/puckPack/puckPack.egg-info/requires.txt
[13.044s] writing top-level names to ../../build/puckPack/puckPack.egg-info/top_level.txt
[13.556s] reading manifest file '../../build/puckPack/puckPack.egg-info/SOURCES.txt'
[13.560s] adding license file 'LICENSE'
[13.566s] writing manifest file '../../build/puckPack/puckPack.egg-info/SOURCES.txt'
[13.568s] running build
[13.569s] running build_py
[13.571s] copying puckPack/thinker.py -> /home/asme/ros_ws/build/puckPack/build/lib/puckPack
[13.578s] running install
[13.644s] running install_lib
[13.899s] copying /home/asme/ros_ws/build/puckPack/build/lib/puckPack/thinker.py -> /home/asme/ros_ws/install/puckPack/lib/python3.12/site-packages/puckPack
[13.908s] byte-compiling /home/asme/ros_ws/install/puckPack/lib/python3.12/site-packages/puckPack/thinker.py to thinker.cpython-312.pyc
[13.929s] running install_data
[13.930s] running install_egg_info
[14.192s] removing '/home/asme/ros_ws/install/puckPack/lib/python3.12/site-packages/puckPack-0.0.0-py3.12.egg-info' (and everything under it)
[14.196s] Copying ../../build/puckPack/puckPack.egg-info to /home/asme/ros_ws/install/puckPack/lib/python3.12/site-packages/puckPack-0.0.0-py3.12.egg-info
[14.210s] running install_scripts
[15.991s] Installing UartCommander script to /home/asme/ros_ws/install/puckPack/lib/puckPack
[15.992s] Installing choose_color script to /home/asme/ros_ws/install/puckPack/lib/puckPack
[15.995s] Installing controlPC script to /home/asme/ros_ws/install/puckPack/lib/puckPack
[15.997s] Installing mainCamera script to /home/asme/ros_ws/install/puckPack/lib/puckPack
[15.998s] Installing rpiCamera script to /home/asme/ros_ws/install/puckPack/lib/puckPack
[16.000s] Installing thinker script to /home/asme/ros_ws/install/puckPack/lib/puckPack
[16.004s] writing list of installed files to '/home/asme/ros_ws/build/puckPack/install.log'
[16.240s] Invoked command in '/home/asme/ros_ws/src/puckPack' returned '0': DEBUGINFOD_URLS=https://debuginfod.ubuntu.com PYTHONPATH=/home/asme/ros_ws/build/puckPack/prefix_override:/usr/lib/python3/dist-packages/colcon_core/task/python/colcon_distutils_commands:/home/asme/ros_ws/install/puckPack/lib/python3.12/site-packages:/home/asme/ros_ws/install/ctrl_interface/lib/python3.12/site-packages:/home/asme/ros_ws/install/puckPack/lib/python3.12/site-packages:/opt/ros/jazzy/lib/python3.12/site-packages /usr/bin/python3 -W ignore:setup.py install is deprecated setup.py egg_info --egg-base ../../build/puckPack build --build-base /home/asme/ros_ws/build/puckPack/build install --record /home/asme/ros_ws/build/puckPack/install.log --single-version-externally-managed install_data
