[0.134s] Invoking command in '/home/asme/ros_ws/build/ctrl_interface': CMAKE_PREFIX_PATH=${CMAKE_PREFIX_PATH}:/home/asme/ros_ws/install/puckPack:/opt/ros/jazzy DEBUGINFOD_URLS=https://debuginfod.ubuntu.com /usr/bin/cmake --build /home/asme/ros_ws/build/ctrl_interface -- -j4 -l4
[0.800s] [  2%] Built target ctrl_interface__rosidl_generator_type_description
[0.935s] [  2%] Built target ament_cmake_python_copy_ctrl_interface
[1.095s] [  5%] Built target ctrl_interface__cpp
[1.122s] [ 20%] Built target ctrl_interface__rosidl_generator_c
[1.468s] [ 29%] Built target ctrl_interface__rosidl_typesupport_cpp
[1.503s] [ 38%] Built target ctrl_interface__rosidl_typesupport_fastrtps_c
[1.511s] [ 47%] Built target ctrl_interface__rosidl_typesupport_fastrtps_cpp
[1.857s] [ 58%] Built target ctrl_interface__rosidl_typesupport_c
[1.861s] [ 64%] Built target ctrl_interface__rosidl_typesupport_introspection_c
[1.868s] [ 73%] Built target ctrl_interface__rosidl_typesupport_introspection_cpp
[2.144s] [ 73%] Built target ctrl_interface
[2.431s] [ 76%] Built target ctrl_interface__py
[2.737s] [ 82%] Built target ctrl_interface__rosidl_generator_py
[3.076s] [ 88%] Built target ctrl_interface_s__rosidl_typesupport_fastrtps_c
[3.088s] [ 94%] Built target ctrl_interface_s__rosidl_typesupport_introspection_c
[3.103s] [100%] Built target ctrl_interface_s__rosidl_typesupport_c
[3.893s] running egg_info
[4.162s] writing ctrl_interface.egg-info/PKG-INFO
[4.164s] writing dependency_links to ctrl_interface.egg-info/dependency_links.txt
[4.167s] writing top-level names to ctrl_interface.egg-info/top_level.txt
[4.958s] reading manifest file 'ctrl_interface.egg-info/SOURCES.txt'
[4.965s] writing manifest file 'ctrl_interface.egg-info/SOURCES.txt'
[5.253s] [100%] Built target ament_cmake_python_build_ctrl_interface_egg
[5.396s] Invoked command in '/home/asme/ros_ws/build/ctrl_interface' returned '0': CMAKE_PREFIX_PATH=${CMAKE_PREFIX_PATH}:/home/asme/ros_ws/install/puckPack:/opt/ros/jazzy DEBUGINFOD_URLS=https://debuginfod.ubuntu.com /usr/bin/cmake --build /home/asme/ros_ws/build/ctrl_interface -- -j4 -l4
[6.482s] Invoking command in '/home/asme/ros_ws/build/ctrl_interface': CMAKE_PREFIX_PATH=${CMAKE_PREFIX_PATH}:/home/asme/ros_ws/install/puckPack:/opt/ros/jazzy DEBUGINFOD_URLS=https://debuginfod.ubuntu.com /usr/bin/cmake --install /home/asme/ros_ws/build/ctrl_interface
[6.584s] -- Install configuration: ""
[6.587s] -- Up-to-date: /home/asme/ros_ws/install/ctrl_interface/share/ament_index/resource_index/rosidl_interfaces/ctrl_interface
[6.588s] -- Up-to-date: /home/asme/ros_ws/install/ctrl_interface/share/ctrl_interface/msg/CtrlInterface.json
[6.589s] -- Up-to-date: /home/asme/ros_ws/install/ctrl_interface/include/ctrl_interface/ctrl_interface
[6.590s] -- Up-to-date: /home/asme/ros_ws/install/ctrl_interface/include/ctrl_interface/ctrl_interface/msg
[6.592s] -- Up-to-date: /home/asme/ros_ws/install/ctrl_interface/include/ctrl_interface/ctrl_interface/msg/detail
[6.593s] -- Up-to-date: /home/asme/ros_ws/install/ctrl_interface/include/ctrl_interface/ctrl_interface/msg/detail/ctrl_interface__functions.c
[6.595s] -- Installing: /home/asme/ros_ws/install/ctrl_interface/include/ctrl_interface/ctrl_interface/msg/detail/ctrl_interface__type_support.c
[6.596s] -- Up-to-date: /home/asme/ros_ws/install/ctrl_interface/include/ctrl_interface/ctrl_interface/msg/detail/ctrl_interface__struct.h
[6.597s] -- Up-to-date: /home/asme/ros_ws/install/ctrl_interface/include/ctrl_interface/ctrl_interface/msg/detail/ctrl_interface__functions.h
[6.599s] -- Up-to-date: /home/asme/ros_ws/install/ctrl_interface/include/ctrl_interface/ctrl_interface/msg/detail/ctrl_interface__description.c
[6.600s] -- Up-to-date: /home/asme/ros_ws/install/ctrl_interface/include/ctrl_interface/ctrl_interface/msg/detail/ctrl_interface__type_support.h
[6.601s] -- Up-to-date: /home/asme/ros_ws/install/ctrl_interface/include/ctrl_interface/ctrl_interface/msg/ctrl_interface.h
[6.603s] -- Up-to-date: /home/asme/ros_ws/install/ctrl_interface/include/ctrl_interface/ctrl_interface/msg/rosidl_generator_c__visibility_control.h
[6.604s] -- Up-to-date: /home/asme/ros_ws/install/ctrl_interface/share/ctrl_interface/environment/library_path.sh
[6.605s] -- Up-to-date: /home/asme/ros_ws/install/ctrl_interface/share/ctrl_interface/environment/library_path.dsv
[6.606s] -- Up-to-date: /home/asme/ros_ws/install/ctrl_interface/lib/libctrl_interface__rosidl_generator_c.so
[6.607s] -- Up-to-date: /home/asme/ros_ws/install/ctrl_interface/include/ctrl_interface/ctrl_interface
[6.608s] -- Up-to-date: /home/asme/ros_ws/install/ctrl_interface/include/ctrl_interface/ctrl_interface/msg
[6.610s] -- Up-to-date: /home/asme/ros_ws/install/ctrl_interface/include/ctrl_interface/ctrl_interface/msg/rosidl_typesupport_fastrtps_c__visibility_control.h
[6.611s] -- Up-to-date: /home/asme/ros_ws/install/ctrl_interface/include/ctrl_interface/ctrl_interface/msg/detail
[6.612s] -- Up-to-date: /home/asme/ros_ws/install/ctrl_interface/include/ctrl_interface/ctrl_interface/msg/detail/ctrl_interface__rosidl_typesupport_fastrtps_c.h
[6.613s] -- Up-to-date: /home/asme/ros_ws/install/ctrl_interface/lib/libctrl_interface__rosidl_typesupport_fastrtps_c.so
[6.616s] -- Up-to-date: /home/asme/ros_ws/install/ctrl_interface/include/ctrl_interface/ctrl_interface
[6.618s] -- Up-to-date: /home/asme/ros_ws/install/ctrl_interface/include/ctrl_interface/ctrl_interface/msg
[6.619s] -- Up-to-date: /home/asme/ros_ws/install/ctrl_interface/include/ctrl_interface/ctrl_interface/msg/rosidl_generator_cpp__visibility_control.hpp
[6.620s] -- Up-to-date: /home/asme/ros_ws/install/ctrl_interface/include/ctrl_interface/ctrl_interface/msg/detail
[6.622s] -- Up-to-date: /home/asme/ros_ws/install/ctrl_interface/include/ctrl_interface/ctrl_interface/msg/detail/ctrl_interface__struct.hpp
[6.623s] -- Up-to-date: /home/asme/ros_ws/install/ctrl_interface/include/ctrl_interface/ctrl_interface/msg/detail/ctrl_interface__traits.hpp
[6.624s] -- Up-to-date: /home/asme/ros_ws/install/ctrl_interface/include/ctrl_interface/ctrl_interface/msg/detail/ctrl_interface__builder.hpp
[6.626s] -- Up-to-date: /home/asme/ros_ws/install/ctrl_interface/include/ctrl_interface/ctrl_interface/msg/detail/ctrl_interface__type_support.hpp
[6.627s] -- Up-to-date: /home/asme/ros_ws/install/ctrl_interface/include/ctrl_interface/ctrl_interface/msg/ctrl_interface.hpp
[6.628s] -- Up-to-date: /home/asme/ros_ws/install/ctrl_interface/include/ctrl_interface/ctrl_interface
[6.629s] -- Up-to-date: /home/asme/ros_ws/install/ctrl_interface/include/ctrl_interface/ctrl_interface/msg
[6.630s] -- Up-to-date: /home/asme/ros_ws/install/ctrl_interface/include/ctrl_interface/ctrl_interface/msg/rosidl_typesupport_fastrtps_cpp__visibility_control.h
[6.631s] -- Up-to-date: /home/asme/ros_ws/install/ctrl_interface/include/ctrl_interface/ctrl_interface/msg/detail
[6.632s] -- Up-to-date: /home/asme/ros_ws/install/ctrl_interface/include/ctrl_interface/ctrl_interface/msg/detail/dds_fastrtps
[6.634s] -- Up-to-date: /home/asme/ros_ws/install/ctrl_interface/include/ctrl_interface/ctrl_interface/msg/detail/ctrl_interface__rosidl_typesupport_fastrtps_cpp.hpp
[6.635s] -- Up-to-date: /home/asme/ros_ws/install/ctrl_interface/lib/libctrl_interface__rosidl_typesupport_fastrtps_cpp.so
[6.636s] -- Up-to-date: /home/asme/ros_ws/install/ctrl_interface/include/ctrl_interface/ctrl_interface
[6.637s] -- Up-to-date: /home/asme/ros_ws/install/ctrl_interface/include/ctrl_interface/ctrl_interface/msg
[6.638s] -- Up-to-date: /home/asme/ros_ws/install/ctrl_interface/include/ctrl_interface/ctrl_interface/msg/rosidl_typesupport_introspection_c__visibility_control.h
[6.640s] -- Up-to-date: /home/asme/ros_ws/install/ctrl_interface/include/ctrl_interface/ctrl_interface/msg/detail
[6.641s] -- Installing: /home/asme/ros_ws/install/ctrl_interface/include/ctrl_interface/ctrl_interface/msg/detail/ctrl_interface__type_support.c
[6.643s] -- Up-to-date: /home/asme/ros_ws/install/ctrl_interface/include/ctrl_interface/ctrl_interface/msg/detail/ctrl_interface__rosidl_typesupport_introspection_c.h
[6.646s] -- Up-to-date: /home/asme/ros_ws/install/ctrl_interface/lib/libctrl_interface__rosidl_typesupport_introspection_c.so
[6.651s] -- Up-to-date: /home/asme/ros_ws/install/ctrl_interface/lib/libctrl_interface__rosidl_typesupport_c.so
[6.654s] -- Up-to-date: /home/asme/ros_ws/install/ctrl_interface/include/ctrl_interface/ctrl_interface
[6.655s] -- Up-to-date: /home/asme/ros_ws/install/ctrl_interface/include/ctrl_interface/ctrl_interface/msg
[6.656s] -- Up-to-date: /home/asme/ros_ws/install/ctrl_interface/include/ctrl_interface/ctrl_interface/msg/detail
[6.658s] -- Up-to-date: /home/asme/ros_ws/install/ctrl_interface/include/ctrl_interface/ctrl_interface/msg/detail/ctrl_interface__rosidl_typesupport_introspection_cpp.hpp
[6.659s] -- Up-to-date: /home/asme/ros_ws/install/ctrl_interface/include/ctrl_interface/ctrl_interface/msg/detail/ctrl_interface__type_support.cpp
[6.661s] -- Up-to-date: /home/asme/ros_ws/install/ctrl_interface/lib/libctrl_interface__rosidl_typesupport_introspection_cpp.so
[6.666s] -- Up-to-date: /home/asme/ros_ws/install/ctrl_interface/lib/libctrl_interface__rosidl_typesupport_cpp.so
[6.669s] -- Up-to-date: /home/asme/ros_ws/install/ctrl_interface/share/ctrl_interface/environment/pythonpath.sh
[6.670s] -- Up-to-date: /home/asme/ros_ws/install/ctrl_interface/share/ctrl_interface/environment/pythonpath.dsv
[6.671s] -- Up-to-date: /home/asme/ros_ws/install/ctrl_interface/lib/python3.12/site-packages/ctrl_interface-0.0.0-py3.12.egg-info
[6.672s] -- Installing: /home/asme/ros_ws/install/ctrl_interface/lib/python3.12/site-packages/ctrl_interface-0.0.0-py3.12.egg-info/SOURCES.txt
[6.675s] -- Installing: /home/asme/ros_ws/install/ctrl_interface/lib/python3.12/site-packages/ctrl_interface-0.0.0-py3.12.egg-info/top_level.txt
[6.678s] -- Installing: /home/asme/ros_ws/install/ctrl_interface/lib/python3.12/site-packages/ctrl_interface-0.0.0-py3.12.egg-info/PKG-INFO
[6.681s] -- Installing: /home/asme/ros_ws/install/ctrl_interface/lib/python3.12/site-packages/ctrl_interface-0.0.0-py3.12.egg-info/dependency_links.txt
[6.684s] -- Up-to-date: /home/asme/ros_ws/install/ctrl_interface/lib/python3.12/site-packages/ctrl_interface
[6.686s] -- Up-to-date: /home/asme/ros_ws/install/ctrl_interface/lib/python3.12/site-packages/ctrl_interface/__init__.py
[6.688s] -- Up-to-date: /home/asme/ros_ws/install/ctrl_interface/lib/python3.12/site-packages/ctrl_interface/msg
[6.689s] -- Up-to-date: /home/asme/ros_ws/install/ctrl_interface/lib/python3.12/site-packages/ctrl_interface/msg/_ctrl_interface.py
[6.690s] -- Up-to-date: /home/asme/ros_ws/install/ctrl_interface/lib/python3.12/site-packages/ctrl_interface/msg/__init__.py
[6.691s] -- Up-to-date: /home/asme/ros_ws/install/ctrl_interface/lib/python3.12/site-packages/ctrl_interface/msg/_ctrl_interface_s.c
[6.694s] -- Up-to-date: /home/asme/ros_ws/install/ctrl_interface/lib/python3.12/site-packages/ctrl_interface/ctrl_interface_s__rosidl_typesupport_introspection_c.so
[6.695s] -- Up-to-date: /home/asme/ros_ws/install/ctrl_interface/lib/python3.12/site-packages/ctrl_interface/ctrl_interface_s__rosidl_typesupport_fastrtps_c.so
[6.696s] -- Up-to-date: /home/asme/ros_ws/install/ctrl_interface/lib/python3.12/site-packages/ctrl_interface/ctrl_interface_s__rosidl_typesupport_c.so
[6.697s] -- Up-to-date: /home/asme/ros_ws/install/ctrl_interface/lib/python3.12/site-packages/ctrl_interface/_ctrl_interface_s.ep.rosidl_typesupport_c.c
[6.698s] -- Up-to-date: /home/asme/ros_ws/install/ctrl_interface/lib/python3.12/site-packages/ctrl_interface/_ctrl_interface_s.ep.rosidl_typesupport_introspection_c.c
[6.699s] -- Up-to-date: /home/asme/ros_ws/install/ctrl_interface/lib/python3.12/site-packages/ctrl_interface/_ctrl_interface_s.ep.rosidl_typesupport_fastrtps_c.c
[7.091s] Listing '/home/asme/ros_ws/install/ctrl_interface/lib/python3.12/site-packages/ctrl_interface'...
[7.093s] Listing '/home/asme/ros_ws/install/ctrl_interface/lib/python3.12/site-packages/ctrl_interface/msg'...
[7.146s] -- Up-to-date: /home/asme/ros_ws/install/ctrl_interface/lib/python3.12/site-packages/ctrl_interface/ctrl_interface_s__rosidl_typesupport_fastrtps_c.so
[7.152s] -- Up-to-date: /home/asme/ros_ws/install/ctrl_interface/lib/python3.12/site-packages/ctrl_interface/ctrl_interface_s__rosidl_typesupport_introspection_c.so
[7.165s] -- Up-to-date: /home/asme/ros_ws/install/ctrl_interface/lib/python3.12/site-packages/ctrl_interface/ctrl_interface_s__rosidl_typesupport_c.so
[7.170s] -- Up-to-date: /home/asme/ros_ws/install/ctrl_interface/lib/libctrl_interface__rosidl_generator_py.so
[7.174s] -- Up-to-date: /home/asme/ros_ws/install/ctrl_interface/share/ctrl_interface/msg/CtrlInterface.idl
[7.175s] -- Up-to-date: /home/asme/ros_ws/install/ctrl_interface/share/ctrl_interface/msg/CtrlInterface.msg
[7.177s] -- Up-to-date: /home/asme/ros_ws/install/ctrl_interface/share/ament_index/resource_index/package_run_dependencies/ctrl_interface
[7.179s] -- Up-to-date: /home/asme/ros_ws/install/ctrl_interface/share/ament_index/resource_index/parent_prefix_path/ctrl_interface
[7.180s] -- Up-to-date: /home/asme/ros_ws/install/ctrl_interface/share/ctrl_interface/environment/ament_prefix_path.sh
[7.182s] -- Up-to-date: /home/asme/ros_ws/install/ctrl_interface/share/ctrl_interface/environment/ament_prefix_path.dsv
[7.183s] -- Up-to-date: /home/asme/ros_ws/install/ctrl_interface/share/ctrl_interface/environment/path.sh
[7.184s] -- Up-to-date: /home/asme/ros_ws/install/ctrl_interface/share/ctrl_interface/environment/path.dsv
[7.186s] -- Up-to-date: /home/asme/ros_ws/install/ctrl_interface/share/ctrl_interface/local_setup.bash
[7.187s] -- Up-to-date: /home/asme/ros_ws/install/ctrl_interface/share/ctrl_interface/local_setup.sh
[7.188s] -- Up-to-date: /home/asme/ros_ws/install/ctrl_interface/share/ctrl_interface/local_setup.zsh
[7.190s] -- Up-to-date: /home/asme/ros_ws/install/ctrl_interface/share/ctrl_interface/local_setup.dsv
[7.192s] -- Installing: /home/asme/ros_ws/install/ctrl_interface/share/ctrl_interface/package.dsv
[7.193s] -- Up-to-date: /home/asme/ros_ws/install/ctrl_interface/share/ament_index/resource_index/packages/ctrl_interface
[7.194s] -- Up-to-date: /home/asme/ros_ws/install/ctrl_interface/share/ctrl_interface/cmake/export_ctrl_interface__rosidl_generator_cExport.cmake
[7.195s] -- Up-to-date: /home/asme/ros_ws/install/ctrl_interface/share/ctrl_interface/cmake/export_ctrl_interface__rosidl_generator_cExport-noconfig.cmake
[7.197s] -- Up-to-date: /home/asme/ros_ws/install/ctrl_interface/share/ctrl_interface/cmake/export_ctrl_interface__rosidl_typesupport_fastrtps_cExport.cmake
[7.199s] -- Up-to-date: /home/asme/ros_ws/install/ctrl_interface/share/ctrl_interface/cmake/export_ctrl_interface__rosidl_typesupport_fastrtps_cExport-noconfig.cmake
[7.200s] -- Up-to-date: /home/asme/ros_ws/install/ctrl_interface/share/ctrl_interface/cmake/export_ctrl_interface__rosidl_generator_cppExport.cmake
[7.201s] -- Up-to-date: /home/asme/ros_ws/install/ctrl_interface/share/ctrl_interface/cmake/export_ctrl_interface__rosidl_typesupport_fastrtps_cppExport.cmake
[7.203s] -- Up-to-date: /home/asme/ros_ws/install/ctrl_interface/share/ctrl_interface/cmake/export_ctrl_interface__rosidl_typesupport_fastrtps_cppExport-noconfig.cmake
[7.204s] -- Up-to-date: /home/asme/ros_ws/install/ctrl_interface/share/ctrl_interface/cmake/ctrl_interface__rosidl_typesupport_introspection_cExport.cmake
[7.205s] -- Up-to-date: /home/asme/ros_ws/install/ctrl_interface/share/ctrl_interface/cmake/ctrl_interface__rosidl_typesupport_introspection_cExport-noconfig.cmake
[7.207s] -- Up-to-date: /home/asme/ros_ws/install/ctrl_interface/share/ctrl_interface/cmake/ctrl_interface__rosidl_typesupport_cExport.cmake
[7.208s] -- Up-to-date: /home/asme/ros_ws/install/ctrl_interface/share/ctrl_interface/cmake/ctrl_interface__rosidl_typesupport_cExport-noconfig.cmake
[7.210s] -- Up-to-date: /home/asme/ros_ws/install/ctrl_interface/share/ctrl_interface/cmake/ctrl_interface__rosidl_typesupport_introspection_cppExport.cmake
[7.211s] -- Up-to-date: /home/asme/ros_ws/install/ctrl_interface/share/ctrl_interface/cmake/ctrl_interface__rosidl_typesupport_introspection_cppExport-noconfig.cmake
[7.213s] -- Up-to-date: /home/asme/ros_ws/install/ctrl_interface/share/ctrl_interface/cmake/ctrl_interface__rosidl_typesupport_cppExport.cmake
[7.214s] -- Up-to-date: /home/asme/ros_ws/install/ctrl_interface/share/ctrl_interface/cmake/ctrl_interface__rosidl_typesupport_cppExport-noconfig.cmake
[7.216s] -- Up-to-date: /home/asme/ros_ws/install/ctrl_interface/share/ctrl_interface/cmake/export_ctrl_interface__rosidl_generator_pyExport.cmake
[7.218s] -- Up-to-date: /home/asme/ros_ws/install/ctrl_interface/share/ctrl_interface/cmake/export_ctrl_interface__rosidl_generator_pyExport-noconfig.cmake
[7.219s] -- Up-to-date: /home/asme/ros_ws/install/ctrl_interface/share/ctrl_interface/cmake/rosidl_cmake-extras.cmake
[7.220s] -- Up-to-date: /home/asme/ros_ws/install/ctrl_interface/share/ctrl_interface/cmake/ament_cmake_export_dependencies-extras.cmake
[7.222s] -- Up-to-date: /home/asme/ros_ws/install/ctrl_interface/share/ctrl_interface/cmake/ament_cmake_export_include_directories-extras.cmake
[7.223s] -- Up-to-date: /home/asme/ros_ws/install/ctrl_interface/share/ctrl_interface/cmake/ament_cmake_export_libraries-extras.cmake
[7.224s] -- Up-to-date: /home/asme/ros_ws/install/ctrl_interface/share/ctrl_interface/cmake/ament_cmake_export_targets-extras.cmake
[7.225s] -- Up-to-date: /home/asme/ros_ws/install/ctrl_interface/share/ctrl_interface/cmake/rosidl_cmake_export_typesupport_targets-extras.cmake
[7.227s] -- Up-to-date: /home/asme/ros_ws/install/ctrl_interface/share/ctrl_interface/cmake/rosidl_cmake_export_typesupport_libraries-extras.cmake
[7.228s] -- Up-to-date: /home/asme/ros_ws/install/ctrl_interface/share/ctrl_interface/cmake/ctrl_interfaceConfig.cmake
[7.229s] -- Up-to-date: /home/asme/ros_ws/install/ctrl_interface/share/ctrl_interface/cmake/ctrl_interfaceConfig-version.cmake
[7.230s] -- Up-to-date: /home/asme/ros_ws/install/ctrl_interface/share/ctrl_interface/package.xml
[7.246s] Invoked command in '/home/asme/ros_ws/build/ctrl_interface' returned '0': CMAKE_PREFIX_PATH=${CMAKE_PREFIX_PATH}:/home/asme/ros_ws/install/puckPack:/opt/ros/jazzy DEBUGINFOD_URLS=https://debuginfod.ubuntu.com /usr/bin/cmake --install /home/asme/ros_ws/build/ctrl_interface
