[9.897s] Invoking command in '/home/asme/ros_ws/src/puckPack': DEBUGINFOD_URLS=https://debuginfod.ubuntu.com PYTHONPATH=/home/asme/ros_ws/build/puckPack/prefix_override:/usr/lib/python3/dist-packages/colcon_core/task/python/colcon_distutils_commands:/home/asme/ros_ws/install/puckPack/lib/python3.12/site-packages:/home/asme/ros_ws/install/ctrl_interface/lib/python3.12/site-packages:/home/asme/ros_ws/install/puckPack/lib/python3.12/site-packages:/opt/ros/jazzy/lib/python3.12/site-packages /usr/bin/python3 -W ignore:setup.py install is deprecated setup.py egg_info --egg-base ../../build/puckPack build --build-base /home/asme/ros_ws/build/puckPack/build install --record /home/asme/ros_ws/build/puckPack/install.log --single-version-externally-managed install_data
[13.195s] running egg_info
[13.451s] writing ../../build/puckPack/puckPack.egg-info/PKG-INFO
[13.454s] writing dependency_links to ../../build/puckPack/puckPack.egg-info/dependency_links.txt
[13.457s] writing entry points to ../../build/puckPack/puckPack.egg-info/entry_points.txt
[13.458s] writing requirements to ../../build/puckPack/puckPack.egg-info/requires.txt
[13.460s] writing top-level names to ../../build/puckPack/puckPack.egg-info/top_level.txt
[13.990s] reading manifest file '../../build/puckPack/puckPack.egg-info/SOURCES.txt'
[13.994s] adding license file 'LICENSE'
[14.000s] writing manifest file '../../build/puckPack/puckPack.egg-info/SOURCES.txt'
[14.002s] running build
[14.003s] running build_py
[14.007s] copying puckPack/rpiCamera.py -> /home/asme/ros_ws/build/puckPack/build/lib/puckPack
[14.012s] running install
[14.079s] running install_lib
[14.344s] copying /home/asme/ros_ws/build/puckPack/build/lib/puckPack/rpiCamera.py -> /home/asme/ros_ws/install/puckPack/lib/python3.12/site-packages/puckPack
[14.354s] byte-compiling /home/asme/ros_ws/install/puckPack/lib/python3.12/site-packages/puckPack/rpiCamera.py to rpiCamera.cpython-312.pyc
[14.368s] running install_data
[14.369s] running install_egg_info
[14.640s] removing '/home/asme/ros_ws/install/puckPack/lib/python3.12/site-packages/puckPack-0.0.0-py3.12.egg-info' (and everything under it)
[14.645s] Copying ../../build/puckPack/puckPack.egg-info to /home/asme/ros_ws/install/puckPack/lib/python3.12/site-packages/puckPack-0.0.0-py3.12.egg-info
[14.658s] running install_scripts
[16.486s] Installing UartCommander script to /home/asme/ros_ws/install/puckPack/lib/puckPack
[16.487s] Installing choose_color script to /home/asme/ros_ws/install/puckPack/lib/puckPack
[16.490s] Installing controlPC script to /home/asme/ros_ws/install/puckPack/lib/puckPack
[16.491s] Installing mainCamera script to /home/asme/ros_ws/install/puckPack/lib/puckPack
[16.493s] Installing rpiCamera script to /home/asme/ros_ws/install/puckPack/lib/puckPack
[16.495s] Installing thinker script to /home/asme/ros_ws/install/puckPack/lib/puckPack
[16.499s] writing list of installed files to '/home/asme/ros_ws/build/puckPack/install.log'
[16.733s] Invoked command in '/home/asme/ros_ws/src/puckPack' returned '0': DEBUGINFOD_URLS=https://debuginfod.ubuntu.com PYTHONPATH=/home/asme/ros_ws/build/puckPack/prefix_override:/usr/lib/python3/dist-packages/colcon_core/task/python/colcon_distutils_commands:/home/asme/ros_ws/install/puckPack/lib/python3.12/site-packages:/home/asme/ros_ws/install/ctrl_interface/lib/python3.12/site-packages:/home/asme/ros_ws/install/puckPack/lib/python3.12/site-packages:/opt/ros/jazzy/lib/python3.12/site-packages /usr/bin/python3 -W ignore:setup.py install is deprecated setup.py egg_info --egg-base ../../build/puckPack build --build-base /home/asme/ros_ws/build/puckPack/build install --record /home/asme/ros_ws/build/puckPack/install.log --single-version-externally-managed install_data
