[9.012s] Invoking command in '/home/asme/ros_ws/src/puckPack': AMENT_PREFIX_PATH=/home/asme/ros_ws/install/ctrl_interface:${AMENT_PREFIX_PATH} CMAKE_PREFIX_PATH=/home/asme/ros_ws/install/ctrl_interface:${CMAKE_PREFIX_PATH} DEBUGINFOD_URLS=https://debuginfod.ubuntu.com LD_LIBRARY_PATH=/home/asme/ros_ws/install/ctrl_interface/lib:${LD_LIBRARY_PATH} PYTHONPATH=/home/asme/ros_ws/build/puckPack/prefix_override:/usr/lib/python3/dist-packages/colcon_core/task/python/colcon_distutils_commands:/home/asme/ros_ws/install/puckPack/lib/python3.12/site-packages:/home/asme/ros_ws/install/ctrl_interface/lib/python3.12/site-packages:${PYTHONPATH} /usr/bin/python3 -W ignore:setup.py install is deprecated setup.py egg_info --egg-base ../../build/puckPack build --build-base /home/asme/ros_ws/build/puckPack/build install --record /home/asme/ros_ws/build/puckPack/install.log --single-version-externally-managed install_data
[10.493s] running egg_info
[10.600s] writing ../../build/puckPack/puckPack.egg-info/PKG-INFO
[10.601s] writing dependency_links to ../../build/puckPack/puckPack.egg-info/dependency_links.txt
[10.603s] writing entry points to ../../build/puckPack/puckPack.egg-info/entry_points.txt
[10.604s] writing requirements to ../../build/puckPack/puckPack.egg-info/requires.txt
[10.605s] writing top-level names to ../../build/puckPack/puckPack.egg-info/top_level.txt
[10.829s] reading manifest file '../../build/puckPack/puckPack.egg-info/SOURCES.txt'
[10.831s] adding license file 'LICENSE'
[10.834s] writing manifest file '../../build/puckPack/puckPack.egg-info/SOURCES.txt'
[10.835s] running build
[10.835s] running build_py
[10.837s] running install
[10.871s] running install_lib
[10.988s] running install_data
[10.989s] running install_egg_info
[11.110s] removing '/home/asme/ros_ws/install/puckPack/lib/python3.12/site-packages/puckPack-0.0.0-py3.12.egg-info' (and everything under it)
[11.112s] Copying ../../build/puckPack/puckPack.egg-info to /home/asme/ros_ws/install/puckPack/lib/python3.12/site-packages/puckPack-0.0.0-py3.12.egg-info
[11.121s] running install_scripts
[11.933s] Installing UartCommander script to /home/asme/ros_ws/install/puckPack/lib/puckPack
[11.934s] Installing controlPC script to /home/asme/ros_ws/install/puckPack/lib/puckPack
[11.936s] writing list of installed files to '/home/asme/ros_ws/build/puckPack/install.log'
[12.104s] Invoked command in '/home/asme/ros_ws/src/puckPack' returned '0': AMENT_PREFIX_PATH=/home/asme/ros_ws/install/ctrl_interface:${AMENT_PREFIX_PATH} CMAKE_PREFIX_PATH=/home/asme/ros_ws/install/ctrl_interface:${CMAKE_PREFIX_PATH} DEBUGINFOD_URLS=https://debuginfod.ubuntu.com LD_LIBRARY_PATH=/home/asme/ros_ws/install/ctrl_interface/lib:${LD_LIBRARY_PATH} PYTHONPATH=/home/asme/ros_ws/build/puckPack/prefix_override:/usr/lib/python3/dist-packages/colcon_core/task/python/colcon_distutils_commands:/home/asme/ros_ws/install/puckPack/lib/python3.12/site-packages:/home/asme/ros_ws/install/ctrl_interface/lib/python3.12/site-packages:${PYTHONPATH} /usr/bin/python3 -W ignore:setup.py install is deprecated setup.py egg_info --egg-base ../../build/puckPack build --build-base /home/asme/ros_ws/build/puckPack/build install --record /home/asme/ros_ws/build/puckPack/install.log --single-version-externally-managed install_data
