[10.297s] Invoking command in '/home/asme/ros_ws/src/puckPack': DEBUGINFOD_URLS=https://debuginfod.ubuntu.com PYTHONPATH=/home/asme/ros_ws/build/puckPack/prefix_override:/usr/lib/python3/dist-packages/colcon_core/task/python/colcon_distutils_commands:/home/asme/ros_ws/install/puckPack/lib/python3.12/site-packages:/home/asme/ros_ws/install/ctrl_interface/lib/python3.12/site-packages:/home/asme/ros_ws/install/puckPack/lib/python3.12/site-packages:/opt/ros/jazzy/lib/python3.12/site-packages /usr/bin/python3 -W ignore:setup.py install is deprecated setup.py egg_info --egg-base ../../build/puckPack build --build-base /home/asme/ros_ws/build/puckPack/build install --record /home/asme/ros_ws/build/puckPack/install.log --single-version-externally-managed install_data
[14.598s] running egg_info
[14.944s] writing ../../build/puckPack/puckPack.egg-info/PKG-INFO
[14.945s] writing dependency_links to ../../build/puckPack/puckPack.egg-info/dependency_links.txt
[14.949s] writing entry points to ../../build/puckPack/puckPack.egg-info/entry_points.txt
[14.955s] writing requirements to ../../build/puckPack/puckPack.egg-info/requires.txt
[14.956s] writing top-level names to ../../build/puckPack/puckPack.egg-info/top_level.txt
[15.574s] reading manifest file '../../build/puckPack/puckPack.egg-info/SOURCES.txt'
[15.580s] adding license file 'LICENSE'
[15.586s] writing manifest file '../../build/puckPack/puckPack.egg-info/SOURCES.txt'
[15.587s] running build
[15.589s] running build_py
[15.592s] copying puckPack/thinker.py -> /home/asme/ros_ws/build/puckPack/build/lib/puckPack
[15.603s] running install
[15.671s] running install_lib
[15.967s] copying /home/asme/ros_ws/build/puckPack/build/lib/puckPack/thinker.py -> /home/asme/ros_ws/install/puckPack/lib/python3.12/site-packages/puckPack
[15.978s] byte-compiling /home/asme/ros_ws/install/puckPack/lib/python3.12/site-packages/puckPack/thinker.py to thinker.cpython-312.pyc
[15.996s] running install_data
[15.998s] running install_egg_info
[16.301s] removing '/home/asme/ros_ws/install/puckPack/lib/python3.12/site-packages/puckPack-0.0.0-py3.12.egg-info' (and everything under it)
[16.310s] Copying ../../build/puckPack/puckPack.egg-info to /home/asme/ros_ws/install/puckPack/lib/python3.12/site-packages/puckPack-0.0.0-py3.12.egg-info
[16.322s] running install_scripts
[18.506s] Installing UartCommander script to /home/asme/ros_ws/install/puckPack/lib/puckPack
[18.508s] Installing choose_color script to /home/asme/ros_ws/install/puckPack/lib/puckPack
[18.511s] Installing controlPC script to /home/asme/ros_ws/install/puckPack/lib/puckPack
[18.513s] Installing mainCamera script to /home/asme/ros_ws/install/puckPack/lib/puckPack
[18.515s] Installing rpiCamera script to /home/asme/ros_ws/install/puckPack/lib/puckPack
[18.517s] Installing thinker script to /home/asme/ros_ws/install/puckPack/lib/puckPack
[18.524s] writing list of installed files to '/home/asme/ros_ws/build/puckPack/install.log'
[18.771s] Invoked command in '/home/asme/ros_ws/src/puckPack' returned '0': DEBUGINFOD_URLS=https://debuginfod.ubuntu.com PYTHONPATH=/home/asme/ros_ws/build/puckPack/prefix_override:/usr/lib/python3/dist-packages/colcon_core/task/python/colcon_distutils_commands:/home/asme/ros_ws/install/puckPack/lib/python3.12/site-packages:/home/asme/ros_ws/install/ctrl_interface/lib/python3.12/site-packages:/home/asme/ros_ws/install/puckPack/lib/python3.12/site-packages:/opt/ros/jazzy/lib/python3.12/site-packages /usr/bin/python3 -W ignore:setup.py install is deprecated setup.py egg_info --egg-base ../../build/puckPack build --build-base /home/asme/ros_ws/build/puckPack/build install --record /home/asme/ros_ws/build/puckPack/install.log --single-version-externally-managed install_data
