[10.445s] Invoking command in '/home/asme/ros_ws/src/puckPack': DEBUGINFOD_URLS=https://debuginfod.ubuntu.com PYTHONPATH=/home/asme/ros_ws/build/puckPack/prefix_override:/usr/lib/python3/dist-packages/colcon_core/task/python/colcon_distutils_commands:/home/asme/ros_ws/install/puckPack/lib/python3.12/site-packages:/home/asme/ros_ws/install/ctrl_interface/lib/python3.12/site-packages:/home/asme/ros_ws/install/puckPack/lib/python3.12/site-packages:/opt/ros/jazzy/lib/python3.12/site-packages /usr/bin/python3 -W ignore:setup.py install is deprecated setup.py egg_info --egg-base ../../build/puckPack build --build-base /home/asme/ros_ws/build/puckPack/build install --record /home/asme/ros_ws/build/puckPack/install.log --single-version-externally-managed install_data
[13.649s] running egg_info
[13.902s] writing ../../build/puckPack/puckPack.egg-info/PKG-INFO
[13.906s] writing dependency_links to ../../build/puckPack/puckPack.egg-info/dependency_links.txt
[13.911s] writing entry points to ../../build/puckPack/puckPack.egg-info/entry_points.txt
[13.913s] writing requirements to ../../build/puckPack/puckPack.egg-info/requires.txt
[13.915s] writing top-level names to ../../build/puckPack/puckPack.egg-info/top_level.txt
[14.435s] reading manifest file '../../build/puckPack/puckPack.egg-info/SOURCES.txt'
[14.440s] adding license file 'LICENSE'
[14.447s] writing manifest file '../../build/puckPack/puckPack.egg-info/SOURCES.txt'
[14.448s] running build
[14.449s] running build_py
[14.460s] running install
[14.525s] running install_lib
[14.802s] running install_data
[14.803s] running install_egg_info
[15.068s] removing '/home/asme/ros_ws/install/puckPack/lib/python3.12/site-packages/puckPack-0.0.0-py3.12.egg-info' (and everything under it)
[15.072s] Copying ../../build/puckPack/puckPack.egg-info to /home/asme/ros_ws/install/puckPack/lib/python3.12/site-packages/puckPack-0.0.0-py3.12.egg-info
[15.086s] running install_scripts
[16.872s] Installing UartCommander script to /home/asme/ros_ws/install/puckPack/lib/puckPack
[16.873s] Installing choose_color script to /home/asme/ros_ws/install/puckPack/lib/puckPack
[16.876s] Installing controlPC script to /home/asme/ros_ws/install/puckPack/lib/puckPack
[16.880s] Installing mainCamera script to /home/asme/ros_ws/install/puckPack/lib/puckPack
[16.883s] Installing rpiCamera script to /home/asme/ros_ws/install/puckPack/lib/puckPack
[16.886s] Installing thinker script to /home/asme/ros_ws/install/puckPack/lib/puckPack
[16.891s] writing list of installed files to '/home/asme/ros_ws/build/puckPack/install.log'
[17.128s] Invoked command in '/home/asme/ros_ws/src/puckPack' returned '0': DEBUGINFOD_URLS=https://debuginfod.ubuntu.com PYTHONPATH=/home/asme/ros_ws/build/puckPack/prefix_override:/usr/lib/python3/dist-packages/colcon_core/task/python/colcon_distutils_commands:/home/asme/ros_ws/install/puckPack/lib/python3.12/site-packages:/home/asme/ros_ws/install/ctrl_interface/lib/python3.12/site-packages:/home/asme/ros_ws/install/puckPack/lib/python3.12/site-packages:/opt/ros/jazzy/lib/python3.12/site-packages /usr/bin/python3 -W ignore:setup.py install is deprecated setup.py egg_info --egg-base ../../build/puckPack build --build-base /home/asme/ros_ws/build/puckPack/build install --record /home/asme/ros_ws/build/puckPack/install.log --single-version-externally-managed install_data
