[  2%] Built target ctrl_interface__rosidl_generator_type_description
[  2%] Built target ament_cmake_python_copy_ctrl_interface
[  5%] Built target ctrl_interface__cpp
[ 20%] Built target ctrl_interface__rosidl_generator_c
[ 29%] Built target ctrl_interface__rosidl_typesupport_fastrtps_c
[ 38%] Built target ctrl_interface__rosidl_typesupport_fastrtps_cpp
[ 47%] Built target ctrl_interface__rosidl_typesupport_cpp
[ 55%] Built target ctrl_interface__rosidl_typesupport_c
[ 64%] Built target ctrl_interface__rosidl_typesupport_introspection_c
[ 73%] Built target ctrl_interface__rosidl_typesupport_introspection_cpp
[ 73%] Built target ctrl_interface
[ 76%] Built target ctrl_interface__py
[ 82%] Built target ctrl_interface__rosidl_generator_py
[ 88%] Built target ctrl_interface_s__rosidl_typesupport_fastrtps_c
[ 94%] Built target ctrl_interface_s__rosidl_typesupport_c
[100%] Built target ctrl_interface_s__rosidl_typesupport_introspection_c
running egg_info
writing ctrl_interface.egg-info/PKG-INFO
writing dependency_links to ctrl_interface.egg-info/dependency_links.txt
writing top-level names to ctrl_interface.egg-info/top_level.txt
reading manifest file 'ctrl_interface.egg-info/SOURCES.txt'
writing manifest file 'ctrl_interface.egg-info/SOURCES.txt'
[100%] Built target ament_cmake_python_build_ctrl_interface_egg
