[9.860s] Invoking command in '/home/asme/ros_ws/src/puckPack': DEBUGINFOD_URLS=https://debuginfod.ubuntu.com PYTHONPATH=/home/asme/ros_ws/build/puckPack/prefix_override:/usr/lib/python3/dist-packages/colcon_core/task/python/colcon_distutils_commands:/home/asme/ros_ws/install/puckPack/lib/python3.12/site-packages:/home/asme/ros_ws/install/ctrl_interface/lib/python3.12/site-packages:/home/asme/ros_ws/install/puckPack/lib/python3.12/site-packages:/opt/ros/jazzy/lib/python3.12/site-packages /usr/bin/python3 -W ignore:setup.py install is deprecated setup.py egg_info --egg-base ../../build/puckPack build --build-base /home/asme/ros_ws/build/puckPack/build install --record /home/asme/ros_ws/build/puckPack/install.log --single-version-externally-managed install_data
[13.158s] running egg_info
[13.419s] writing ../../build/puckPack/puckPack.egg-info/PKG-INFO
[13.421s] writing dependency_links to ../../build/puckPack/puckPack.egg-info/dependency_links.txt
[13.429s] writing entry points to ../../build/puckPack/puckPack.egg-info/entry_points.txt
[13.431s] writing requirements to ../../build/puckPack/puckPack.egg-info/requires.txt
[13.434s] writing top-level names to ../../build/puckPack/puckPack.egg-info/top_level.txt
[13.961s] reading manifest file '../../build/puckPack/puckPack.egg-info/SOURCES.txt'
[13.966s] adding license file 'LICENSE'
[13.972s] writing manifest file '../../build/puckPack/puckPack.egg-info/SOURCES.txt'
[13.973s] running build
[13.974s] running build_py
[13.976s] copying puckPack/thinker.py -> /home/asme/ros_ws/build/puckPack/build/lib/puckPack
[13.980s] copying puckPack/rpiCamera.py -> /home/asme/ros_ws/build/puckPack/build/lib/puckPack
[13.985s] running install
[14.054s] running install_lib
[14.342s] copying /home/asme/ros_ws/build/puckPack/build/lib/puckPack/thinker.py -> /home/asme/ros_ws/install/puckPack/lib/python3.12/site-packages/puckPack
[14.346s] copying /home/asme/ros_ws/build/puckPack/build/lib/puckPack/rpiCamera.py -> /home/asme/ros_ws/install/puckPack/lib/python3.12/site-packages/puckPack
[14.355s] byte-compiling /home/asme/ros_ws/install/puckPack/lib/python3.12/site-packages/puckPack/thinker.py to thinker.cpython-312.pyc
[14.371s] byte-compiling /home/asme/ros_ws/install/puckPack/lib/python3.12/site-packages/puckPack/rpiCamera.py to rpiCamera.cpython-312.pyc
[14.382s] running install_data
[14.384s] running install_egg_info
[14.656s] removing '/home/asme/ros_ws/install/puckPack/lib/python3.12/site-packages/puckPack-0.0.0-py3.12.egg-info' (and everything under it)
[14.661s] Copying ../../build/puckPack/puckPack.egg-info to /home/asme/ros_ws/install/puckPack/lib/python3.12/site-packages/puckPack-0.0.0-py3.12.egg-info
[14.674s] running install_scripts
[16.522s] Installing UartCommander script to /home/asme/ros_ws/install/puckPack/lib/puckPack
[16.524s] Installing choose_color script to /home/asme/ros_ws/install/puckPack/lib/puckPack
[16.527s] Installing controlPC script to /home/asme/ros_ws/install/puckPack/lib/puckPack
[16.529s] Installing mainCamera script to /home/asme/ros_ws/install/puckPack/lib/puckPack
[16.533s] Installing rpiCamera script to /home/asme/ros_ws/install/puckPack/lib/puckPack
[16.536s] Installing thinker script to /home/asme/ros_ws/install/puckPack/lib/puckPack
[16.541s] writing list of installed files to '/home/asme/ros_ws/build/puckPack/install.log'
[16.773s] Invoked command in '/home/asme/ros_ws/src/puckPack' returned '0': DEBUGINFOD_URLS=https://debuginfod.ubuntu.com PYTHONPATH=/home/asme/ros_ws/build/puckPack/prefix_override:/usr/lib/python3/dist-packages/colcon_core/task/python/colcon_distutils_commands:/home/asme/ros_ws/install/puckPack/lib/python3.12/site-packages:/home/asme/ros_ws/install/ctrl_interface/lib/python3.12/site-packages:/home/asme/ros_ws/install/puckPack/lib/python3.12/site-packages:/opt/ros/jazzy/lib/python3.12/site-packages /usr/bin/python3 -W ignore:setup.py install is deprecated setup.py egg_info --egg-base ../../build/puckPack build --build-base /home/asme/ros_ws/build/puckPack/build install --record /home/asme/ros_ws/build/puckPack/install.log --single-version-externally-managed install_data
