[0.122s] Invoking command in '/home/asme/ros_ws/build/ctrl_interface': CMAKE_PREFIX_PATH=${CMAKE_PREFIX_PATH}:/home/asme/ros_ws/install/puckPack:/opt/ros/jazzy DEBUGINFOD_URLS=https://debuginfod.ubuntu.com /usr/bin/cmake --build /home/asme/ros_ws/build/ctrl_interface -- -j4 -l4
[0.751s] [  2%] Built target ctrl_interface__rosidl_generator_type_description
[0.880s] [  2%] Built target ament_cmake_python_copy_ctrl_interface
[1.026s] [  5%] Built target ctrl_interface__cpp
[1.038s] [ 20%] Built target ctrl_interface__rosidl_generator_c
[1.356s] [ 29%] Built target ctrl_interface__rosidl_typesupport_introspection_c
[1.365s] [ 38%] Built target ctrl_interface__rosidl_typesupport_fastrtps_c
[1.401s] [ 47%] Built target ctrl_interface__rosidl_typesupport_fastrtps_cpp
[1.664s] [ 55%] Built target ctrl_interface__rosidl_typesupport_c
[1.704s] [ 64%] Built target ctrl_interface__rosidl_typesupport_introspection_cpp
[1.729s] [ 73%] Built target ctrl_interface__rosidl_typesupport_cpp
[1.987s] [ 73%] Built target ctrl_interface
[2.258s] [ 76%] Built target ctrl_interface__py
[2.547s] [ 82%] Built target ctrl_interface__rosidl_generator_py
[2.863s] [ 88%] Built target ctrl_interface_s__rosidl_typesupport_fastrtps_c
[2.868s] [ 94%] Built target ctrl_interface_s__rosidl_typesupport_introspection_c
[2.872s] [100%] Built target ctrl_interface_s__rosidl_typesupport_c
[3.667s] running egg_info
[3.922s] writing ctrl_interface.egg-info/PKG-INFO
[3.924s] writing dependency_links to ctrl_interface.egg-info/dependency_links.txt
[3.927s] writing top-level names to ctrl_interface.egg-info/top_level.txt
[4.669s] reading manifest file 'ctrl_interface.egg-info/SOURCES.txt'
[4.676s] writing manifest file 'ctrl_interface.egg-info/SOURCES.txt'
[4.945s] [100%] Built target ament_cmake_python_build_ctrl_interface_egg
[5.077s] Invoked command in '/home/asme/ros_ws/build/ctrl_interface' returned '0': CMAKE_PREFIX_PATH=${CMAKE_PREFIX_PATH}:/home/asme/ros_ws/install/puckPack:/opt/ros/jazzy DEBUGINFOD_URLS=https://debuginfod.ubuntu.com /usr/bin/cmake --build /home/asme/ros_ws/build/ctrl_interface -- -j4 -l4
[6.038s] Invoking command in '/home/asme/ros_ws/build/ctrl_interface': CMAKE_PREFIX_PATH=${CMAKE_PREFIX_PATH}:/home/asme/ros_ws/install/puckPack:/opt/ros/jazzy DEBUGINFOD_URLS=https://debuginfod.ubuntu.com /usr/bin/cmake --install /home/asme/ros_ws/build/ctrl_interface
[6.139s] -- Install configuration: ""
[6.140s] -- Up-to-date: /home/asme/ros_ws/install/ctrl_interface/share/ament_index/resource_index/rosidl_interfaces/ctrl_interface
[6.142s] -- Up-to-date: /home/asme/ros_ws/install/ctrl_interface/share/ctrl_interface/msg/CtrlInterface.json
[6.143s] -- Up-to-date: /home/asme/ros_ws/install/ctrl_interface/include/ctrl_interface/ctrl_interface
[6.144s] -- Up-to-date: /home/asme/ros_ws/install/ctrl_interface/include/ctrl_interface/ctrl_interface/msg
[6.145s] -- Up-to-date: /home/asme/ros_ws/install/ctrl_interface/include/ctrl_interface/ctrl_interface/msg/detail
[6.147s] -- Up-to-date: /home/asme/ros_ws/install/ctrl_interface/include/ctrl_interface/ctrl_interface/msg/detail/ctrl_interface__functions.c
[6.148s] -- Installing: /home/asme/ros_ws/install/ctrl_interface/include/ctrl_interface/ctrl_interface/msg/detail/ctrl_interface__type_support.c
[6.149s] -- Up-to-date: /home/asme/ros_ws/install/ctrl_interface/include/ctrl_interface/ctrl_interface/msg/detail/ctrl_interface__struct.h
[6.150s] -- Up-to-date: /home/asme/ros_ws/install/ctrl_interface/include/ctrl_interface/ctrl_interface/msg/detail/ctrl_interface__functions.h
[6.152s] -- Up-to-date: /home/asme/ros_ws/install/ctrl_interface/include/ctrl_interface/ctrl_interface/msg/detail/ctrl_interface__description.c
[6.153s] -- Up-to-date: /home/asme/ros_ws/install/ctrl_interface/include/ctrl_interface/ctrl_interface/msg/detail/ctrl_interface__type_support.h
[6.154s] -- Up-to-date: /home/asme/ros_ws/install/ctrl_interface/include/ctrl_interface/ctrl_interface/msg/ctrl_interface.h
[6.155s] -- Up-to-date: /home/asme/ros_ws/install/ctrl_interface/include/ctrl_interface/ctrl_interface/msg/rosidl_generator_c__visibility_control.h
[6.156s] -- Up-to-date: /home/asme/ros_ws/install/ctrl_interface/share/ctrl_interface/environment/library_path.sh
[6.157s] -- Up-to-date: /home/asme/ros_ws/install/ctrl_interface/share/ctrl_interface/environment/library_path.dsv
[6.158s] -- Up-to-date: /home/asme/ros_ws/install/ctrl_interface/lib/libctrl_interface__rosidl_generator_c.so
[6.160s] -- Up-to-date: /home/asme/ros_ws/install/ctrl_interface/include/ctrl_interface/ctrl_interface
[6.162s] -- Up-to-date: /home/asme/ros_ws/install/ctrl_interface/include/ctrl_interface/ctrl_interface/msg
[6.163s] -- Up-to-date: /home/asme/ros_ws/install/ctrl_interface/include/ctrl_interface/ctrl_interface/msg/rosidl_typesupport_fastrtps_c__visibility_control.h
[6.165s] -- Up-to-date: /home/asme/ros_ws/install/ctrl_interface/include/ctrl_interface/ctrl_interface/msg/detail
[6.166s] -- Up-to-date: /home/asme/ros_ws/install/ctrl_interface/include/ctrl_interface/ctrl_interface/msg/detail/ctrl_interface__rosidl_typesupport_fastrtps_c.h
[6.167s] -- Up-to-date: /home/asme/ros_ws/install/ctrl_interface/lib/libctrl_interface__rosidl_typesupport_fastrtps_c.so
[6.170s] -- Up-to-date: /home/asme/ros_ws/install/ctrl_interface/include/ctrl_interface/ctrl_interface
[6.171s] -- Up-to-date: /home/asme/ros_ws/install/ctrl_interface/include/ctrl_interface/ctrl_interface/msg
[6.173s] -- Up-to-date: /home/asme/ros_ws/install/ctrl_interface/include/ctrl_interface/ctrl_interface/msg/rosidl_generator_cpp__visibility_control.hpp
[6.174s] -- Up-to-date: /home/asme/ros_ws/install/ctrl_interface/include/ctrl_interface/ctrl_interface/msg/detail
[6.175s] -- Up-to-date: /home/asme/ros_ws/install/ctrl_interface/include/ctrl_interface/ctrl_interface/msg/detail/ctrl_interface__struct.hpp
[6.176s] -- Up-to-date: /home/asme/ros_ws/install/ctrl_interface/include/ctrl_interface/ctrl_interface/msg/detail/ctrl_interface__traits.hpp
[6.177s] -- Up-to-date: /home/asme/ros_ws/install/ctrl_interface/include/ctrl_interface/ctrl_interface/msg/detail/ctrl_interface__builder.hpp
[6.179s] -- Up-to-date: /home/asme/ros_ws/install/ctrl_interface/include/ctrl_interface/ctrl_interface/msg/detail/ctrl_interface__type_support.hpp
[6.180s] -- Up-to-date: /home/asme/ros_ws/install/ctrl_interface/include/ctrl_interface/ctrl_interface/msg/ctrl_interface.hpp
[6.181s] -- Up-to-date: /home/asme/ros_ws/install/ctrl_interface/include/ctrl_interface/ctrl_interface
[6.182s] -- Up-to-date: /home/asme/ros_ws/install/ctrl_interface/include/ctrl_interface/ctrl_interface/msg
[6.183s] -- Up-to-date: /home/asme/ros_ws/install/ctrl_interface/include/ctrl_interface/ctrl_interface/msg/rosidl_typesupport_fastrtps_cpp__visibility_control.h
[6.184s] -- Up-to-date: /home/asme/ros_ws/install/ctrl_interface/include/ctrl_interface/ctrl_interface/msg/detail
[6.186s] -- Up-to-date: /home/asme/ros_ws/install/ctrl_interface/include/ctrl_interface/ctrl_interface/msg/detail/dds_fastrtps
[6.187s] -- Up-to-date: /home/asme/ros_ws/install/ctrl_interface/include/ctrl_interface/ctrl_interface/msg/detail/ctrl_interface__rosidl_typesupport_fastrtps_cpp.hpp
[6.188s] -- Up-to-date: /home/asme/ros_ws/install/ctrl_interface/lib/libctrl_interface__rosidl_typesupport_fastrtps_cpp.so
[6.189s] -- Up-to-date: /home/asme/ros_ws/install/ctrl_interface/include/ctrl_interface/ctrl_interface
[6.190s] -- Up-to-date: /home/asme/ros_ws/install/ctrl_interface/include/ctrl_interface/ctrl_interface/msg
[6.191s] -- Up-to-date: /home/asme/ros_ws/install/ctrl_interface/include/ctrl_interface/ctrl_interface/msg/rosidl_typesupport_introspection_c__visibility_control.h
[6.193s] -- Up-to-date: /home/asme/ros_ws/install/ctrl_interface/include/ctrl_interface/ctrl_interface/msg/detail
[6.194s] -- Installing: /home/asme/ros_ws/install/ctrl_interface/include/ctrl_interface/ctrl_interface/msg/detail/ctrl_interface__type_support.c
[6.195s] -- Up-to-date: /home/asme/ros_ws/install/ctrl_interface/include/ctrl_interface/ctrl_interface/msg/detail/ctrl_interface__rosidl_typesupport_introspection_c.h
[6.198s] -- Up-to-date: /home/asme/ros_ws/install/ctrl_interface/lib/libctrl_interface__rosidl_typesupport_introspection_c.so
[6.203s] -- Up-to-date: /home/asme/ros_ws/install/ctrl_interface/lib/libctrl_interface__rosidl_typesupport_c.so
[6.206s] -- Up-to-date: /home/asme/ros_ws/install/ctrl_interface/include/ctrl_interface/ctrl_interface
[6.207s] -- Up-to-date: /home/asme/ros_ws/install/ctrl_interface/include/ctrl_interface/ctrl_interface/msg
[6.208s] -- Up-to-date: /home/asme/ros_ws/install/ctrl_interface/include/ctrl_interface/ctrl_interface/msg/detail
[6.210s] -- Up-to-date: /home/asme/ros_ws/install/ctrl_interface/include/ctrl_interface/ctrl_interface/msg/detail/ctrl_interface__rosidl_typesupport_introspection_cpp.hpp
[6.211s] -- Up-to-date: /home/asme/ros_ws/install/ctrl_interface/include/ctrl_interface/ctrl_interface/msg/detail/ctrl_interface__type_support.cpp
[6.213s] -- Up-to-date: /home/asme/ros_ws/install/ctrl_interface/lib/libctrl_interface__rosidl_typesupport_introspection_cpp.so
[6.217s] -- Up-to-date: /home/asme/ros_ws/install/ctrl_interface/lib/libctrl_interface__rosidl_typesupport_cpp.so
[6.220s] -- Up-to-date: /home/asme/ros_ws/install/ctrl_interface/share/ctrl_interface/environment/pythonpath.sh
[6.221s] -- Up-to-date: /home/asme/ros_ws/install/ctrl_interface/share/ctrl_interface/environment/pythonpath.dsv
[6.223s] -- Up-to-date: /home/asme/ros_ws/install/ctrl_interface/lib/python3.12/site-packages/ctrl_interface-0.0.0-py3.12.egg-info
[6.224s] -- Installing: /home/asme/ros_ws/install/ctrl_interface/lib/python3.12/site-packages/ctrl_interface-0.0.0-py3.12.egg-info/SOURCES.txt
[6.226s] -- Installing: /home/asme/ros_ws/install/ctrl_interface/lib/python3.12/site-packages/ctrl_interface-0.0.0-py3.12.egg-info/top_level.txt
[6.229s] -- Installing: /home/asme/ros_ws/install/ctrl_interface/lib/python3.12/site-packages/ctrl_interface-0.0.0-py3.12.egg-info/PKG-INFO
[6.232s] -- Installing: /home/asme/ros_ws/install/ctrl_interface/lib/python3.12/site-packages/ctrl_interface-0.0.0-py3.12.egg-info/dependency_links.txt
[6.235s] -- Up-to-date: /home/asme/ros_ws/install/ctrl_interface/lib/python3.12/site-packages/ctrl_interface
[6.236s] -- Up-to-date: /home/asme/ros_ws/install/ctrl_interface/lib/python3.12/site-packages/ctrl_interface/__init__.py
[6.238s] -- Up-to-date: /home/asme/ros_ws/install/ctrl_interface/lib/python3.12/site-packages/ctrl_interface/msg
[6.239s] -- Up-to-date: /home/asme/ros_ws/install/ctrl_interface/lib/python3.12/site-packages/ctrl_interface/msg/_ctrl_interface.py
[6.240s] -- Up-to-date: /home/asme/ros_ws/install/ctrl_interface/lib/python3.12/site-packages/ctrl_interface/msg/__init__.py
[6.241s] -- Up-to-date: /home/asme/ros_ws/install/ctrl_interface/lib/python3.12/site-packages/ctrl_interface/msg/_ctrl_interface_s.c
[6.242s] -- Up-to-date: /home/asme/ros_ws/install/ctrl_interface/lib/python3.12/site-packages/ctrl_interface/ctrl_interface_s__rosidl_typesupport_introspection_c.so
[6.244s] -- Up-to-date: /home/asme/ros_ws/install/ctrl_interface/lib/python3.12/site-packages/ctrl_interface/ctrl_interface_s__rosidl_typesupport_fastrtps_c.so
[6.245s] -- Up-to-date: /home/asme/ros_ws/install/ctrl_interface/lib/python3.12/site-packages/ctrl_interface/ctrl_interface_s__rosidl_typesupport_c.so
[6.246s] -- Up-to-date: /home/asme/ros_ws/install/ctrl_interface/lib/python3.12/site-packages/ctrl_interface/_ctrl_interface_s.ep.rosidl_typesupport_c.c
[6.247s] -- Up-to-date: /home/asme/ros_ws/install/ctrl_interface/lib/python3.12/site-packages/ctrl_interface/_ctrl_interface_s.ep.rosidl_typesupport_introspection_c.c
[6.248s] -- Up-to-date: /home/asme/ros_ws/install/ctrl_interface/lib/python3.12/site-packages/ctrl_interface/_ctrl_interface_s.ep.rosidl_typesupport_fastrtps_c.c
[6.636s] Listing '/home/asme/ros_ws/install/ctrl_interface/lib/python3.12/site-packages/ctrl_interface'...
[6.637s] Listing '/home/asme/ros_ws/install/ctrl_interface/lib/python3.12/site-packages/ctrl_interface/msg'...
[6.690s] -- Up-to-date: /home/asme/ros_ws/install/ctrl_interface/lib/python3.12/site-packages/ctrl_interface/ctrl_interface_s__rosidl_typesupport_fastrtps_c.so
[6.696s] -- Up-to-date: /home/asme/ros_ws/install/ctrl_interface/lib/python3.12/site-packages/ctrl_interface/ctrl_interface_s__rosidl_typesupport_introspection_c.so
[6.701s] -- Up-to-date: /home/asme/ros_ws/install/ctrl_interface/lib/python3.12/site-packages/ctrl_interface/ctrl_interface_s__rosidl_typesupport_c.so
[6.706s] -- Up-to-date: /home/asme/ros_ws/install/ctrl_interface/lib/libctrl_interface__rosidl_generator_py.so
[6.709s] -- Up-to-date: /home/asme/ros_ws/install/ctrl_interface/share/ctrl_interface/msg/CtrlInterface.idl
[6.710s] -- Up-to-date: /home/asme/ros_ws/install/ctrl_interface/share/ctrl_interface/msg/CtrlInterface.msg
[6.712s] -- Up-to-date: /home/asme/ros_ws/install/ctrl_interface/share/ament_index/resource_index/package_run_dependencies/ctrl_interface
[6.713s] -- Up-to-date: /home/asme/ros_ws/install/ctrl_interface/share/ament_index/resource_index/parent_prefix_path/ctrl_interface
[6.714s] -- Up-to-date: /home/asme/ros_ws/install/ctrl_interface/share/ctrl_interface/environment/ament_prefix_path.sh
[6.716s] -- Up-to-date: /home/asme/ros_ws/install/ctrl_interface/share/ctrl_interface/environment/ament_prefix_path.dsv
[6.717s] -- Up-to-date: /home/asme/ros_ws/install/ctrl_interface/share/ctrl_interface/environment/path.sh
[6.718s] -- Up-to-date: /home/asme/ros_ws/install/ctrl_interface/share/ctrl_interface/environment/path.dsv
[6.720s] -- Up-to-date: /home/asme/ros_ws/install/ctrl_interface/share/ctrl_interface/local_setup.bash
[6.721s] -- Up-to-date: /home/asme/ros_ws/install/ctrl_interface/share/ctrl_interface/local_setup.sh
[6.722s] -- Up-to-date: /home/asme/ros_ws/install/ctrl_interface/share/ctrl_interface/local_setup.zsh
[6.723s] -- Up-to-date: /home/asme/ros_ws/install/ctrl_interface/share/ctrl_interface/local_setup.dsv
[6.724s] -- Installing: /home/asme/ros_ws/install/ctrl_interface/share/ctrl_interface/package.dsv
[6.726s] -- Up-to-date: /home/asme/ros_ws/install/ctrl_interface/share/ament_index/resource_index/packages/ctrl_interface
[6.727s] -- Up-to-date: /home/asme/ros_ws/install/ctrl_interface/share/ctrl_interface/cmake/export_ctrl_interface__rosidl_generator_cExport.cmake
[6.728s] -- Up-to-date: /home/asme/ros_ws/install/ctrl_interface/share/ctrl_interface/cmake/export_ctrl_interface__rosidl_generator_cExport-noconfig.cmake
[6.729s] -- Up-to-date: /home/asme/ros_ws/install/ctrl_interface/share/ctrl_interface/cmake/export_ctrl_interface__rosidl_typesupport_fastrtps_cExport.cmake
[6.730s] -- Up-to-date: /home/asme/ros_ws/install/ctrl_interface/share/ctrl_interface/cmake/export_ctrl_interface__rosidl_typesupport_fastrtps_cExport-noconfig.cmake
[6.732s] -- Up-to-date: /home/asme/ros_ws/install/ctrl_interface/share/ctrl_interface/cmake/export_ctrl_interface__rosidl_generator_cppExport.cmake
[6.734s] -- Up-to-date: /home/asme/ros_ws/install/ctrl_interface/share/ctrl_interface/cmake/export_ctrl_interface__rosidl_typesupport_fastrtps_cppExport.cmake
[6.735s] -- Up-to-date: /home/asme/ros_ws/install/ctrl_interface/share/ctrl_interface/cmake/export_ctrl_interface__rosidl_typesupport_fastrtps_cppExport-noconfig.cmake
[6.737s] -- Up-to-date: /home/asme/ros_ws/install/ctrl_interface/share/ctrl_interface/cmake/ctrl_interface__rosidl_typesupport_introspection_cExport.cmake
[6.738s] -- Up-to-date: /home/asme/ros_ws/install/ctrl_interface/share/ctrl_interface/cmake/ctrl_interface__rosidl_typesupport_introspection_cExport-noconfig.cmake
[6.740s] -- Up-to-date: /home/asme/ros_ws/install/ctrl_interface/share/ctrl_interface/cmake/ctrl_interface__rosidl_typesupport_cExport.cmake
[6.742s] -- Up-to-date: /home/asme/ros_ws/install/ctrl_interface/share/ctrl_interface/cmake/ctrl_interface__rosidl_typesupport_cExport-noconfig.cmake
[6.743s] -- Up-to-date: /home/asme/ros_ws/install/ctrl_interface/share/ctrl_interface/cmake/ctrl_interface__rosidl_typesupport_introspection_cppExport.cmake
[6.745s] -- Up-to-date: /home/asme/ros_ws/install/ctrl_interface/share/ctrl_interface/cmake/ctrl_interface__rosidl_typesupport_introspection_cppExport-noconfig.cmake
[6.746s] -- Up-to-date: /home/asme/ros_ws/install/ctrl_interface/share/ctrl_interface/cmake/ctrl_interface__rosidl_typesupport_cppExport.cmake
[6.748s] -- Up-to-date: /home/asme/ros_ws/install/ctrl_interface/share/ctrl_interface/cmake/ctrl_interface__rosidl_typesupport_cppExport-noconfig.cmake
[6.750s] -- Up-to-date: /home/asme/ros_ws/install/ctrl_interface/share/ctrl_interface/cmake/export_ctrl_interface__rosidl_generator_pyExport.cmake
[6.751s] -- Up-to-date: /home/asme/ros_ws/install/ctrl_interface/share/ctrl_interface/cmake/export_ctrl_interface__rosidl_generator_pyExport-noconfig.cmake
[6.752s] -- Up-to-date: /home/asme/ros_ws/install/ctrl_interface/share/ctrl_interface/cmake/rosidl_cmake-extras.cmake
[6.754s] -- Up-to-date: /home/asme/ros_ws/install/ctrl_interface/share/ctrl_interface/cmake/ament_cmake_export_dependencies-extras.cmake
[6.755s] -- Up-to-date: /home/asme/ros_ws/install/ctrl_interface/share/ctrl_interface/cmake/ament_cmake_export_include_directories-extras.cmake
[6.756s] -- Up-to-date: /home/asme/ros_ws/install/ctrl_interface/share/ctrl_interface/cmake/ament_cmake_export_libraries-extras.cmake
[6.757s] -- Up-to-date: /home/asme/ros_ws/install/ctrl_interface/share/ctrl_interface/cmake/ament_cmake_export_targets-extras.cmake
[6.759s] -- Up-to-date: /home/asme/ros_ws/install/ctrl_interface/share/ctrl_interface/cmake/rosidl_cmake_export_typesupport_targets-extras.cmake
[6.760s] -- Up-to-date: /home/asme/ros_ws/install/ctrl_interface/share/ctrl_interface/cmake/rosidl_cmake_export_typesupport_libraries-extras.cmake
[6.761s] -- Up-to-date: /home/asme/ros_ws/install/ctrl_interface/share/ctrl_interface/cmake/ctrl_interfaceConfig.cmake
[6.762s] -- Up-to-date: /home/asme/ros_ws/install/ctrl_interface/share/ctrl_interface/cmake/ctrl_interfaceConfig-version.cmake
[6.763s] -- Up-to-date: /home/asme/ros_ws/install/ctrl_interface/share/ctrl_interface/package.xml
[6.777s] Invoked command in '/home/asme/ros_ws/build/ctrl_interface' returned '0': CMAKE_PREFIX_PATH=${CMAKE_PREFIX_PATH}:/home/asme/ros_ws/install/puckPack:/opt/ros/jazzy DEBUGINFOD_URLS=https://debuginfod.ubuntu.com /usr/bin/cmake --install /home/asme/ros_ws/build/ctrl_interface
