[10.043s] Invoking command in '/home/asme/ros_ws/src/puckPack': DEBUGINFOD_URLS=https://debuginfod.ubuntu.com PYTHONPATH=/home/asme/ros_ws/build/puckPack/prefix_override:/usr/lib/python3/dist-packages/colcon_core/task/python/colcon_distutils_commands:/home/asme/ros_ws/install/puckPack/lib/python3.12/site-packages:/home/asme/ros_ws/install/ctrl_interface/lib/python3.12/site-packages:/home/asme/ros_ws/install/puckPack/lib/python3.12/site-packages:/opt/ros/jazzy/lib/python3.12/site-packages /usr/bin/python3 -W ignore:setup.py install is deprecated setup.py egg_info --egg-base ../../build/puckPack build --build-base /home/asme/ros_ws/build/puckPack/build install --record /home/asme/ros_ws/build/puckPack/install.log --single-version-externally-managed install_data
[13.443s] running egg_info
[13.706s] writing ../../build/puckPack/puckPack.egg-info/PKG-INFO
[13.708s] writing dependency_links to ../../build/puckPack/puckPack.egg-info/dependency_links.txt
[13.711s] writing entry points to ../../build/puckPack/puckPack.egg-info/entry_points.txt
[13.713s] writing requirements to ../../build/puckPack/puckPack.egg-info/requires.txt
[13.714s] writing top-level names to ../../build/puckPack/puckPack.egg-info/top_level.txt
[14.249s] reading manifest file '../../build/puckPack/puckPack.egg-info/SOURCES.txt'
[14.254s] adding license file 'LICENSE'
[14.261s] writing manifest file '../../build/puckPack/puckPack.egg-info/SOURCES.txt'
[14.263s] running build
[14.264s] running build_py
[14.266s] copying puckPack/thinker.py -> /home/asme/ros_ws/build/puckPack/build/lib/puckPack
[14.273s] running install
[14.343s] running install_lib
[14.611s] copying /home/asme/ros_ws/build/puckPack/build/lib/puckPack/thinker.py -> /home/asme/ros_ws/install/puckPack/lib/python3.12/site-packages/puckPack
[14.622s] byte-compiling /home/asme/ros_ws/install/puckPack/lib/python3.12/site-packages/puckPack/thinker.py to thinker.cpython-312.pyc
[14.642s] running install_data
[14.644s] running install_egg_info
[14.919s] removing '/home/asme/ros_ws/install/puckPack/lib/python3.12/site-packages/puckPack-0.0.0-py3.12.egg-info' (and everything under it)
[14.923s] Copying ../../build/puckPack/puckPack.egg-info to /home/asme/ros_ws/install/puckPack/lib/python3.12/site-packages/puckPack-0.0.0-py3.12.egg-info
[14.938s] running install_scripts
[16.852s] Installing UartCommander script to /home/asme/ros_ws/install/puckPack/lib/puckPack
[16.853s] Installing choose_color script to /home/asme/ros_ws/install/puckPack/lib/puckPack
[16.855s] Installing controlPC script to /home/asme/ros_ws/install/puckPack/lib/puckPack
[16.861s] Installing mainCamera script to /home/asme/ros_ws/install/puckPack/lib/puckPack
[16.864s] Installing rpiCamera script to /home/asme/ros_ws/install/puckPack/lib/puckPack
[16.866s] Installing thinker script to /home/asme/ros_ws/install/puckPack/lib/puckPack
[16.871s] writing list of installed files to '/home/asme/ros_ws/build/puckPack/install.log'
[17.117s] Invoked command in '/home/asme/ros_ws/src/puckPack' returned '0': DEBUGINFOD_URLS=https://debuginfod.ubuntu.com PYTHONPATH=/home/asme/ros_ws/build/puckPack/prefix_override:/usr/lib/python3/dist-packages/colcon_core/task/python/colcon_distutils_commands:/home/asme/ros_ws/install/puckPack/lib/python3.12/site-packages:/home/asme/ros_ws/install/ctrl_interface/lib/python3.12/site-packages:/home/asme/ros_ws/install/puckPack/lib/python3.12/site-packages:/opt/ros/jazzy/lib/python3.12/site-packages /usr/bin/python3 -W ignore:setup.py install is deprecated setup.py egg_info --egg-base ../../build/puckPack build --build-base /home/asme/ros_ws/build/puckPack/build install --record /home/asme/ros_ws/build/puckPack/install.log --single-version-externally-managed install_data
