[9.538s] Invoking command in '/home/asme/ros_ws/src/puckPack': DEBUGINFOD_URLS=https://debuginfod.ubuntu.com PYTHONPATH=/home/asme/ros_ws/build/puckPack/prefix_override:/usr/lib/python3/dist-packages/colcon_core/task/python/colcon_distutils_commands:/home/asme/ros_ws/install/puckPack/lib/python3.12/site-packages:/home/asme/ros_ws/install/ctrl_interface/lib/python3.12/site-packages:/home/asme/ros_ws/install/puckPack/lib/python3.12/site-packages:/opt/ros/jazzy/lib/python3.12/site-packages /usr/bin/python3 -W ignore:setup.py install is deprecated setup.py egg_info --egg-base ../../build/puckPack build --build-base /home/asme/ros_ws/build/puckPack/build install --record /home/asme/ros_ws/build/puckPack/install.log --single-version-externally-managed install_data
[12.701s] running egg_info
[12.703s] creating ../../build/puckPack/puckPack.egg-info
[12.947s] writing ../../build/puckPack/puckPack.egg-info/PKG-INFO
[12.949s] writing dependency_links to ../../build/puckPack/puckPack.egg-info/dependency_links.txt
[12.951s] writing entry points to ../../build/puckPack/puckPack.egg-info/entry_points.txt
[12.953s] writing requirements to ../../build/puckPack/puckPack.egg-info/requires.txt
[12.954s] writing top-level names to ../../build/puckPack/puckPack.egg-info/top_level.txt
[12.956s] writing manifest file '../../build/puckPack/puckPack.egg-info/SOURCES.txt'
[13.454s] reading manifest file '../../build/puckPack/puckPack.egg-info/SOURCES.txt'
[13.457s] adding license file 'LICENSE'
[13.462s] writing manifest file '../../build/puckPack/puckPack.egg-info/SOURCES.txt'
[13.464s] running build
[13.465s] running build_py
[13.467s] creating /home/asme/ros_ws/build/puckPack/build
[13.468s] creating /home/asme/ros_ws/build/puckPack/build/lib
[13.469s] creating /home/asme/ros_ws/build/puckPack/build/lib/puckPack
[13.471s] copying puckPack/__init__.py -> /home/asme/ros_ws/build/puckPack/build/lib/puckPack
[13.472s] copying puckPack/thinker.py -> /home/asme/ros_ws/build/puckPack/build/lib/puckPack
[13.473s] copying puckPack/mainCamera.py -> /home/asme/ros_ws/build/puckPack/build/lib/puckPack
[13.475s] copying puckPack/choose_color.py -> /home/asme/ros_ws/build/puckPack/build/lib/puckPack
[13.478s] copying puckPack/rpiCamera.py -> /home/asme/ros_ws/build/puckPack/build/lib/puckPack
[13.481s] copying puckPack/controlPC.py -> /home/asme/ros_ws/build/puckPack/build/lib/puckPack
[13.484s] copying puckPack/calibration.py -> /home/asme/ros_ws/build/puckPack/build/lib/puckPack
[13.487s] copying puckPack/UartCommander.py -> /home/asme/ros_ws/build/puckPack/build/lib/puckPack
[13.491s] running install
[13.557s] running install_lib
[13.808s] creating /home/asme/ros_ws/install/puckPack/lib/python3.12/site-packages/puckPack
[13.810s] copying /home/asme/ros_ws/build/puckPack/build/lib/puckPack/__init__.py -> /home/asme/ros_ws/install/puckPack/lib/python3.12/site-packages/puckPack
[13.811s] copying /home/asme/ros_ws/build/puckPack/build/lib/puckPack/thinker.py -> /home/asme/ros_ws/install/puckPack/lib/python3.12/site-packages/puckPack
[13.813s] copying /home/asme/ros_ws/build/puckPack/build/lib/puckPack/mainCamera.py -> /home/asme/ros_ws/install/puckPack/lib/python3.12/site-packages/puckPack
[13.815s] copying /home/asme/ros_ws/build/puckPack/build/lib/puckPack/choose_color.py -> /home/asme/ros_ws/install/puckPack/lib/python3.12/site-packages/puckPack
[13.817s] copying /home/asme/ros_ws/build/puckPack/build/lib/puckPack/rpiCamera.py -> /home/asme/ros_ws/install/puckPack/lib/python3.12/site-packages/puckPack
[13.819s] copying /home/asme/ros_ws/build/puckPack/build/lib/puckPack/controlPC.py -> /home/asme/ros_ws/install/puckPack/lib/python3.12/site-packages/puckPack
[13.821s] copying /home/asme/ros_ws/build/puckPack/build/lib/puckPack/calibration.py -> /home/asme/ros_ws/install/puckPack/lib/python3.12/site-packages/puckPack
[13.823s] copying /home/asme/ros_ws/build/puckPack/build/lib/puckPack/UartCommander.py -> /home/asme/ros_ws/install/puckPack/lib/python3.12/site-packages/puckPack
[13.828s] byte-compiling /home/asme/ros_ws/install/puckPack/lib/python3.12/site-packages/puckPack/__init__.py to __init__.cpython-312.pyc
[13.831s] byte-compiling /home/asme/ros_ws/install/puckPack/lib/python3.12/site-packages/puckPack/thinker.py to thinker.cpython-312.pyc
[13.848s] byte-compiling /home/asme/ros_ws/install/puckPack/lib/python3.12/site-packages/puckPack/mainCamera.py to mainCamera.cpython-312.pyc
[13.860s] byte-compiling /home/asme/ros_ws/install/puckPack/lib/python3.12/site-packages/puckPack/choose_color.py to choose_color.cpython-312.pyc
[13.867s] byte-compiling /home/asme/ros_ws/install/puckPack/lib/python3.12/site-packages/puckPack/rpiCamera.py to rpiCamera.cpython-312.pyc
[13.877s] byte-compiling /home/asme/ros_ws/install/puckPack/lib/python3.12/site-packages/puckPack/controlPC.py to controlPC.cpython-312.pyc
[13.886s] byte-compiling /home/asme/ros_ws/install/puckPack/lib/python3.12/site-packages/puckPack/calibration.py to calibration.cpython-312.pyc
[13.892s] byte-compiling /home/asme/ros_ws/install/puckPack/lib/python3.12/site-packages/puckPack/UartCommander.py to UartCommander.cpython-312.pyc
[13.905s] running install_data
[13.907s] creating /home/asme/ros_ws/install/puckPack/share/ament_index
[13.908s] creating /home/asme/ros_ws/install/puckPack/share/ament_index/resource_index
[13.909s] creating /home/asme/ros_ws/install/puckPack/share/ament_index/resource_index/packages
[13.911s] copying resource/puckPack -> /home/asme/ros_ws/install/puckPack/share/ament_index/resource_index/packages
[13.912s] copying package.xml -> /home/asme/ros_ws/install/puckPack/share/puckPack
[13.913s] running install_egg_info
[14.171s] Copying ../../build/puckPack/puckPack.egg-info to /home/asme/ros_ws/install/puckPack/lib/python3.12/site-packages/puckPack-0.0.0-py3.12.egg-info
[14.185s] running install_scripts
[15.968s] Installing UartCommander script to /home/asme/ros_ws/install/puckPack/lib/puckPack
[15.970s] Installing choose_color script to /home/asme/ros_ws/install/puckPack/lib/puckPack
[15.971s] Installing controlPC script to /home/asme/ros_ws/install/puckPack/lib/puckPack
[15.972s] Installing mainCamera script to /home/asme/ros_ws/install/puckPack/lib/puckPack
[15.974s] Installing rpiCamera script to /home/asme/ros_ws/install/puckPack/lib/puckPack
[15.975s] Installing thinker script to /home/asme/ros_ws/install/puckPack/lib/puckPack
[15.979s] writing list of installed files to '/home/asme/ros_ws/build/puckPack/install.log'
[16.215s] Invoked command in '/home/asme/ros_ws/src/puckPack' returned '0': DEBUGINFOD_URLS=https://debuginfod.ubuntu.com PYTHONPATH=/home/asme/ros_ws/build/puckPack/prefix_override:/usr/lib/python3/dist-packages/colcon_core/task/python/colcon_distutils_commands:/home/asme/ros_ws/install/puckPack/lib/python3.12/site-packages:/home/asme/ros_ws/install/ctrl_interface/lib/python3.12/site-packages:/home/asme/ros_ws/install/puckPack/lib/python3.12/site-packages:/opt/ros/jazzy/lib/python3.12/site-packages /usr/bin/python3 -W ignore:setup.py install is deprecated setup.py egg_info --egg-base ../../build/puckPack build --build-base /home/asme/ros_ws/build/puckPack/build install --record /home/asme/ros_ws/build/puckPack/install.log --single-version-externally-managed install_data
