-- The C compiler identification is GNU 13.2.0
-- The CXX compiler identification is GNU 13.2.0
-- Detecting C compiler ABI info
-- Detecting C compiler ABI info - done
-- Check for working C compiler: /usr/bin/cc - skipped
-- Detecting C compile features
-- Detecting C compile features - done
-- Detecting CXX compiler ABI info
-- Detecting CXX compiler ABI info - done
-- Check for working CXX compiler: /usr/bin/c++ - skipped
-- Detecting CXX compile features
-- Detecting CXX compile features - done
-- Found ament_cmake: 2.5.2 (/opt/ros/jazzy/share/ament_cmake/cmake)
-- Found Python3: /usr/bin/python3 (found version "3.12.3") found components: Interpreter 
-- Found geometry_msgs: 5.3.5 (/opt/ros/jazzy/share/geometry_msgs/cmake)
-- Found rosidl_generator_c: 4.6.3 (/opt/ros/jazzy/share/rosidl_generator_c/cmake)
-- Found rosidl_generator_cpp: 4.6.3 (/opt/ros/jazzy/share/rosidl_generator_cpp/cmake)
-- Using all available rosidl_typesupport_c: rosidl_typesupport_fastrtps_c;rosidl_typesupport_introspection_c
-- Using all available rosidl_typesupport_cpp: rosidl_typesupport_fastrtps_cpp;rosidl_typesupport_introspection_cpp
-- Found rosidl_default_generators: 1.6.0 (/opt/ros/jazzy/share/rosidl_default_generators/cmake)
-- Found rosidl_adapter: 4.6.3 (/opt/ros/jazzy/share/rosidl_adapter/cmake)
[31mCMake Error at /opt/ros/jazzy/share/rosidl_adapter/cmake/rosidl_adapt_interfaces.cmake:57 (message):
  execute_process(/usr/bin/python3 -m rosidl_adapter --package-name
  ctrl_interface --arguments-file
  /home/asme/ros_ws/build/ctrl_interface/rosidl_adapter__arguments__ctrl_interface.json
  --output-dir
  /home/asme/ros_ws/build/ctrl_interface/rosidl_adapter/ctrl_interface
  --output-file
  /home/asme/ros_ws/build/ctrl_interface/rosidl_adapter/ctrl_interface.idls)
  returned error code 1:

  Error processing 'int64 R_motor' of 'ctrl_interface/ctrl_interface':
  ''R_motor' is an invalid field name.  It should have the pattern
  '^(?!.*__)(?!.*_$)[a-z][a-z0-9_]*$''

  Traceback (most recent call last):

    File "<frozen runpy>", line 198, in _run_module_as_main
    File "<frozen runpy>", line 88, in _run_code
    File "/opt/ros/jazzy/lib/python3.12/site-packages/rosidl_adapter/__main__.py", line 19, in <module>
      sys.exit(main())
               ^^^^^^
    File "/opt/ros/jazzy/lib/python3.12/site-packages/rosidl_adapter/main.py", line 53, in main
      abs_idl_file = convert_to_idl(
                     ^^^^^^^^^^^^^^^
    File "/opt/ros/jazzy/lib/python3.12/site-packages/rosidl_adapter/__init__.py", line 19, in convert_to_idl
      return convert_msg_to_idl(
             ^^^^^^^^^^^^^^^^^^^
    File "/opt/ros/jazzy/lib/python3.12/site-packages/rosidl_adapter/msg/__init__.py", line 28, in convert_msg_to_idl
      msg = parse_message_string(package_name, input_file.stem, content)
            ^^^^^^^^^^^^^^^^^^^^^^^^^^^^^^^^^^^^^^^^^^^^^^^^^^^^^^^^^^^^
    File "/opt/ros/jazzy/lib/python3.12/site-packages/rosidl_adapter/parser.py", line 520, in parse_message_string
      fields.append(Field(
                    ^^^^^^
    File "/opt/ros/jazzy/lib/python3.12/site-packages/rosidl_adapter/parser.py", line 355, in __init__
      raise NameError(

  NameError: 'R_motor' is an invalid field name.  It should have the pattern
  '^(?!.*__)(?!.*_$)[a-z][a-z0-9_]*$'

Call Stack (most recent call first):
  /opt/ros/jazzy/share/rosidl_cmake/cmake/rosidl_generate_interfaces.cmake:132 (rosidl_adapt_interfaces)
  CMakeLists.txt:16 (rosidl_generate_interfaces)

[0m
-- Configuring incomplete, errors occurred!
