[10.129s] Invoking command in '/home/asme/ros_ws/src/puckPack': DEBUGINFOD_URLS=https://debuginfod.ubuntu.com PYTHONPATH=/home/asme/ros_ws/build/puckPack/prefix_override:/usr/lib/python3/dist-packages/colcon_core/task/python/colcon_distutils_commands:/home/asme/ros_ws/install/puckPack/lib/python3.12/site-packages:/home/asme/ros_ws/install/ctrl_interface/lib/python3.12/site-packages:/home/asme/ros_ws/install/puckPack/lib/python3.12/site-packages:/opt/ros/jazzy/lib/python3.12/site-packages /usr/bin/python3 -W ignore:setup.py install is deprecated setup.py egg_info --egg-base ../../build/puckPack build --build-base /home/asme/ros_ws/build/puckPack/build install --record /home/asme/ros_ws/build/puckPack/install.log --single-version-externally-managed install_data
[13.462s] running egg_info
[13.746s] writing ../../build/puckPack/puckPack.egg-info/PKG-INFO
[13.752s] writing dependency_links to ../../build/puckPack/puckPack.egg-info/dependency_links.txt
[13.755s] writing entry points to ../../build/puckPack/puckPack.egg-info/entry_points.txt
[13.757s] writing requirements to ../../build/puckPack/puckPack.egg-info/requires.txt
[13.758s] writing top-level names to ../../build/puckPack/puckPack.egg-info/top_level.txt
[14.299s] reading manifest file '../../build/puckPack/puckPack.egg-info/SOURCES.txt'
[14.304s] adding license file 'LICENSE'
[14.310s] writing manifest file '../../build/puckPack/puckPack.egg-info/SOURCES.txt'
[14.312s] running build
[14.313s] running build_py
[14.315s] copying puckPack/thinker.py -> /home/asme/ros_ws/build/puckPack/build/lib/puckPack
[14.323s] running install
[14.393s] running install_lib
[14.659s] copying /home/asme/ros_ws/build/puckPack/build/lib/puckPack/thinker.py -> /home/asme/ros_ws/install/puckPack/lib/python3.12/site-packages/puckPack
[14.669s] byte-compiling /home/asme/ros_ws/install/puckPack/lib/python3.12/site-packages/puckPack/thinker.py to thinker.cpython-312.pyc
[14.685s] running install_data
[14.687s] running install_egg_info
[14.974s] removing '/home/asme/ros_ws/install/puckPack/lib/python3.12/site-packages/puckPack-0.0.0-py3.12.egg-info' (and everything under it)
[14.979s] Copying ../../build/puckPack/puckPack.egg-info to /home/asme/ros_ws/install/puckPack/lib/python3.12/site-packages/puckPack-0.0.0-py3.12.egg-info
[14.993s] running install_scripts
[17.450s] Installing UartCommander script to /home/asme/ros_ws/install/puckPack/lib/puckPack
[17.457s] Installing choose_color script to /home/asme/ros_ws/install/puckPack/lib/puckPack
[17.460s] Installing controlPC script to /home/asme/ros_ws/install/puckPack/lib/puckPack
[17.465s] Installing mainCamera script to /home/asme/ros_ws/install/puckPack/lib/puckPack
[17.469s] Installing rpiCamera script to /home/asme/ros_ws/install/puckPack/lib/puckPack
[17.484s] Installing thinker script to /home/asme/ros_ws/install/puckPack/lib/puckPack
[17.489s] writing list of installed files to '/home/asme/ros_ws/build/puckPack/install.log'
[17.954s] Invoked command in '/home/asme/ros_ws/src/puckPack' returned '0': DEBUGINFOD_URLS=https://debuginfod.ubuntu.com PYTHONPATH=/home/asme/ros_ws/build/puckPack/prefix_override:/usr/lib/python3/dist-packages/colcon_core/task/python/colcon_distutils_commands:/home/asme/ros_ws/install/puckPack/lib/python3.12/site-packages:/home/asme/ros_ws/install/ctrl_interface/lib/python3.12/site-packages:/home/asme/ros_ws/install/puckPack/lib/python3.12/site-packages:/opt/ros/jazzy/lib/python3.12/site-packages /usr/bin/python3 -W ignore:setup.py install is deprecated setup.py egg_info --egg-base ../../build/puckPack build --build-base /home/asme/ros_ws/build/puckPack/build install --record /home/asme/ros_ws/build/puckPack/install.log --single-version-externally-managed install_data
