[9.851s] Invoking command in '/home/asme/ros_ws/src/puckPack': DEBUGINFOD_URLS=https://debuginfod.ubuntu.com PYTHONPATH=/home/asme/ros_ws/build/puckPack/prefix_override:/usr/lib/python3/dist-packages/colcon_core/task/python/colcon_distutils_commands:/home/asme/ros_ws/install/puckPack/lib/python3.12/site-packages:/home/asme/ros_ws/install/ctrl_interface/lib/python3.12/site-packages:/home/asme/ros_ws/install/puckPack/lib/python3.12/site-packages:/opt/ros/jazzy/lib/python3.12/site-packages /usr/bin/python3 -W ignore:setup.py install is deprecated setup.py egg_info --egg-base ../../build/puckPack build --build-base /home/asme/ros_ws/build/puckPack/build install --record /home/asme/ros_ws/build/puckPack/install.log --single-version-externally-managed install_data
[13.188s] running egg_info
[13.450s] writing ../../build/puckPack/puckPack.egg-info/PKG-INFO
[13.452s] writing dependency_links to ../../build/puckPack/puckPack.egg-info/dependency_links.txt
[13.454s] writing entry points to ../../build/puckPack/puckPack.egg-info/entry_points.txt
[13.456s] writing requirements to ../../build/puckPack/puckPack.egg-info/requires.txt
[13.457s] writing top-level names to ../../build/puckPack/puckPack.egg-info/top_level.txt
[13.992s] reading manifest file '../../build/puckPack/puckPack.egg-info/SOURCES.txt'
[13.996s] adding license file 'LICENSE'
[14.002s] writing manifest file '../../build/puckPack/puckPack.egg-info/SOURCES.txt'
[14.004s] running build
[14.005s] running build_py
[14.009s] copying puckPack/rpiCamera.py -> /home/asme/ros_ws/build/puckPack/build/lib/puckPack
[14.014s] running install
[14.082s] running install_lib
[14.349s] copying /home/asme/ros_ws/build/puckPack/build/lib/puckPack/rpiCamera.py -> /home/asme/ros_ws/install/puckPack/lib/python3.12/site-packages/puckPack
[14.358s] byte-compiling /home/asme/ros_ws/install/puckPack/lib/python3.12/site-packages/puckPack/rpiCamera.py to rpiCamera.cpython-312.pyc
[14.372s] running install_data
[14.374s] running install_egg_info
[14.648s] removing '/home/asme/ros_ws/install/puckPack/lib/python3.12/site-packages/puckPack-0.0.0-py3.12.egg-info' (and everything under it)
[14.653s] Copying ../../build/puckPack/puckPack.egg-info to /home/asme/ros_ws/install/puckPack/lib/python3.12/site-packages/puckPack-0.0.0-py3.12.egg-info
[14.668s] running install_scripts
[16.535s] Installing UartCommander script to /home/asme/ros_ws/install/puckPack/lib/puckPack
[16.537s] Installing choose_color script to /home/asme/ros_ws/install/puckPack/lib/puckPack
[16.539s] Installing controlPC script to /home/asme/ros_ws/install/puckPack/lib/puckPack
[16.541s] Installing mainCamera script to /home/asme/ros_ws/install/puckPack/lib/puckPack
[16.543s] Installing rpiCamera script to /home/asme/ros_ws/install/puckPack/lib/puckPack
[16.544s] Installing thinker script to /home/asme/ros_ws/install/puckPack/lib/puckPack
[16.549s] writing list of installed files to '/home/asme/ros_ws/build/puckPack/install.log'
[16.785s] Invoked command in '/home/asme/ros_ws/src/puckPack' returned '0': DEBUGINFOD_URLS=https://debuginfod.ubuntu.com PYTHONPATH=/home/asme/ros_ws/build/puckPack/prefix_override:/usr/lib/python3/dist-packages/colcon_core/task/python/colcon_distutils_commands:/home/asme/ros_ws/install/puckPack/lib/python3.12/site-packages:/home/asme/ros_ws/install/ctrl_interface/lib/python3.12/site-packages:/home/asme/ros_ws/install/puckPack/lib/python3.12/site-packages:/opt/ros/jazzy/lib/python3.12/site-packages /usr/bin/python3 -W ignore:setup.py install is deprecated setup.py egg_info --egg-base ../../build/puckPack build --build-base /home/asme/ros_ws/build/puckPack/build install --record /home/asme/ros_ws/build/puckPack/install.log --single-version-externally-managed install_data
