[9.542s] Invoking command in '/home/asme/ros_ws/src/puckPack': DEBUGINFOD_URLS=https://debuginfod.ubuntu.com PYTHONPATH=/home/asme/ros_ws/build/puckPack/prefix_override:/usr/lib/python3/dist-packages/colcon_core/task/python/colcon_distutils_commands:/home/asme/ros_ws/install/puckPack/lib/python3.12/site-packages:/home/asme/ros_ws/install/ctrl_interface/lib/python3.12/site-packages:/home/asme/ros_ws/install/puckPack/lib/python3.12/site-packages:/opt/ros/jazzy/lib/python3.12/site-packages /usr/bin/python3 -W ignore:setup.py install is deprecated setup.py egg_info --egg-base ../../build/puckPack build --build-base /home/asme/ros_ws/build/puckPack/build install --record /home/asme/ros_ws/build/puckPack/install.log --single-version-externally-managed install_data
[12.729s] running egg_info
[12.977s] writing ../../build/puckPack/puckPack.egg-info/PKG-INFO
[12.979s] writing dependency_links to ../../build/puckPack/puckPack.egg-info/dependency_links.txt
[12.984s] writing entry points to ../../build/puckPack/puckPack.egg-info/entry_points.txt
[12.986s] writing requirements to ../../build/puckPack/puckPack.egg-info/requires.txt
[12.989s] writing top-level names to ../../build/puckPack/puckPack.egg-info/top_level.txt
[13.499s] reading manifest file '../../build/puckPack/puckPack.egg-info/SOURCES.txt'
[13.504s] adding license file 'LICENSE'
[13.510s] writing manifest file '../../build/puckPack/puckPack.egg-info/SOURCES.txt'
[13.511s] running build
[13.512s] running build_py
[13.514s] copying puckPack/thinker.py -> /home/asme/ros_ws/build/puckPack/build/lib/puckPack
[13.522s] running install
[13.587s] running install_lib
[13.841s] copying /home/asme/ros_ws/build/puckPack/build/lib/puckPack/thinker.py -> /home/asme/ros_ws/install/puckPack/lib/python3.12/site-packages/puckPack
[13.850s] byte-compiling /home/asme/ros_ws/install/puckPack/lib/python3.12/site-packages/puckPack/thinker.py to thinker.cpython-312.pyc
[13.872s] running install_data
[13.874s] running install_egg_info
[14.135s] removing '/home/asme/ros_ws/install/puckPack/lib/python3.12/site-packages/puckPack-0.0.0-py3.12.egg-info' (and everything under it)
[14.139s] Copying ../../build/puckPack/puckPack.egg-info to /home/asme/ros_ws/install/puckPack/lib/python3.12/site-packages/puckPack-0.0.0-py3.12.egg-info
[14.152s] running install_scripts
[15.925s] Installing UartCommander script to /home/asme/ros_ws/install/puckPack/lib/puckPack
[15.927s] Installing choose_color script to /home/asme/ros_ws/install/puckPack/lib/puckPack
[15.929s] Installing controlPC script to /home/asme/ros_ws/install/puckPack/lib/puckPack
[15.930s] Installing mainCamera script to /home/asme/ros_ws/install/puckPack/lib/puckPack
[15.932s] Installing rpiCamera script to /home/asme/ros_ws/install/puckPack/lib/puckPack
[15.934s] Installing thinker script to /home/asme/ros_ws/install/puckPack/lib/puckPack
[15.938s] writing list of installed files to '/home/asme/ros_ws/build/puckPack/install.log'
[16.172s] Invoked command in '/home/asme/ros_ws/src/puckPack' returned '0': DEBUGINFOD_URLS=https://debuginfod.ubuntu.com PYTHONPATH=/home/asme/ros_ws/build/puckPack/prefix_override:/usr/lib/python3/dist-packages/colcon_core/task/python/colcon_distutils_commands:/home/asme/ros_ws/install/puckPack/lib/python3.12/site-packages:/home/asme/ros_ws/install/ctrl_interface/lib/python3.12/site-packages:/home/asme/ros_ws/install/puckPack/lib/python3.12/site-packages:/opt/ros/jazzy/lib/python3.12/site-packages /usr/bin/python3 -W ignore:setup.py install is deprecated setup.py egg_info --egg-base ../../build/puckPack build --build-base /home/asme/ros_ws/build/puckPack/build install --record /home/asme/ros_ws/build/puckPack/install.log --single-version-externally-managed install_data
