[8.366s] Invoking command in '/home/asme/ros_ws/src/puckPack': DEBUGINFOD_URLS=https://debuginfod.ubuntu.com PYTHONPATH=/home/asme/ros_ws/build/puckPack/prefix_override:/usr/lib/python3/dist-packages/colcon_core/task/python/colcon_distutils_commands:/home/asme/ros_ws/install/puckPack/lib/python3.12/site-packages:/home/asme/ros_ws/install/ctrl_interface/lib/python3.12/site-packages:/home/asme/ros_ws/install/puckPack/lib/python3.12/site-packages:/opt/ros/jazzy/lib/python3.12/site-packages /usr/bin/python3 -W ignore:setup.py install is deprecated setup.py egg_info --egg-base ../../build/puckPack build --build-base /home/asme/ros_ws/build/puckPack/build install --record /home/asme/ros_ws/build/puckPack/install.log --single-version-externally-managed install_data
[9.884s] running egg_info
[9.994s] writing ../../build/puckPack/puckPack.egg-info/PKG-INFO
[9.995s] writing dependency_links to ../../build/puckPack/puckPack.egg-info/dependency_links.txt
[9.998s] writing entry points to ../../build/puckPack/puckPack.egg-info/entry_points.txt
[9.999s] writing requirements to ../../build/puckPack/puckPack.egg-info/requires.txt
[10.001s] writing top-level names to ../../build/puckPack/puckPack.egg-info/top_level.txt
[10.227s] reading manifest file '../../build/puckPack/puckPack.egg-info/SOURCES.txt'
[10.228s] adding license file 'LICENSE'
[10.231s] writing manifest file '../../build/puckPack/puckPack.egg-info/SOURCES.txt'
[10.233s] running build
[10.234s] running build_py
[10.236s] copying puckPack/controlPC.py -> /home/asme/ros_ws/build/puckPack/build/lib/puckPack
[10.237s] running install
[10.269s] running install_lib
[10.383s] copying /home/asme/ros_ws/build/puckPack/build/lib/puckPack/controlPC.py -> /home/asme/ros_ws/install/puckPack/lib/python3.12/site-packages/puckPack
[10.387s] byte-compiling /home/asme/ros_ws/install/puckPack/lib/python3.12/site-packages/puckPack/controlPC.py to controlPC.cpython-312.pyc
[10.392s] running install_data
[10.393s] running install_egg_info
[10.511s] removing '/home/asme/ros_ws/install/puckPack/lib/python3.12/site-packages/puckPack-0.0.0-py3.12.egg-info' (and everything under it)
[10.513s] Copying ../../build/puckPack/puckPack.egg-info to /home/asme/ros_ws/install/puckPack/lib/python3.12/site-packages/puckPack-0.0.0-py3.12.egg-info
[10.520s] running install_scripts
[11.342s] Installing UartCommander script to /home/asme/ros_ws/install/puckPack/lib/puckPack
[11.344s] Installing controlPC script to /home/asme/ros_ws/install/puckPack/lib/puckPack
[11.346s] writing list of installed files to '/home/asme/ros_ws/build/puckPack/install.log'
[11.517s] Invoked command in '/home/asme/ros_ws/src/puckPack' returned '0': DEBUGINFOD_URLS=https://debuginfod.ubuntu.com PYTHONPATH=/home/asme/ros_ws/build/puckPack/prefix_override:/usr/lib/python3/dist-packages/colcon_core/task/python/colcon_distutils_commands:/home/asme/ros_ws/install/puckPack/lib/python3.12/site-packages:/home/asme/ros_ws/install/ctrl_interface/lib/python3.12/site-packages:/home/asme/ros_ws/install/puckPack/lib/python3.12/site-packages:/opt/ros/jazzy/lib/python3.12/site-packages /usr/bin/python3 -W ignore:setup.py install is deprecated setup.py egg_info --egg-base ../../build/puckPack build --build-base /home/asme/ros_ws/build/puckPack/build install --record /home/asme/ros_ws/build/puckPack/install.log --single-version-externally-managed install_data
