[0.124s] Invoking command in '/home/asme/ros_ws/build/ctrl_interface': CMAKE_PREFIX_PATH=${CMAKE_PREFIX_PATH}:/home/asme/ros_ws/install/puckPack:/opt/ros/jazzy DEBUGINFOD_URLS=https://debuginfod.ubuntu.com /usr/bin/cmake --build /home/asme/ros_ws/build/ctrl_interface -- -j4 -l4
[0.755s] [  2%] Built target ctrl_interface__rosidl_generator_type_description
[0.884s] [  2%] Built target ament_cmake_python_copy_ctrl_interface
[1.027s] [  5%] Built target ctrl_interface__cpp
[1.047s] [ 20%] Built target ctrl_interface__rosidl_generator_c
[1.360s] [ 38%] Built target ctrl_interface__rosidl_typesupport_fastrtps_c
[1.368s] [ 38%] Built target ctrl_interface__rosidl_typesupport_introspection_c
[1.380s] [ 47%] Built target ctrl_interface__rosidl_typesupport_fastrtps_cpp
[1.671s] [ 55%] Built target ctrl_interface__rosidl_typesupport_c
[1.691s] [ 64%] Built target ctrl_interface__rosidl_typesupport_introspection_cpp
[1.706s] [ 73%] Built target ctrl_interface__rosidl_typesupport_cpp
[1.963s] [ 73%] Built target ctrl_interface
[2.233s] [ 76%] Built target ctrl_interface__py
[2.522s] [ 82%] Built target ctrl_interface__rosidl_generator_py
[2.832s] [ 88%] Built target ctrl_interface_s__rosidl_typesupport_fastrtps_c
[2.842s] [ 94%] Built target ctrl_interface_s__rosidl_typesupport_introspection_c
[2.846s] [100%] Built target ctrl_interface_s__rosidl_typesupport_c
[3.688s] running egg_info
[3.944s] writing ctrl_interface.egg-info/PKG-INFO
[3.946s] writing dependency_links to ctrl_interface.egg-info/dependency_links.txt
[3.950s] writing top-level names to ctrl_interface.egg-info/top_level.txt
[4.700s] reading manifest file 'ctrl_interface.egg-info/SOURCES.txt'
[4.706s] writing manifest file 'ctrl_interface.egg-info/SOURCES.txt'
[4.980s] [100%] Built target ament_cmake_python_build_ctrl_interface_egg
[5.114s] Invoked command in '/home/asme/ros_ws/build/ctrl_interface' returned '0': CMAKE_PREFIX_PATH=${CMAKE_PREFIX_PATH}:/home/asme/ros_ws/install/puckPack:/opt/ros/jazzy DEBUGINFOD_URLS=https://debuginfod.ubuntu.com /usr/bin/cmake --build /home/asme/ros_ws/build/ctrl_interface -- -j4 -l4
[6.075s] Invoking command in '/home/asme/ros_ws/build/ctrl_interface': CMAKE_PREFIX_PATH=${CMAKE_PREFIX_PATH}:/home/asme/ros_ws/install/puckPack:/opt/ros/jazzy DEBUGINFOD_URLS=https://debuginfod.ubuntu.com /usr/bin/cmake --install /home/asme/ros_ws/build/ctrl_interface
[6.173s] -- Install configuration: ""
[6.174s] -- Up-to-date: /home/asme/ros_ws/install/ctrl_interface/share/ament_index/resource_index/rosidl_interfaces/ctrl_interface
[6.176s] -- Up-to-date: /home/asme/ros_ws/install/ctrl_interface/share/ctrl_interface/msg/CtrlInterface.json
[6.177s] -- Up-to-date: /home/asme/ros_ws/install/ctrl_interface/include/ctrl_interface/ctrl_interface
[6.179s] -- Up-to-date: /home/asme/ros_ws/install/ctrl_interface/include/ctrl_interface/ctrl_interface/msg
[6.180s] -- Up-to-date: /home/asme/ros_ws/install/ctrl_interface/include/ctrl_interface/ctrl_interface/msg/detail
[6.181s] -- Up-to-date: /home/asme/ros_ws/install/ctrl_interface/include/ctrl_interface/ctrl_interface/msg/detail/ctrl_interface__functions.c
[6.183s] -- Installing: /home/asme/ros_ws/install/ctrl_interface/include/ctrl_interface/ctrl_interface/msg/detail/ctrl_interface__type_support.c
[6.184s] -- Up-to-date: /home/asme/ros_ws/install/ctrl_interface/include/ctrl_interface/ctrl_interface/msg/detail/ctrl_interface__struct.h
[6.186s] -- Up-to-date: /home/asme/ros_ws/install/ctrl_interface/include/ctrl_interface/ctrl_interface/msg/detail/ctrl_interface__functions.h
[6.187s] -- Up-to-date: /home/asme/ros_ws/install/ctrl_interface/include/ctrl_interface/ctrl_interface/msg/detail/ctrl_interface__description.c
[6.188s] -- Up-to-date: /home/asme/ros_ws/install/ctrl_interface/include/ctrl_interface/ctrl_interface/msg/detail/ctrl_interface__type_support.h
[6.189s] -- Up-to-date: /home/asme/ros_ws/install/ctrl_interface/include/ctrl_interface/ctrl_interface/msg/ctrl_interface.h
[6.190s] -- Up-to-date: /home/asme/ros_ws/install/ctrl_interface/include/ctrl_interface/ctrl_interface/msg/rosidl_generator_c__visibility_control.h
[6.192s] -- Up-to-date: /home/asme/ros_ws/install/ctrl_interface/share/ctrl_interface/environment/library_path.sh
[6.193s] -- Up-to-date: /home/asme/ros_ws/install/ctrl_interface/share/ctrl_interface/environment/library_path.dsv
[6.194s] -- Up-to-date: /home/asme/ros_ws/install/ctrl_interface/lib/libctrl_interface__rosidl_generator_c.so
[6.195s] -- Up-to-date: /home/asme/ros_ws/install/ctrl_interface/include/ctrl_interface/ctrl_interface
[6.196s] -- Up-to-date: /home/asme/ros_ws/install/ctrl_interface/include/ctrl_interface/ctrl_interface/msg
[6.198s] -- Up-to-date: /home/asme/ros_ws/install/ctrl_interface/include/ctrl_interface/ctrl_interface/msg/rosidl_typesupport_fastrtps_c__visibility_control.h
[6.199s] -- Up-to-date: /home/asme/ros_ws/install/ctrl_interface/include/ctrl_interface/ctrl_interface/msg/detail
[6.200s] -- Up-to-date: /home/asme/ros_ws/install/ctrl_interface/include/ctrl_interface/ctrl_interface/msg/detail/ctrl_interface__rosidl_typesupport_fastrtps_c.h
[6.201s] -- Up-to-date: /home/asme/ros_ws/install/ctrl_interface/lib/libctrl_interface__rosidl_typesupport_fastrtps_c.so
[6.204s] -- Up-to-date: /home/asme/ros_ws/install/ctrl_interface/include/ctrl_interface/ctrl_interface
[6.206s] -- Up-to-date: /home/asme/ros_ws/install/ctrl_interface/include/ctrl_interface/ctrl_interface/msg
[6.207s] -- Up-to-date: /home/asme/ros_ws/install/ctrl_interface/include/ctrl_interface/ctrl_interface/msg/rosidl_generator_cpp__visibility_control.hpp
[6.208s] -- Up-to-date: /home/asme/ros_ws/install/ctrl_interface/include/ctrl_interface/ctrl_interface/msg/detail
[6.209s] -- Up-to-date: /home/asme/ros_ws/install/ctrl_interface/include/ctrl_interface/ctrl_interface/msg/detail/ctrl_interface__struct.hpp
[6.210s] -- Up-to-date: /home/asme/ros_ws/install/ctrl_interface/include/ctrl_interface/ctrl_interface/msg/detail/ctrl_interface__traits.hpp
[6.212s] -- Up-to-date: /home/asme/ros_ws/install/ctrl_interface/include/ctrl_interface/ctrl_interface/msg/detail/ctrl_interface__builder.hpp
[6.213s] -- Up-to-date: /home/asme/ros_ws/install/ctrl_interface/include/ctrl_interface/ctrl_interface/msg/detail/ctrl_interface__type_support.hpp
[6.214s] -- Up-to-date: /home/asme/ros_ws/install/ctrl_interface/include/ctrl_interface/ctrl_interface/msg/ctrl_interface.hpp
[6.215s] -- Up-to-date: /home/asme/ros_ws/install/ctrl_interface/include/ctrl_interface/ctrl_interface
[6.217s] -- Up-to-date: /home/asme/ros_ws/install/ctrl_interface/include/ctrl_interface/ctrl_interface/msg
[6.218s] -- Up-to-date: /home/asme/ros_ws/install/ctrl_interface/include/ctrl_interface/ctrl_interface/msg/rosidl_typesupport_fastrtps_cpp__visibility_control.h
[6.219s] -- Up-to-date: /home/asme/ros_ws/install/ctrl_interface/include/ctrl_interface/ctrl_interface/msg/detail
[6.220s] -- Up-to-date: /home/asme/ros_ws/install/ctrl_interface/include/ctrl_interface/ctrl_interface/msg/detail/dds_fastrtps
[6.221s] -- Up-to-date: /home/asme/ros_ws/install/ctrl_interface/include/ctrl_interface/ctrl_interface/msg/detail/ctrl_interface__rosidl_typesupport_fastrtps_cpp.hpp
[6.223s] -- Up-to-date: /home/asme/ros_ws/install/ctrl_interface/lib/libctrl_interface__rosidl_typesupport_fastrtps_cpp.so
[6.224s] -- Up-to-date: /home/asme/ros_ws/install/ctrl_interface/include/ctrl_interface/ctrl_interface
[6.225s] -- Up-to-date: /home/asme/ros_ws/install/ctrl_interface/include/ctrl_interface/ctrl_interface/msg
[6.227s] -- Up-to-date: /home/asme/ros_ws/install/ctrl_interface/include/ctrl_interface/ctrl_interface/msg/rosidl_typesupport_introspection_c__visibility_control.h
[6.228s] -- Up-to-date: /home/asme/ros_ws/install/ctrl_interface/include/ctrl_interface/ctrl_interface/msg/detail
[6.229s] -- Installing: /home/asme/ros_ws/install/ctrl_interface/include/ctrl_interface/ctrl_interface/msg/detail/ctrl_interface__type_support.c
[6.230s] -- Up-to-date: /home/asme/ros_ws/install/ctrl_interface/include/ctrl_interface/ctrl_interface/msg/detail/ctrl_interface__rosidl_typesupport_introspection_c.h
[6.233s] -- Up-to-date: /home/asme/ros_ws/install/ctrl_interface/lib/libctrl_interface__rosidl_typesupport_introspection_c.so
[6.238s] -- Up-to-date: /home/asme/ros_ws/install/ctrl_interface/lib/libctrl_interface__rosidl_typesupport_c.so
[6.240s] -- Up-to-date: /home/asme/ros_ws/install/ctrl_interface/include/ctrl_interface/ctrl_interface
[6.242s] -- Up-to-date: /home/asme/ros_ws/install/ctrl_interface/include/ctrl_interface/ctrl_interface/msg
[6.243s] -- Up-to-date: /home/asme/ros_ws/install/ctrl_interface/include/ctrl_interface/ctrl_interface/msg/detail
[6.244s] -- Up-to-date: /home/asme/ros_ws/install/ctrl_interface/include/ctrl_interface/ctrl_interface/msg/detail/ctrl_interface__rosidl_typesupport_introspection_cpp.hpp
[6.245s] -- Up-to-date: /home/asme/ros_ws/install/ctrl_interface/include/ctrl_interface/ctrl_interface/msg/detail/ctrl_interface__type_support.cpp
[6.247s] -- Up-to-date: /home/asme/ros_ws/install/ctrl_interface/lib/libctrl_interface__rosidl_typesupport_introspection_cpp.so
[6.252s] -- Up-to-date: /home/asme/ros_ws/install/ctrl_interface/lib/libctrl_interface__rosidl_typesupport_cpp.so
[6.255s] -- Up-to-date: /home/asme/ros_ws/install/ctrl_interface/share/ctrl_interface/environment/pythonpath.sh
[6.256s] -- Up-to-date: /home/asme/ros_ws/install/ctrl_interface/share/ctrl_interface/environment/pythonpath.dsv
[6.257s] -- Up-to-date: /home/asme/ros_ws/install/ctrl_interface/lib/python3.12/site-packages/ctrl_interface-0.0.0-py3.12.egg-info
[6.258s] -- Installing: /home/asme/ros_ws/install/ctrl_interface/lib/python3.12/site-packages/ctrl_interface-0.0.0-py3.12.egg-info/SOURCES.txt
[6.260s] -- Installing: /home/asme/ros_ws/install/ctrl_interface/lib/python3.12/site-packages/ctrl_interface-0.0.0-py3.12.egg-info/top_level.txt
[6.263s] -- Installing: /home/asme/ros_ws/install/ctrl_interface/lib/python3.12/site-packages/ctrl_interface-0.0.0-py3.12.egg-info/PKG-INFO
[6.266s] -- Installing: /home/asme/ros_ws/install/ctrl_interface/lib/python3.12/site-packages/ctrl_interface-0.0.0-py3.12.egg-info/dependency_links.txt
[6.270s] -- Up-to-date: /home/asme/ros_ws/install/ctrl_interface/lib/python3.12/site-packages/ctrl_interface
[6.271s] -- Up-to-date: /home/asme/ros_ws/install/ctrl_interface/lib/python3.12/site-packages/ctrl_interface/__init__.py
[6.272s] -- Up-to-date: /home/asme/ros_ws/install/ctrl_interface/lib/python3.12/site-packages/ctrl_interface/msg
[6.273s] -- Up-to-date: /home/asme/ros_ws/install/ctrl_interface/lib/python3.12/site-packages/ctrl_interface/msg/_ctrl_interface.py
[6.275s] -- Up-to-date: /home/asme/ros_ws/install/ctrl_interface/lib/python3.12/site-packages/ctrl_interface/msg/__init__.py
[6.276s] -- Up-to-date: /home/asme/ros_ws/install/ctrl_interface/lib/python3.12/site-packages/ctrl_interface/msg/_ctrl_interface_s.c
[6.277s] -- Up-to-date: /home/asme/ros_ws/install/ctrl_interface/lib/python3.12/site-packages/ctrl_interface/ctrl_interface_s__rosidl_typesupport_introspection_c.so
[6.278s] -- Up-to-date: /home/asme/ros_ws/install/ctrl_interface/lib/python3.12/site-packages/ctrl_interface/ctrl_interface_s__rosidl_typesupport_fastrtps_c.so
[6.281s] -- Up-to-date: /home/asme/ros_ws/install/ctrl_interface/lib/python3.12/site-packages/ctrl_interface/ctrl_interface_s__rosidl_typesupport_c.so
[6.282s] -- Up-to-date: /home/asme/ros_ws/install/ctrl_interface/lib/python3.12/site-packages/ctrl_interface/_ctrl_interface_s.ep.rosidl_typesupport_c.c
[6.283s] -- Up-to-date: /home/asme/ros_ws/install/ctrl_interface/lib/python3.12/site-packages/ctrl_interface/_ctrl_interface_s.ep.rosidl_typesupport_introspection_c.c
[6.284s] -- Up-to-date: /home/asme/ros_ws/install/ctrl_interface/lib/python3.12/site-packages/ctrl_interface/_ctrl_interface_s.ep.rosidl_typesupport_fastrtps_c.c
[6.669s] Listing '/home/asme/ros_ws/install/ctrl_interface/lib/python3.12/site-packages/ctrl_interface'...
[6.671s] Listing '/home/asme/ros_ws/install/ctrl_interface/lib/python3.12/site-packages/ctrl_interface/msg'...
[6.724s] -- Up-to-date: /home/asme/ros_ws/install/ctrl_interface/lib/python3.12/site-packages/ctrl_interface/ctrl_interface_s__rosidl_typesupport_fastrtps_c.so
[6.729s] -- Up-to-date: /home/asme/ros_ws/install/ctrl_interface/lib/python3.12/site-packages/ctrl_interface/ctrl_interface_s__rosidl_typesupport_introspection_c.so
[6.735s] -- Up-to-date: /home/asme/ros_ws/install/ctrl_interface/lib/python3.12/site-packages/ctrl_interface/ctrl_interface_s__rosidl_typesupport_c.so
[6.740s] -- Up-to-date: /home/asme/ros_ws/install/ctrl_interface/lib/libctrl_interface__rosidl_generator_py.so
[6.743s] -- Up-to-date: /home/asme/ros_ws/install/ctrl_interface/share/ctrl_interface/msg/CtrlInterface.idl
[6.744s] -- Up-to-date: /home/asme/ros_ws/install/ctrl_interface/share/ctrl_interface/msg/CtrlInterface.msg
[6.745s] -- Up-to-date: /home/asme/ros_ws/install/ctrl_interface/share/ament_index/resource_index/package_run_dependencies/ctrl_interface
[6.747s] -- Up-to-date: /home/asme/ros_ws/install/ctrl_interface/share/ament_index/resource_index/parent_prefix_path/ctrl_interface
[6.748s] -- Up-to-date: /home/asme/ros_ws/install/ctrl_interface/share/ctrl_interface/environment/ament_prefix_path.sh
[6.749s] -- Up-to-date: /home/asme/ros_ws/install/ctrl_interface/share/ctrl_interface/environment/ament_prefix_path.dsv
[6.751s] -- Up-to-date: /home/asme/ros_ws/install/ctrl_interface/share/ctrl_interface/environment/path.sh
[6.752s] -- Up-to-date: /home/asme/ros_ws/install/ctrl_interface/share/ctrl_interface/environment/path.dsv
[6.754s] -- Up-to-date: /home/asme/ros_ws/install/ctrl_interface/share/ctrl_interface/local_setup.bash
[6.755s] -- Up-to-date: /home/asme/ros_ws/install/ctrl_interface/share/ctrl_interface/local_setup.sh
[6.756s] -- Up-to-date: /home/asme/ros_ws/install/ctrl_interface/share/ctrl_interface/local_setup.zsh
[6.757s] -- Up-to-date: /home/asme/ros_ws/install/ctrl_interface/share/ctrl_interface/local_setup.dsv
[6.758s] -- Installing: /home/asme/ros_ws/install/ctrl_interface/share/ctrl_interface/package.dsv
[6.760s] -- Up-to-date: /home/asme/ros_ws/install/ctrl_interface/share/ament_index/resource_index/packages/ctrl_interface
[6.761s] -- Up-to-date: /home/asme/ros_ws/install/ctrl_interface/share/ctrl_interface/cmake/export_ctrl_interface__rosidl_generator_cExport.cmake
[6.762s] -- Up-to-date: /home/asme/ros_ws/install/ctrl_interface/share/ctrl_interface/cmake/export_ctrl_interface__rosidl_generator_cExport-noconfig.cmake
[6.763s] -- Up-to-date: /home/asme/ros_ws/install/ctrl_interface/share/ctrl_interface/cmake/export_ctrl_interface__rosidl_typesupport_fastrtps_cExport.cmake
[6.765s] -- Up-to-date: /home/asme/ros_ws/install/ctrl_interface/share/ctrl_interface/cmake/export_ctrl_interface__rosidl_typesupport_fastrtps_cExport-noconfig.cmake
[6.766s] -- Up-to-date: /home/asme/ros_ws/install/ctrl_interface/share/ctrl_interface/cmake/export_ctrl_interface__rosidl_generator_cppExport.cmake
[6.768s] -- Up-to-date: /home/asme/ros_ws/install/ctrl_interface/share/ctrl_interface/cmake/export_ctrl_interface__rosidl_typesupport_fastrtps_cppExport.cmake
[6.769s] -- Up-to-date: /home/asme/ros_ws/install/ctrl_interface/share/ctrl_interface/cmake/export_ctrl_interface__rosidl_typesupport_fastrtps_cppExport-noconfig.cmake
[6.771s] -- Up-to-date: /home/asme/ros_ws/install/ctrl_interface/share/ctrl_interface/cmake/ctrl_interface__rosidl_typesupport_introspection_cExport.cmake
[6.772s] -- Up-to-date: /home/asme/ros_ws/install/ctrl_interface/share/ctrl_interface/cmake/ctrl_interface__rosidl_typesupport_introspection_cExport-noconfig.cmake
[6.774s] -- Up-to-date: /home/asme/ros_ws/install/ctrl_interface/share/ctrl_interface/cmake/ctrl_interface__rosidl_typesupport_cExport.cmake
[6.775s] -- Up-to-date: /home/asme/ros_ws/install/ctrl_interface/share/ctrl_interface/cmake/ctrl_interface__rosidl_typesupport_cExport-noconfig.cmake
[6.777s] -- Up-to-date: /home/asme/ros_ws/install/ctrl_interface/share/ctrl_interface/cmake/ctrl_interface__rosidl_typesupport_introspection_cppExport.cmake
[6.778s] -- Up-to-date: /home/asme/ros_ws/install/ctrl_interface/share/ctrl_interface/cmake/ctrl_interface__rosidl_typesupport_introspection_cppExport-noconfig.cmake
[6.780s] -- Up-to-date: /home/asme/ros_ws/install/ctrl_interface/share/ctrl_interface/cmake/ctrl_interface__rosidl_typesupport_cppExport.cmake
[6.781s] -- Up-to-date: /home/asme/ros_ws/install/ctrl_interface/share/ctrl_interface/cmake/ctrl_interface__rosidl_typesupport_cppExport-noconfig.cmake
[6.783s] -- Up-to-date: /home/asme/ros_ws/install/ctrl_interface/share/ctrl_interface/cmake/export_ctrl_interface__rosidl_generator_pyExport.cmake
[6.785s] -- Up-to-date: /home/asme/ros_ws/install/ctrl_interface/share/ctrl_interface/cmake/export_ctrl_interface__rosidl_generator_pyExport-noconfig.cmake
[6.787s] -- Up-to-date: /home/asme/ros_ws/install/ctrl_interface/share/ctrl_interface/cmake/rosidl_cmake-extras.cmake
[6.788s] -- Up-to-date: /home/asme/ros_ws/install/ctrl_interface/share/ctrl_interface/cmake/ament_cmake_export_dependencies-extras.cmake
[6.789s] -- Up-to-date: /home/asme/ros_ws/install/ctrl_interface/share/ctrl_interface/cmake/ament_cmake_export_include_directories-extras.cmake
[6.790s] -- Up-to-date: /home/asme/ros_ws/install/ctrl_interface/share/ctrl_interface/cmake/ament_cmake_export_libraries-extras.cmake
[6.791s] -- Up-to-date: /home/asme/ros_ws/install/ctrl_interface/share/ctrl_interface/cmake/ament_cmake_export_targets-extras.cmake
[6.793s] -- Up-to-date: /home/asme/ros_ws/install/ctrl_interface/share/ctrl_interface/cmake/rosidl_cmake_export_typesupport_targets-extras.cmake
[6.794s] -- Up-to-date: /home/asme/ros_ws/install/ctrl_interface/share/ctrl_interface/cmake/rosidl_cmake_export_typesupport_libraries-extras.cmake
[6.795s] -- Up-to-date: /home/asme/ros_ws/install/ctrl_interface/share/ctrl_interface/cmake/ctrl_interfaceConfig.cmake
[6.796s] -- Up-to-date: /home/asme/ros_ws/install/ctrl_interface/share/ctrl_interface/cmake/ctrl_interfaceConfig-version.cmake
[6.797s] -- Up-to-date: /home/asme/ros_ws/install/ctrl_interface/share/ctrl_interface/package.xml
[6.813s] Invoked command in '/home/asme/ros_ws/build/ctrl_interface' returned '0': CMAKE_PREFIX_PATH=${CMAKE_PREFIX_PATH}:/home/asme/ros_ws/install/puckPack:/opt/ros/jazzy DEBUGINFOD_URLS=https://debuginfod.ubuntu.com /usr/bin/cmake --install /home/asme/ros_ws/build/ctrl_interface
