[7.446s] Invoking command in '/home/asme/ros_ws/src/puckPack': DEBUGINFOD_URLS=https://debuginfod.ubuntu.com PYTHONPATH=/home/asme/ros_ws/build/puckPack/prefix_override:/usr/lib/python3/dist-packages/colcon_core/task/python/colcon_distutils_commands:/home/asme/ros_ws/install/puckPack/lib/python3.12/site-packages:/home/asme/ros_ws/install/ctrl_interface/lib/python3.12/site-packages:/home/asme/ros_ws/install/puckPack/lib/python3.12/site-packages:/opt/ros/jazzy/lib/python3.12/site-packages /usr/bin/python3 -W ignore:setup.py install is deprecated setup.py egg_info --egg-base ../../build/puckPack build --build-base /home/asme/ros_ws/build/puckPack/build install --record /home/asme/ros_ws/build/puckPack/install.log --single-version-externally-managed install_data
[9.491s] running egg_info
[9.777s] writing ../../build/puckPack/puckPack.egg-info/PKG-INFO
[9.782s] writing dependency_links to ../../build/puckPack/puckPack.egg-info/dependency_links.txt
[9.786s] writing entry points to ../../build/puckPack/puckPack.egg-info/entry_points.txt
[9.789s] writing requirements to ../../build/puckPack/puckPack.egg-info/requires.txt
[9.795s] writing top-level names to ../../build/puckPack/puckPack.egg-info/top_level.txt
[10.373s] reading manifest file '../../build/puckPack/puckPack.egg-info/SOURCES.txt'
[10.380s] adding license file 'LICENSE'
[10.384s] writing manifest file '../../build/puckPack/puckPack.egg-info/SOURCES.txt'
[10.390s] running build
[10.391s] running build_py
[10.392s] copying puckPack/mainCamera.py -> /home/asme/ros_ws/build/puckPack/build/lib/puckPack
[10.400s] copying puckPack/controlPC.py -> /home/asme/ros_ws/build/puckPack/build/lib/puckPack
[10.407s] running install
[10.487s] running install_lib
[10.776s] copying /home/asme/ros_ws/build/puckPack/build/lib/puckPack/mainCamera.py -> /home/asme/ros_ws/install/puckPack/lib/python3.12/site-packages/puckPack
[10.781s] copying /home/asme/ros_ws/build/puckPack/build/lib/puckPack/controlPC.py -> /home/asme/ros_ws/install/puckPack/lib/python3.12/site-packages/puckPack
[10.788s] byte-compiling /home/asme/ros_ws/install/puckPack/lib/python3.12/site-packages/puckPack/mainCamera.py to mainCamera.cpython-312.pyc
[10.803s] byte-compiling /home/asme/ros_ws/install/puckPack/lib/python3.12/site-packages/puckPack/controlPC.py to controlPC.cpython-312.pyc
[10.812s] running install_data
[10.815s] running install_egg_info
[11.115s] removing '/home/asme/ros_ws/install/puckPack/lib/python3.12/site-packages/puckPack-0.0.0-py3.12.egg-info' (and everything under it)
[11.120s] Copying ../../build/puckPack/puckPack.egg-info to /home/asme/ros_ws/install/puckPack/lib/python3.12/site-packages/puckPack-0.0.0-py3.12.egg-info
[11.140s] running install_scripts
[12.389s] Installing UartCommander script to /home/asme/ros_ws/install/puckPack/lib/puckPack
[12.391s] Installing controlPC script to /home/asme/ros_ws/install/puckPack/lib/puckPack
[12.392s] Installing rpiCamera script to /home/asme/ros_ws/install/puckPack/lib/puckPack
[12.395s] writing list of installed files to '/home/asme/ros_ws/build/puckPack/install.log'
[12.555s] Invoked command in '/home/asme/ros_ws/src/puckPack' returned '0': DEBUGINFOD_URLS=https://debuginfod.ubuntu.com PYTHONPATH=/home/asme/ros_ws/build/puckPack/prefix_override:/usr/lib/python3/dist-packages/colcon_core/task/python/colcon_distutils_commands:/home/asme/ros_ws/install/puckPack/lib/python3.12/site-packages:/home/asme/ros_ws/install/ctrl_interface/lib/python3.12/site-packages:/home/asme/ros_ws/install/puckPack/lib/python3.12/site-packages:/opt/ros/jazzy/lib/python3.12/site-packages /usr/bin/python3 -W ignore:setup.py install is deprecated setup.py egg_info --egg-base ../../build/puckPack build --build-base /home/asme/ros_ws/build/puckPack/build install --record /home/asme/ros_ws/build/puckPack/install.log --single-version-externally-managed install_data
