[10.307s] Invoking command in '/home/asme/ros_ws/src/puckPack': DEBUGINFOD_URLS=https://debuginfod.ubuntu.com PYTHONPATH=/home/asme/ros_ws/build/puckPack/prefix_override:/usr/lib/python3/dist-packages/colcon_core/task/python/colcon_distutils_commands:/home/asme/ros_ws/install/puckPack/lib/python3.12/site-packages:/home/asme/ros_ws/install/ctrl_interface/lib/python3.12/site-packages:/home/asme/ros_ws/install/puckPack/lib/python3.12/site-packages:/opt/ros/jazzy/lib/python3.12/site-packages /usr/bin/python3 -W ignore:setup.py install is deprecated setup.py egg_info --egg-base ../../build/puckPack build --build-base /home/asme/ros_ws/build/puckPack/build install --record /home/asme/ros_ws/build/puckPack/install.log --single-version-externally-managed install_data
[13.677s] running egg_info
[13.935s] writing ../../build/puckPack/puckPack.egg-info/PKG-INFO
[13.937s] writing dependency_links to ../../build/puckPack/puckPack.egg-info/dependency_links.txt
[13.940s] writing entry points to ../../build/puckPack/puckPack.egg-info/entry_points.txt
[13.942s] writing requirements to ../../build/puckPack/puckPack.egg-info/requires.txt
[13.943s] writing top-level names to ../../build/puckPack/puckPack.egg-info/top_level.txt
[14.477s] reading manifest file '../../build/puckPack/puckPack.egg-info/SOURCES.txt'
[14.480s] adding license file 'LICENSE'
[14.487s] writing manifest file '../../build/puckPack/puckPack.egg-info/SOURCES.txt'
[14.488s] running build
[14.489s] running build_py
[14.491s] copying puckPack/thinker.py -> /home/asme/ros_ws/build/puckPack/build/lib/puckPack
[14.496s] copying puckPack/UartCommander.py -> /home/asme/ros_ws/build/puckPack/build/lib/puckPack
[14.500s] running install
[14.568s] running install_lib
[14.833s] copying /home/asme/ros_ws/build/puckPack/build/lib/puckPack/thinker.py -> /home/asme/ros_ws/install/puckPack/lib/python3.12/site-packages/puckPack
[14.839s] copying /home/asme/ros_ws/build/puckPack/build/lib/puckPack/UartCommander.py -> /home/asme/ros_ws/install/puckPack/lib/python3.12/site-packages/puckPack
[14.846s] byte-compiling /home/asme/ros_ws/install/puckPack/lib/python3.12/site-packages/puckPack/thinker.py to thinker.cpython-312.pyc
[14.866s] byte-compiling /home/asme/ros_ws/install/puckPack/lib/python3.12/site-packages/puckPack/UartCommander.py to UartCommander.cpython-312.pyc
[14.880s] running install_data
[14.882s] running install_egg_info
[15.157s] removing '/home/asme/ros_ws/install/puckPack/lib/python3.12/site-packages/puckPack-0.0.0-py3.12.egg-info' (and everything under it)
[15.162s] Copying ../../build/puckPack/puckPack.egg-info to /home/asme/ros_ws/install/puckPack/lib/python3.12/site-packages/puckPack-0.0.0-py3.12.egg-info
[15.176s] running install_scripts
[17.084s] Installing UartCommander script to /home/asme/ros_ws/install/puckPack/lib/puckPack
[17.086s] Installing choose_color script to /home/asme/ros_ws/install/puckPack/lib/puckPack
[17.088s] Installing controlPC script to /home/asme/ros_ws/install/puckPack/lib/puckPack
[17.090s] Installing mainCamera script to /home/asme/ros_ws/install/puckPack/lib/puckPack
[17.092s] Installing rpiCamera script to /home/asme/ros_ws/install/puckPack/lib/puckPack
[17.094s] Installing thinker script to /home/asme/ros_ws/install/puckPack/lib/puckPack
[17.098s] writing list of installed files to '/home/asme/ros_ws/build/puckPack/install.log'
[17.334s] Invoked command in '/home/asme/ros_ws/src/puckPack' returned '0': DEBUGINFOD_URLS=https://debuginfod.ubuntu.com PYTHONPATH=/home/asme/ros_ws/build/puckPack/prefix_override:/usr/lib/python3/dist-packages/colcon_core/task/python/colcon_distutils_commands:/home/asme/ros_ws/install/puckPack/lib/python3.12/site-packages:/home/asme/ros_ws/install/ctrl_interface/lib/python3.12/site-packages:/home/asme/ros_ws/install/puckPack/lib/python3.12/site-packages:/opt/ros/jazzy/lib/python3.12/site-packages /usr/bin/python3 -W ignore:setup.py install is deprecated setup.py egg_info --egg-base ../../build/puckPack build --build-base /home/asme/ros_ws/build/puckPack/build install --record /home/asme/ros_ws/build/puckPack/install.log --single-version-externally-managed install_data
