[0.061s] Invoking command in '/home/asme/ros_ws/build/ctrl_interface': CMAKE_PREFIX_PATH=${CMAKE_PREFIX_PATH}:/opt/ros/jazzy DEBUGINFOD_URLS=https://debuginfod.ubuntu.com /usr/bin/cmake /home/asme/ros_ws/src/ctrl_interface -DCMAKE_INSTALL_PREFIX=/home/asme/ros_ws/install/ctrl_interface
[0.276s] -- The C compiler identification is GNU 13.2.0
[0.473s] -- The CXX compiler identification is GNU 13.2.0
[0.530s] -- Detecting C compiler ABI info
[0.843s] -- Detecting C compiler ABI info - done
[0.877s] -- Check for working C compiler: /usr/bin/cc - skipped
[0.877s] -- Detecting C compile features
[0.879s] -- Detecting C compile features - done
[0.899s] -- Detecting CXX compiler ABI info
[1.177s] -- Detecting CXX compiler ABI info - done
[1.192s] -- Check for working CXX compiler: /usr/bin/c++ - skipped
[1.192s] -- Detecting CXX compile features
[1.193s] -- Detecting CXX compile features - done
[1.196s] -- Found ament_cmake: 2.5.2 (/opt/ros/jazzy/share/ament_cmake/cmake)
[1.578s] -- Found Python3: /usr/bin/python3 (found version "3.12.3") found components: Interpreter 
[1.844s] -- Found geometry_msgs: 5.3.5 (/opt/ros/jazzy/share/geometry_msgs/cmake)
[1.982s] -- Found rosidl_generator_c: 4.6.3 (/opt/ros/jazzy/share/rosidl_generator_c/cmake)
[2.018s] -- Found rosidl_generator_cpp: 4.6.3 (/opt/ros/jazzy/share/rosidl_generator_cpp/cmake)
[2.098s] -- Using all available rosidl_typesupport_c: rosidl_typesupport_fastrtps_c;rosidl_typesupport_introspection_c
[2.163s] -- Using all available rosidl_typesupport_cpp: rosidl_typesupport_fastrtps_cpp;rosidl_typesupport_introspection_cpp
[2.349s] -- Found rosidl_default_generators: 1.6.0 (/opt/ros/jazzy/share/rosidl_default_generators/cmake)
[2.408s] -- Found rosidl_adapter: 4.6.3 (/opt/ros/jazzy/share/rosidl_adapter/cmake)
[3.114s] [31mCMake Error at /opt/ros/jazzy/share/rosidl_adapter/cmake/rosidl_adapt_interfaces.cmake:57 (message):
[3.115s]   execute_process(/usr/bin/python3 -m rosidl_adapter --package-name
[3.115s]   ctrl_interface --arguments-file
[3.115s]   /home/asme/ros_ws/build/ctrl_interface/rosidl_adapter__arguments__ctrl_interface.json
[3.115s]   --output-dir
[3.115s]   /home/asme/ros_ws/build/ctrl_interface/rosidl_adapter/ctrl_interface
[3.116s]   --output-file
[3.116s]   /home/asme/ros_ws/build/ctrl_interface/rosidl_adapter/ctrl_interface.idls)
[3.116s]   returned error code 1:
[3.116s] 
[3.117s]   Error processing 'int64 R_motor' of 'ctrl_interface/ctrl_interface':
[3.117s]   ''R_motor' is an invalid field name.  It should have the pattern
[3.117s]   '^(?!.*__)(?!.*_$)[a-z][a-z0-9_]*$''
[3.117s] 
[3.117s]   Traceback (most recent call last):
[3.118s] 
[3.118s]     File "<frozen runpy>", line 198, in _run_module_as_main
[3.118s]     File "<frozen runpy>", line 88, in _run_code
[3.118s]     File "/opt/ros/jazzy/lib/python3.12/site-packages/rosidl_adapter/__main__.py", line 19, in <module>
[3.118s]       sys.exit(main())
[3.119s]                ^^^^^^
[3.119s]     File "/opt/ros/jazzy/lib/python3.12/site-packages/rosidl_adapter/main.py", line 53, in main
[3.119s]       abs_idl_file = convert_to_idl(
[3.119s]                      ^^^^^^^^^^^^^^^
[3.119s]     File "/opt/ros/jazzy/lib/python3.12/site-packages/rosidl_adapter/__init__.py", line 19, in convert_to_idl
[3.120s]       return convert_msg_to_idl(
[3.120s]              ^^^^^^^^^^^^^^^^^^^
[3.121s]     File "/opt/ros/jazzy/lib/python3.12/site-packages/rosidl_adapter/msg/__init__.py", line 28, in convert_msg_to_idl
[3.121s]       msg = parse_message_string(package_name, input_file.stem, content)
[3.122s]             ^^^^^^^^^^^^^^^^^^^^^^^^^^^^^^^^^^^^^^^^^^^^^^^^^^^^^^^^^^^^
[3.122s]     File "/opt/ros/jazzy/lib/python3.12/site-packages/rosidl_adapter/parser.py", line 520, in parse_message_string
[3.122s]       fields.append(Field(
[3.122s]                     ^^^^^^
[3.122s]     File "/opt/ros/jazzy/lib/python3.12/site-packages/rosidl_adapter/parser.py", line 355, in __init__
[3.123s]       raise NameError(
[3.123s] 
[3.123s]   NameError: 'R_motor' is an invalid field name.  It should have the pattern
[3.123s]   '^(?!.*__)(?!.*_$)[a-z][a-z0-9_]*$'
[3.123s] 
[3.124s] Call Stack (most recent call first):
[3.124s]   /opt/ros/jazzy/share/rosidl_cmake/cmake/rosidl_generate_interfaces.cmake:132 (rosidl_adapt_interfaces)
[3.124s]   CMakeLists.txt:16 (rosidl_generate_interfaces)
[3.124s] 
[3.124s] [0m
[3.124s] -- Configuring incomplete, errors occurred!
[3.161s] Invoked command in '/home/asme/ros_ws/build/ctrl_interface' returned '1': CMAKE_PREFIX_PATH=${CMAKE_PREFIX_PATH}:/opt/ros/jazzy DEBUGINFOD_URLS=https://debuginfod.ubuntu.com /usr/bin/cmake /home/asme/ros_ws/src/ctrl_interface -DCMAKE_INSTALL_PREFIX=/home/asme/ros_ws/install/ctrl_interface
