[9.920s] Invoking command in '/home/asme/ros_ws/src/puckPack': DEBUGINFOD_URLS=https://debuginfod.ubuntu.com PYTHONPATH=/home/asme/ros_ws/build/puckPack/prefix_override:/usr/lib/python3/dist-packages/colcon_core/task/python/colcon_distutils_commands:/home/asme/ros_ws/install/puckPack/lib/python3.12/site-packages:/home/asme/ros_ws/install/ctrl_interface/lib/python3.12/site-packages:/home/asme/ros_ws/install/puckPack/lib/python3.12/site-packages:/opt/ros/jazzy/lib/python3.12/site-packages /usr/bin/python3 -W ignore:setup.py install is deprecated setup.py egg_info --egg-base ../../build/puckPack build --build-base /home/asme/ros_ws/build/puckPack/build install --record /home/asme/ros_ws/build/puckPack/install.log --single-version-externally-managed install_data
[13.258s] running egg_info
[13.516s] writing ../../build/puckPack/puckPack.egg-info/PKG-INFO
[13.519s] writing dependency_links to ../../build/puckPack/puckPack.egg-info/dependency_links.txt
[13.521s] writing entry points to ../../build/puckPack/puckPack.egg-info/entry_points.txt
[13.522s] writing requirements to ../../build/puckPack/puckPack.egg-info/requires.txt
[13.524s] writing top-level names to ../../build/puckPack/puckPack.egg-info/top_level.txt
[14.057s] reading manifest file '../../build/puckPack/puckPack.egg-info/SOURCES.txt'
[14.061s] adding license file 'LICENSE'
[14.067s] writing manifest file '../../build/puckPack/puckPack.egg-info/SOURCES.txt'
[14.069s] running build
[14.070s] running build_py
[14.072s] copying puckPack/thinker.py -> /home/asme/ros_ws/build/puckPack/build/lib/puckPack
[14.079s] running install
[14.147s] running install_lib
[14.414s] copying /home/asme/ros_ws/build/puckPack/build/lib/puckPack/thinker.py -> /home/asme/ros_ws/install/puckPack/lib/python3.12/site-packages/puckPack
[14.425s] byte-compiling /home/asme/ros_ws/install/puckPack/lib/python3.12/site-packages/puckPack/thinker.py to thinker.cpython-312.pyc
[14.448s] running install_data
[14.450s] running install_egg_info
[14.727s] removing '/home/asme/ros_ws/install/puckPack/lib/python3.12/site-packages/puckPack-0.0.0-py3.12.egg-info' (and everything under it)
[14.731s] Copying ../../build/puckPack/puckPack.egg-info to /home/asme/ros_ws/install/puckPack/lib/python3.12/site-packages/puckPack-0.0.0-py3.12.egg-info
[14.746s] running install_scripts
[16.654s] Installing UartCommander script to /home/asme/ros_ws/install/puckPack/lib/puckPack
[16.656s] Installing choose_color script to /home/asme/ros_ws/install/puckPack/lib/puckPack
[16.658s] Installing controlPC script to /home/asme/ros_ws/install/puckPack/lib/puckPack
[16.660s] Installing mainCamera script to /home/asme/ros_ws/install/puckPack/lib/puckPack
[16.662s] Installing rpiCamera script to /home/asme/ros_ws/install/puckPack/lib/puckPack
[16.663s] Installing thinker script to /home/asme/ros_ws/install/puckPack/lib/puckPack
[16.668s] writing list of installed files to '/home/asme/ros_ws/build/puckPack/install.log'
[16.905s] Invoked command in '/home/asme/ros_ws/src/puckPack' returned '0': DEBUGINFOD_URLS=https://debuginfod.ubuntu.com PYTHONPATH=/home/asme/ros_ws/build/puckPack/prefix_override:/usr/lib/python3/dist-packages/colcon_core/task/python/colcon_distutils_commands:/home/asme/ros_ws/install/puckPack/lib/python3.12/site-packages:/home/asme/ros_ws/install/ctrl_interface/lib/python3.12/site-packages:/home/asme/ros_ws/install/puckPack/lib/python3.12/site-packages:/opt/ros/jazzy/lib/python3.12/site-packages /usr/bin/python3 -W ignore:setup.py install is deprecated setup.py egg_info --egg-base ../../build/puckPack build --build-base /home/asme/ros_ws/build/puckPack/build install --record /home/asme/ros_ws/build/puckPack/install.log --single-version-externally-managed install_data
