[9.551s] Invoking command in '/home/asme/ros_ws/src/puckPack': DEBUGINFOD_URLS=https://debuginfod.ubuntu.com PYTHONPATH=/home/asme/ros_ws/build/puckPack/prefix_override:/usr/lib/python3/dist-packages/colcon_core/task/python/colcon_distutils_commands:/home/asme/ros_ws/install/puckPack/lib/python3.12/site-packages:/home/asme/ros_ws/install/ctrl_interface/lib/python3.12/site-packages:/home/asme/ros_ws/install/puckPack/lib/python3.12/site-packages:/opt/ros/jazzy/lib/python3.12/site-packages /usr/bin/python3 -W ignore:setup.py install is deprecated setup.py egg_info --egg-base ../../build/puckPack build --build-base /home/asme/ros_ws/build/puckPack/build install --record /home/asme/ros_ws/build/puckPack/install.log --single-version-externally-managed install_data
[12.737s] running egg_info
[12.984s] writing ../../build/puckPack/puckPack.egg-info/PKG-INFO
[12.986s] writing dependency_links to ../../build/puckPack/puckPack.egg-info/dependency_links.txt
[12.989s] writing entry points to ../../build/puckPack/puckPack.egg-info/entry_points.txt
[12.990s] writing requirements to ../../build/puckPack/puckPack.egg-info/requires.txt
[12.992s] writing top-level names to ../../build/puckPack/puckPack.egg-info/top_level.txt
[13.496s] reading manifest file '../../build/puckPack/puckPack.egg-info/SOURCES.txt'
[13.500s] adding license file 'LICENSE'
[13.506s] writing manifest file '../../build/puckPack/puckPack.egg-info/SOURCES.txt'
[13.508s] running build
[13.509s] running build_py
[13.514s] copying puckPack/UartCommander.py -> /home/asme/ros_ws/build/puckPack/build/lib/puckPack
[13.518s] running install
[13.583s] running install_lib
[13.838s] copying /home/asme/ros_ws/build/puckPack/build/lib/puckPack/UartCommander.py -> /home/asme/ros_ws/install/puckPack/lib/python3.12/site-packages/puckPack
[13.846s] byte-compiling /home/asme/ros_ws/install/puckPack/lib/python3.12/site-packages/puckPack/UartCommander.py to UartCommander.cpython-312.pyc
[13.863s] running install_data
[13.865s] running install_egg_info
[14.124s] removing '/home/asme/ros_ws/install/puckPack/lib/python3.12/site-packages/puckPack-0.0.0-py3.12.egg-info' (and everything under it)
[14.128s] Copying ../../build/puckPack/puckPack.egg-info to /home/asme/ros_ws/install/puckPack/lib/python3.12/site-packages/puckPack-0.0.0-py3.12.egg-info
[14.141s] running install_scripts
[15.911s] Installing UartCommander script to /home/asme/ros_ws/install/puckPack/lib/puckPack
[15.913s] Installing choose_color script to /home/asme/ros_ws/install/puckPack/lib/puckPack
[15.916s] Installing controlPC script to /home/asme/ros_ws/install/puckPack/lib/puckPack
[15.918s] Installing mainCamera script to /home/asme/ros_ws/install/puckPack/lib/puckPack
[15.919s] Installing rpiCamera script to /home/asme/ros_ws/install/puckPack/lib/puckPack
[15.921s] Installing thinker script to /home/asme/ros_ws/install/puckPack/lib/puckPack
[15.925s] writing list of installed files to '/home/asme/ros_ws/build/puckPack/install.log'
[16.159s] Invoked command in '/home/asme/ros_ws/src/puckPack' returned '0': DEBUGINFOD_URLS=https://debuginfod.ubuntu.com PYTHONPATH=/home/asme/ros_ws/build/puckPack/prefix_override:/usr/lib/python3/dist-packages/colcon_core/task/python/colcon_distutils_commands:/home/asme/ros_ws/install/puckPack/lib/python3.12/site-packages:/home/asme/ros_ws/install/ctrl_interface/lib/python3.12/site-packages:/home/asme/ros_ws/install/puckPack/lib/python3.12/site-packages:/opt/ros/jazzy/lib/python3.12/site-packages /usr/bin/python3 -W ignore:setup.py install is deprecated setup.py egg_info --egg-base ../../build/puckPack build --build-base /home/asme/ros_ws/build/puckPack/build install --record /home/asme/ros_ws/build/puckPack/install.log --single-version-externally-managed install_data
