[1.228s] Invoking command in '/home/asme/ros_ws/src/puckPack': DEBUGINFOD_URLS=https://debuginfod.ubuntu.com PYTHONPATH=/home/asme/ros_ws/build/puckPack/prefix_override:/usr/lib/python3/dist-packages/colcon_core/task/python/colcon_distutils_commands:/home/asme/ros_ws/install/puckPack/lib/python3.12/site-packages:/home/asme/ros_ws/install/ctrl_interface/lib/python3.12/site-packages:/home/asme/ros_ws/install/puckPack/lib/python3.12/site-packages:/opt/ros/jazzy/lib/python3.12/site-packages /usr/bin/python3 -W ignore:setup.py install is deprecated setup.py egg_info --egg-base ../../build/puckPack build --build-base /home/asme/ros_ws/build/puckPack/build install --record /home/asme/ros_ws/build/puckPack/install.log --single-version-externally-managed install_data
[1.589s] running egg_info
[1.616s] writing ../../build/puckPack/puckPack.egg-info/PKG-INFO
[1.616s] writing dependency_links to ../../build/puckPack/puckPack.egg-info/dependency_links.txt
[1.618s] writing entry points to ../../build/puckPack/puckPack.egg-info/entry_points.txt
[1.620s] writing requirements to ../../build/puckPack/puckPack.egg-info/requires.txt
[1.623s] writing top-level names to ../../build/puckPack/puckPack.egg-info/top_level.txt
[1.680s] reading manifest file '../../build/puckPack/puckPack.egg-info/SOURCES.txt'
[1.680s] adding license file 'LICENSE'
[1.681s] writing manifest file '../../build/puckPack/puckPack.egg-info/SOURCES.txt'
[1.681s] running build
[1.681s] running build_py
[1.681s] copying puckPack/controlPC.py -> /home/asme/ros_ws/build/puckPack/build/lib/puckPack
[1.681s] copying puckPack/UartCommander.py -> /home/asme/ros_ws/build/puckPack/build/lib/puckPack
[1.682s] running install
[1.691s] running install_lib
[1.719s] copying /home/asme/ros_ws/build/puckPack/build/lib/puckPack/controlPC.py -> /home/asme/ros_ws/install/puckPack/lib/python3.12/site-packages/puckPack
[1.719s] copying /home/asme/ros_ws/build/puckPack/build/lib/puckPack/UartCommander.py -> /home/asme/ros_ws/install/puckPack/lib/python3.12/site-packages/puckPack
[1.720s] byte-compiling /home/asme/ros_ws/install/puckPack/lib/python3.12/site-packages/puckPack/controlPC.py to controlPC.cpython-312.pyc
[1.762s] byte-compiling /home/asme/ros_ws/install/puckPack/lib/python3.12/site-packages/puckPack/UartCommander.py to UartCommander.cpython-312.pyc
[1.764s] running install_data
[1.765s] running install_egg_info
[1.793s] removing '/home/asme/ros_ws/install/puckPack/lib/python3.12/site-packages/puckPack-0.0.0-py3.12.egg-info' (and everything under it)
[1.793s] Copying ../../build/puckPack/puckPack.egg-info to /home/asme/ros_ws/install/puckPack/lib/python3.12/site-packages/puckPack-0.0.0-py3.12.egg-info
[1.794s] running install_scripts
[1.977s] Installing UartCommander script to /home/asme/ros_ws/install/puckPack/lib/puckPack
[1.977s] Installing controlPC script to /home/asme/ros_ws/install/puckPack/lib/puckPack
[1.979s] writing list of installed files to '/home/asme/ros_ws/build/puckPack/install.log'
[2.066s] Invoked command in '/home/asme/ros_ws/src/puckPack' returned '0': DEBUGINFOD_URLS=https://debuginfod.ubuntu.com PYTHONPATH=/home/asme/ros_ws/build/puckPack/prefix_override:/usr/lib/python3/dist-packages/colcon_core/task/python/colcon_distutils_commands:/home/asme/ros_ws/install/puckPack/lib/python3.12/site-packages:/home/asme/ros_ws/install/ctrl_interface/lib/python3.12/site-packages:/home/asme/ros_ws/install/puckPack/lib/python3.12/site-packages:/opt/ros/jazzy/lib/python3.12/site-packages /usr/bin/python3 -W ignore:setup.py install is deprecated setup.py egg_info --egg-base ../../build/puckPack build --build-base /home/asme/ros_ws/build/puckPack/build install --record /home/asme/ros_ws/build/puckPack/install.log --single-version-externally-managed install_data
