[0.423s] Invoking command in '/home/asme/ros_ws/src/build/tutorial_interfaces': CMAKE_PREFIX_PATH=${CMAKE_PREFIX_PATH}:/opt/ros/jazzy DEBUGINFOD_URLS=https://debuginfod.ubuntu.com /usr/bin/cmake /home/asme/ros_ws/src/tutorial_interfaces -DCMAKE_INSTALL_PREFIX=/home/asme/ros_ws/src/install/tutorial_interfaces
[2.112s] -- The C compiler identification is GNU 13.2.0
[2.831s] -- The CXX compiler identification is GNU 13.2.0
[2.881s] -- Detecting C compiler ABI info
[3.120s] -- Detecting C compiler ABI info - done
[3.136s] -- Check for working C compiler: /usr/bin/cc - skipped
[3.137s] -- Detecting C compile features
[3.138s] -- Detecting C compile features - done
[3.159s] -- Detecting CXX compiler ABI info
[3.342s] -- Detecting CXX compiler ABI info - done
[3.359s] -- Check for working CXX compiler: /usr/bin/c++ - skipped
[3.360s] -- Detecting CXX compile features
[3.360s] -- Detecting CXX compile features - done
[3.370s] -- Found ament_cmake: 2.5.2 (/opt/ros/jazzy/share/ament_cmake/cmake)
[3.607s] -- Found Python3: /usr/bin/python3 (found version "3.12.3") found components: Interpreter 
[3.837s] -- Found ament_lint_auto: 0.17.1 (/opt/ros/jazzy/share/ament_lint_auto/cmake)
[4.046s] -- Added test 'lint_cmake' to check CMake code style
[4.050s] -- Added test 'xmllint' to check XML markup files
[4.053s] -- Configuring done (2.8s)
[4.058s] -- Generating done (0.0s)
[4.060s] -- Build files have been written to: /home/asme/ros_ws/src/build/tutorial_interfaces
[4.068s] Invoked command in '/home/asme/ros_ws/src/build/tutorial_interfaces' returned '0': CMAKE_PREFIX_PATH=${CMAKE_PREFIX_PATH}:/opt/ros/jazzy DEBUGINFOD_URLS=https://debuginfod.ubuntu.com /usr/bin/cmake /home/asme/ros_ws/src/tutorial_interfaces -DCMAKE_INSTALL_PREFIX=/home/asme/ros_ws/src/install/tutorial_interfaces
[4.070s] Invoking command in '/home/asme/ros_ws/src/build/tutorial_interfaces': CMAKE_PREFIX_PATH=${CMAKE_PREFIX_PATH}:/opt/ros/jazzy DEBUGINFOD_URLS=https://debuginfod.ubuntu.com /usr/bin/cmake --build /home/asme/ros_ws/src/build/tutorial_interfaces -- -j4 -l4
[4.141s] Invoked command in '/home/asme/ros_ws/src/build/tutorial_interfaces' returned '0': CMAKE_PREFIX_PATH=${CMAKE_PREFIX_PATH}:/opt/ros/jazzy DEBUGINFOD_URLS=https://debuginfod.ubuntu.com /usr/bin/cmake --build /home/asme/ros_ws/src/build/tutorial_interfaces -- -j4 -l4
[4.196s] Invoking command in '/home/asme/ros_ws/src/build/tutorial_interfaces': CMAKE_PREFIX_PATH=${CMAKE_PREFIX_PATH}:/opt/ros/jazzy DEBUGINFOD_URLS=https://debuginfod.ubuntu.com /usr/bin/cmake --install /home/asme/ros_ws/src/build/tutorial_interfaces
[4.212s] -- Install configuration: ""
[4.212s] -- Installing: /home/asme/ros_ws/src/install/tutorial_interfaces/share/ament_index/resource_index/package_run_dependencies/tutorial_interfaces
[4.213s] -- Installing: /home/asme/ros_ws/src/install/tutorial_interfaces/share/ament_index/resource_index/parent_prefix_path/tutorial_interfaces
[4.213s] -- Installing: /home/asme/ros_ws/src/install/tutorial_interfaces/share/tutorial_interfaces/environment/ament_prefix_path.sh
[4.213s] -- Installing: /home/asme/ros_ws/src/install/tutorial_interfaces/share/tutorial_interfaces/environment/ament_prefix_path.dsv
[4.213s] -- Installing: /home/asme/ros_ws/src/install/tutorial_interfaces/share/tutorial_interfaces/environment/path.sh
[4.213s] -- Installing: /home/asme/ros_ws/src/install/tutorial_interfaces/share/tutorial_interfaces/environment/path.dsv
[4.214s] -- Installing: /home/asme/ros_ws/src/install/tutorial_interfaces/share/tutorial_interfaces/local_setup.bash
[4.214s] -- Installing: /home/asme/ros_ws/src/install/tutorial_interfaces/share/tutorial_interfaces/local_setup.sh
[4.214s] -- Installing: /home/asme/ros_ws/src/install/tutorial_interfaces/share/tutorial_interfaces/local_setup.zsh
[4.214s] -- Installing: /home/asme/ros_ws/src/install/tutorial_interfaces/share/tutorial_interfaces/local_setup.dsv
[4.214s] -- Installing: /home/asme/ros_ws/src/install/tutorial_interfaces/share/tutorial_interfaces/package.dsv
[4.215s] -- Installing: /home/asme/ros_ws/src/install/tutorial_interfaces/share/ament_index/resource_index/packages/tutorial_interfaces
[4.215s] -- Installing: /home/asme/ros_ws/src/install/tutorial_interfaces/share/tutorial_interfaces/cmake/tutorial_interfacesConfig.cmake
[4.215s] -- Installing: /home/asme/ros_ws/src/install/tutorial_interfaces/share/tutorial_interfaces/cmake/tutorial_interfacesConfig-version.cmake
[4.216s] -- Installing: /home/asme/ros_ws/src/install/tutorial_interfaces/share/tutorial_interfaces/package.xml
[4.220s] Invoked command in '/home/asme/ros_ws/src/build/tutorial_interfaces' returned '0': CMAKE_PREFIX_PATH=${CMAKE_PREFIX_PATH}:/opt/ros/jazzy DEBUGINFOD_URLS=https://debuginfod.ubuntu.com /usr/bin/cmake --install /home/asme/ros_ws/src/build/tutorial_interfaces
