running egg_info
writing ../../build/puckPack/puckPack.egg-info/PKG-INFO
writing dependency_links to ../../build/puckPack/puckPack.egg-info/dependency_links.txt
writing entry points to ../../build/puckPack/puckPack.egg-info/entry_points.txt
writing requirements to ../../build/puckPack/puckPack.egg-info/requires.txt
writing top-level names to ../../build/puckPack/puckPack.egg-info/top_level.txt
reading manifest file '../../build/puckPack/puckPack.egg-info/SOURCES.txt'
adding license file 'LICENSE'
writing manifest file '../../build/puckPack/puckPack.egg-info/SOURCES.txt'
running build
running build_py
running install
running install_lib
running install_data
copying package.xml -> /home/asme/ros_ws/install/puckPack/share/puckPack
running install_egg_info
removing '/home/asme/ros_ws/install/puckPack/lib/python3.12/site-packages/puckPack-0.0.0-py3.12.egg-info' (and everything under it)
Copying ../../build/puckPack/puckPack.egg-info to /home/asme/ros_ws/install/puckPack/lib/python3.12/site-packages/puckPack-0.0.0-py3.12.egg-info
running install_scripts
Installing UartCommander script to /home/asme/ros_ws/install/puckPack/lib/puckPack
Installing choose_color script to /home/asme/ros_ws/install/puckPack/lib/puckPack
Installing controlPC script to /home/asme/ros_ws/install/puckPack/lib/puckPack
Installing mainCamera script to /home/asme/ros_ws/install/puckPack/lib/puckPack
Installing rpiCamera script to /home/asme/ros_ws/install/puckPack/lib/puckPack
Installing thinker script to /home/asme/ros_ws/install/puckPack/lib/puckPack
writing list of installed files to '/home/asme/ros_ws/build/puckPack/install.log'
