[6.912s] Invoking command in '/home/asme/ros_ws/src/puckPack': AMENT_PREFIX_PATH=/home/asme/ros_ws/install/ctrl_interface:${AMENT_PREFIX_PATH} CMAKE_PREFIX_PATH=/home/asme/ros_ws/install/ctrl_interface:${CMAKE_PREFIX_PATH} DEBUGINFOD_URLS=https://debuginfod.ubuntu.com LD_LIBRARY_PATH=/home/asme/ros_ws/install/ctrl_interface/lib:${LD_LIBRARY_PATH} PYTHONPATH=/home/asme/ros_ws/build/puckPack/prefix_override:/usr/lib/python3/dist-packages/colcon_core/task/python/colcon_distutils_commands:/home/asme/ros_ws/install/puckPack/lib/python3.12/site-packages:/home/asme/ros_ws/install/ctrl_interface/lib/python3.12/site-packages:${PYTHONPATH} /usr/bin/python3 -W ignore:setup.py install is deprecated setup.py egg_info --egg-base ../../build/puckPack build --build-base /home/asme/ros_ws/build/puckPack/build install --record /home/asme/ros_ws/build/puckPack/install.log --single-version-externally-managed install_data
[8.839s] running egg_info
[8.993s] writing ../../build/puckPack/puckPack.egg-info/PKG-INFO
[8.996s] writing dependency_links to ../../build/puckPack/puckPack.egg-info/dependency_links.txt
[9.009s] writing entry points to ../../build/puckPack/puckPack.egg-info/entry_points.txt
[9.009s] writing requirements to ../../build/puckPack/puckPack.egg-info/requires.txt
[9.019s] writing top-level names to ../../build/puckPack/puckPack.egg-info/top_level.txt
[9.336s] reading manifest file '../../build/puckPack/puckPack.egg-info/SOURCES.txt'
[9.342s] adding license file 'LICENSE'
[9.346s] writing manifest file '../../build/puckPack/puckPack.egg-info/SOURCES.txt'
[9.348s] running build
[9.349s] running build_py
[9.352s] copying puckPack/thinker.py -> /home/asme/ros_ws/build/puckPack/build/lib/puckPack
[9.356s] copying puckPack/choose_color.py -> /home/asme/ros_ws/build/puckPack/build/lib/puckPack
[9.356s] copying puckPack/rpiCamera.py -> /home/asme/ros_ws/build/puckPack/build/lib/puckPack
[9.357s] copying puckPack/UartCommander.py -> /home/asme/ros_ws/build/puckPack/build/lib/puckPack
[9.358s] running install
[9.389s] running install_lib
[9.547s] copying /home/asme/ros_ws/build/puckPack/build/lib/puckPack/thinker.py -> /home/asme/ros_ws/install/puckPack/lib/python3.12/site-packages/puckPack
[9.547s] copying /home/asme/ros_ws/build/puckPack/build/lib/puckPack/choose_color.py -> /home/asme/ros_ws/install/puckPack/lib/python3.12/site-packages/puckPack
[9.548s] copying /home/asme/ros_ws/build/puckPack/build/lib/puckPack/rpiCamera.py -> /home/asme/ros_ws/install/puckPack/lib/python3.12/site-packages/puckPack
[9.553s] copying /home/asme/ros_ws/build/puckPack/build/lib/puckPack/UartCommander.py -> /home/asme/ros_ws/install/puckPack/lib/python3.12/site-packages/puckPack
[9.556s] byte-compiling /home/asme/ros_ws/install/puckPack/lib/python3.12/site-packages/puckPack/thinker.py to thinker.cpython-312.pyc
[9.570s] Sorry: IndentationError: expected an indented block after 'if' statement on line 103 (thinker.py, line 105)
[9.570s] byte-compiling /home/asme/ros_ws/install/puckPack/lib/python3.12/site-packages/puckPack/choose_color.py to choose_color.cpython-312.pyc
[9.572s] byte-compiling /home/asme/ros_ws/install/puckPack/lib/python3.12/site-packages/puckPack/rpiCamera.py to rpiCamera.cpython-312.pyc
[9.578s] byte-compiling /home/asme/ros_ws/install/puckPack/lib/python3.12/site-packages/puckPack/UartCommander.py to UartCommander.cpython-312.pyc
[9.579s]   File "/home/asme/ros_ws/install/puckPack/lib/python3.12/site-packages/puckPack/rpiCamera.py", line 33
[9.584s]     elif == 1: # blue detect 
[9.584s]          ^^
[9.585s] SyntaxError: invalid syntax
[9.585s] 
[9.586s] running install_data
[9.592s] running install_egg_info
[9.756s] removing '/home/asme/ros_ws/install/puckPack/lib/python3.12/site-packages/puckPack-0.0.0-py3.12.egg-info' (and everything under it)
[9.758s] Copying ../../build/puckPack/puckPack.egg-info to /home/asme/ros_ws/install/puckPack/lib/python3.12/site-packages/puckPack-0.0.0-py3.12.egg-info
[9.775s] running install_scripts
[10.872s] Installing UartCommander script to /home/asme/ros_ws/install/puckPack/lib/puckPack
[10.879s] Installing choose_color script to /home/asme/ros_ws/install/puckPack/lib/puckPack
[10.879s] Installing controlPC script to /home/asme/ros_ws/install/puckPack/lib/puckPack
[10.880s] Installing mainCamera script to /home/asme/ros_ws/install/puckPack/lib/puckPack
[10.883s] Installing rpiCamera script to /home/asme/ros_ws/install/puckPack/lib/puckPack
[10.890s] writing list of installed files to '/home/asme/ros_ws/build/puckPack/install.log'
[11.076s] Invoked command in '/home/asme/ros_ws/src/puckPack' returned '0': AMENT_PREFIX_PATH=/home/asme/ros_ws/install/ctrl_interface:${AMENT_PREFIX_PATH} CMAKE_PREFIX_PATH=/home/asme/ros_ws/install/ctrl_interface:${CMAKE_PREFIX_PATH} DEBUGINFOD_URLS=https://debuginfod.ubuntu.com LD_LIBRARY_PATH=/home/asme/ros_ws/install/ctrl_interface/lib:${LD_LIBRARY_PATH} PYTHONPATH=/home/asme/ros_ws/build/puckPack/prefix_override:/usr/lib/python3/dist-packages/colcon_core/task/python/colcon_distutils_commands:/home/asme/ros_ws/install/puckPack/lib/python3.12/site-packages:/home/asme/ros_ws/install/ctrl_interface/lib/python3.12/site-packages:${PYTHONPATH} /usr/bin/python3 -W ignore:setup.py install is deprecated setup.py egg_info --egg-base ../../build/puckPack build --build-base /home/asme/ros_ws/build/puckPack/build install --record /home/asme/ros_ws/build/puckPack/install.log --single-version-externally-managed install_data
