[10.971s] Invoking command in '/home/asme/ros_ws/src/puckPack': AMENT_PREFIX_PATH=/home/asme/ros_ws/install/ctrl_interface:${AMENT_PREFIX_PATH} CMAKE_PREFIX_PATH=/home/asme/ros_ws/install/ctrl_interface:${CMAKE_PREFIX_PATH} DEBUGINFOD_URLS=https://debuginfod.ubuntu.com LD_LIBRARY_PATH=/home/asme/ros_ws/install/ctrl_interface/lib:${LD_LIBRARY_PATH} PYTHONPATH=/home/asme/ros_ws/build/puckPack/prefix_override:/usr/lib/python3/dist-packages/colcon_core/task/python/colcon_distutils_commands:/home/asme/ros_ws/install/puckPack/lib/python3.12/site-packages:/home/asme/ros_ws/install/ctrl_interface/lib/python3.12/site-packages:${PYTHONPATH} /usr/bin/python3 -W ignore:setup.py install is deprecated setup.py egg_info --egg-base ../../build/puckPack build --build-base /home/asme/ros_ws/build/puckPack/build install --record /home/asme/ros_ws/build/puckPack/install.log --single-version-externally-managed install_data
[14.337s] running egg_info
[14.607s] writing ../../build/puckPack/puckPack.egg-info/PKG-INFO
[14.610s] writing dependency_links to ../../build/puckPack/puckPack.egg-info/dependency_links.txt
[14.614s] writing entry points to ../../build/puckPack/puckPack.egg-info/entry_points.txt
[14.618s] writing requirements to ../../build/puckPack/puckPack.egg-info/requires.txt
[14.619s] writing top-level names to ../../build/puckPack/puckPack.egg-info/top_level.txt
[15.197s] reading manifest file '../../build/puckPack/puckPack.egg-info/SOURCES.txt'
[15.202s] adding license file 'LICENSE'
[15.209s] writing manifest file '../../build/puckPack/puckPack.egg-info/SOURCES.txt'
[15.210s] running build
[15.211s] running build_py
[15.216s] copying puckPack/thinker.py -> /home/asme/ros_ws/build/puckPack/build/lib/puckPack
[15.219s] copying puckPack/choose_color.py -> /home/asme/ros_ws/build/puckPack/build/lib/puckPack
[15.222s] copying puckPack/controlPC.py -> /home/asme/ros_ws/build/puckPack/build/lib/puckPack
[15.226s] copying puckPack/UartCommander.py -> /home/asme/ros_ws/build/puckPack/build/lib/puckPack
[15.230s] running install
[15.302s] running install_lib
[15.577s] copying /home/asme/ros_ws/build/puckPack/build/lib/puckPack/thinker.py -> /home/asme/ros_ws/install/puckPack/lib/python3.12/site-packages/puckPack
[15.581s] copying /home/asme/ros_ws/build/puckPack/build/lib/puckPack/choose_color.py -> /home/asme/ros_ws/install/puckPack/lib/python3.12/site-packages/puckPack
[15.585s] copying /home/asme/ros_ws/build/puckPack/build/lib/puckPack/controlPC.py -> /home/asme/ros_ws/install/puckPack/lib/python3.12/site-packages/puckPack
[15.588s] copying /home/asme/ros_ws/build/puckPack/build/lib/puckPack/UartCommander.py -> /home/asme/ros_ws/install/puckPack/lib/python3.12/site-packages/puckPack
[15.595s] byte-compiling /home/asme/ros_ws/install/puckPack/lib/python3.12/site-packages/puckPack/thinker.py to thinker.cpython-312.pyc
[15.611s] byte-compiling /home/asme/ros_ws/install/puckPack/lib/python3.12/site-packages/puckPack/choose_color.py to choose_color.cpython-312.pyc
[15.618s] byte-compiling /home/asme/ros_ws/install/puckPack/lib/python3.12/site-packages/puckPack/controlPC.py to controlPC.cpython-312.pyc
[15.628s] byte-compiling /home/asme/ros_ws/install/puckPack/lib/python3.12/site-packages/puckPack/UartCommander.py to UartCommander.cpython-312.pyc
[15.643s] running install_data
[15.645s] running install_egg_info
[15.932s] removing '/home/asme/ros_ws/install/puckPack/lib/python3.12/site-packages/puckPack-0.0.0-py3.12.egg-info' (and everything under it)
[15.937s] Copying ../../build/puckPack/puckPack.egg-info to /home/asme/ros_ws/install/puckPack/lib/python3.12/site-packages/puckPack-0.0.0-py3.12.egg-info
[15.954s] running install_scripts
[17.905s] Installing Thinker script to /home/asme/ros_ws/install/puckPack/lib/puckPack
[17.906s] Installing UartCommander script to /home/asme/ros_ws/install/puckPack/lib/puckPack
[17.909s] Installing choose_color script to /home/asme/ros_ws/install/puckPack/lib/puckPack
[17.911s] Installing controlPC script to /home/asme/ros_ws/install/puckPack/lib/puckPack
[17.913s] Installing mainCamera script to /home/asme/ros_ws/install/puckPack/lib/puckPack
[17.915s] Installing rpiCamera script to /home/asme/ros_ws/install/puckPack/lib/puckPack
[17.920s] writing list of installed files to '/home/asme/ros_ws/build/puckPack/install.log'
[18.162s] Invoked command in '/home/asme/ros_ws/src/puckPack' returned '0': AMENT_PREFIX_PATH=/home/asme/ros_ws/install/ctrl_interface:${AMENT_PREFIX_PATH} CMAKE_PREFIX_PATH=/home/asme/ros_ws/install/ctrl_interface:${CMAKE_PREFIX_PATH} DEBUGINFOD_URLS=https://debuginfod.ubuntu.com LD_LIBRARY_PATH=/home/asme/ros_ws/install/ctrl_interface/lib:${LD_LIBRARY_PATH} PYTHONPATH=/home/asme/ros_ws/build/puckPack/prefix_override:/usr/lib/python3/dist-packages/colcon_core/task/python/colcon_distutils_commands:/home/asme/ros_ws/install/puckPack/lib/python3.12/site-packages:/home/asme/ros_ws/install/ctrl_interface/lib/python3.12/site-packages:${PYTHONPATH} /usr/bin/python3 -W ignore:setup.py install is deprecated setup.py egg_info --egg-base ../../build/puckPack build --build-base /home/asme/ros_ws/build/puckPack/build install --record /home/asme/ros_ws/build/puckPack/install.log --single-version-externally-managed install_data
