[11.002s] Invoking command in '/home/asme/ros_ws/src/puckPack': AMENT_PREFIX_PATH=/home/asme/ros_ws/install/ctrl_interface:${AMENT_PREFIX_PATH} CMAKE_PREFIX_PATH=/home/asme/ros_ws/install/ctrl_interface:${CMAKE_PREFIX_PATH} DEBUGINFOD_URLS=https://debuginfod.ubuntu.com LD_LIBRARY_PATH=/home/asme/ros_ws/install/ctrl_interface/lib:${LD_LIBRARY_PATH} PYTHONPATH=/home/asme/ros_ws/build/puckPack/prefix_override:/usr/lib/python3/dist-packages/colcon_core/task/python/colcon_distutils_commands:/home/asme/ros_ws/install/puckPack/lib/python3.12/site-packages:/home/asme/ros_ws/install/ctrl_interface/lib/python3.12/site-packages:${PYTHONPATH} /usr/bin/python3 -W ignore:setup.py install is deprecated setup.py egg_info --egg-base ../../build/puckPack build --build-base /home/asme/ros_ws/build/puckPack/build install --record /home/asme/ros_ws/build/puckPack/install.log --single-version-externally-managed install_data
[14.351s] running egg_info
[14.612s] writing ../../build/puckPack/puckPack.egg-info/PKG-INFO
[14.616s] writing dependency_links to ../../build/puckPack/puckPack.egg-info/dependency_links.txt
[14.619s] writing entry points to ../../build/puckPack/puckPack.egg-info/entry_points.txt
[14.621s] writing requirements to ../../build/puckPack/puckPack.egg-info/requires.txt
[14.623s] writing top-level names to ../../build/puckPack/puckPack.egg-info/top_level.txt
[15.166s] reading manifest file '../../build/puckPack/puckPack.egg-info/SOURCES.txt'
[15.172s] adding license file 'LICENSE'
[15.179s] writing manifest file '../../build/puckPack/puckPack.egg-info/SOURCES.txt'
[15.180s] running build
[15.182s] running build_py
[15.186s] copying puckPack/thinker.py -> /home/asme/ros_ws/build/puckPack/build/lib/puckPack
[15.195s] running install
[15.263s] running install_lib
[15.530s] copying /home/asme/ros_ws/build/puckPack/build/lib/puckPack/thinker.py -> /home/asme/ros_ws/install/puckPack/lib/python3.12/site-packages/puckPack
[15.540s] byte-compiling /home/asme/ros_ws/install/puckPack/lib/python3.12/site-packages/puckPack/thinker.py to thinker.cpython-312.pyc
[15.566s] running install_data
[15.568s] running install_egg_info
[15.844s] removing '/home/asme/ros_ws/install/puckPack/lib/python3.12/site-packages/puckPack-0.0.0-py3.12.egg-info' (and everything under it)
[15.848s] Copying ../../build/puckPack/puckPack.egg-info to /home/asme/ros_ws/install/puckPack/lib/python3.12/site-packages/puckPack-0.0.0-py3.12.egg-info
[15.898s] running install_scripts
[17.725s] Installing UartCommander script to /home/asme/ros_ws/install/puckPack/lib/puckPack
[17.727s] Installing choose_color script to /home/asme/ros_ws/install/puckPack/lib/puckPack
[17.729s] Installing controlPC script to /home/asme/ros_ws/install/puckPack/lib/puckPack
[17.731s] Installing mainCamera script to /home/asme/ros_ws/install/puckPack/lib/puckPack
[17.734s] Installing rpiCamera script to /home/asme/ros_ws/install/puckPack/lib/puckPack
[17.736s] Installing thinker script to /home/asme/ros_ws/install/puckPack/lib/puckPack
[17.740s] writing list of installed files to '/home/asme/ros_ws/build/puckPack/install.log'
[17.980s] Invoked command in '/home/asme/ros_ws/src/puckPack' returned '0': AMENT_PREFIX_PATH=/home/asme/ros_ws/install/ctrl_interface:${AMENT_PREFIX_PATH} CMAKE_PREFIX_PATH=/home/asme/ros_ws/install/ctrl_interface:${CMAKE_PREFIX_PATH} DEBUGINFOD_URLS=https://debuginfod.ubuntu.com LD_LIBRARY_PATH=/home/asme/ros_ws/install/ctrl_interface/lib:${LD_LIBRARY_PATH} PYTHONPATH=/home/asme/ros_ws/build/puckPack/prefix_override:/usr/lib/python3/dist-packages/colcon_core/task/python/colcon_distutils_commands:/home/asme/ros_ws/install/puckPack/lib/python3.12/site-packages:/home/asme/ros_ws/install/ctrl_interface/lib/python3.12/site-packages:${PYTHONPATH} /usr/bin/python3 -W ignore:setup.py install is deprecated setup.py egg_info --egg-base ../../build/puckPack build --build-base /home/asme/ros_ws/build/puckPack/build install --record /home/asme/ros_ws/build/puckPack/install.log --single-version-externally-managed install_data
