/home/asme/ros_ws/install/puckPack/lib/python3.12/site-packages/puckPack/__init__.py
/home/asme/ros_ws/install/puckPack/lib/python3.12/site-packages/puckPack/mainCamera.py
/home/asme/ros_ws/install/puckPack/lib/python3.12/site-packages/puckPack/rpiCamera.py
/home/asme/ros_ws/install/puckPack/lib/python3.12/site-packages/puckPack/controlPC.py
/home/asme/ros_ws/install/puckPack/lib/python3.12/site-packages/puckPack/UartCommander.py
/home/asme/ros_ws/install/puckPack/lib/python3.12/site-packages/puckPack/__pycache__/__init__.cpython-312.pyc
/home/asme/ros_ws/install/puckPack/lib/python3.12/site-packages/puckPack/__pycache__/mainCamera.cpython-312.pyc
/home/asme/ros_ws/install/puckPack/lib/python3.12/site-packages/puckPack/__pycache__/rpiCamera.cpython-312.pyc
/home/asme/ros_ws/install/puckPack/lib/python3.12/site-packages/puckPack/__pycache__/controlPC.cpython-312.pyc
/home/asme/ros_ws/install/puckPack/lib/python3.12/site-packages/puckPack/__pycache__/UartCommander.cpython-312.pyc
/home/asme/ros_ws/install/puckPack/share/ament_index/resource_index/packages/puckPack
/home/asme/ros_ws/install/puckPack/share/puckPack/package.xml
/home/asme/ros_ws/install/puckPack/lib/python3.12/site-packages/puckPack-0.0.0-py3.12.egg-info/SOURCES.txt
/home/asme/ros_ws/install/puckPack/lib/python3.12/site-packages/puckPack-0.0.0-py3.12.egg-info/top_level.txt
/home/asme/ros_ws/install/puckPack/lib/python3.12/site-packages/puckPack-0.0.0-py3.12.egg-info/PKG-INFO
/home/asme/ros_ws/install/puckPack/lib/python3.12/site-packages/puckPack-0.0.0-py3.12.egg-info/zip-safe
/home/asme/ros_ws/install/puckPack/lib/python3.12/site-packages/puckPack-0.0.0-py3.12.egg-info/requires.txt
/home/asme/ros_ws/install/puckPack/lib/python3.12/site-packages/puckPack-0.0.0-py3.12.egg-info/dependency_links.txt
/home/asme/ros_ws/install/puckPack/lib/python3.12/site-packages/puckPack-0.0.0-py3.12.egg-info/entry_points.txt
/home/asme/ros_ws/install/puckPack/lib/puckPack/UartCommander
/home/asme/ros_ws/install/puckPack/lib/puckPack/controlPC
/home/asme/ros_ws/install/puckPack/lib/puckPack/rpiCamera
