[10.676s] Invoking command in '/home/asme/ros_ws/src/puckPack': DEBUGINFOD_URLS=https://debuginfod.ubuntu.com PYTHONPATH=/home/asme/ros_ws/build/puckPack/prefix_override:/usr/lib/python3/dist-packages/colcon_core/task/python/colcon_distutils_commands:/home/asme/ros_ws/install/puckPack/lib/python3.12/site-packages:/home/asme/ros_ws/install/ctrl_interface/lib/python3.12/site-packages:/home/asme/ros_ws/install/puckPack/lib/python3.12/site-packages:/opt/ros/jazzy/lib/python3.12/site-packages /usr/bin/python3 -W ignore:setup.py install is deprecated setup.py egg_info --egg-base ../../build/puckPack build --build-base /home/asme/ros_ws/build/puckPack/build install --record /home/asme/ros_ws/build/puckPack/install.log --single-version-externally-managed install_data
[14.142s] running egg_info
[14.420s] writing ../../build/puckPack/puckPack.egg-info/PKG-INFO
[14.424s] writing dependency_links to ../../build/puckPack/puckPack.egg-info/dependency_links.txt
[14.430s] writing entry points to ../../build/puckPack/puckPack.egg-info/entry_points.txt
[14.440s] writing requirements to ../../build/puckPack/puckPack.egg-info/requires.txt
[14.442s] writing top-level names to ../../build/puckPack/puckPack.egg-info/top_level.txt
[15.031s] reading manifest file '../../build/puckPack/puckPack.egg-info/SOURCES.txt'
[15.037s] adding license file 'LICENSE'
[15.046s] writing manifest file '../../build/puckPack/puckPack.egg-info/SOURCES.txt'
[15.050s] running build
[15.051s] running build_py
[15.054s] copying puckPack/controlPC.py -> /home/asme/ros_ws/build/puckPack/build/lib/puckPack
[15.058s] running install
[15.126s] running install_lib
[15.421s] copying /home/asme/ros_ws/build/puckPack/build/lib/puckPack/controlPC.py -> /home/asme/ros_ws/install/puckPack/lib/python3.12/site-packages/puckPack
[15.434s] byte-compiling /home/asme/ros_ws/install/puckPack/lib/python3.12/site-packages/puckPack/controlPC.py to controlPC.cpython-312.pyc
[15.450s] running install_data
[15.451s] running install_egg_info
[15.766s] removing '/home/asme/ros_ws/install/puckPack/lib/python3.12/site-packages/puckPack-0.0.0-py3.12.egg-info' (and everything under it)
[15.770s] Copying ../../build/puckPack/puckPack.egg-info to /home/asme/ros_ws/install/puckPack/lib/python3.12/site-packages/puckPack-0.0.0-py3.12.egg-info
[15.790s] running install_scripts
[17.686s] Installing Thinker script to /home/asme/ros_ws/install/puckPack/lib/puckPack
[17.688s] Installing UartCommander script to /home/asme/ros_ws/install/puckPack/lib/puckPack
[17.692s] Installing controlPC script to /home/asme/ros_ws/install/puckPack/lib/puckPack
[17.697s] Installing mainCamera script to /home/asme/ros_ws/install/puckPack/lib/puckPack
[17.699s] Installing rpiCamera script to /home/asme/ros_ws/install/puckPack/lib/puckPack
[17.702s] writing list of installed files to '/home/asme/ros_ws/build/puckPack/install.log'
[17.955s] Invoked command in '/home/asme/ros_ws/src/puckPack' returned '0': DEBUGINFOD_URLS=https://debuginfod.ubuntu.com PYTHONPATH=/home/asme/ros_ws/build/puckPack/prefix_override:/usr/lib/python3/dist-packages/colcon_core/task/python/colcon_distutils_commands:/home/asme/ros_ws/install/puckPack/lib/python3.12/site-packages:/home/asme/ros_ws/install/ctrl_interface/lib/python3.12/site-packages:/home/asme/ros_ws/install/puckPack/lib/python3.12/site-packages:/opt/ros/jazzy/lib/python3.12/site-packages /usr/bin/python3 -W ignore:setup.py install is deprecated setup.py egg_info --egg-base ../../build/puckPack build --build-base /home/asme/ros_ws/build/puckPack/build install --record /home/asme/ros_ws/build/puckPack/install.log --single-version-externally-managed install_data
