[12.143s] Invoking command in '/home/asme/ros_ws/src/puckPack': DEBUGINFOD_URLS=https://debuginfod.ubuntu.com PYTHONPATH=/home/asme/ros_ws/build/puckPack/prefix_override:/usr/lib/python3/dist-packages/colcon_core/task/python/colcon_distutils_commands:/home/asme/ros_ws/install/puckPack/lib/python3.12/site-packages:/home/asme/ros_ws/install/ctrl_interface/lib/python3.12/site-packages:/home/asme/ros_ws/install/puckPack/lib/python3.12/site-packages:/opt/ros/jazzy/lib/python3.12/site-packages /usr/bin/python3 -W ignore:setup.py install is deprecated setup.py egg_info --egg-base ../../build/puckPack build --build-base /home/asme/ros_ws/build/puckPack/build install --record /home/asme/ros_ws/build/puckPack/install.log --single-version-externally-managed install_data
[16.119s] running egg_info
[16.382s] writing ../../build/puckPack/puckPack.egg-info/PKG-INFO
[16.384s] writing dependency_links to ../../build/puckPack/puckPack.egg-info/dependency_links.txt
[16.387s] writing entry points to ../../build/puckPack/puckPack.egg-info/entry_points.txt
[16.389s] writing requirements to ../../build/puckPack/puckPack.egg-info/requires.txt
[16.390s] writing top-level names to ../../build/puckPack/puckPack.egg-info/top_level.txt
[16.925s] reading manifest file '../../build/puckPack/puckPack.egg-info/SOURCES.txt'
[16.929s] adding license file 'LICENSE'
[16.935s] writing manifest file '../../build/puckPack/puckPack.egg-info/SOURCES.txt'
[16.937s] running build
[16.938s] running build_py
[16.940s] copying puckPack/thinker.py -> /home/asme/ros_ws/build/puckPack/build/lib/puckPack
[16.944s] copying puckPack/rpiCamera.py -> /home/asme/ros_ws/build/puckPack/build/lib/puckPack
[16.949s] running install
[17.020s] running install_lib
[17.304s] copying /home/asme/ros_ws/build/puckPack/build/lib/puckPack/thinker.py -> /home/asme/ros_ws/install/puckPack/lib/python3.12/site-packages/puckPack
[17.309s] copying /home/asme/ros_ws/build/puckPack/build/lib/puckPack/rpiCamera.py -> /home/asme/ros_ws/install/puckPack/lib/python3.12/site-packages/puckPack
[17.318s] byte-compiling /home/asme/ros_ws/install/puckPack/lib/python3.12/site-packages/puckPack/thinker.py to thinker.cpython-312.pyc
[17.344s] Sorry: IndentationError: expected an indented block after 'for' statement on line 198 (thinker.py, line 199)
[17.345s] byte-compiling /home/asme/ros_ws/install/puckPack/lib/python3.12/site-packages/puckPack/rpiCamera.py to rpiCamera.cpython-312.pyc
[17.360s] running install_data
[17.362s] running install_egg_info
[17.644s] removing '/home/asme/ros_ws/install/puckPack/lib/python3.12/site-packages/puckPack-0.0.0-py3.12.egg-info' (and everything under it)
[17.649s] Copying ../../build/puckPack/puckPack.egg-info to /home/asme/ros_ws/install/puckPack/lib/python3.12/site-packages/puckPack-0.0.0-py3.12.egg-info
[17.663s] running install_scripts
[19.594s] Installing UartCommander script to /home/asme/ros_ws/install/puckPack/lib/puckPack
[19.595s] Installing choose_color script to /home/asme/ros_ws/install/puckPack/lib/puckPack
[19.598s] Installing controlPC script to /home/asme/ros_ws/install/puckPack/lib/puckPack
[19.599s] Installing mainCamera script to /home/asme/ros_ws/install/puckPack/lib/puckPack
[19.601s] Installing rpiCamera script to /home/asme/ros_ws/install/puckPack/lib/puckPack
[19.603s] Installing thinker script to /home/asme/ros_ws/install/puckPack/lib/puckPack
[19.607s] writing list of installed files to '/home/asme/ros_ws/build/puckPack/install.log'
[19.850s] Invoked command in '/home/asme/ros_ws/src/puckPack' returned '0': DEBUGINFOD_URLS=https://debuginfod.ubuntu.com PYTHONPATH=/home/asme/ros_ws/build/puckPack/prefix_override:/usr/lib/python3/dist-packages/colcon_core/task/python/colcon_distutils_commands:/home/asme/ros_ws/install/puckPack/lib/python3.12/site-packages:/home/asme/ros_ws/install/ctrl_interface/lib/python3.12/site-packages:/home/asme/ros_ws/install/puckPack/lib/python3.12/site-packages:/opt/ros/jazzy/lib/python3.12/site-packages /usr/bin/python3 -W ignore:setup.py install is deprecated setup.py egg_info --egg-base ../../build/puckPack build --build-base /home/asme/ros_ws/build/puckPack/build install --record /home/asme/ros_ws/build/puckPack/install.log --single-version-externally-managed install_data
