[1.211s] DEBUG:colcon:Command line arguments: ['/usr/bin/colcon', 'build']
[1.212s] DEBUG:colcon:Parsed command line arguments: Namespace(log_base=None, log_level=None, verb_name='build', build_base='build', install_base='install', merge_install=False, symlink_install=False, test_result_base=None, continue_on_error=False, executor='parallel', parallel_workers=4, event_handlers=None, ignore_user_meta=False, metas=['./colcon.meta'], base_paths=['.'], packages_ignore=None, packages_ignore_regex=None, paths=None, packages_up_to=None, packages_up_to_regex=None, packages_above=None, packages_above_and_dependencies=None, packages_above_depth=None, packages_select_by_dep=None, packages_skip_by_dep=None, packages_skip_up_to=None, packages_select_build_failed=False, packages_skip_build_finished=False, packages_select_test_failures=False, packages_skip_test_passed=False, packages_select=None, packages_skip=None, packages_select_regex=None, packages_skip_regex=None, packages_start=None, packages_end=None, allow_overriding=[], cmake_args=None, cmake_target=None, cmake_target_skip_unavailable=False, cmake_clean_cache=False, cmake_clean_first=False, cmake_force_configure=False, ament_cmake_args=None, catkin_cmake_args=None, catkin_skip_building_tests=False, mixin_files=None, mixin=None, verb_parser=<colcon_mixin.mixin.mixin_argument.MixinArgumentDecorator object at 0xffff7ecbf4a0>, verb_extension=<colcon_core.verb.build.BuildVerb object at 0xffff7ee7e240>, main=<bound method BuildVerb.main of <colcon_core.verb.build.BuildVerb object at 0xffff7ee7e240>>, mixin_verb=('build',))
[1.590s] Level 1:colcon.colcon_core.package_discovery:discover_packages(colcon_meta) check parameters
[1.590s] Level 1:colcon.colcon_core.package_discovery:discover_packages(recursive) check parameters
[1.591s] Level 1:colcon.colcon_core.package_discovery:discover_packages(ignore) check parameters
[1.591s] Level 1:colcon.colcon_core.package_discovery:discover_packages(path) check parameters
[1.591s] Level 1:colcon.colcon_core.package_discovery:discover_packages(colcon_meta) discover
[1.592s] Level 1:colcon.colcon_core.package_discovery:discover_packages(recursive) discover
[1.592s] INFO:colcon.colcon_core.package_discovery:Crawling recursively for packages in '/home/asme/ros_ws'
[1.593s] Level 1:colcon.colcon_core.package_identification:_identify(.) by extensions ['ignore', 'ignore_ament_install']
[1.594s] Level 1:colcon.colcon_core.package_identification:_identify(.) by extension 'ignore'
[1.595s] Level 1:colcon.colcon_core.package_identification:_identify(.) by extension 'ignore_ament_install'
[1.596s] Level 1:colcon.colcon_core.package_identification:_identify(.) by extensions ['colcon_pkg']
[1.596s] Level 1:colcon.colcon_core.package_identification:_identify(.) by extension 'colcon_pkg'
[1.596s] Level 1:colcon.colcon_core.package_identification:_identify(.) by extensions ['colcon_meta']
[1.597s] Level 1:colcon.colcon_core.package_identification:_identify(.) by extension 'colcon_meta'
[1.597s] Level 1:colcon.colcon_core.package_identification:_identify(.) by extensions ['ros']
[1.597s] Level 1:colcon.colcon_core.package_identification:_identify(.) by extension 'ros'
[1.861s] Level 1:colcon.colcon_core.package_identification:_identify(.) by extensions ['cmake', 'python']
[1.862s] Level 1:colcon.colcon_core.package_identification:_identify(.) by extension 'cmake'
[1.862s] Level 1:colcon.colcon_core.package_identification:_identify(.) by extension 'python'
[1.863s] Level 1:colcon.colcon_core.package_identification:_identify(.) by extensions ['python_setup_py']
[1.863s] Level 1:colcon.colcon_core.package_identification:_identify(.) by extension 'python_setup_py'
[1.865s] Level 1:colcon.colcon_core.package_identification:_identify(build) by extensions ['ignore', 'ignore_ament_install']
[1.865s] Level 1:colcon.colcon_core.package_identification:_identify(build) by extension 'ignore'
[1.866s] Level 1:colcon.colcon_core.package_identification:_identify(build) ignored
[1.867s] Level 1:colcon.colcon_core.package_identification:_identify(install) by extensions ['ignore', 'ignore_ament_install']
[1.868s] Level 1:colcon.colcon_core.package_identification:_identify(install) by extension 'ignore'
[1.869s] Level 1:colcon.colcon_core.package_identification:_identify(install) ignored
[1.877s] Level 1:colcon.colcon_core.package_identification:_identify(log) by extensions ['ignore', 'ignore_ament_install']
[1.878s] Level 1:colcon.colcon_core.package_identification:_identify(log) by extension 'ignore'
[1.878s] Level 1:colcon.colcon_core.package_identification:_identify(log) ignored
[1.879s] Level 1:colcon.colcon_core.package_identification:_identify(src) by extensions ['ignore', 'ignore_ament_install']
[1.880s] Level 1:colcon.colcon_core.package_identification:_identify(src) by extension 'ignore'
[1.880s] Level 1:colcon.colcon_core.package_identification:_identify(src) by extension 'ignore_ament_install'
[1.881s] Level 1:colcon.colcon_core.package_identification:_identify(src) by extensions ['colcon_pkg']
[1.881s] Level 1:colcon.colcon_core.package_identification:_identify(src) by extension 'colcon_pkg'
[1.882s] Level 1:colcon.colcon_core.package_identification:_identify(src) by extensions ['colcon_meta']
[1.882s] Level 1:colcon.colcon_core.package_identification:_identify(src) by extension 'colcon_meta'
[1.883s] Level 1:colcon.colcon_core.package_identification:_identify(src) by extensions ['ros']
[1.883s] Level 1:colcon.colcon_core.package_identification:_identify(src) by extension 'ros'
[1.892s] DEBUG:colcon.colcon_core.package_identification:Failed to parse potential ROS package manifest in'src': Error(s) in package 'src/package.xml':
The manifest contains invalid XML:
junk after document element: line 2, column 0
[1.892s] Level 1:colcon.colcon_core.package_identification:_identify(src) by extensions ['cmake', 'python']
[1.893s] Level 1:colcon.colcon_core.package_identification:_identify(src) by extension 'cmake'
[1.893s] Level 1:colcon.colcon_core.package_identification:_identify(src) by extension 'python'
[1.894s] Level 1:colcon.colcon_core.package_identification:_identify(src) by extensions ['python_setup_py']
[1.894s] Level 1:colcon.colcon_core.package_identification:_identify(src) by extension 'python_setup_py'
[1.895s] Level 1:colcon.colcon_core.package_identification:_identify(src/build) by extensions ['ignore', 'ignore_ament_install']
[1.896s] Level 1:colcon.colcon_core.package_identification:_identify(src/build) by extension 'ignore'
[1.897s] Level 1:colcon.colcon_core.package_identification:_identify(src/build) ignored
[1.897s] Level 1:colcon.colcon_core.package_identification:_identify(src/ctrl_interface) by extensions ['ignore', 'ignore_ament_install']
[1.898s] Level 1:colcon.colcon_core.package_identification:_identify(src/ctrl_interface) by extension 'ignore'
[1.899s] Level 1:colcon.colcon_core.package_identification:_identify(src/ctrl_interface) by extension 'ignore_ament_install'
[1.900s] Level 1:colcon.colcon_core.package_identification:_identify(src/ctrl_interface) by extensions ['colcon_pkg']
[1.900s] Level 1:colcon.colcon_core.package_identification:_identify(src/ctrl_interface) by extension 'colcon_pkg'
[1.900s] Level 1:colcon.colcon_core.package_identification:_identify(src/ctrl_interface) by extensions ['colcon_meta']
[1.901s] Level 1:colcon.colcon_core.package_identification:_identify(src/ctrl_interface) by extension 'colcon_meta'
[1.901s] Level 1:colcon.colcon_core.package_identification:_identify(src/ctrl_interface) by extensions ['ros']
[1.902s] Level 1:colcon.colcon_core.package_identification:_identify(src/ctrl_interface) by extension 'ros'
[1.916s] DEBUG:colcon.colcon_core.package_identification:Package 'src/ctrl_interface' with type 'ros.ament_cmake' and name 'ctrl_interface'
[1.917s] Level 1:colcon.colcon_core.package_identification:_identify(src/install) by extensions ['ignore', 'ignore_ament_install']
[1.918s] Level 1:colcon.colcon_core.package_identification:_identify(src/install) by extension 'ignore'
[1.918s] Level 1:colcon.colcon_core.package_identification:_identify(src/install) ignored
[1.919s] Level 1:colcon.colcon_core.package_identification:_identify(src/log) by extensions ['ignore', 'ignore_ament_install']
[1.920s] Level 1:colcon.colcon_core.package_identification:_identify(src/log) by extension 'ignore'
[1.921s] Level 1:colcon.colcon_core.package_identification:_identify(src/log) ignored
[1.922s] Level 1:colcon.colcon_core.package_identification:_identify(src/puckPack) by extensions ['ignore', 'ignore_ament_install']
[1.923s] Level 1:colcon.colcon_core.package_identification:_identify(src/puckPack) by extension 'ignore'
[1.923s] Level 1:colcon.colcon_core.package_identification:_identify(src/puckPack) by extension 'ignore_ament_install'
[1.924s] Level 1:colcon.colcon_core.package_identification:_identify(src/puckPack) by extensions ['colcon_pkg']
[1.924s] Level 1:colcon.colcon_core.package_identification:_identify(src/puckPack) by extension 'colcon_pkg'
[1.925s] Level 1:colcon.colcon_core.package_identification:_identify(src/puckPack) by extensions ['colcon_meta']
[1.925s] Level 1:colcon.colcon_core.package_identification:_identify(src/puckPack) by extension 'colcon_meta'
[1.926s] Level 1:colcon.colcon_core.package_identification:_identify(src/puckPack) by extensions ['ros']
[1.926s] Level 1:colcon.colcon_core.package_identification:_identify(src/puckPack) by extension 'ros'
[1.931s] DEBUG:colcon.colcon_core.package_identification:Package 'src/puckPack' with type 'ros.ament_python' and name 'puckPack'
[1.931s] Level 1:colcon.colcon_core.package_discovery:discover_packages(recursive) using defaults
[1.932s] Level 1:colcon.colcon_core.package_discovery:discover_packages(ignore) discover
[1.932s] Level 1:colcon.colcon_core.package_discovery:discover_packages(ignore) using defaults
[1.933s] Level 1:colcon.colcon_core.package_discovery:discover_packages(path) discover
[1.933s] Level 1:colcon.colcon_core.package_discovery:discover_packages(path) using defaults
[2.106s] Level 1:colcon.colcon_core.package_discovery:discover_packages(prefix_path) check parameters
[2.107s] Level 1:colcon.colcon_core.package_discovery:discover_packages(prefix_path) discover
[2.126s] DEBUG:colcon.colcon_installed_package_information.package_discovery:Found 2 installed packages in /home/asme/ros_ws/install
[2.155s] DEBUG:colcon.colcon_installed_package_information.package_discovery:Found 286 installed packages in /opt/ros/jazzy
[2.165s] Level 1:colcon.colcon_core.package_discovery:discover_packages(prefix_path) using defaults
[2.709s] Level 5:colcon.colcon_core.verb:set package 'ctrl_interface' build argument 'cmake_args' from command line to 'None'
[2.710s] Level 5:colcon.colcon_core.verb:set package 'ctrl_interface' build argument 'cmake_target' from command line to 'None'
[2.710s] Level 5:colcon.colcon_core.verb:set package 'ctrl_interface' build argument 'cmake_target_skip_unavailable' from command line to 'False'
[2.710s] Level 5:colcon.colcon_core.verb:set package 'ctrl_interface' build argument 'cmake_clean_cache' from command line to 'False'
[2.710s] Level 5:colcon.colcon_core.verb:set package 'ctrl_interface' build argument 'cmake_clean_first' from command line to 'False'
[2.711s] Level 5:colcon.colcon_core.verb:set package 'ctrl_interface' build argument 'cmake_force_configure' from command line to 'False'
[2.711s] Level 5:colcon.colcon_core.verb:set package 'ctrl_interface' build argument 'ament_cmake_args' from command line to 'None'
[2.711s] Level 5:colcon.colcon_core.verb:set package 'ctrl_interface' build argument 'catkin_cmake_args' from command line to 'None'
[2.712s] Level 5:colcon.colcon_core.verb:set package 'ctrl_interface' build argument 'catkin_skip_building_tests' from command line to 'False'
[2.712s] DEBUG:colcon.colcon_core.verb:Building package 'ctrl_interface' with the following arguments: {'ament_cmake_args': None, 'build_base': '/home/asme/ros_ws/build/ctrl_interface', 'catkin_cmake_args': None, 'catkin_skip_building_tests': False, 'cmake_args': None, 'cmake_clean_cache': False, 'cmake_clean_first': False, 'cmake_force_configure': False, 'cmake_target': None, 'cmake_target_skip_unavailable': False, 'install_base': '/home/asme/ros_ws/install/ctrl_interface', 'merge_install': False, 'path': '/home/asme/ros_ws/src/ctrl_interface', 'symlink_install': False, 'test_result_base': None}
[2.715s] Level 5:colcon.colcon_core.verb:set package 'puckPack' build argument 'cmake_args' from command line to 'None'
[2.716s] Level 5:colcon.colcon_core.verb:set package 'puckPack' build argument 'cmake_target' from command line to 'None'
[2.716s] Level 5:colcon.colcon_core.verb:set package 'puckPack' build argument 'cmake_target_skip_unavailable' from command line to 'False'
[2.716s] Level 5:colcon.colcon_core.verb:set package 'puckPack' build argument 'cmake_clean_cache' from command line to 'False'
[2.716s] Level 5:colcon.colcon_core.verb:set package 'puckPack' build argument 'cmake_clean_first' from command line to 'False'
[2.717s] Level 5:colcon.colcon_core.verb:set package 'puckPack' build argument 'cmake_force_configure' from command line to 'False'
[2.717s] Level 5:colcon.colcon_core.verb:set package 'puckPack' build argument 'ament_cmake_args' from command line to 'None'
[2.717s] Level 5:colcon.colcon_core.verb:set package 'puckPack' build argument 'catkin_cmake_args' from command line to 'None'
[2.718s] Level 5:colcon.colcon_core.verb:set package 'puckPack' build argument 'catkin_skip_building_tests' from command line to 'False'
[2.718s] DEBUG:colcon.colcon_core.verb:Building package 'puckPack' with the following arguments: {'ament_cmake_args': None, 'build_base': '/home/asme/ros_ws/build/puckPack', 'catkin_cmake_args': None, 'catkin_skip_building_tests': False, 'cmake_args': None, 'cmake_clean_cache': False, 'cmake_clean_first': False, 'cmake_force_configure': False, 'cmake_target': None, 'cmake_target_skip_unavailable': False, 'install_base': '/home/asme/ros_ws/install/puckPack', 'merge_install': False, 'path': '/home/asme/ros_ws/src/puckPack', 'symlink_install': False, 'test_result_base': None}
[2.719s] INFO:colcon.colcon_core.executor:Executing jobs using 'parallel' executor
[2.725s] DEBUG:colcon.colcon_parallel_executor.executor.parallel:run_until_complete
[2.727s] INFO:colcon.colcon_ros.task.ament_cmake.build:Building ROS package in '/home/asme/ros_ws/src/ctrl_interface' with build type 'ament_cmake'
[2.729s] INFO:colcon.colcon_cmake.task.cmake.build:Building CMake package in '/home/asme/ros_ws/src/ctrl_interface'
[2.747s] INFO:colcon.colcon_core.plugin_system:Skipping extension 'colcon_core.shell.bat': Not used on non-Windows systems
[2.750s] INFO:colcon.colcon_core.shell:Skip shell extension 'powershell' for command environment: Not usable outside of PowerShell
[2.750s] DEBUG:colcon.colcon_core.shell:Skip shell extension 'dsv' for command environment
[2.851s] DEBUG:colcon.colcon_core.event_handler.log_command:Invoking command in '/home/asme/ros_ws/build/ctrl_interface': CMAKE_PREFIX_PATH=${CMAKE_PREFIX_PATH}:/home/asme/ros_ws/install/puckPack:/opt/ros/jazzy DEBUGINFOD_URLS=https://debuginfod.ubuntu.com /usr/bin/cmake --build /home/asme/ros_ws/build/ctrl_interface -- -j4 -l4
[7.893s] DEBUG:colcon.colcon_core.event_handler.log_command:Invoked command in '/home/asme/ros_ws/build/ctrl_interface' returned '0': CMAKE_PREFIX_PATH=${CMAKE_PREFIX_PATH}:/home/asme/ros_ws/install/puckPack:/opt/ros/jazzy DEBUGINFOD_URLS=https://debuginfod.ubuntu.com /usr/bin/cmake --build /home/asme/ros_ws/build/ctrl_interface -- -j4 -l4
[8.856s] DEBUG:colcon.colcon_core.event_handler.log_command:Invoking command in '/home/asme/ros_ws/build/ctrl_interface': CMAKE_PREFIX_PATH=${CMAKE_PREFIX_PATH}:/home/asme/ros_ws/install/puckPack:/opt/ros/jazzy DEBUGINFOD_URLS=https://debuginfod.ubuntu.com /usr/bin/cmake --install /home/asme/ros_ws/build/ctrl_interface
[9.607s] Level 1:colcon.colcon_core.environment:create_environment_scripts_only(ctrl_interface)
[9.610s] DEBUG:colcon.colcon_core.event_handler.log_command:Invoked command in '/home/asme/ros_ws/build/ctrl_interface' returned '0': CMAKE_PREFIX_PATH=${CMAKE_PREFIX_PATH}:/home/asme/ros_ws/install/puckPack:/opt/ros/jazzy DEBUGINFOD_URLS=https://debuginfod.ubuntu.com /usr/bin/cmake --install /home/asme/ros_ws/build/ctrl_interface
[9.633s] Level 1:colcon.colcon_core.environment:checking '/home/asme/ros_ws/install/ctrl_interface' for CMake module files
[9.645s] Level 1:colcon.colcon_core.environment:checking '/home/asme/ros_ws/install/ctrl_interface' for CMake config files
[9.660s] Level 1:colcon.colcon_core.shell:create_environment_hook('ctrl_interface', 'cmake_prefix_path')
[9.662s] INFO:colcon.colcon_core.shell:Creating environment hook '/home/asme/ros_ws/install/ctrl_interface/share/ctrl_interface/hook/cmake_prefix_path.ps1'
[9.667s] INFO:colcon.colcon_core.shell:Creating environment descriptor '/home/asme/ros_ws/install/ctrl_interface/share/ctrl_interface/hook/cmake_prefix_path.dsv'
[9.671s] INFO:colcon.colcon_core.shell:Creating environment hook '/home/asme/ros_ws/install/ctrl_interface/share/ctrl_interface/hook/cmake_prefix_path.sh'
[9.678s] Level 1:colcon.colcon_core.environment:checking '/home/asme/ros_ws/install/ctrl_interface/lib'
[9.679s] Level 1:colcon.colcon_core.shell:create_environment_hook('ctrl_interface', 'ld_library_path_lib')
[9.681s] INFO:colcon.colcon_core.shell:Creating environment hook '/home/asme/ros_ws/install/ctrl_interface/share/ctrl_interface/hook/ld_library_path_lib.ps1'
[9.684s] INFO:colcon.colcon_core.shell:Creating environment descriptor '/home/asme/ros_ws/install/ctrl_interface/share/ctrl_interface/hook/ld_library_path_lib.dsv'
[9.687s] INFO:colcon.colcon_core.shell:Creating environment hook '/home/asme/ros_ws/install/ctrl_interface/share/ctrl_interface/hook/ld_library_path_lib.sh'
[9.691s] Level 1:colcon.colcon_core.environment:checking '/home/asme/ros_ws/install/ctrl_interface/bin'
[9.692s] Level 1:colcon.colcon_core.environment:checking '/home/asme/ros_ws/install/ctrl_interface/lib/pkgconfig/ctrl_interface.pc'
[9.694s] Level 1:colcon.colcon_core.environment:checking '/home/asme/ros_ws/install/ctrl_interface/lib/python3.12/site-packages'
[9.695s] Level 1:colcon.colcon_core.shell:create_environment_hook('ctrl_interface', 'pythonpath')
[9.697s] INFO:colcon.colcon_core.shell:Creating environment hook '/home/asme/ros_ws/install/ctrl_interface/share/ctrl_interface/hook/pythonpath.ps1'
[9.700s] INFO:colcon.colcon_core.shell:Creating environment descriptor '/home/asme/ros_ws/install/ctrl_interface/share/ctrl_interface/hook/pythonpath.dsv'
[9.703s] INFO:colcon.colcon_core.shell:Creating environment hook '/home/asme/ros_ws/install/ctrl_interface/share/ctrl_interface/hook/pythonpath.sh'
[9.710s] Level 1:colcon.colcon_core.environment:checking '/home/asme/ros_ws/install/ctrl_interface/bin'
[9.712s] INFO:colcon.colcon_core.shell:Creating package script '/home/asme/ros_ws/install/ctrl_interface/share/ctrl_interface/package.ps1'
[9.720s] INFO:colcon.colcon_core.shell:Creating package descriptor '/home/asme/ros_ws/install/ctrl_interface/share/ctrl_interface/package.dsv'
[9.725s] INFO:colcon.colcon_core.shell:Creating package script '/home/asme/ros_ws/install/ctrl_interface/share/ctrl_interface/package.sh'
[9.732s] INFO:colcon.colcon_core.shell:Creating package script '/home/asme/ros_ws/install/ctrl_interface/share/ctrl_interface/package.bash'
[9.737s] INFO:colcon.colcon_core.shell:Creating package script '/home/asme/ros_ws/install/ctrl_interface/share/ctrl_interface/package.zsh'
[9.742s] Level 1:colcon.colcon_core.environment:create_file_with_runtime_dependencies(/home/asme/ros_ws/install/ctrl_interface/share/colcon-core/packages/ctrl_interface)
[10.585s] Level 1:colcon.colcon_core.environment:create_environment_scripts_only(ctrl_interface)
[10.586s] Level 1:colcon.colcon_core.environment:checking '/home/asme/ros_ws/install/ctrl_interface' for CMake module files
[10.598s] Level 1:colcon.colcon_core.environment:checking '/home/asme/ros_ws/install/ctrl_interface' for CMake config files
[10.605s] Level 1:colcon.colcon_core.shell:create_environment_hook('ctrl_interface', 'cmake_prefix_path')
[10.607s] INFO:colcon.colcon_core.shell:Creating environment hook '/home/asme/ros_ws/install/ctrl_interface/share/ctrl_interface/hook/cmake_prefix_path.ps1'
[10.610s] INFO:colcon.colcon_core.shell:Creating environment descriptor '/home/asme/ros_ws/install/ctrl_interface/share/ctrl_interface/hook/cmake_prefix_path.dsv'
[10.614s] INFO:colcon.colcon_core.shell:Creating environment hook '/home/asme/ros_ws/install/ctrl_interface/share/ctrl_interface/hook/cmake_prefix_path.sh'
[10.620s] Level 1:colcon.colcon_core.environment:checking '/home/asme/ros_ws/install/ctrl_interface/lib'
[10.621s] Level 1:colcon.colcon_core.shell:create_environment_hook('ctrl_interface', 'ld_library_path_lib')
[10.623s] INFO:colcon.colcon_core.shell:Creating environment hook '/home/asme/ros_ws/install/ctrl_interface/share/ctrl_interface/hook/ld_library_path_lib.ps1'
[10.626s] INFO:colcon.colcon_core.shell:Creating environment descriptor '/home/asme/ros_ws/install/ctrl_interface/share/ctrl_interface/hook/ld_library_path_lib.dsv'
[10.629s] INFO:colcon.colcon_core.shell:Creating environment hook '/home/asme/ros_ws/install/ctrl_interface/share/ctrl_interface/hook/ld_library_path_lib.sh'
[10.633s] Level 1:colcon.colcon_core.environment:checking '/home/asme/ros_ws/install/ctrl_interface/bin'
[10.634s] Level 1:colcon.colcon_core.environment:checking '/home/asme/ros_ws/install/ctrl_interface/lib/pkgconfig/ctrl_interface.pc'
[10.636s] Level 1:colcon.colcon_core.environment:checking '/home/asme/ros_ws/install/ctrl_interface/lib/python3.12/site-packages'
[10.639s] Level 1:colcon.colcon_core.shell:create_environment_hook('ctrl_interface', 'pythonpath')
[10.640s] INFO:colcon.colcon_core.shell:Creating environment hook '/home/asme/ros_ws/install/ctrl_interface/share/ctrl_interface/hook/pythonpath.ps1'
[10.644s] INFO:colcon.colcon_core.shell:Creating environment descriptor '/home/asme/ros_ws/install/ctrl_interface/share/ctrl_interface/hook/pythonpath.dsv'
[10.647s] INFO:colcon.colcon_core.shell:Creating environment hook '/home/asme/ros_ws/install/ctrl_interface/share/ctrl_interface/hook/pythonpath.sh'
[10.652s] Level 1:colcon.colcon_core.environment:checking '/home/asme/ros_ws/install/ctrl_interface/bin'
[10.655s] INFO:colcon.colcon_core.shell:Creating package script '/home/asme/ros_ws/install/ctrl_interface/share/ctrl_interface/package.ps1'
[10.660s] INFO:colcon.colcon_core.shell:Creating package descriptor '/home/asme/ros_ws/install/ctrl_interface/share/ctrl_interface/package.dsv'
[10.666s] INFO:colcon.colcon_core.shell:Creating package script '/home/asme/ros_ws/install/ctrl_interface/share/ctrl_interface/package.sh'
[10.671s] INFO:colcon.colcon_core.shell:Creating package script '/home/asme/ros_ws/install/ctrl_interface/share/ctrl_interface/package.bash'
[10.674s] INFO:colcon.colcon_core.shell:Creating package script '/home/asme/ros_ws/install/ctrl_interface/share/ctrl_interface/package.zsh'
[10.678s] Level 1:colcon.colcon_core.environment:create_file_with_runtime_dependencies(/home/asme/ros_ws/install/ctrl_interface/share/colcon-core/packages/ctrl_interface)
[10.684s] INFO:colcon.colcon_ros.task.ament_python.build:Building ROS package in '/home/asme/ros_ws/src/puckPack' with build type 'ament_python'
[10.687s] Level 1:colcon.colcon_core.shell:create_environment_hook('puckPack', 'ament_prefix_path')
[10.689s] INFO:colcon.colcon_core.shell:Creating environment hook '/home/asme/ros_ws/install/puckPack/share/puckPack/hook/ament_prefix_path.ps1'
[10.693s] INFO:colcon.colcon_core.shell:Creating environment descriptor '/home/asme/ros_ws/install/puckPack/share/puckPack/hook/ament_prefix_path.dsv'
[10.697s] INFO:colcon.colcon_core.shell:Creating environment hook '/home/asme/ros_ws/install/puckPack/share/puckPack/hook/ament_prefix_path.sh'
[10.701s] INFO:colcon.colcon_core.shell:Skip shell extension 'powershell' for command environment: Not usable outside of PowerShell
[10.701s] DEBUG:colcon.colcon_core.shell:Skip shell extension 'dsv' for command environment
[13.177s] INFO:colcon.colcon_core.task.python.build:Building Python package in '/home/asme/ros_ws/src/puckPack'
[13.178s] INFO:colcon.colcon_core.shell:Skip shell extension 'powershell' for command environment: Not usable outside of PowerShell
[13.179s] DEBUG:colcon.colcon_core.shell:Skip shell extension 'dsv' for command environment
[20.300s] DEBUG:colcon.colcon_core.event_handler.log_command:Invoking command in '/home/asme/ros_ws/src/puckPack': DEBUGINFOD_URLS=https://debuginfod.ubuntu.com PYTHONPATH=/home/asme/ros_ws/build/puckPack/prefix_override:/usr/lib/python3/dist-packages/colcon_core/task/python/colcon_distutils_commands:/home/asme/ros_ws/install/puckPack/lib/python3.12/site-packages:/home/asme/ros_ws/install/ctrl_interface/lib/python3.12/site-packages:/home/asme/ros_ws/install/puckPack/lib/python3.12/site-packages:/opt/ros/jazzy/lib/python3.12/site-packages /usr/bin/python3 -W ignore:setup.py install is deprecated setup.py egg_info --egg-base ../../build/puckPack build --build-base /home/asme/ros_ws/build/puckPack/build install --record /home/asme/ros_ws/build/puckPack/install.log --single-version-externally-managed install_data
[27.006s] Level 1:colcon.colcon_core.environment:checking '/home/asme/ros_ws/install/puckPack' for CMake module files
[27.009s] DEBUG:colcon.colcon_core.event_handler.log_command:Invoked command in '/home/asme/ros_ws/src/puckPack' returned '0': DEBUGINFOD_URLS=https://debuginfod.ubuntu.com PYTHONPATH=/home/asme/ros_ws/build/puckPack/prefix_override:/usr/lib/python3/dist-packages/colcon_core/task/python/colcon_distutils_commands:/home/asme/ros_ws/install/puckPack/lib/python3.12/site-packages:/home/asme/ros_ws/install/ctrl_interface/lib/python3.12/site-packages:/home/asme/ros_ws/install/puckPack/lib/python3.12/site-packages:/opt/ros/jazzy/lib/python3.12/site-packages /usr/bin/python3 -W ignore:setup.py install is deprecated setup.py egg_info --egg-base ../../build/puckPack build --build-base /home/asme/ros_ws/build/puckPack/build install --record /home/asme/ros_ws/build/puckPack/install.log --single-version-externally-managed install_data
[27.016s] Level 1:colcon.colcon_core.environment:checking '/home/asme/ros_ws/install/puckPack' for CMake config files
[27.024s] Level 1:colcon.colcon_core.environment:checking '/home/asme/ros_ws/install/puckPack/lib'
[27.025s] Level 1:colcon.colcon_core.environment:checking '/home/asme/ros_ws/install/puckPack/bin'
[27.026s] Level 1:colcon.colcon_core.environment:checking '/home/asme/ros_ws/install/puckPack/lib/pkgconfig/puckPack.pc'
[27.028s] Level 1:colcon.colcon_core.environment:checking '/home/asme/ros_ws/install/puckPack/lib/python3.12/site-packages'
[27.029s] Level 1:colcon.colcon_core.shell:create_environment_hook('puckPack', 'pythonpath')
[27.031s] INFO:colcon.colcon_core.shell:Creating environment hook '/home/asme/ros_ws/install/puckPack/share/puckPack/hook/pythonpath.ps1'
[27.034s] INFO:colcon.colcon_core.shell:Creating environment descriptor '/home/asme/ros_ws/install/puckPack/share/puckPack/hook/pythonpath.dsv'
[27.037s] INFO:colcon.colcon_core.shell:Creating environment hook '/home/asme/ros_ws/install/puckPack/share/puckPack/hook/pythonpath.sh'
[27.042s] Level 1:colcon.colcon_core.environment:checking '/home/asme/ros_ws/install/puckPack/bin'
[27.043s] Level 1:colcon.colcon_core.environment:create_environment_scripts_only(puckPack)
[27.045s] INFO:colcon.colcon_core.shell:Creating package script '/home/asme/ros_ws/install/puckPack/share/puckPack/package.ps1'
[27.049s] INFO:colcon.colcon_core.shell:Creating package descriptor '/home/asme/ros_ws/install/puckPack/share/puckPack/package.dsv'
[27.054s] INFO:colcon.colcon_core.shell:Creating package script '/home/asme/ros_ws/install/puckPack/share/puckPack/package.sh'
[27.058s] INFO:colcon.colcon_core.shell:Creating package script '/home/asme/ros_ws/install/puckPack/share/puckPack/package.bash'
[27.061s] INFO:colcon.colcon_core.shell:Creating package script '/home/asme/ros_ws/install/puckPack/share/puckPack/package.zsh'
[27.064s] Level 1:colcon.colcon_core.environment:create_file_with_runtime_dependencies(/home/asme/ros_ws/install/puckPack/share/colcon-core/packages/puckPack)
[27.068s] DEBUG:colcon.colcon_parallel_executor.executor.parallel:closing loop
[27.070s] DEBUG:colcon.colcon_parallel_executor.executor.parallel:loop closed
[27.071s] DEBUG:colcon.colcon_parallel_executor.executor.parallel:run_until_complete finished with '0'
[27.071s] DEBUG:colcon.colcon_core.event_reactor:joining thread
[27.125s] INFO:colcon.colcon_core.plugin_system:Skipping extension 'colcon_notification.desktop_notification.terminal_notifier': Not used on non-Darwin systems
[27.126s] INFO:colcon.colcon_core.plugin_system:Skipping extension 'colcon_notification.desktop_notification.win32': Not used on non-Windows systems
[27.126s] INFO:colcon.colcon_notification.desktop_notification:Sending desktop notification using 'notify2'
[27.312s] DEBUG:colcon.colcon_core.event_reactor:joined thread
[27.314s] INFO:colcon.colcon_core.shell:Creating prefix script '/home/asme/ros_ws/install/local_setup.ps1'
[27.321s] INFO:colcon.colcon_core.shell:Creating prefix util module '/home/asme/ros_ws/install/_local_setup_util_ps1.py'
[27.331s] INFO:colcon.colcon_core.shell:Creating prefix chain script '/home/asme/ros_ws/install/setup.ps1'
[27.340s] INFO:colcon.colcon_core.shell:Creating prefix script '/home/asme/ros_ws/install/local_setup.sh'
[27.345s] INFO:colcon.colcon_core.shell:Creating prefix util module '/home/asme/ros_ws/install/_local_setup_util_sh.py'
[27.350s] INFO:colcon.colcon_core.shell:Creating prefix chain script '/home/asme/ros_ws/install/setup.sh'
[27.360s] INFO:colcon.colcon_core.shell:Creating prefix script '/home/asme/ros_ws/install/local_setup.bash'
[27.365s] INFO:colcon.colcon_core.shell:Creating prefix chain script '/home/asme/ros_ws/install/setup.bash'
[27.375s] INFO:colcon.colcon_core.shell:Creating prefix script '/home/asme/ros_ws/install/local_setup.zsh'
[27.379s] INFO:colcon.colcon_core.shell:Creating prefix chain script '/home/asme/ros_ws/install/setup.zsh'
