[9.480s] Invoking command in '/home/asme/ros_ws/src/puckPack': DEBUGINFOD_URLS=https://debuginfod.ubuntu.com PYTHONPATH=/home/asme/ros_ws/build/puckPack/prefix_override:/usr/lib/python3/dist-packages/colcon_core/task/python/colcon_distutils_commands:/home/asme/ros_ws/install/puckPack/lib/python3.12/site-packages:/home/asme/ros_ws/install/ctrl_interface/lib/python3.12/site-packages:/home/asme/ros_ws/install/puckPack/lib/python3.12/site-packages:/opt/ros/jazzy/lib/python3.12/site-packages /usr/bin/python3 -W ignore:setup.py install is deprecated setup.py egg_info --egg-base ../../build/puckPack build --build-base /home/asme/ros_ws/build/puckPack/build install --record /home/asme/ros_ws/build/puckPack/install.log --single-version-externally-managed install_data
[12.610s] running egg_info
[12.875s] writing ../../build/puckPack/puckPack.egg-info/PKG-INFO
[12.877s] writing dependency_links to ../../build/puckPack/puckPack.egg-info/dependency_links.txt
[12.880s] writing entry points to ../../build/puckPack/puckPack.egg-info/entry_points.txt
[12.882s] writing requirements to ../../build/puckPack/puckPack.egg-info/requires.txt
[12.883s] writing top-level names to ../../build/puckPack/puckPack.egg-info/top_level.txt
[13.442s] reading manifest file '../../build/puckPack/puckPack.egg-info/SOURCES.txt'
[13.447s] adding license file 'LICENSE'
[13.453s] writing manifest file '../../build/puckPack/puckPack.egg-info/SOURCES.txt'
[13.455s] running build
[13.456s] running build_py
[13.458s] copying puckPack/thinker.py -> /home/asme/ros_ws/build/puckPack/build/lib/puckPack
[13.465s] running install
[13.533s] running install_lib
[13.799s] copying /home/asme/ros_ws/build/puckPack/build/lib/puckPack/thinker.py -> /home/asme/ros_ws/install/puckPack/lib/python3.12/site-packages/puckPack
[13.810s] byte-compiling /home/asme/ros_ws/install/puckPack/lib/python3.12/site-packages/puckPack/thinker.py to thinker.cpython-312.pyc
[13.831s] running install_data
[13.833s] running install_egg_info
[14.107s] removing '/home/asme/ros_ws/install/puckPack/lib/python3.12/site-packages/puckPack-0.0.0-py3.12.egg-info' (and everything under it)
[14.112s] Copying ../../build/puckPack/puckPack.egg-info to /home/asme/ros_ws/install/puckPack/lib/python3.12/site-packages/puckPack-0.0.0-py3.12.egg-info
[14.125s] running install_scripts
[15.580s] Installing UartCommander script to /home/asme/ros_ws/install/puckPack/lib/puckPack
[15.581s] Installing choose_color script to /home/asme/ros_ws/install/puckPack/lib/puckPack
[15.582s] Installing controlPC script to /home/asme/ros_ws/install/puckPack/lib/puckPack
[15.583s] Installing mainCamera script to /home/asme/ros_ws/install/puckPack/lib/puckPack
[15.584s] Installing rpiCamera script to /home/asme/ros_ws/install/puckPack/lib/puckPack
[15.586s] Installing thinker script to /home/asme/ros_ws/install/puckPack/lib/puckPack
[15.588s] writing list of installed files to '/home/asme/ros_ws/build/puckPack/install.log'
[15.760s] Invoked command in '/home/asme/ros_ws/src/puckPack' returned '0': DEBUGINFOD_URLS=https://debuginfod.ubuntu.com PYTHONPATH=/home/asme/ros_ws/build/puckPack/prefix_override:/usr/lib/python3/dist-packages/colcon_core/task/python/colcon_distutils_commands:/home/asme/ros_ws/install/puckPack/lib/python3.12/site-packages:/home/asme/ros_ws/install/ctrl_interface/lib/python3.12/site-packages:/home/asme/ros_ws/install/puckPack/lib/python3.12/site-packages:/opt/ros/jazzy/lib/python3.12/site-packages /usr/bin/python3 -W ignore:setup.py install is deprecated setup.py egg_info --egg-base ../../build/puckPack build --build-base /home/asme/ros_ws/build/puckPack/build install --record /home/asme/ros_ws/build/puckPack/install.log --single-version-externally-managed install_data
