[0.109s] Invoking command in '/home/asme/ros_ws/build/ctrl_interface': CMAKE_PREFIX_PATH=${CMAKE_PREFIX_PATH}:/home/asme/ros_ws/install/puckPack:/opt/ros/jazzy DEBUGINFOD_URLS=https://debuginfod.ubuntu.com /usr/bin/cmake /home/asme/ros_ws/src/ctrl_interface -DCMAKE_INSTALL_PREFIX=/home/asme/ros_ws/install/ctrl_interface
[1.181s] -- The C compiler identification is GNU 13.2.0
[2.662s] -- The CXX compiler identification is GNU 13.2.0
[2.880s] -- Detecting C compiler ABI info
[3.920s] -- Detecting C compiler ABI info - done
[4.022s] -- Check for working C compiler: /usr/bin/cc - skipped
[4.026s] -- Detecting C compile features
[4.031s] -- Detecting C compile features - done
[4.150s] -- Detecting CXX compiler ABI info
[5.321s] -- Detecting CXX compiler ABI info - done
[5.427s] -- Check for working CXX compiler: /usr/bin/c++ - skipped
[5.430s] -- Detecting CXX compile features
[5.435s] -- Detecting CXX compile features - done
[5.511s] -- Found ament_cmake: 2.5.2 (/opt/ros/jazzy/share/ament_cmake/cmake)
[7.259s] -- Found Python3: /usr/bin/python3 (found version "3.12.3") found components: Interpreter 
[9.057s] -- Found geometry_msgs: 5.3.5 (/opt/ros/jazzy/share/geometry_msgs/cmake)
[10.094s] -- Found rosidl_generator_c: 4.6.3 (/opt/ros/jazzy/share/rosidl_generator_c/cmake)
[10.388s] -- Found rosidl_generator_cpp: 4.6.3 (/opt/ros/jazzy/share/rosidl_generator_cpp/cmake)
[10.693s] -- Using all available rosidl_typesupport_c: rosidl_typesupport_fastrtps_c;rosidl_typesupport_introspection_c
[11.047s] -- Using all available rosidl_typesupport_cpp: rosidl_typesupport_fastrtps_cpp;rosidl_typesupport_introspection_cpp
[11.778s] -- Found rosidl_default_generators: 1.6.0 (/opt/ros/jazzy/share/rosidl_default_generators/cmake)
[12.115s] -- Found rosidl_adapter: 4.6.3 (/opt/ros/jazzy/share/rosidl_adapter/cmake)
[19.041s] -- Found ament_cmake_ros: 0.12.0 (/opt/ros/jazzy/share/ament_cmake_ros/cmake)
[29.264s] -- Using all available rosidl_typesupport_c: rosidl_typesupport_fastrtps_c;rosidl_typesupport_introspection_c
[33.162s] -- Using all available rosidl_typesupport_cpp: rosidl_typesupport_fastrtps_cpp;rosidl_typesupport_introspection_cpp
[33.230s] -- Found python_cmake_module: 0.11.1 (/opt/ros/jazzy/share/python_cmake_module/cmake)
[34.778s] -- Found PythonExtra: /usr/bin/python3  
[39.552s] -- Found Python3: /usr/bin/python3 (found version "3.12.3") found components: Interpreter Development NumPy Development.Module Development.Embed 
[40.333s] -- Found ament_lint_auto: 0.17.1 (/opt/ros/jazzy/share/ament_lint_auto/cmake)
[40.908s] -- Added test 'lint_cmake' to check CMake code style
[40.936s] -- Added test 'xmllint' to check XML markup files
[40.988s] -- Configuring done (40.8s)
[41.510s] -- Generating done (0.4s)
[41.549s] -- Build files have been written to: /home/asme/ros_ws/build/ctrl_interface
[41.622s] Invoked command in '/home/asme/ros_ws/build/ctrl_interface' returned '0': CMAKE_PREFIX_PATH=${CMAKE_PREFIX_PATH}:/home/asme/ros_ws/install/puckPack:/opt/ros/jazzy DEBUGINFOD_URLS=https://debuginfod.ubuntu.com /usr/bin/cmake /home/asme/ros_ws/src/ctrl_interface -DCMAKE_INSTALL_PREFIX=/home/asme/ros_ws/install/ctrl_interface
[41.637s] Invoking command in '/home/asme/ros_ws/build/ctrl_interface': CMAKE_PREFIX_PATH=${CMAKE_PREFIX_PATH}:/home/asme/ros_ws/install/puckPack:/opt/ros/jazzy DEBUGINFOD_URLS=https://debuginfod.ubuntu.com /usr/bin/cmake --build /home/asme/ros_ws/build/ctrl_interface -- -j4 -l4
[42.265s] [  2%] [34m[1mGenerating type hashes for ROS interfaces[0m
[42.368s] [  2%] Built target ament_cmake_python_copy_ctrl_interface
[44.505s] [  2%] Built target ctrl_interface__rosidl_generator_type_description
[44.661s] [  5%] [34m[1mGenerating C code for ROS interfaces[0m
[44.820s] [  8%] [34m[1mGenerating C++ code for ROS interfaces[0m
[45.510s] running egg_info
[45.524s] creating ctrl_interface.egg-info
[45.861s] writing ctrl_interface.egg-info/PKG-INFO
[45.865s] writing dependency_links to ctrl_interface.egg-info/dependency_links.txt
[45.870s] writing top-level names to ctrl_interface.egg-info/top_level.txt
[45.871s] writing manifest file 'ctrl_interface.egg-info/SOURCES.txt'
[46.876s] reading manifest file 'ctrl_interface.egg-info/SOURCES.txt'
[46.883s] writing manifest file 'ctrl_interface.egg-info/SOURCES.txt'
[47.212s] [  8%] Built target ament_cmake_python_build_ctrl_interface_egg
[48.244s] [  8%] Built target ctrl_interface__cpp
[48.254s] [ 11%] [32mBuilding C object CMakeFiles/ctrl_interface__rosidl_generator_c.dir/rosidl_generator_c/ctrl_interface/msg/detail/ctrl_interface__functions.c.o[0m
[48.291s] [ 14%] [32mBuilding C object CMakeFiles/ctrl_interface__rosidl_generator_c.dir/rosidl_generator_c/ctrl_interface/msg/detail/ctrl_interface__type_support.c.o[0m
[48.301s] [ 17%] [32mBuilding C object CMakeFiles/ctrl_interface__rosidl_generator_c.dir/rosidl_generator_c/ctrl_interface/msg/detail/ctrl_interface__description.c.o[0m
[49.145s] [ 20%] [32m[1mLinking C shared library libctrl_interface__rosidl_generator_c.so[0m
[49.631s] [ 20%] Built target ctrl_interface__rosidl_generator_c
[49.796s] [ 23%] [34m[1mGenerating C type support for eProsima Fast-RTPS[0m
[49.818s] [ 26%] [34m[1mGenerating C introspection for ROS interfaces[0m
[49.831s] [ 29%] [34m[1mGenerating C type support dispatch for ROS interfaces[0m
[49.855s] [ 32%] [34m[1mGenerating C++ type support for eProsima Fast-RTPS[0m
[52.631s] [ 35%] [32mBuilding CXX object CMakeFiles/ctrl_interface__rosidl_typesupport_c.dir/rosidl_typesupport_c/ctrl_interface/msg/ctrl_interface__type_support.cpp.o[0m
[52.907s] [ 38%] [32mBuilding C object CMakeFiles/ctrl_interface__rosidl_typesupport_introspection_c.dir/rosidl_typesupport_introspection_c/ctrl_interface/msg/detail/ctrl_interface__type_support.c.o[0m
[53.130s] [ 41%] [32mBuilding CXX object CMakeFiles/ctrl_interface__rosidl_typesupport_fastrtps_c.dir/rosidl_typesupport_fastrtps_c/ctrl_interface/msg/detail/ctrl_interface__type_support_c.cpp.o[0m
[53.214s] [ 44%] [32mBuilding CXX object CMakeFiles/ctrl_interface__rosidl_typesupport_fastrtps_cpp.dir/rosidl_typesupport_fastrtps_cpp/ctrl_interface/msg/detail/dds_fastrtps/ctrl_interface__type_support.cpp.o[0m
[53.428s] [ 47%] [32m[1mLinking CXX shared library libctrl_interface__rosidl_typesupport_c.so[0m
[53.518s] [ 50%] [32m[1mLinking C shared library libctrl_interface__rosidl_typesupport_introspection_c.so[0m
[53.957s] [ 50%] Built target ctrl_interface__rosidl_typesupport_c
[53.967s] [ 50%] Built target ctrl_interface__rosidl_typesupport_introspection_c
[54.102s] [ 52%] [34m[1mGenerating C++ introspection for ROS interfaces[0m
[54.105s] [ 55%] [34m[1mGenerating C++ type support dispatch for ROS interfaces[0m
[56.829s] [ 58%] [32mBuilding CXX object CMakeFiles/ctrl_interface__rosidl_typesupport_cpp.dir/rosidl_typesupport_cpp/ctrl_interface/msg/ctrl_interface__type_support.cpp.o[0m
[57.062s] [ 61%] [32mBuilding CXX object CMakeFiles/ctrl_interface__rosidl_typesupport_introspection_cpp.dir/rosidl_typesupport_introspection_cpp/ctrl_interface/msg/detail/ctrl_interface__type_support.cpp.o[0m
[60.977s] [ 64%] [32m[1mLinking CXX shared library libctrl_interface__rosidl_typesupport_fastrtps_c.so[0m
[61.161s] [ 67%] [32m[1mLinking CXX shared library libctrl_interface__rosidl_typesupport_fastrtps_cpp.so[0m
[61.629s] [ 67%] Built target ctrl_interface__rosidl_typesupport_fastrtps_c
[61.831s] [ 67%] Built target ctrl_interface__rosidl_typesupport_fastrtps_cpp
[62.151s] [ 70%] [32m[1mLinking CXX shared library libctrl_interface__rosidl_typesupport_cpp.so[0m
[62.256s] [ 73%] [32m[1mLinking CXX shared library libctrl_interface__rosidl_typesupport_introspection_cpp.so[0m
[62.653s] [ 73%] Built target ctrl_interface__rosidl_typesupport_cpp
[62.759s] [ 73%] Built target ctrl_interface__rosidl_typesupport_introspection_cpp
[63.009s] [ 73%] Built target ctrl_interface
[63.265s] [ 76%] [34m[1mGenerating Python code for ROS interfaces[0m
[66.270s] [ 76%] Built target ctrl_interface__py
[66.521s] [ 79%] [32mBuilding C object CMakeFiles/ctrl_interface__rosidl_generator_py.dir/rosidl_generator_py/ctrl_interface/msg/_ctrl_interface_s.c.o[0m
[68.537s] [ 82%] [32m[1mLinking C shared library libctrl_interface__rosidl_generator_py.so[0m
[69.050s] [ 82%] Built target ctrl_interface__rosidl_generator_py
[69.314s] [ 85%] [32mBuilding C object CMakeFiles/ctrl_interface_s__rosidl_typesupport_fastrtps_c.dir/rosidl_generator_py/ctrl_interface/_ctrl_interface_s.ep.rosidl_typesupport_fastrtps_c.c.o[0m
[69.317s] [ 88%] [32mBuilding C object CMakeFiles/ctrl_interface_s__rosidl_typesupport_introspection_c.dir/rosidl_generator_py/ctrl_interface/_ctrl_interface_s.ep.rosidl_typesupport_introspection_c.c.o[0m
[69.323s] [ 91%] [32mBuilding C object CMakeFiles/ctrl_interface_s__rosidl_typesupport_c.dir/rosidl_generator_py/ctrl_interface/_ctrl_interface_s.ep.rosidl_typesupport_c.c.o[0m
[70.874s] [ 94%] [32m[1mLinking C shared module rosidl_generator_py/ctrl_interface/ctrl_interface_s__rosidl_typesupport_c.so[0m
[70.907s] [ 97%] [32m[1mLinking C shared module rosidl_generator_py/ctrl_interface/ctrl_interface_s__rosidl_typesupport_introspection_c.so[0m
[70.996s] [100%] [32m[1mLinking C shared module rosidl_generator_py/ctrl_interface/ctrl_interface_s__rosidl_typesupport_fastrtps_c.so[0m
[71.289s] [100%] Built target ctrl_interface_s__rosidl_typesupport_c
[71.336s] [100%] Built target ctrl_interface_s__rosidl_typesupport_introspection_c
[71.426s] [100%] Built target ctrl_interface_s__rosidl_typesupport_fastrtps_c
[71.562s] Invoked command in '/home/asme/ros_ws/build/ctrl_interface' returned '0': CMAKE_PREFIX_PATH=${CMAKE_PREFIX_PATH}:/home/asme/ros_ws/install/puckPack:/opt/ros/jazzy DEBUGINFOD_URLS=https://debuginfod.ubuntu.com /usr/bin/cmake --build /home/asme/ros_ws/build/ctrl_interface -- -j4 -l4
[72.540s] Invoking command in '/home/asme/ros_ws/build/ctrl_interface': CMAKE_PREFIX_PATH=${CMAKE_PREFIX_PATH}:/home/asme/ros_ws/install/puckPack:/opt/ros/jazzy DEBUGINFOD_URLS=https://debuginfod.ubuntu.com /usr/bin/cmake --install /home/asme/ros_ws/build/ctrl_interface
[72.636s] -- Install configuration: ""
[72.639s] -- Installing: /home/asme/ros_ws/install/ctrl_interface/share/ament_index/resource_index/rosidl_interfaces/ctrl_interface
[72.643s] -- Installing: /home/asme/ros_ws/install/ctrl_interface/share/ctrl_interface/msg/CtrlInterface.json
[72.646s] -- Installing: /home/asme/ros_ws/install/ctrl_interface/include/ctrl_interface/ctrl_interface
[72.648s] -- Installing: /home/asme/ros_ws/install/ctrl_interface/include/ctrl_interface/ctrl_interface/msg
[72.649s] -- Installing: /home/asme/ros_ws/install/ctrl_interface/include/ctrl_interface/ctrl_interface/msg/detail
[72.651s] -- Installing: /home/asme/ros_ws/install/ctrl_interface/include/ctrl_interface/ctrl_interface/msg/detail/ctrl_interface__functions.c
[72.654s] -- Installing: /home/asme/ros_ws/install/ctrl_interface/include/ctrl_interface/ctrl_interface/msg/detail/ctrl_interface__type_support.c
[72.657s] -- Installing: /home/asme/ros_ws/install/ctrl_interface/include/ctrl_interface/ctrl_interface/msg/detail/ctrl_interface__struct.h
[72.660s] -- Installing: /home/asme/ros_ws/install/ctrl_interface/include/ctrl_interface/ctrl_interface/msg/detail/ctrl_interface__functions.h
[72.662s] -- Installing: /home/asme/ros_ws/install/ctrl_interface/include/ctrl_interface/ctrl_interface/msg/detail/ctrl_interface__description.c
[72.665s] -- Installing: /home/asme/ros_ws/install/ctrl_interface/include/ctrl_interface/ctrl_interface/msg/detail/ctrl_interface__type_support.h
[72.668s] -- Installing: /home/asme/ros_ws/install/ctrl_interface/include/ctrl_interface/ctrl_interface/msg/ctrl_interface.h
[72.671s] -- Installing: /home/asme/ros_ws/install/ctrl_interface/include/ctrl_interface/ctrl_interface/msg/rosidl_generator_c__visibility_control.h
[72.675s] -- Installing: /home/asme/ros_ws/install/ctrl_interface/share/ctrl_interface/environment/library_path.sh
[72.678s] -- Installing: /home/asme/ros_ws/install/ctrl_interface/share/ctrl_interface/environment/library_path.dsv
[72.681s] -- Installing: /home/asme/ros_ws/install/ctrl_interface/lib/libctrl_interface__rosidl_generator_c.so
[72.688s] -- Set non-toolchain portion of runtime path of "/home/asme/ros_ws/install/ctrl_interface/lib/libctrl_interface__rosidl_generator_c.so" to ""
[72.690s] -- Up-to-date: /home/asme/ros_ws/install/ctrl_interface/include/ctrl_interface/ctrl_interface
[72.691s] -- Up-to-date: /home/asme/ros_ws/install/ctrl_interface/include/ctrl_interface/ctrl_interface/msg
[72.692s] -- Installing: /home/asme/ros_ws/install/ctrl_interface/include/ctrl_interface/ctrl_interface/msg/rosidl_typesupport_fastrtps_c__visibility_control.h
[72.694s] -- Up-to-date: /home/asme/ros_ws/install/ctrl_interface/include/ctrl_interface/ctrl_interface/msg/detail
[72.695s] -- Installing: /home/asme/ros_ws/install/ctrl_interface/include/ctrl_interface/ctrl_interface/msg/detail/ctrl_interface__rosidl_typesupport_fastrtps_c.h
[72.699s] -- Installing: /home/asme/ros_ws/install/ctrl_interface/lib/libctrl_interface__rosidl_typesupport_fastrtps_c.so
[72.707s] -- Set non-toolchain portion of runtime path of "/home/asme/ros_ws/install/ctrl_interface/lib/libctrl_interface__rosidl_typesupport_fastrtps_c.so" to ""
[72.708s] -- Up-to-date: /home/asme/ros_ws/install/ctrl_interface/include/ctrl_interface/ctrl_interface
[72.709s] -- Up-to-date: /home/asme/ros_ws/install/ctrl_interface/include/ctrl_interface/ctrl_interface/msg
[72.710s] -- Installing: /home/asme/ros_ws/install/ctrl_interface/include/ctrl_interface/ctrl_interface/msg/rosidl_generator_cpp__visibility_control.hpp
[72.712s] -- Up-to-date: /home/asme/ros_ws/install/ctrl_interface/include/ctrl_interface/ctrl_interface/msg/detail
[72.714s] -- Installing: /home/asme/ros_ws/install/ctrl_interface/include/ctrl_interface/ctrl_interface/msg/detail/ctrl_interface__struct.hpp
[72.717s] -- Installing: /home/asme/ros_ws/install/ctrl_interface/include/ctrl_interface/ctrl_interface/msg/detail/ctrl_interface__traits.hpp
[72.719s] -- Installing: /home/asme/ros_ws/install/ctrl_interface/include/ctrl_interface/ctrl_interface/msg/detail/ctrl_interface__builder.hpp
[72.722s] -- Installing: /home/asme/ros_ws/install/ctrl_interface/include/ctrl_interface/ctrl_interface/msg/detail/ctrl_interface__type_support.hpp
[72.725s] -- Installing: /home/asme/ros_ws/install/ctrl_interface/include/ctrl_interface/ctrl_interface/msg/ctrl_interface.hpp
[72.728s] -- Up-to-date: /home/asme/ros_ws/install/ctrl_interface/include/ctrl_interface/ctrl_interface
[72.729s] -- Up-to-date: /home/asme/ros_ws/install/ctrl_interface/include/ctrl_interface/ctrl_interface/msg
[72.730s] -- Installing: /home/asme/ros_ws/install/ctrl_interface/include/ctrl_interface/ctrl_interface/msg/rosidl_typesupport_fastrtps_cpp__visibility_control.h
[72.733s] -- Up-to-date: /home/asme/ros_ws/install/ctrl_interface/include/ctrl_interface/ctrl_interface/msg/detail
[72.734s] -- Installing: /home/asme/ros_ws/install/ctrl_interface/include/ctrl_interface/ctrl_interface/msg/detail/dds_fastrtps
[72.736s] -- Installing: /home/asme/ros_ws/install/ctrl_interface/include/ctrl_interface/ctrl_interface/msg/detail/ctrl_interface__rosidl_typesupport_fastrtps_cpp.hpp
[72.740s] -- Installing: /home/asme/ros_ws/install/ctrl_interface/lib/libctrl_interface__rosidl_typesupport_fastrtps_cpp.so
[72.747s] -- Set non-toolchain portion of runtime path of "/home/asme/ros_ws/install/ctrl_interface/lib/libctrl_interface__rosidl_typesupport_fastrtps_cpp.so" to ""
[72.749s] -- Up-to-date: /home/asme/ros_ws/install/ctrl_interface/include/ctrl_interface/ctrl_interface
[72.750s] -- Up-to-date: /home/asme/ros_ws/install/ctrl_interface/include/ctrl_interface/ctrl_interface/msg
[72.751s] -- Installing: /home/asme/ros_ws/install/ctrl_interface/include/ctrl_interface/ctrl_interface/msg/rosidl_typesupport_introspection_c__visibility_control.h
[72.753s] -- Up-to-date: /home/asme/ros_ws/install/ctrl_interface/include/ctrl_interface/ctrl_interface/msg/detail
[72.754s] -- Installing: /home/asme/ros_ws/install/ctrl_interface/include/ctrl_interface/ctrl_interface/msg/detail/ctrl_interface__type_support.c
[72.758s] -- Installing: /home/asme/ros_ws/install/ctrl_interface/include/ctrl_interface/ctrl_interface/msg/detail/ctrl_interface__rosidl_typesupport_introspection_c.h
[72.761s] -- Installing: /home/asme/ros_ws/install/ctrl_interface/lib/libctrl_interface__rosidl_typesupport_introspection_c.so
[72.768s] -- Set non-toolchain portion of runtime path of "/home/asme/ros_ws/install/ctrl_interface/lib/libctrl_interface__rosidl_typesupport_introspection_c.so" to ""
[72.770s] -- Installing: /home/asme/ros_ws/install/ctrl_interface/lib/libctrl_interface__rosidl_typesupport_c.so
[72.777s] -- Set non-toolchain portion of runtime path of "/home/asme/ros_ws/install/ctrl_interface/lib/libctrl_interface__rosidl_typesupport_c.so" to ""
[72.778s] -- Up-to-date: /home/asme/ros_ws/install/ctrl_interface/include/ctrl_interface/ctrl_interface
[72.779s] -- Up-to-date: /home/asme/ros_ws/install/ctrl_interface/include/ctrl_interface/ctrl_interface/msg
[72.780s] -- Up-to-date: /home/asme/ros_ws/install/ctrl_interface/include/ctrl_interface/ctrl_interface/msg/detail
[72.781s] -- Installing: /home/asme/ros_ws/install/ctrl_interface/include/ctrl_interface/ctrl_interface/msg/detail/ctrl_interface__rosidl_typesupport_introspection_cpp.hpp
[72.784s] -- Installing: /home/asme/ros_ws/install/ctrl_interface/include/ctrl_interface/ctrl_interface/msg/detail/ctrl_interface__type_support.cpp
[72.787s] -- Installing: /home/asme/ros_ws/install/ctrl_interface/lib/libctrl_interface__rosidl_typesupport_introspection_cpp.so
[72.794s] -- Set non-toolchain portion of runtime path of "/home/asme/ros_ws/install/ctrl_interface/lib/libctrl_interface__rosidl_typesupport_introspection_cpp.so" to ""
[72.796s] -- Installing: /home/asme/ros_ws/install/ctrl_interface/lib/libctrl_interface__rosidl_typesupport_cpp.so
[72.803s] -- Set non-toolchain portion of runtime path of "/home/asme/ros_ws/install/ctrl_interface/lib/libctrl_interface__rosidl_typesupport_cpp.so" to ""
[72.804s] -- Installing: /home/asme/ros_ws/install/ctrl_interface/share/ctrl_interface/environment/pythonpath.sh
[72.806s] -- Installing: /home/asme/ros_ws/install/ctrl_interface/share/ctrl_interface/environment/pythonpath.dsv
[72.809s] -- Installing: /home/asme/ros_ws/install/ctrl_interface/lib/python3.12/site-packages/ctrl_interface-0.0.0-py3.12.egg-info
[72.811s] -- Installing: /home/asme/ros_ws/install/ctrl_interface/lib/python3.12/site-packages/ctrl_interface-0.0.0-py3.12.egg-info/SOURCES.txt
[72.814s] -- Installing: /home/asme/ros_ws/install/ctrl_interface/lib/python3.12/site-packages/ctrl_interface-0.0.0-py3.12.egg-info/top_level.txt
[72.817s] -- Installing: /home/asme/ros_ws/install/ctrl_interface/lib/python3.12/site-packages/ctrl_interface-0.0.0-py3.12.egg-info/PKG-INFO
[72.820s] -- Installing: /home/asme/ros_ws/install/ctrl_interface/lib/python3.12/site-packages/ctrl_interface-0.0.0-py3.12.egg-info/dependency_links.txt
[72.823s] -- Installing: /home/asme/ros_ws/install/ctrl_interface/lib/python3.12/site-packages/ctrl_interface
[72.824s] -- Installing: /home/asme/ros_ws/install/ctrl_interface/lib/python3.12/site-packages/ctrl_interface/__init__.py
[72.827s] -- Installing: /home/asme/ros_ws/install/ctrl_interface/lib/python3.12/site-packages/ctrl_interface/msg
[72.828s] -- Installing: /home/asme/ros_ws/install/ctrl_interface/lib/python3.12/site-packages/ctrl_interface/msg/_ctrl_interface.py
[72.831s] -- Installing: /home/asme/ros_ws/install/ctrl_interface/lib/python3.12/site-packages/ctrl_interface/msg/__init__.py
[72.834s] -- Installing: /home/asme/ros_ws/install/ctrl_interface/lib/python3.12/site-packages/ctrl_interface/msg/_ctrl_interface_s.c
[72.836s] -- Installing: /home/asme/ros_ws/install/ctrl_interface/lib/python3.12/site-packages/ctrl_interface/ctrl_interface_s__rosidl_typesupport_introspection_c.so
[72.841s] -- Installing: /home/asme/ros_ws/install/ctrl_interface/lib/python3.12/site-packages/ctrl_interface/ctrl_interface_s__rosidl_typesupport_fastrtps_c.so
[72.846s] -- Installing: /home/asme/ros_ws/install/ctrl_interface/lib/python3.12/site-packages/ctrl_interface/ctrl_interface_s__rosidl_typesupport_c.so
[72.850s] -- Installing: /home/asme/ros_ws/install/ctrl_interface/lib/python3.12/site-packages/ctrl_interface/_ctrl_interface_s.ep.rosidl_typesupport_c.c
[72.853s] -- Installing: /home/asme/ros_ws/install/ctrl_interface/lib/python3.12/site-packages/ctrl_interface/_ctrl_interface_s.ep.rosidl_typesupport_introspection_c.c
[72.856s] -- Installing: /home/asme/ros_ws/install/ctrl_interface/lib/python3.12/site-packages/ctrl_interface/_ctrl_interface_s.ep.rosidl_typesupport_fastrtps_c.c
[73.281s] Listing '/home/asme/ros_ws/install/ctrl_interface/lib/python3.12/site-packages/ctrl_interface'...
[73.283s] Compiling '/home/asme/ros_ws/install/ctrl_interface/lib/python3.12/site-packages/ctrl_interface/__init__.py'...
[73.284s] Listing '/home/asme/ros_ws/install/ctrl_interface/lib/python3.12/site-packages/ctrl_interface/msg'...
[73.286s] Compiling '/home/asme/ros_ws/install/ctrl_interface/lib/python3.12/site-packages/ctrl_interface/msg/__init__.py'...
[73.287s] Compiling '/home/asme/ros_ws/install/ctrl_interface/lib/python3.12/site-packages/ctrl_interface/msg/_ctrl_interface.py'...
[73.340s] -- Installing: /home/asme/ros_ws/install/ctrl_interface/lib/python3.12/site-packages/ctrl_interface/ctrl_interface_s__rosidl_typesupport_fastrtps_c.so
[73.347s] -- Set non-toolchain portion of runtime path of "/home/asme/ros_ws/install/ctrl_interface/lib/python3.12/site-packages/ctrl_interface/ctrl_interface_s__rosidl_typesupport_fastrtps_c.so" to ""
[73.351s] -- Installing: /home/asme/ros_ws/install/ctrl_interface/lib/python3.12/site-packages/ctrl_interface/ctrl_interface_s__rosidl_typesupport_introspection_c.so
[73.359s] -- Set non-toolchain portion of runtime path of "/home/asme/ros_ws/install/ctrl_interface/lib/python3.12/site-packages/ctrl_interface/ctrl_interface_s__rosidl_typesupport_introspection_c.so" to ""
[73.363s] -- Installing: /home/asme/ros_ws/install/ctrl_interface/lib/python3.12/site-packages/ctrl_interface/ctrl_interface_s__rosidl_typesupport_c.so
[73.370s] -- Set non-toolchain portion of runtime path of "/home/asme/ros_ws/install/ctrl_interface/lib/python3.12/site-packages/ctrl_interface/ctrl_interface_s__rosidl_typesupport_c.so" to ""
[73.371s] -- Installing: /home/asme/ros_ws/install/ctrl_interface/lib/libctrl_interface__rosidl_generator_py.so
[73.379s] -- Set non-toolchain portion of runtime path of "/home/asme/ros_ws/install/ctrl_interface/lib/libctrl_interface__rosidl_generator_py.so" to ""
[73.380s] -- Installing: /home/asme/ros_ws/install/ctrl_interface/share/ctrl_interface/msg/CtrlInterface.idl
[73.382s] -- Installing: /home/asme/ros_ws/install/ctrl_interface/share/ctrl_interface/msg/CtrlInterface.msg
[73.386s] -- Installing: /home/asme/ros_ws/install/ctrl_interface/share/ament_index/resource_index/package_run_dependencies/ctrl_interface
[73.390s] -- Installing: /home/asme/ros_ws/install/ctrl_interface/share/ament_index/resource_index/parent_prefix_path/ctrl_interface
[73.393s] -- Installing: /home/asme/ros_ws/install/ctrl_interface/share/ctrl_interface/environment/ament_prefix_path.sh
[73.396s] -- Installing: /home/asme/ros_ws/install/ctrl_interface/share/ctrl_interface/environment/ament_prefix_path.dsv
[73.399s] -- Installing: /home/asme/ros_ws/install/ctrl_interface/share/ctrl_interface/environment/path.sh
[73.401s] -- Installing: /home/asme/ros_ws/install/ctrl_interface/share/ctrl_interface/environment/path.dsv
[73.404s] -- Installing: /home/asme/ros_ws/install/ctrl_interface/share/ctrl_interface/local_setup.bash
[73.407s] -- Installing: /home/asme/ros_ws/install/ctrl_interface/share/ctrl_interface/local_setup.sh
[73.410s] -- Installing: /home/asme/ros_ws/install/ctrl_interface/share/ctrl_interface/local_setup.zsh
[73.412s] -- Installing: /home/asme/ros_ws/install/ctrl_interface/share/ctrl_interface/local_setup.dsv
[73.415s] -- Installing: /home/asme/ros_ws/install/ctrl_interface/share/ctrl_interface/package.dsv
[73.418s] -- Installing: /home/asme/ros_ws/install/ctrl_interface/share/ament_index/resource_index/packages/ctrl_interface
[73.422s] -- Installing: /home/asme/ros_ws/install/ctrl_interface/share/ctrl_interface/cmake/export_ctrl_interface__rosidl_generator_cExport.cmake
[73.426s] -- Installing: /home/asme/ros_ws/install/ctrl_interface/share/ctrl_interface/cmake/export_ctrl_interface__rosidl_generator_cExport-noconfig.cmake
[73.429s] -- Installing: /home/asme/ros_ws/install/ctrl_interface/share/ctrl_interface/cmake/export_ctrl_interface__rosidl_typesupport_fastrtps_cExport.cmake
[73.433s] -- Installing: /home/asme/ros_ws/install/ctrl_interface/share/ctrl_interface/cmake/export_ctrl_interface__rosidl_typesupport_fastrtps_cExport-noconfig.cmake
[73.437s] -- Installing: /home/asme/ros_ws/install/ctrl_interface/share/ctrl_interface/cmake/export_ctrl_interface__rosidl_generator_cppExport.cmake
[73.440s] -- Installing: /home/asme/ros_ws/install/ctrl_interface/share/ctrl_interface/cmake/export_ctrl_interface__rosidl_typesupport_fastrtps_cppExport.cmake
[73.444s] -- Installing: /home/asme/ros_ws/install/ctrl_interface/share/ctrl_interface/cmake/export_ctrl_interface__rosidl_typesupport_fastrtps_cppExport-noconfig.cmake
[73.447s] -- Installing: /home/asme/ros_ws/install/ctrl_interface/share/ctrl_interface/cmake/ctrl_interface__rosidl_typesupport_introspection_cExport.cmake
[73.451s] -- Installing: /home/asme/ros_ws/install/ctrl_interface/share/ctrl_interface/cmake/ctrl_interface__rosidl_typesupport_introspection_cExport-noconfig.cmake
[73.455s] -- Installing: /home/asme/ros_ws/install/ctrl_interface/share/ctrl_interface/cmake/ctrl_interface__rosidl_typesupport_cExport.cmake
[73.458s] -- Installing: /home/asme/ros_ws/install/ctrl_interface/share/ctrl_interface/cmake/ctrl_interface__rosidl_typesupport_cExport-noconfig.cmake
[73.462s] -- Installing: /home/asme/ros_ws/install/ctrl_interface/share/ctrl_interface/cmake/ctrl_interface__rosidl_typesupport_introspection_cppExport.cmake
[73.465s] -- Installing: /home/asme/ros_ws/install/ctrl_interface/share/ctrl_interface/cmake/ctrl_interface__rosidl_typesupport_introspection_cppExport-noconfig.cmake
[73.469s] -- Installing: /home/asme/ros_ws/install/ctrl_interface/share/ctrl_interface/cmake/ctrl_interface__rosidl_typesupport_cppExport.cmake
[73.472s] -- Installing: /home/asme/ros_ws/install/ctrl_interface/share/ctrl_interface/cmake/ctrl_interface__rosidl_typesupport_cppExport-noconfig.cmake
[73.476s] -- Installing: /home/asme/ros_ws/install/ctrl_interface/share/ctrl_interface/cmake/export_ctrl_interface__rosidl_generator_pyExport.cmake
[73.480s] -- Installing: /home/asme/ros_ws/install/ctrl_interface/share/ctrl_interface/cmake/export_ctrl_interface__rosidl_generator_pyExport-noconfig.cmake
[73.483s] -- Installing: /home/asme/ros_ws/install/ctrl_interface/share/ctrl_interface/cmake/rosidl_cmake-extras.cmake
[73.486s] -- Installing: /home/asme/ros_ws/install/ctrl_interface/share/ctrl_interface/cmake/ament_cmake_export_dependencies-extras.cmake
[73.489s] -- Installing: /home/asme/ros_ws/install/ctrl_interface/share/ctrl_interface/cmake/ament_cmake_export_include_directories-extras.cmake
[73.492s] -- Installing: /home/asme/ros_ws/install/ctrl_interface/share/ctrl_interface/cmake/ament_cmake_export_libraries-extras.cmake
[73.495s] -- Installing: /home/asme/ros_ws/install/ctrl_interface/share/ctrl_interface/cmake/ament_cmake_export_targets-extras.cmake
[73.498s] -- Installing: /home/asme/ros_ws/install/ctrl_interface/share/ctrl_interface/cmake/rosidl_cmake_export_typesupport_targets-extras.cmake
[73.501s] -- Installing: /home/asme/ros_ws/install/ctrl_interface/share/ctrl_interface/cmake/rosidl_cmake_export_typesupport_libraries-extras.cmake
[73.504s] -- Installing: /home/asme/ros_ws/install/ctrl_interface/share/ctrl_interface/cmake/ctrl_interfaceConfig.cmake
[73.507s] -- Installing: /home/asme/ros_ws/install/ctrl_interface/share/ctrl_interface/cmake/ctrl_interfaceConfig-version.cmake
[73.510s] -- Installing: /home/asme/ros_ws/install/ctrl_interface/share/ctrl_interface/package.xml
[73.529s] Invoked command in '/home/asme/ros_ws/build/ctrl_interface' returned '0': CMAKE_PREFIX_PATH=${CMAKE_PREFIX_PATH}:/home/asme/ros_ws/install/puckPack:/opt/ros/jazzy DEBUGINFOD_URLS=https://debuginfod.ubuntu.com /usr/bin/cmake --install /home/asme/ros_ws/build/ctrl_interface
