[2.670s] Invoking command in '/home/asme/ros_ws/src/puckPack': DEBUGINFOD_URLS=https://debuginfod.ubuntu.com PYTHONPATH=/home/asme/ros_ws/src/build/puckPack/prefix_override:/usr/lib/python3/dist-packages/colcon_core/task/python/colcon_distutils_commands:/home/asme/ros_ws/src/install/puckPack/lib/python3.12/site-packages:${PYTHONPATH} /usr/bin/python3 -W ignore:setup.py install is deprecated setup.py egg_info --egg-base ../build/puckPack build --build-base /home/asme/ros_ws/src/build/puckPack/build install --record /home/asme/ros_ws/src/build/puckPack/install.log --single-version-externally-managed install_data
[3.247s] running egg_info
[3.248s] creating ../build/puckPack/puckPack.egg-info
[3.307s] writing ../build/puckPack/puckPack.egg-info/PKG-INFO
[3.308s] writing dependency_links to ../build/puckPack/puckPack.egg-info/dependency_links.txt
[3.308s] writing requirements to ../build/puckPack/puckPack.egg-info/requires.txt
[3.308s] writing top-level names to ../build/puckPack/puckPack.egg-info/top_level.txt
[3.308s] writing manifest file '../build/puckPack/puckPack.egg-info/SOURCES.txt'
[3.377s] reading manifest file '../build/puckPack/puckPack.egg-info/SOURCES.txt'
[3.378s] adding license file 'LICENSE'
[3.378s] writing manifest file '../build/puckPack/puckPack.egg-info/SOURCES.txt'
[3.378s] running build
[3.378s] running build_py
[3.379s] creating /home/asme/ros_ws/src/build/puckPack/build
[3.379s] creating /home/asme/ros_ws/src/build/puckPack/build/lib
[3.379s] creating /home/asme/ros_ws/src/build/puckPack/build/lib/puckPack
[3.379s] copying puckPack/__init__.py -> /home/asme/ros_ws/src/build/puckPack/build/lib/puckPack
[3.379s] running install
[3.388s] running install_lib
[3.504s] creating /home/asme/ros_ws/src/install/puckPack/lib/python3.12/site-packages/puckPack
[3.504s] copying /home/asme/ros_ws/src/build/puckPack/build/lib/puckPack/__init__.py -> /home/asme/ros_ws/src/install/puckPack/lib/python3.12/site-packages/puckPack
[3.505s] byte-compiling /home/asme/ros_ws/src/install/puckPack/lib/python3.12/site-packages/puckPack/__init__.py to __init__.cpython-312.pyc
[3.505s] running install_data
[3.506s] creating /home/asme/ros_ws/src/install/puckPack/share/ament_index
[3.506s] creating /home/asme/ros_ws/src/install/puckPack/share/ament_index/resource_index
[3.506s] creating /home/asme/ros_ws/src/install/puckPack/share/ament_index/resource_index/packages
[3.506s] copying resource/puckPack -> /home/asme/ros_ws/src/install/puckPack/share/ament_index/resource_index/packages
[3.506s] copying package.xml -> /home/asme/ros_ws/src/install/puckPack/share/puckPack
[3.506s] running install_egg_info
[3.583s] Copying ../build/puckPack/puckPack.egg-info to /home/asme/ros_ws/src/install/puckPack/lib/python3.12/site-packages/puckPack-0.0.0-py3.12.egg-info
[3.589s] running install_scripts
[3.873s] writing list of installed files to '/home/asme/ros_ws/src/build/puckPack/install.log'
[3.994s] Invoked command in '/home/asme/ros_ws/src/puckPack' returned '0': DEBUGINFOD_URLS=https://debuginfod.ubuntu.com PYTHONPATH=/home/asme/ros_ws/src/build/puckPack/prefix_override:/usr/lib/python3/dist-packages/colcon_core/task/python/colcon_distutils_commands:/home/asme/ros_ws/src/install/puckPack/lib/python3.12/site-packages:${PYTHONPATH} /usr/bin/python3 -W ignore:setup.py install is deprecated setup.py egg_info --egg-base ../build/puckPack build --build-base /home/asme/ros_ws/src/build/puckPack/build install --record /home/asme/ros_ws/src/build/puckPack/install.log --single-version-externally-managed install_data
