[10.133s] Invoking command in '/home/asme/ros_ws/src/puckPack': DEBUGINFOD_URLS=https://debuginfod.ubuntu.com PYTHONPATH=/home/asme/ros_ws/build/puckPack/prefix_override:/usr/lib/python3/dist-packages/colcon_core/task/python/colcon_distutils_commands:/home/asme/ros_ws/install/puckPack/lib/python3.12/site-packages:/home/asme/ros_ws/install/ctrl_interface/lib/python3.12/site-packages:/home/asme/ros_ws/install/puckPack/lib/python3.12/site-packages:/opt/ros/jazzy/lib/python3.12/site-packages /usr/bin/python3 -W ignore:setup.py install is deprecated setup.py egg_info --egg-base ../../build/puckPack build --build-base /home/asme/ros_ws/build/puckPack/build install --record /home/asme/ros_ws/build/puckPack/install.log --single-version-externally-managed install_data
[13.485s] running egg_info
[13.750s] writing ../../build/puckPack/puckPack.egg-info/PKG-INFO
[13.753s] writing dependency_links to ../../build/puckPack/puckPack.egg-info/dependency_links.txt
[13.756s] writing entry points to ../../build/puckPack/puckPack.egg-info/entry_points.txt
[13.757s] writing requirements to ../../build/puckPack/puckPack.egg-info/requires.txt
[13.759s] writing top-level names to ../../build/puckPack/puckPack.egg-info/top_level.txt
[14.284s] reading manifest file '../../build/puckPack/puckPack.egg-info/SOURCES.txt'
[14.288s] adding license file 'LICENSE'
[14.294s] writing manifest file '../../build/puckPack/puckPack.egg-info/SOURCES.txt'
[14.296s] running build
[14.297s] running build_py
[14.301s] copying puckPack/rpiCamera.py -> /home/asme/ros_ws/build/puckPack/build/lib/puckPack
[14.306s] running install
[14.373s] running install_lib
[14.635s] copying /home/asme/ros_ws/build/puckPack/build/lib/puckPack/rpiCamera.py -> /home/asme/ros_ws/install/puckPack/lib/python3.12/site-packages/puckPack
[14.646s] byte-compiling /home/asme/ros_ws/install/puckPack/lib/python3.12/site-packages/puckPack/rpiCamera.py to rpiCamera.cpython-312.pyc
[14.661s] running install_data
[14.663s] running install_egg_info
[14.933s] removing '/home/asme/ros_ws/install/puckPack/lib/python3.12/site-packages/puckPack-0.0.0-py3.12.egg-info' (and everything under it)
[14.938s] Copying ../../build/puckPack/puckPack.egg-info to /home/asme/ros_ws/install/puckPack/lib/python3.12/site-packages/puckPack-0.0.0-py3.12.egg-info
[14.952s] running install_scripts
[16.830s] Installing UartCommander script to /home/asme/ros_ws/install/puckPack/lib/puckPack
[16.831s] Installing choose_color script to /home/asme/ros_ws/install/puckPack/lib/puckPack
[16.833s] Installing controlPC script to /home/asme/ros_ws/install/puckPack/lib/puckPack
[16.835s] Installing mainCamera script to /home/asme/ros_ws/install/puckPack/lib/puckPack
[16.837s] Installing rpiCamera script to /home/asme/ros_ws/install/puckPack/lib/puckPack
[16.839s] Installing thinker script to /home/asme/ros_ws/install/puckPack/lib/puckPack
[16.843s] writing list of installed files to '/home/asme/ros_ws/build/puckPack/install.log'
[17.079s] Invoked command in '/home/asme/ros_ws/src/puckPack' returned '0': DEBUGINFOD_URLS=https://debuginfod.ubuntu.com PYTHONPATH=/home/asme/ros_ws/build/puckPack/prefix_override:/usr/lib/python3/dist-packages/colcon_core/task/python/colcon_distutils_commands:/home/asme/ros_ws/install/puckPack/lib/python3.12/site-packages:/home/asme/ros_ws/install/ctrl_interface/lib/python3.12/site-packages:/home/asme/ros_ws/install/puckPack/lib/python3.12/site-packages:/opt/ros/jazzy/lib/python3.12/site-packages /usr/bin/python3 -W ignore:setup.py install is deprecated setup.py egg_info --egg-base ../../build/puckPack build --build-base /home/asme/ros_ws/build/puckPack/build install --record /home/asme/ros_ws/build/puckPack/install.log --single-version-externally-managed install_data
