[10.037s] Invoking command in '/home/asme/ros_ws/src/puckPack': DEBUGINFOD_URLS=https://debuginfod.ubuntu.com PYTHONPATH=/home/asme/ros_ws/build/puckPack/prefix_override:/usr/lib/python3/dist-packages/colcon_core/task/python/colcon_distutils_commands:/home/asme/ros_ws/install/puckPack/lib/python3.12/site-packages:/home/asme/ros_ws/install/ctrl_interface/lib/python3.12/site-packages:/home/asme/ros_ws/install/puckPack/lib/python3.12/site-packages:/opt/ros/jazzy/lib/python3.12/site-packages /usr/bin/python3 -W ignore:setup.py install is deprecated setup.py egg_info --egg-base ../../build/puckPack build --build-base /home/asme/ros_ws/build/puckPack/build install --record /home/asme/ros_ws/build/puckPack/install.log --single-version-externally-managed install_data
[13.391s] running egg_info
[13.652s] writing ../../build/puckPack/puckPack.egg-info/PKG-INFO
[13.654s] writing dependency_links to ../../build/puckPack/puckPack.egg-info/dependency_links.txt
[13.657s] writing entry points to ../../build/puckPack/puckPack.egg-info/entry_points.txt
[13.659s] writing requirements to ../../build/puckPack/puckPack.egg-info/requires.txt
[13.660s] writing top-level names to ../../build/puckPack/puckPack.egg-info/top_level.txt
[14.191s] reading manifest file '../../build/puckPack/puckPack.egg-info/SOURCES.txt'
[14.194s] adding license file 'LICENSE'
[14.200s] writing manifest file '../../build/puckPack/puckPack.egg-info/SOURCES.txt'
[14.201s] running build
[14.202s] running build_py
[14.210s] running install
[14.279s] running install_lib
[14.557s] running install_data
[14.559s] running install_egg_info
[14.832s] removing '/home/asme/ros_ws/install/puckPack/lib/python3.12/site-packages/puckPack-0.0.0-py3.12.egg-info' (and everything under it)
[14.837s] Copying ../../build/puckPack/puckPack.egg-info to /home/asme/ros_ws/install/puckPack/lib/python3.12/site-packages/puckPack-0.0.0-py3.12.egg-info
[14.852s] running install_scripts
[16.770s] Installing UartCommander script to /home/asme/ros_ws/install/puckPack/lib/puckPack
[16.772s] Installing choose_color script to /home/asme/ros_ws/install/puckPack/lib/puckPack
[16.774s] Installing controlPC script to /home/asme/ros_ws/install/puckPack/lib/puckPack
[16.776s] Installing mainCamera script to /home/asme/ros_ws/install/puckPack/lib/puckPack
[16.777s] Installing rpiCamera script to /home/asme/ros_ws/install/puckPack/lib/puckPack
[16.779s] Installing thinker script to /home/asme/ros_ws/install/puckPack/lib/puckPack
[16.783s] writing list of installed files to '/home/asme/ros_ws/build/puckPack/install.log'
[17.024s] Invoked command in '/home/asme/ros_ws/src/puckPack' returned '0': DEBUGINFOD_URLS=https://debuginfod.ubuntu.com PYTHONPATH=/home/asme/ros_ws/build/puckPack/prefix_override:/usr/lib/python3/dist-packages/colcon_core/task/python/colcon_distutils_commands:/home/asme/ros_ws/install/puckPack/lib/python3.12/site-packages:/home/asme/ros_ws/install/ctrl_interface/lib/python3.12/site-packages:/home/asme/ros_ws/install/puckPack/lib/python3.12/site-packages:/opt/ros/jazzy/lib/python3.12/site-packages /usr/bin/python3 -W ignore:setup.py install is deprecated setup.py egg_info --egg-base ../../build/puckPack build --build-base /home/asme/ros_ws/build/puckPack/build install --record /home/asme/ros_ws/build/puckPack/install.log --single-version-externally-managed install_data
