[10.087s] Invoking command in '/home/asme/ros_ws/src/puckPack': DEBUGINFOD_URLS=https://debuginfod.ubuntu.com PYTHONPATH=/home/asme/ros_ws/build/puckPack/prefix_override:/usr/lib/python3/dist-packages/colcon_core/task/python/colcon_distutils_commands:/home/asme/ros_ws/install/puckPack/lib/python3.12/site-packages:/home/asme/ros_ws/install/ctrl_interface/lib/python3.12/site-packages:/home/asme/ros_ws/install/puckPack/lib/python3.12/site-packages:/opt/ros/jazzy/lib/python3.12/site-packages /usr/bin/python3 -W ignore:setup.py install is deprecated setup.py egg_info --egg-base ../../build/puckPack build --build-base /home/asme/ros_ws/build/puckPack/build install --record /home/asme/ros_ws/build/puckPack/install.log --single-version-externally-managed install_data
[13.469s] running egg_info
[13.731s] writing ../../build/puckPack/puckPack.egg-info/PKG-INFO
[13.734s] writing dependency_links to ../../build/puckPack/puckPack.egg-info/dependency_links.txt
[13.736s] writing entry points to ../../build/puckPack/puckPack.egg-info/entry_points.txt
[13.738s] writing requirements to ../../build/puckPack/puckPack.egg-info/requires.txt
[13.741s] writing top-level names to ../../build/puckPack/puckPack.egg-info/top_level.txt
[14.279s] reading manifest file '../../build/puckPack/puckPack.egg-info/SOURCES.txt'
[14.284s] adding license file 'LICENSE'
[14.290s] writing manifest file '../../build/puckPack/puckPack.egg-info/SOURCES.txt'
[14.291s] running build
[14.292s] running build_py
[14.295s] copying puckPack/thinker.py -> /home/asme/ros_ws/build/puckPack/build/lib/puckPack
[14.303s] running install
[14.371s] running install_lib
[14.638s] copying /home/asme/ros_ws/build/puckPack/build/lib/puckPack/thinker.py -> /home/asme/ros_ws/install/puckPack/lib/python3.12/site-packages/puckPack
[14.649s] byte-compiling /home/asme/ros_ws/install/puckPack/lib/python3.12/site-packages/puckPack/thinker.py to thinker.cpython-312.pyc
[14.666s] running install_data
[14.667s] running install_egg_info
[14.943s] removing '/home/asme/ros_ws/install/puckPack/lib/python3.12/site-packages/puckPack-0.0.0-py3.12.egg-info' (and everything under it)
[14.947s] Copying ../../build/puckPack/puckPack.egg-info to /home/asme/ros_ws/install/puckPack/lib/python3.12/site-packages/puckPack-0.0.0-py3.12.egg-info
[14.961s] running install_scripts
[16.969s] Installing UartCommander script to /home/asme/ros_ws/install/puckPack/lib/puckPack
[16.971s] Installing choose_color script to /home/asme/ros_ws/install/puckPack/lib/puckPack
[16.973s] Installing controlPC script to /home/asme/ros_ws/install/puckPack/lib/puckPack
[16.974s] Installing mainCamera script to /home/asme/ros_ws/install/puckPack/lib/puckPack
[16.976s] Installing rpiCamera script to /home/asme/ros_ws/install/puckPack/lib/puckPack
[16.978s] Installing thinker script to /home/asme/ros_ws/install/puckPack/lib/puckPack
[16.983s] writing list of installed files to '/home/asme/ros_ws/build/puckPack/install.log'
[17.225s] Invoked command in '/home/asme/ros_ws/src/puckPack' returned '0': DEBUGINFOD_URLS=https://debuginfod.ubuntu.com PYTHONPATH=/home/asme/ros_ws/build/puckPack/prefix_override:/usr/lib/python3/dist-packages/colcon_core/task/python/colcon_distutils_commands:/home/asme/ros_ws/install/puckPack/lib/python3.12/site-packages:/home/asme/ros_ws/install/ctrl_interface/lib/python3.12/site-packages:/home/asme/ros_ws/install/puckPack/lib/python3.12/site-packages:/opt/ros/jazzy/lib/python3.12/site-packages /usr/bin/python3 -W ignore:setup.py install is deprecated setup.py egg_info --egg-base ../../build/puckPack build --build-base /home/asme/ros_ws/build/puckPack/build install --record /home/asme/ros_ws/build/puckPack/install.log --single-version-externally-managed install_data
