[10.140s] Invoking command in '/home/asme/ros_ws/src/puckPack': DEBUGINFOD_URLS=https://debuginfod.ubuntu.com PYTHONPATH=/home/asme/ros_ws/build/puckPack/prefix_override:/usr/lib/python3/dist-packages/colcon_core/task/python/colcon_distutils_commands:/home/asme/ros_ws/install/puckPack/lib/python3.12/site-packages:/home/asme/ros_ws/install/ctrl_interface/lib/python3.12/site-packages:/home/asme/ros_ws/install/puckPack/lib/python3.12/site-packages:/opt/ros/jazzy/lib/python3.12/site-packages /usr/bin/python3 -W ignore:setup.py install is deprecated setup.py egg_info --egg-base ../../build/puckPack build --build-base /home/asme/ros_ws/build/puckPack/build install --record /home/asme/ros_ws/build/puckPack/install.log --single-version-externally-managed install_data
[13.486s] running egg_info
[13.764s] writing ../../build/puckPack/puckPack.egg-info/PKG-INFO
[13.766s] writing dependency_links to ../../build/puckPack/puckPack.egg-info/dependency_links.txt
[13.770s] writing entry points to ../../build/puckPack/puckPack.egg-info/entry_points.txt
[13.771s] writing requirements to ../../build/puckPack/puckPack.egg-info/requires.txt
[13.773s] writing top-level names to ../../build/puckPack/puckPack.egg-info/top_level.txt
[14.301s] reading manifest file '../../build/puckPack/puckPack.egg-info/SOURCES.txt'
[14.306s] adding license file 'LICENSE'
[14.312s] writing manifest file '../../build/puckPack/puckPack.egg-info/SOURCES.txt'
[14.313s] running build
[14.315s] running build_py
[14.320s] copying puckPack/UartCommander.py -> /home/asme/ros_ws/build/puckPack/build/lib/puckPack
[14.324s] running install
[14.391s] running install_lib
[14.658s] copying /home/asme/ros_ws/build/puckPack/build/lib/puckPack/UartCommander.py -> /home/asme/ros_ws/install/puckPack/lib/python3.12/site-packages/puckPack
[14.668s] byte-compiling /home/asme/ros_ws/install/puckPack/lib/python3.12/site-packages/puckPack/UartCommander.py to UartCommander.cpython-312.pyc
[14.685s] running install_data
[14.687s] running install_egg_info
[14.968s] removing '/home/asme/ros_ws/install/puckPack/lib/python3.12/site-packages/puckPack-0.0.0-py3.12.egg-info' (and everything under it)
[14.973s] Copying ../../build/puckPack/puckPack.egg-info to /home/asme/ros_ws/install/puckPack/lib/python3.12/site-packages/puckPack-0.0.0-py3.12.egg-info
[14.987s] running install_scripts
[16.862s] Installing UartCommander script to /home/asme/ros_ws/install/puckPack/lib/puckPack
[16.864s] Installing choose_color script to /home/asme/ros_ws/install/puckPack/lib/puckPack
[16.867s] Installing controlPC script to /home/asme/ros_ws/install/puckPack/lib/puckPack
[16.868s] Installing mainCamera script to /home/asme/ros_ws/install/puckPack/lib/puckPack
[16.870s] Installing rpiCamera script to /home/asme/ros_ws/install/puckPack/lib/puckPack
[16.872s] Installing thinker script to /home/asme/ros_ws/install/puckPack/lib/puckPack
[16.876s] writing list of installed files to '/home/asme/ros_ws/build/puckPack/install.log'
[17.112s] Invoked command in '/home/asme/ros_ws/src/puckPack' returned '0': DEBUGINFOD_URLS=https://debuginfod.ubuntu.com PYTHONPATH=/home/asme/ros_ws/build/puckPack/prefix_override:/usr/lib/python3/dist-packages/colcon_core/task/python/colcon_distutils_commands:/home/asme/ros_ws/install/puckPack/lib/python3.12/site-packages:/home/asme/ros_ws/install/ctrl_interface/lib/python3.12/site-packages:/home/asme/ros_ws/install/puckPack/lib/python3.12/site-packages:/opt/ros/jazzy/lib/python3.12/site-packages /usr/bin/python3 -W ignore:setup.py install is deprecated setup.py egg_info --egg-base ../../build/puckPack build --build-base /home/asme/ros_ws/build/puckPack/build install --record /home/asme/ros_ws/build/puckPack/install.log --single-version-externally-managed install_data
