[7.557s] Invoking command in '/home/asme/ros_ws/src/puckPack': DEBUGINFOD_URLS=https://debuginfod.ubuntu.com PYTHONPATH=/home/asme/ros_ws/build/puckPack/prefix_override:/usr/lib/python3/dist-packages/colcon_core/task/python/colcon_distutils_commands:/home/asme/ros_ws/install/puckPack/lib/python3.12/site-packages:/home/asme/ros_ws/install/ctrl_interface/lib/python3.12/site-packages:/home/asme/ros_ws/install/puckPack/lib/python3.12/site-packages:/opt/ros/jazzy/lib/python3.12/site-packages /usr/bin/python3 -W ignore:setup.py install is deprecated setup.py egg_info --egg-base ../../build/puckPack build --build-base /home/asme/ros_ws/build/puckPack/build install --record /home/asme/ros_ws/build/puckPack/install.log --single-version-externally-managed install_data
[9.437s] running egg_info
[9.581s] writing ../../build/puckPack/puckPack.egg-info/PKG-INFO
[9.582s] writing dependency_links to ../../build/puckPack/puckPack.egg-info/dependency_links.txt
[9.586s] writing entry points to ../../build/puckPack/puckPack.egg-info/entry_points.txt
[9.588s] writing requirements to ../../build/puckPack/puckPack.egg-info/requires.txt
[9.590s] writing top-level names to ../../build/puckPack/puckPack.egg-info/top_level.txt
[9.813s] reading manifest file '../../build/puckPack/puckPack.egg-info/SOURCES.txt'
[9.815s] adding license file 'LICENSE'
[9.817s] writing manifest file '../../build/puckPack/puckPack.egg-info/SOURCES.txt'
[9.818s] running build
[9.818s] running build_py
[9.820s] copying puckPack/controlPC.py -> /home/asme/ros_ws/build/puckPack/build/lib/puckPack
[9.821s] copying puckPack/UartCommander.py -> /home/asme/ros_ws/build/puckPack/build/lib/puckPack
[9.822s] running install
[9.851s] running install_lib
[9.981s] copying /home/asme/ros_ws/build/puckPack/build/lib/puckPack/controlPC.py -> /home/asme/ros_ws/install/puckPack/lib/python3.12/site-packages/puckPack
[9.983s] copying /home/asme/ros_ws/build/puckPack/build/lib/puckPack/UartCommander.py -> /home/asme/ros_ws/install/puckPack/lib/python3.12/site-packages/puckPack
[9.991s] byte-compiling /home/asme/ros_ws/install/puckPack/lib/python3.12/site-packages/puckPack/controlPC.py to controlPC.cpython-312.pyc
[9.999s] byte-compiling /home/asme/ros_ws/install/puckPack/lib/python3.12/site-packages/puckPack/UartCommander.py to UartCommander.cpython-312.pyc
[10.006s] running install_data
[10.007s] running install_egg_info
[10.119s] removing '/home/asme/ros_ws/install/puckPack/lib/python3.12/site-packages/puckPack-0.0.0-py3.12.egg-info' (and everything under it)
[10.121s] Copying ../../build/puckPack/puckPack.egg-info to /home/asme/ros_ws/install/puckPack/lib/python3.12/site-packages/puckPack-0.0.0-py3.12.egg-info
[10.127s] running install_scripts
[10.895s] Installing UartCommander script to /home/asme/ros_ws/install/puckPack/lib/puckPack
[10.898s] Installing controlPC script to /home/asme/ros_ws/install/puckPack/lib/puckPack
[10.902s] writing list of installed files to '/home/asme/ros_ws/build/puckPack/install.log'
[11.053s] Invoked command in '/home/asme/ros_ws/src/puckPack' returned '0': DEBUGINFOD_URLS=https://debuginfod.ubuntu.com PYTHONPATH=/home/asme/ros_ws/build/puckPack/prefix_override:/usr/lib/python3/dist-packages/colcon_core/task/python/colcon_distutils_commands:/home/asme/ros_ws/install/puckPack/lib/python3.12/site-packages:/home/asme/ros_ws/install/ctrl_interface/lib/python3.12/site-packages:/home/asme/ros_ws/install/puckPack/lib/python3.12/site-packages:/opt/ros/jazzy/lib/python3.12/site-packages /usr/bin/python3 -W ignore:setup.py install is deprecated setup.py egg_info --egg-base ../../build/puckPack build --build-base /home/asme/ros_ws/build/puckPack/build install --record /home/asme/ros_ws/build/puckPack/install.log --single-version-externally-managed install_data
